<?xml version="1.0" encoding="UTF-8"?>
<testsuite xmlns:xsi="http://www.w3.org/2001/XMLSchema-instance" xsi:noNamespaceSchemaLocation="https://maven.apache.org/surefire/maven-surefire-plugin/xsd/surefire-test-report.xsd" version="3.0.2" name="de.ruu.app.jeeeraaah.frontend.ws.rs.TestDBCommands" time="0.022" tests="2" errors="0" skipped="2" failures="0">
  <properties/>
  <testcase name="testCleanThenPopulate" classname="testCleanThenPopulate()" time="0.0">
    <skipped message="server at &quot;localhost:9080&quot; is not listening -&gt; execution disabled"/>
    <system-out><![CDATA[23:06:10.602 DEBUG de.ruu.lib.junit.DisableOnServerNotListening.evaluateExecutionCondition(26) - annotated Element: class de.ruu.app.jeeeraaah.frontend.ws.rs.TestDBCommands
23:06:10.604 DEBUG de.ruu.lib.junit.DisableOnServerNotListening.evaluateExecutionCondition(37) - 
property name host: jeeeraaah.rest-api.host
property name port: jeeeraaah.rest-api.port
23:06:10.639 DEBUG org.jboss.logging.logProvider(162) - Logging Provider: org.jboss.logging.Log4j2LoggerProvider
23:06:10.665 DEBUG io.smallrye.config.getSources(1077) - SRCFG01006: Loaded ConfigSource SysPropConfigSource with ordinal 400
23:06:10.665 DEBUG io.smallrye.config.getSources(1077) - SRCFG01006: Loaded ConfigSource EnvConfigSource with ordinal 300
23:06:10.666 DEBUG io.smallrye.config.getSources(1077) - SRCFG01006: Loaded ConfigSource PropertiesConfigSource[source=file:/C:/Users/r-uu/develop/github/codespace/r-uu/app/jeeeraaah/frontend/api.client/ws.rs/target/test-classes/META-INF/microprofile-config.properties] with ordinal 100
23:06:10.666 DEBUG io.smallrye.config.getSources(1077) - SRCFG01006: Loaded ConfigSource PropertiesConfigSource[source=file:/C:/Users/r-uu/develop/github/codespace/r-uu/app/jeeeraaah/frontend/api.client/ws.rs/target/test-classes/META-INF/microprofile-config.properties] with ordinal 100
23:06:10.666 DEBUG io.smallrye.config.getSources(1077) - SRCFG01006: Loaded ConfigSource DefaultValuesConfigSource with ordinal -2147483648
23:06:10.688 DEBUG de.ruu.lib.junit.DisableOnServerNotListening.evaluateExecutionCondition(74) - server at "localhost:9080" is not listening -> execution disabled
]]></system-out>
  </testcase>
  <testcase name="debugJbossLoggingJar" classname="debugJbossLoggingJar()" time="0.0">
    <skipped message="server at &quot;localhost:9080&quot; is not listening -&gt; execution disabled"/>
  </testcase>
</testsuite>