<?xml version="1.0" encoding="UTF-8"?>
<testsuite xmlns:xsi="http://www.w3.org/2001/XMLSchema-instance" xsi:noNamespaceSchemaLocation="https://maven.apache.org/surefire/maven-surefire-plugin/xsd/surefire-test-report.xsd" version="3.0.2" name="de.ruu.app.jeeeraaah.frontend.ws.rs.TestDBCommands" time="0.008" tests="1" errors="1" skipped="0" failures="0">
  <properties>
    <property name="java.specification.version" value="24"/>
    <property name="sun.cpu.isalist" value="amd64"/>
    <property name="sun.jnu.encoding" value="Cp1252"/>
    <property name="java.class.path" value="C:\Users\r-uu\develop\github\codespace\r-uu\app\jeeeraaah\frontend\api.client\ws.rs\target\test-classes;C:\Users\r-uu\develop\github\codespace\r-uu\lib\junit\target\r-uu.codespace.lib.junit-0.0.1.jar;C:\Users\r-uu\.m2\repository\io\smallrye\config\smallrye-config\3.11.0\smallrye-config-3.11.0.jar;C:\Users\r-uu\.m2\repository\io\smallrye\config\smallrye-config-core\3.11.0\smallrye-config-core-3.11.0.jar;C:\Users\r-uu\.m2\repository\io\smallrye\common\smallrye-common-annotation\2.9.0\smallrye-common-annotation-2.9.0.jar;C:\Users\r-uu\.m2\repository\io\smallrye\common\smallrye-common-expression\2.9.0\smallrye-common-expression-2.9.0.jar;C:\Users\r-uu\.m2\repository\io\smallrye\common\smallrye-common-function\2.9.0\smallrye-common-function-2.9.0.jar;C:\Users\r-uu\.m2\repository\io\smallrye\common\smallrye-common-constraint\2.9.0\smallrye-common-constraint-2.9.0.jar;C:\Users\r-uu\.m2\repository\io\smallrye\common\smallrye-common-classloader\2.9.0\smallrye-common-classloader-2.9.0.jar;C:\Users\r-uu\.m2\repository\org\ow2\asm\asm\9.7.1\asm-9.7.1.jar;C:\Users\r-uu\.m2\repository\io\smallrye\config\smallrye-config-common\3.11.0\smallrye-config-common-3.11.0.jar;C:\Users\r-uu\.m2\repository\org\jboss\logging\jboss-logging\3.5.0.Final\jboss-logging-3.5.0.Final.jar;C:\Users\r-uu\.m2\repository\org\junit\jupiter\junit-jupiter-api\5.7.0\junit-jupiter-api-5.7.0.jar;C:\Users\r-uu\.m2\repository\org\apiguardian\apiguardian-api\1.1.0\apiguardian-api-1.1.0.jar;C:\Users\r-uu\.m2\repository\org\opentest4j\opentest4j\1.2.0\opentest4j-1.2.0.jar;C:\Users\r-uu\.m2\repository\org\junit\platform\junit-platform-commons\1.7.0\junit-platform-commons-1.7.0.jar;C:\Users\r-uu\.m2\repository\org\hamcrest\hamcrest\2.2\hamcrest-2.2.jar;"/>
    <property name="java.vm.vendor" value="Oracle Corporation"/>
    <property name="sun.arch.data.model" value="64"/>
    <property name="user.variant" value=""/>
    <property name="java.vendor.url" value="https://java.oracle.com/"/>
    <property name="user.timezone" value="Europe/Berlin"/>
    <property name="os.name" value="Windows 11"/>
    <property name="java.vm.specification.version" value="24"/>
    <property name="sun.java.launcher" value="SUN_STANDARD"/>
    <property name="user.country" value="DE"/>
    <property name="sun.boot.library.path" value="c:\software\develop\java\jdk\bin"/>
    <property name="sun.java.command" value="org.apache.maven.surefire.booter.ForkedBooter C:\Users\r-uu\AppData\Local\Temp\surefire7211059868545618441 2025-09-30T14-07-40_885-jvmRun1 surefire-20250930140759519_13tmp surefire_3-20250930140759519_14tmp"/>
    <property name="jdk.debug" value="release"/>
    <property name="surefire.test.class.path" value="C:\Users\r-uu\develop\github\codespace\r-uu\app\jeeeraaah\frontend\api.client\ws.rs\target\test-classes;C:\Users\r-uu\develop\github\codespace\r-uu\lib\junit\target\r-uu.codespace.lib.junit-0.0.1.jar;C:\Users\r-uu\.m2\repository\io\smallrye\config\smallrye-config\3.11.0\smallrye-config-3.11.0.jar;C:\Users\r-uu\.m2\repository\io\smallrye\config\smallrye-config-core\3.11.0\smallrye-config-core-3.11.0.jar;C:\Users\r-uu\.m2\repository\io\smallrye\common\smallrye-common-annotation\2.9.0\smallrye-common-annotation-2.9.0.jar;C:\Users\r-uu\.m2\repository\io\smallrye\common\smallrye-common-expression\2.9.0\smallrye-common-expression-2.9.0.jar;C:\Users\r-uu\.m2\repository\io\smallrye\common\smallrye-common-function\2.9.0\smallrye-common-function-2.9.0.jar;C:\Users\r-uu\.m2\repository\io\smallrye\common\smallrye-common-constraint\2.9.0\smallrye-common-constraint-2.9.0.jar;C:\Users\r-uu\.m2\repository\io\smallrye\common\smallrye-common-classloader\2.9.0\smallrye-common-classloader-2.9.0.jar;C:\Users\r-uu\.m2\repository\org\ow2\asm\asm\9.7.1\asm-9.7.1.jar;C:\Users\r-uu\.m2\repository\io\smallrye\config\smallrye-config-common\3.11.0\smallrye-config-common-3.11.0.jar;C:\Users\r-uu\.m2\repository\org\jboss\logging\jboss-logging\3.5.0.Final\jboss-logging-3.5.0.Final.jar;C:\Users\r-uu\.m2\repository\org\junit\jupiter\junit-jupiter-api\5.7.0\junit-jupiter-api-5.7.0.jar;C:\Users\r-uu\.m2\repository\org\apiguardian\apiguardian-api\1.1.0\apiguardian-api-1.1.0.jar;C:\Users\r-uu\.m2\repository\org\opentest4j\opentest4j\1.2.0\opentest4j-1.2.0.jar;C:\Users\r-uu\.m2\repository\org\junit\platform\junit-platform-commons\1.7.0\junit-platform-commons-1.7.0.jar;C:\Users\r-uu\.m2\repository\org\hamcrest\hamcrest\2.2\hamcrest-2.2.jar;"/>
    <property name="sun.cpu.endian" value="little"/>
    <property name="user.home" value="C:\Users\r-uu"/>
    <property name="user.language" value="en"/>
    <property name="java.specification.vendor" value="Oracle Corporation"/>
    <property name="jdk.module.path" value="C:\Users\r-uu\develop\github\codespace\r-uu\app\jeeeraaah\frontend\api.client\ws.rs\target\classes;C:\Users\r-uu\.m2\repository\com\fasterxml\jackson\core\jackson-annotations\2.18.3\jackson-annotations-2.18.3.jar;C:\Users\r-uu\.m2\repository\com\fasterxml\jackson\core\jackson-core\2.18.3\jackson-core-2.18.3.jar;C:\Users\r-uu\.m2\repository\com\fasterxml\jackson\core\jackson-databind\2.18.3\jackson-databind-2.18.3.jar;C:\Users\r-uu\.m2\repository\com\fasterxml\jackson\jakarta\rs\jackson-jakarta-rs-json-provider\2.18.3\jackson-jakarta-rs-json-provider-2.18.3.jar;C:\Users\r-uu\.m2\repository\com\fasterxml\jackson\jakarta\rs\jackson-jakarta-rs-base\2.18.3\jackson-jakarta-rs-base-2.18.3.jar;C:\Users\r-uu\.m2\repository\com\fasterxml\jackson\module\jackson-module-jakarta-xmlbind-annotations\2.18.3\jackson-module-jakarta-xmlbind-annotations-2.18.3.jar;C:\Users\r-uu\.m2\repository\jakarta\activation\jakarta.activation-api\2.1.2\jakarta.activation-api-2.1.2.jar;C:\Users\r-uu\.m2\repository\jakarta\annotation\jakarta.annotation-api\3.0.0\jakarta.annotation-api-3.0.0.jar;C:\Users\r-uu\.m2\repository\jakarta\enterprise\jakarta.enterprise.cdi-api\4.1.0\jakarta.enterprise.cdi-api-4.1.0.jar;C:\Users\r-uu\.m2\repository\jakarta\enterprise\jakarta.enterprise.lang-model\4.1.0\jakarta.enterprise.lang-model-4.1.0.jar;C:\Users\r-uu\.m2\repository\jakarta\el\jakarta.el-api\6.0.1\jakarta.el-api-6.0.1.jar;C:\Users\r-uu\.m2\repository\jakarta\interceptor\jakarta.interceptor-api\2.2.0\jakarta.interceptor-api-2.2.0.jar;C:\Users\r-uu\.m2\repository\jakarta\inject\jakarta.inject-api\2.0.1\jakarta.inject-api-2.0.1.jar;C:\Users\r-uu\.m2\repository\jakarta\json\jakarta.json-api\2.1.2\jakarta.json-api-2.1.2.jar;C:\Users\r-uu\.m2\repository\jakarta\ws\rs\jakarta.ws.rs-api\4.0.0\jakarta.ws.rs-api-4.0.0.jar;C:\Users\r-uu\.m2\repository\jakarta\xml\bind\jakarta.xml.bind-api\4.0.1\jakarta.xml.bind-api-4.0.1.jar;C:\Users\r-uu\.m2\repository\org\eclipse\microprofile\config\microprofile-config-api\3.0\microprofile-config-api-3.0.jar;C:\Users\r-uu\develop\github\codespace\r-uu\lib\util\target\r-uu.codespace.lib.util-0.0.1.jar;C:\Users\r-uu\.m2\repository\org\slf4j\slf4j-api\2.0.16\slf4j-api-2.0.16.jar;C:\Users\r-uu\develop\github\codespace\r-uu\lib\jackson\target\r-uu.codespace.lib.jackson-0.0.1.jar;C:\Users\r-uu\.m2\repository\org\apache\logging\log4j\log4j-slf4j2-impl\2.24.1\log4j-slf4j2-impl-2.24.1.jar;C:\Users\r-uu\.m2\repository\org\apache\logging\log4j\log4j-api\2.24.1\log4j-api-2.24.1.jar;C:\Users\r-uu\.m2\repository\org\apache\logging\log4j\log4j-core\2.24.1\log4j-core-2.24.1.jar;C:\Users\r-uu\.m2\repository\com\fasterxml\jackson\datatype\jackson-datatype-jsr310\2.18.3\jackson-datatype-jsr310-2.18.3.jar;C:\Users\r-uu\.m2\repository\org\projectlombok\lombok\1.18.38\lombok-1.18.38.jar;C:\Users\r-uu\develop\github\codespace\r-uu\lib\ws.rs\target\r-uu.codespace.lib.ws.rs-0.0.1.jar;C:\Users\r-uu\develop\github\codespace\r-uu\lib\cdi\common\target\r-uu.codespace.lib.cdi.common-0.0.1.jar;C:\Users\r-uu\develop\github\codespace\r-uu\lib\cdi\se\target\r-uu.codespace.lib.cdi.se-0.0.1.jar;C:\Users\r-uu\develop\github\codespace\r-uu\lib\mapstruct\target\r-uu.codespace.lib.mapstruct-0.0.1.jar;C:\Users\r-uu\.m2\repository\org\mapstruct\mapstruct\1.6.3\mapstruct-1.6.3.jar;C:\Users\r-uu\develop\github\codespace\r-uu\app\jeeeraaah\common\api\bean\target\r-uu.codespace.app.jeeeraaah.common.api.bean-0.0.1.jar;C:\Users\r-uu\develop\github\codespace\r-uu\app\jeeeraaah\common\api\domain\target\r-uu.codespace.app.jeeeraaah.common.api.domain-0.0.1.jar;C:\Users\r-uu\develop\github\codespace\r-uu\lib\jpa\core\target\r-uu.codespace.lib.jpa.core-0.0.1.jar;C:\Users\r-uu\.m2\repository\jakarta\json\bind\jakarta.json.bind-api\3.0.0\jakarta.json.bind-api-3.0.0.jar;C:\Users\r-uu\.m2\repository\jakarta\persistence\jakarta.persistence-api\3.2.0\jakarta.persistence-api-3.2.0.jar;C:\Users\r-uu\.m2\repository\org\eclipse\yasson\3.0.4\yasson-3.0.4.jar;C:\Users\r-uu\.m2\repository\org\eclipse\parsson\parsson\1.1.7\parsson-1.1.7.jar;C:\Users\r-uu\develop\github\codespace\r-uu\app\jeeeraaah\common\api\mapping\target\r-uu.codespace.app.jeeeraaah.common.api.mapping-0.0.1.jar;C:\Users\r-uu\develop\github\codespace\r-uu\app\jeeeraaah\common\api\ws.rs\target\r-uu.codespace.app.jeeeraaah.common.api.ws.rs-0.0.1.jar"/>
    <property name="java.version.date" value="2025-07-15"/>
    <property name="java.home" value="c:\software\develop\java\jdk"/>
    <property name="file.separator" value="\"/>
    <property name="basedir" value="C:\Users\r-uu\develop\github\codespace\r-uu\app\jeeeraaah\frontend\api.client\ws.rs"/>
    <property name="java.vm.compressedOopsMode" value="Zero based"/>
    <property name="jdk.internal.vm.ci.enabled" value="true"/>
    <property name="line.separator" value="&#10;"/>
    <property name="java.vm.specification.vendor" value="Oracle Corporation"/>
    <property name="java.specification.name" value="Java Platform API Specification"/>
    <property name="surefire.real.class.path" value="C:\Users\r-uu\.m2\repository\org\apache\maven\surefire\surefire-booter\3.5.4\surefire-booter-3.5.4.jar;C:\Users\r-uu\.m2\repository\org\apache\maven\surefire\surefire-api\3.5.4\surefire-api-3.5.4.jar;C:\Users\r-uu\.m2\repository\org\apache\maven\surefire\surefire-extensions-spi\3.5.4\surefire-extensions-spi-3.5.4.jar;C:\Users\r-uu\.m2\repository\org\apache\maven\surefire\surefire-shared-utils\3.5.4\surefire-shared-utils-3.5.4.jar;C:\Users\r-uu\.m2\repository\org\apache\maven\surefire\surefire-logger-api\3.5.4\surefire-logger-api-3.5.4.jar;C:\Users\r-uu\develop\github\codespace\r-uu\app\jeeeraaah\frontend\api.client\ws.rs\target\test-classes;C:\Users\r-uu\develop\github\codespace\r-uu\lib\junit\target\r-uu.codespace.lib.junit-0.0.1.jar;C:\Users\r-uu\.m2\repository\io\smallrye\config\smallrye-config\3.11.0\smallrye-config-3.11.0.jar;C:\Users\r-uu\.m2\repository\io\smallrye\config\smallrye-config-core\3.11.0\smallrye-config-core-3.11.0.jar;C:\Users\r-uu\.m2\repository\io\smallrye\common\smallrye-common-annotation\2.9.0\smallrye-common-annotation-2.9.0.jar;C:\Users\r-uu\.m2\repository\io\smallrye\common\smallrye-common-expression\2.9.0\smallrye-common-expression-2.9.0.jar;C:\Users\r-uu\.m2\repository\io\smallrye\common\smallrye-common-function\2.9.0\smallrye-common-function-2.9.0.jar;C:\Users\r-uu\.m2\repository\io\smallrye\common\smallrye-common-constraint\2.9.0\smallrye-common-constraint-2.9.0.jar;C:\Users\r-uu\.m2\repository\io\smallrye\common\smallrye-common-classloader\2.9.0\smallrye-common-classloader-2.9.0.jar;C:\Users\r-uu\.m2\repository\org\ow2\asm\asm\9.7.1\asm-9.7.1.jar;C:\Users\r-uu\.m2\repository\io\smallrye\config\smallrye-config-common\3.11.0\smallrye-config-common-3.11.0.jar;C:\Users\r-uu\.m2\repository\org\jboss\logging\jboss-logging\3.5.0.Final\jboss-logging-3.5.0.Final.jar;C:\Users\r-uu\.m2\repository\org\junit\jupiter\junit-jupiter-api\5.7.0\junit-jupiter-api-5.7.0.jar;C:\Users\r-uu\.m2\repository\org\apiguardian\apiguardian-api\1.1.0\apiguardian-api-1.1.0.jar;C:\Users\r-uu\.m2\repository\org\opentest4j\opentest4j\1.2.0\opentest4j-1.2.0.jar;C:\Users\r-uu\.m2\repository\org\junit\platform\junit-platform-commons\1.7.0\junit-platform-commons-1.7.0.jar;C:\Users\r-uu\.m2\repository\org\hamcrest\hamcrest\2.2\hamcrest-2.2.jar;C:\Users\r-uu\.m2\repository\org\apache\maven\surefire\surefire-junit-platform\3.5.4\surefire-junit-platform-3.5.4.jar;C:\Users\r-uu\.m2\repository\org\apache\maven\surefire\common-java5\3.5.4\common-java5-3.5.4.jar;C:\Users\r-uu\.m2\repository\org\junit\platform\junit-platform-engine\1.7.0\junit-platform-engine-1.7.0.jar;C:\Users\r-uu\.m2\repository\org\junit\platform\junit-platform-launcher\1.7.0\junit-platform-launcher-1.7.0.jar;C:\Users\r-uu\.m2\repository\org\junit\jupiter\junit-jupiter-engine\5.7.0\junit-jupiter-engine-5.7.0.jar"/>
    <property name="user.script" value=""/>
    <property name="sun.management.compiler" value="HotSpot 64-Bit Tiered Compilers"/>
    <property name="java.runtime.version" value="24.0.2+11-jvmci-b01"/>
    <property name="user.name" value="r-uu"/>
    <property name="stdout.encoding" value="Cp1252"/>
    <property name="path.separator" value=";"/>
    <property name="os.version" value="10.0"/>
    <property name="java.runtime.name" value="Java(TM) SE Runtime Environment"/>
    <property name="file.encoding" value="UTF-8"/>
    <property name="java.vm.name" value="Java HotSpot(TM) 64-Bit Server VM"/>
    <property name="java.vendor.version" value="Oracle GraalVM 24.0.2+11.1"/>
    <property name="localRepository" value="C:\Users\r-uu\.m2\repository"/>
    <property name="java.vendor.url.bug" value="https://bugreport.java.com/bugreport/"/>
    <property name="java.io.tmpdir" value="C:\Users\r-uu\AppData\Local\Temp\"/>
    <property name="java.version" value="24.0.2"/>
    <property name="user.dir" value="C:\Users\r-uu\develop\github\codespace\r-uu\app\jeeeraaah\frontend\api.client\ws.rs"/>
    <property name="os.arch" value="amd64"/>
    <property name="java.vm.specification.name" value="Java Virtual Machine Specification"/>
    <property name="sun.os.patch.level" value=""/>
    <property name="native.encoding" value="Cp1252"/>
    <property name="java.library.path" value="c:\software\develop\java\jdk\bin;C:\WINDOWS\Sun\Java\bin;C:\WINDOWS\system32;C:\WINDOWS;C:\Python313\Scripts\;C:\Python313\;C:\WINDOWS\system32;C:\WINDOWS;C:\WINDOWS\System32\Wbem;C:\WINDOWS\System32\WindowsPowerShell\v1.0\;C:\WINDOWS\System32\OpenSSH\;C:\Program Files\Git\cmd;C:\Program Files\nodejs\;C:\ProgramData\chocolatey\bin;C:\Users\r-uu\AppData\Local\Microsoft\WindowsApps;C:\Users\r-uu\AppData\Local\Programs\Microsoft VS Code\bin;C:\Users\r-uu\AppData\Local\GitHubDesktop\bin;C:\Program Files\JetBrains\IntelliJ IDEA Community Edition 2024.3.2.2\bin;C:\software\develop\build\maven\bin;C:\Users\r-uu\AppData\Roaming\Programs\Zero Install;C:\Users\r-uu\AppData\Local\Microsoft\WindowsApps;C:\Users\r-uu\AppData\Local\Flutter\bin;C:\Users\r-uu\AppData\Local\Programs\Windsurf\bin;C:\Users\r-uu\AppData\Roaming\npm;C:\Users\r-uu\develop\github\codespace\config\shell\cmd;."/>
    <property name="java.vm.info" value="mixed mode"/>
    <property name="stderr.encoding" value="Cp1252"/>
    <property name="java.vendor" value="Oracle Corporation"/>
    <property name="java.vm.version" value="24.0.2+11-jvmci-b01"/>
    <property name="sun.io.unicode.encoding" value="UnicodeLittle"/>
    <property name="java.class.version" value="68.0"/>
  </properties>
  <testcase name="" classname="de.ruu.app.jeeeraaah.frontend.ws.rs.TestDBCommands" time="0.008">
    <error message="&apos;java.lang.Object org.jboss.logging.Logger.getMessageLogger(java.lang.invoke.MethodHandles$Lookup, java.lang.Class, java.lang.String)&apos;" type="java.lang.NoSuchMethodError"><![CDATA[java.lang.NoSuchMethodError: 'java.lang.Object org.jboss.logging.Logger.getMessageLogger(java.lang.invoke.MethodHandles$Lookup, java.lang.Class, java.lang.String)'
	at io.smallrye.config.ConfigValueConfigSource$ConfigValueProperties.<clinit>(ConfigValueConfigSource.java:346)
	at io.smallrye.config.PropertiesConfigSource.urlToConfigValueMap(PropertiesConfigSource.java:78)
	at io.smallrye.config.PropertiesConfigSource.<init>(PropertiesConfigSource.java:51)
	at io.smallrye.config.PropertiesConfigSource.<init>(PropertiesConfigSource.java:47)
	at io.smallrye.config.PropertiesConfigSourceLoader.loadConfigSource(PropertiesConfigSourceLoader.java:29)
	at io.smallrye.config.AbstractLocationConfigSourceLoader.loadConfigSourceInternal(AbstractLocationConfigSourceLoader.java:220)
	at io.smallrye.config.AbstractLocationConfigSourceLoader.loadConfigSource(AbstractLocationConfigSourceLoader.java:228)
	at io.smallrye.config.AbstractLocationConfigSourceLoader$ConfigSourceClassPathConsumer.accept(AbstractLocationConfigSourceLoader.java:378)
	at io.smallrye.config.AbstractLocationConfigSourceLoader$ConfigSourceClassPathConsumer.accept(AbstractLocationConfigSourceLoader.java:359)
	at io.smallrye.common.classloader.ClassPathUtils.lambda$consumeAsPath$0(ClassPathUtils.java:103)
	at io.smallrye.common.classloader.ClassPathUtils.processAsPath(ClassPathUtils.java:167)
	at io.smallrye.common.classloader.ClassPathUtils.consumeAsPath(ClassPathUtils.java:102)
	at io.smallrye.common.classloader.ClassPathUtils.consumeAsPaths(ClassPathUtils.java:86)
	at io.smallrye.config.AbstractLocationConfigSourceLoader.tryClassPath(AbstractLocationConfigSourceLoader.java:144)
	at io.smallrye.config.AbstractLocationConfigSourceLoader.loadConfigSources(AbstractLocationConfigSourceLoader.java:107)
	at io.smallrye.config.AbstractLocationConfigSourceLoader.loadConfigSources(AbstractLocationConfigSourceLoader.java:90)
	at io.smallrye.config.PropertiesConfigSourceLoader$InClassPath.getConfigSources(PropertiesConfigSourceLoader.java:47)
	at io.smallrye.config.PropertiesConfigSourceLoader.inClassPath(PropertiesConfigSourceLoader.java:33)
	at io.smallrye.config.SmallRyeConfigBuilder.getPropertiesSources(SmallRyeConfigBuilder.java:219)
	at io.smallrye.config.SmallRyeConfigBuilder.getDefaultSources(SmallRyeConfigBuilder.java:201)
	at io.smallrye.config.SmallRyeConfig$ConfigSources.buildSources(SmallRyeConfig.java:949)
	at io.smallrye.config.SmallRyeConfig$ConfigSources.<init>(SmallRyeConfig.java:876)
	at io.smallrye.config.SmallRyeConfig.<init>(SmallRyeConfig.java:86)
	at io.smallrye.config.SmallRyeConfigBuilder.build(SmallRyeConfigBuilder.java:773)
	at io.smallrye.config.SmallRyeConfigFactory$Default.getConfigFor(SmallRyeConfigFactory.java:63)
	at io.smallrye.config.SmallRyeConfigProviderResolver.getConfig(SmallRyeConfigProviderResolver.java:78)
	at io.smallrye.config.SmallRyeConfigProviderResolver.getConfig(SmallRyeConfigProviderResolver.java:66)
	at microprofile.config.api@3.0/org.eclipse.microprofile.config.ConfigProvider.getConfig(ConfigProvider.java:85)
	at de.ruu.lib.junit.DisableOnServerNotListening.evaluateExecutionCondition(DisableOnServerNotListening.java:41)
	at org.junit.jupiter.engine.execution.ConditionEvaluator.evaluate(ConditionEvaluator.java:64)
	at org.junit.jupiter.engine.execution.ConditionEvaluator.lambda$evaluate$0(ConditionEvaluator.java:55)
	at java.base/java.util.stream.ReferencePipeline$3$1.accept(ReferencePipeline.java:215)
	at java.base/java.util.stream.ReferencePipeline$2$1.accept(ReferencePipeline.java:197)
	at java.base/java.util.stream.StreamSpliterators$WrappingSpliterator.tryAdvance(StreamSpliterators.java:305)
	at java.base/java.util.stream.Streams$ConcatSpliterator.tryAdvance(Streams.java:723)
	at java.base/java.util.stream.ReferencePipeline.forEachWithCancel(ReferencePipeline.java:147)
	at java.base/java.util.stream.AbstractPipeline.copyIntoWithCancel(AbstractPipeline.java:588)
	at java.base/java.util.stream.AbstractPipeline.copyInto(AbstractPipeline.java:574)
	at java.base/java.util.stream.AbstractPipeline.wrapAndCopyInto(AbstractPipeline.java:560)
	at java.base/java.util.stream.FindOps$FindOp.evaluateSequential(FindOps.java:150)
	at java.base/java.util.stream.AbstractPipeline.evaluate(AbstractPipeline.java:265)
	at java.base/java.util.stream.ReferencePipeline.findFirst(ReferencePipeline.java:687)
	at org.junit.jupiter.engine.execution.ConditionEvaluator.evaluate(ConditionEvaluator.java:57)
	at org.junit.jupiter.engine.descriptor.JupiterTestDescriptor.shouldBeSkipped(JupiterTestDescriptor.java:202)
	at org.junit.jupiter.engine.descriptor.JupiterTestDescriptor.shouldBeSkipped(JupiterTestDescriptor.java:57)
	at org.junit.platform.engine.support.hierarchical.NodeTestTask.lambda$checkWhetherSkipped$2(NodeTestTask.java:119)
	at org.junit.platform.engine.support.hierarchical.ThrowableCollector.execute(ThrowableCollector.java:73)
	at org.junit.platform.engine.support.hierarchical.NodeTestTask.checkWhetherSkipped(NodeTestTask.java:119)
	at org.junit.platform.engine.support.hierarchical.NodeTestTask.execute(NodeTestTask.java:81)
	at java.base/java.util.ArrayList.forEach(ArrayList.java:1604)
	at org.junit.platform.engine.support.hierarchical.SameThreadHierarchicalTestExecutorService.invokeAll(SameThreadHierarchicalTestExecutorService.java:38)
	at org.junit.platform.engine.support.hierarchical.NodeTestTask.lambda$executeRecursively$5(NodeTestTask.java:143)
	at org.junit.platform.engine.support.hierarchical.ThrowableCollector.execute(ThrowableCollector.java:73)
	at org.junit.platform.engine.support.hierarchical.NodeTestTask.lambda$executeRecursively$7(NodeTestTask.java:129)
	at org.junit.platform.engine.support.hierarchical.Node.around(Node.java:137)
	at org.junit.platform.engine.support.hierarchical.NodeTestTask.lambda$executeRecursively$8(NodeTestTask.java:127)
	at org.junit.platform.engine.support.hierarchical.ThrowableCollector.execute(ThrowableCollector.java:73)
	at org.junit.platform.engine.support.hierarchical.NodeTestTask.executeRecursively(NodeTestTask.java:126)
	at org.junit.platform.engine.support.hierarchical.NodeTestTask.execute(NodeTestTask.java:84)
	at org.junit.platform.engine.support.hierarchical.SameThreadHierarchicalTestExecutorService.submit(SameThreadHierarchicalTestExecutorService.java:32)
	at org.junit.platform.engine.support.hierarchical.HierarchicalTestExecutor.execute(HierarchicalTestExecutor.java:57)
	at org.junit.platform.engine.support.hierarchical.HierarchicalTestEngine.execute(HierarchicalTestEngine.java:51)
	at org.junit.platform.launcher.core.EngineExecutionOrchestrator.execute(EngineExecutionOrchestrator.java:108)
	at org.junit.platform.launcher.core.EngineExecutionOrchestrator.execute(EngineExecutionOrchestrator.java:88)
	at org.junit.platform.launcher.core.EngineExecutionOrchestrator.lambda$execute$0(EngineExecutionOrchestrator.java:54)
	at org.junit.platform.launcher.core.EngineExecutionOrchestrator.withInterceptedStreams(EngineExecutionOrchestrator.java:67)
	at org.junit.platform.launcher.core.EngineExecutionOrchestrator.execute(EngineExecutionOrchestrator.java:52)
	at org.junit.platform.launcher.core.DefaultLauncher.execute(DefaultLauncher.java:96)
	at org.junit.platform.launcher.core.DefaultLauncher.execute(DefaultLauncher.java:75)
	at org.apache.maven.surefire.junitplatform.LauncherAdapter.executeWithoutCancellationToken(LauncherAdapter.java:60)
	at org.apache.maven.surefire.junitplatform.LauncherAdapter.execute(LauncherAdapter.java:52)
	at org.apache.maven.surefire.junitplatform.JUnitPlatformProvider.execute(JUnitPlatformProvider.java:203)
	at org.apache.maven.surefire.junitplatform.JUnitPlatformProvider.invokeAllTests(JUnitPlatformProvider.java:168)
	at org.apache.maven.surefire.junitplatform.JUnitPlatformProvider.invoke(JUnitPlatformProvider.java:136)
	at org.apache.maven.surefire.booter.ForkedBooter.runSuitesInProcess(ForkedBooter.java:385)
	at org.apache.maven.surefire.booter.ForkedBooter.execute(ForkedBooter.java:162)
	at org.apache.maven.surefire.booter.ForkedBooter.run(ForkedBooter.java:507)
	at org.apache.maven.surefire.booter.ForkedBooter.main(ForkedBooter.java:495)
]]></error>
    <system-out><![CDATA[14:08:00.729 DEBUG de.ruu.lib.junit.DisableOnServerNotListening.evaluateExecutionCondition(26) - annotated Element: class de.ruu.app.jeeeraaah.frontend.ws.rs.TestDBCommands
14:08:00.732 DEBUG de.ruu.lib.junit.DisableOnServerNotListening.evaluateExecutionCondition(37) - 
property name host: jeeeraaah.rest-api.host
property name port: jeeeraaah.rest-api.port
]]></system-out>
  </testcase>
</testsuite>