<?xml version="1.0" encoding="UTF-8"?>
<testsuite xmlns:xsi="http://www.w3.org/2001/XMLSchema-instance" xsi:noNamespaceSchemaLocation="https://maven.apache.org/surefire/maven-surefire-plugin/xsd/surefire-test-report.xsd" version="3.0.2" name="de.ruu.lib.jackson.TestBidirectional" time="1.162" tests="3" errors="0" skipped="0" failures="0">
  <properties>
    <property name="java.specification.version" value="24"/>
    <property name="sun.cpu.isalist" value="amd64"/>
    <property name="sun.jnu.encoding" value="Cp1252"/>
    <property name="java.class.path" value="C:\Users\r-uu\develop\github\codespace\r-uu\lib\jackson\target\test-classes;C:\Users\r-uu\develop\github\codespace\r-uu\lib\jackson\target\classes;C:\Users\r-uu\.m2\repository\org\apache\logging\log4j\log4j-slf4j2-impl\2.24.1\log4j-slf4j2-impl-2.24.1.jar;C:\Users\r-uu\.m2\repository\org\apache\logging\log4j\log4j-api\2.24.1\log4j-api-2.24.1.jar;C:\Users\r-uu\.m2\repository\org\slf4j\slf4j-api\2.0.16\slf4j-api-2.0.16.jar;C:\Users\r-uu\.m2\repository\org\apache\logging\log4j\log4j-core\2.24.1\log4j-core-2.24.1.jar;C:\Users\r-uu\.m2\repository\com\fasterxml\jackson\core\jackson-databind\2.18.3\jackson-databind-2.18.3.jar;C:\Users\r-uu\.m2\repository\com\fasterxml\jackson\core\jackson-core\2.18.3\jackson-core-2.18.3.jar;C:\Users\r-uu\.m2\repository\com\fasterxml\jackson\core\jackson-annotations\2.18.3\jackson-annotations-2.18.3.jar;C:\Users\r-uu\.m2\repository\com\fasterxml\jackson\datatype\jackson-datatype-jsr310\2.18.3\jackson-datatype-jsr310-2.18.3.jar;C:\Users\r-uu\.m2\repository\jakarta\ws\rs\jakarta.ws.rs-api\3.1.0\jakarta.ws.rs-api-3.1.0.jar;C:\Users\r-uu\.m2\repository\org\projectlombok\lombok\1.18.38\lombok-1.18.38.jar;C:\Users\r-uu\.m2\repository\org\junit\jupiter\junit-jupiter\5.10.2\junit-jupiter-5.10.2.jar;C:\Users\r-uu\.m2\repository\org\junit\jupiter\junit-jupiter-api\5.10.2\junit-jupiter-api-5.10.2.jar;C:\Users\r-uu\.m2\repository\org\opentest4j\opentest4j\1.3.0\opentest4j-1.3.0.jar;C:\Users\r-uu\.m2\repository\org\junit\platform\junit-platform-commons\1.10.2\junit-platform-commons-1.10.2.jar;C:\Users\r-uu\.m2\repository\org\apiguardian\apiguardian-api\1.1.2\apiguardian-api-1.1.2.jar;C:\Users\r-uu\.m2\repository\org\junit\jupiter\junit-jupiter-params\5.10.2\junit-jupiter-params-5.10.2.jar;C:\Users\r-uu\.m2\repository\org\junit\jupiter\junit-jupiter-engine\5.10.2\junit-jupiter-engine-5.10.2.jar;C:\Users\r-uu\.m2\repository\org\junit\platform\junit-platform-engine\1.10.2\junit-platform-engine-1.10.2.jar;C:\Users\r-uu\.m2\repository\jakarta\annotation\jakarta.annotation-api\3.0.0\jakarta.annotation-api-3.0.0.jar;C:\Users\r-uu\.m2\repository\org\hamcrest\hamcrest\2.2\hamcrest-2.2.jar;"/>
    <property name="java.vm.vendor" value="Oracle Corporation"/>
    <property name="sun.arch.data.model" value="64"/>
    <property name="user.variant" value=""/>
    <property name="java.vendor.url" value="https://java.oracle.com/"/>
    <property name="user.timezone" value="Europe/Berlin"/>
    <property name="os.name" value="Windows 11"/>
    <property name="java.vm.specification.version" value="24"/>
    <property name="sun.java.launcher" value="SUN_STANDARD"/>
    <property name="user.country" value="DE"/>
    <property name="sun.boot.library.path" value="C:\software\develop\java\jdk\bin"/>
    <property name="sun.java.command" value="C:\Users\r-uu\AppData\Local\Temp\surefire13980319561540414707\surefirebooter-20250930222432341_13.jar C:\Users\r-uu\AppData\Local\Temp\surefire13980319561540414707 2025-09-30T22-23-22_052-jvmRun1 surefire-20250930222432341_11tmp surefire_3-20250930222432341_12tmp"/>
    <property name="jdk.debug" value="release"/>
    <property name="surefire.test.class.path" value="C:\Users\r-uu\develop\github\codespace\r-uu\lib\jackson\target\test-classes;C:\Users\r-uu\develop\github\codespace\r-uu\lib\jackson\target\classes;C:\Users\r-uu\.m2\repository\org\apache\logging\log4j\log4j-slf4j2-impl\2.24.1\log4j-slf4j2-impl-2.24.1.jar;C:\Users\r-uu\.m2\repository\org\apache\logging\log4j\log4j-api\2.24.1\log4j-api-2.24.1.jar;C:\Users\r-uu\.m2\repository\org\slf4j\slf4j-api\2.0.16\slf4j-api-2.0.16.jar;C:\Users\r-uu\.m2\repository\org\apache\logging\log4j\log4j-core\2.24.1\log4j-core-2.24.1.jar;C:\Users\r-uu\.m2\repository\com\fasterxml\jackson\core\jackson-databind\2.18.3\jackson-databind-2.18.3.jar;C:\Users\r-uu\.m2\repository\com\fasterxml\jackson\core\jackson-core\2.18.3\jackson-core-2.18.3.jar;C:\Users\r-uu\.m2\repository\com\fasterxml\jackson\core\jackson-annotations\2.18.3\jackson-annotations-2.18.3.jar;C:\Users\r-uu\.m2\repository\com\fasterxml\jackson\datatype\jackson-datatype-jsr310\2.18.3\jackson-datatype-jsr310-2.18.3.jar;C:\Users\r-uu\.m2\repository\jakarta\ws\rs\jakarta.ws.rs-api\3.1.0\jakarta.ws.rs-api-3.1.0.jar;C:\Users\r-uu\.m2\repository\org\projectlombok\lombok\1.18.38\lombok-1.18.38.jar;C:\Users\r-uu\.m2\repository\org\junit\jupiter\junit-jupiter\5.10.2\junit-jupiter-5.10.2.jar;C:\Users\r-uu\.m2\repository\org\junit\jupiter\junit-jupiter-api\5.10.2\junit-jupiter-api-5.10.2.jar;C:\Users\r-uu\.m2\repository\org\opentest4j\opentest4j\1.3.0\opentest4j-1.3.0.jar;C:\Users\r-uu\.m2\repository\org\junit\platform\junit-platform-commons\1.10.2\junit-platform-commons-1.10.2.jar;C:\Users\r-uu\.m2\repository\org\apiguardian\apiguardian-api\1.1.2\apiguardian-api-1.1.2.jar;C:\Users\r-uu\.m2\repository\org\junit\jupiter\junit-jupiter-params\5.10.2\junit-jupiter-params-5.10.2.jar;C:\Users\r-uu\.m2\repository\org\junit\jupiter\junit-jupiter-engine\5.10.2\junit-jupiter-engine-5.10.2.jar;C:\Users\r-uu\.m2\repository\org\junit\platform\junit-platform-engine\1.10.2\junit-platform-engine-1.10.2.jar;C:\Users\r-uu\.m2\repository\jakarta\annotation\jakarta.annotation-api\3.0.0\jakarta.annotation-api-3.0.0.jar;C:\Users\r-uu\.m2\repository\org\hamcrest\hamcrest\2.2\hamcrest-2.2.jar;"/>
    <property name="sun.cpu.endian" value="little"/>
    <property name="user.home" value="C:\Users\r-uu"/>
    <property name="user.language" value="en"/>
    <property name="java.specification.vendor" value="Oracle Corporation"/>
    <property name="surefire.useFile" value="false"/>
    <property name="java.version.date" value="2025-07-15"/>
    <property name="java.home" value="C:\software\develop\java\jdk"/>
    <property name="file.separator" value="\"/>
    <property name="basedir" value="C:\Users\r-uu\develop\github\codespace\r-uu\lib\jackson"/>
    <property name="java.vm.compressedOopsMode" value="Zero based"/>
    <property name="jdk.internal.vm.ci.enabled" value="true"/>
    <property name="line.separator" value="&#10;"/>
    <property name="java.vm.specification.vendor" value="Oracle Corporation"/>
    <property name="java.specification.name" value="Java Platform API Specification"/>
    <property name="failsafe.useFile" value="false"/>
    <property name="surefire.real.class.path" value="C:\Users\r-uu\AppData\Local\Temp\surefire13980319561540414707\surefirebooter-20250930222432341_13.jar"/>
    <property name="user.script" value=""/>
    <property name="sun.management.compiler" value="HotSpot 64-Bit Tiered Compilers"/>
    <property name="java.runtime.version" value="24.0.2+11-jvmci-b01"/>
    <property name="user.name" value="r-uu"/>
    <property name="stdout.encoding" value="Cp1252"/>
    <property name="path.separator" value=";"/>
    <property name="os.version" value="10.0"/>
    <property name="java.runtime.name" value="Java(TM) SE Runtime Environment"/>
    <property name="file.encoding" value="UTF-8"/>
    <property name="java.vm.name" value="Java HotSpot(TM) 64-Bit Server VM"/>
    <property name="java.vendor.version" value="Oracle GraalVM 24.0.2+11.1"/>
    <property name="localRepository" value="C:\Users\r-uu\.m2\repository"/>
    <property name="java.vendor.url.bug" value="https://bugreport.java.com/bugreport/"/>
    <property name="java.io.tmpdir" value="C:\Users\r-uu\AppData\Local\Temp\"/>
    <property name="java.version" value="24.0.2"/>
    <property name="user.dir" value="C:\Users\r-uu\develop\github\codespace\r-uu\lib\jackson"/>
    <property name="os.arch" value="amd64"/>
    <property name="java.vm.specification.name" value="Java Virtual Machine Specification"/>
    <property name="sun.os.patch.level" value=""/>
    <property name="native.encoding" value="Cp1252"/>
    <property name="trimStackTrace" value="false"/>
    <property name="java.library.path" value="C:\software\develop\java\jdk\bin;C:\WINDOWS\Sun\Java\bin;C:\WINDOWS\system32;C:\WINDOWS;C:\WINDOWS\system32;C:\WINDOWS;C:\WINDOWS\System32\Wbem;C:\WINDOWS\System32\WindowsPowerShell\v1.0\;C:\WINDOWS\System32\OpenSSH\;C:\Program Files\Graphviz\bin;C:\Program Files\PuTTY\;C:\Program Files\Docker\Docker\resources\bin;C:\Program Files\Git\cmd;C:\Users\r-uu\AppData\Local\Programs\Python\Python310\Scripts\;C:\Users\r-uu\AppData\Local\Programs\Python\Python310\;C:\Users\r-uu\AppData\Local\Microsoft\WindowsApps;C:\Users\r-uu\AppData\Local\Programs\Microsoft VS Code\bin;C:\Users\r-uu\AppData\Local\GitHubDesktop\bin;C:\software\develop\build\maven\bin;C:\software\develop\java\jdk\bin;C:\Users\r-uu\AppData\Local\JetBrains\Toolbox\scripts;;C:\Users\r-uu\AppData\Roaming\Programs\Zero Install;%USERPROFILE%\AppData\Local\Microsoft\WindowsApps;."/>
    <property name="java.vm.info" value="mixed mode, sharing"/>
    <property name="stderr.encoding" value="Cp1252"/>
    <property name="java.vendor" value="Oracle Corporation"/>
    <property name="java.vm.version" value="24.0.2+11-jvmci-b01"/>
    <property name="sun.io.unicode.encoding" value="UnicodeLittle"/>
    <property name="java.class.version" value="68.0"/>
  </properties>
  <testcase name="taskGroupSingleWithTaskSingle" classname="de.ruu.lib.jackson.TestBidirectional" time="0.246">
    <system-out><![CDATA[22:24:34.400 DEBUG de.ruu.lib.jackson.TestBidirectional.taskGroupSingleWithTaskSingle(43) - jsonIn
{
  "jsonId" : 284011656906433295,
  "name" : "group",
  "tasks" : [ {
    "jsonId" : -3732918330991487780,
    "id" : null,
    "version" : null,
    "name" : "task",
    "description" : null,
    "start" : null,
    "end" : null,
    "closed" : null,
    "superTask" : null,
    "subTasks" : null,
    "predecessors" : null,
    "successors" : null
  } ]
}
22:24:34.476 DEBUG de.ruu.lib.jackson.TestBidirectional.taskGroupSingleWithTaskSingle(47) - jsonOut
{
  "jsonId" : 284011656906433295,
  "name" : "group",
  "tasks" : [ {
    "jsonId" : -3732918330991487780,
    "id" : null,
    "version" : null,
    "name" : "task",
    "description" : null,
    "start" : null,
    "end" : null,
    "closed" : null,
    "superTask" : null,
    "subTasks" : null,
    "predecessors" : null,
    "successors" : null
  } ]
}
]]></system-out>
  </testcase>
  <testcase name="taskWithAllRelationsSingle" classname="de.ruu.lib.jackson.TestBidirectional" time="0.01">
    <system-out><![CDATA[22:24:34.502 DEBUG de.ruu.lib.jackson.TestBidirectional.taskWithAllRelationsSingle(75) - jsonIn
{
  "jsonId" : 3269558006637747641,
  "name" : "group",
  "tasks" : [ {
    "jsonId" : 2636942153747982270,
    "id" : null,
    "version" : null,
    "name" : "predecessor task",
    "description" : null,
    "start" : null,
    "end" : null,
    "closed" : null,
    "superTask" : null,
    "subTasks" : null,
    "predecessors" : null,
    "successors" : [ {
      "jsonId" : 3222621184239717185,
      "id" : null,
      "version" : null,
      "name" : "task",
      "description" : null,
      "start" : null,
      "end" : null,
      "closed" : null,
      "superTask" : {
        "jsonId" : 2433611089387012416,
        "id" : null,
        "version" : null,
        "name" : "super task",
        "description" : null,
        "start" : null,
        "end" : null,
        "closed" : null,
        "superTask" : null,
        "subTasks" : [ 3222621184239717185 ],
        "predecessors" : null,
        "successors" : null
      },
      "subTasks" : [ {
        "jsonId" : -6918715743164619013,
        "id" : null,
        "version" : null,
        "name" : "sub task",
        "description" : null,
        "start" : null,
        "end" : null,
        "closed" : null,
        "superTask" : 3222621184239717185,
        "subTasks" : null,
        "predecessors" : null,
        "successors" : null
      } ],
      "predecessors" : [ 2636942153747982270 ],
      "successors" : [ {
        "jsonId" : -8417354225301916594,
        "id" : null,
        "version" : null,
        "name" : "successor task",
        "description" : null,
        "start" : null,
        "end" : null,
        "closed" : null,
        "superTask" : null,
        "subTasks" : null,
        "predecessors" : [ 3222621184239717185 ],
        "successors" : null
      } ]
    } ]
  }, 2433611089387012416, 3222621184239717185, -6918715743164619013, -8417354225301916594 ]
}
22:24:34.506 DEBUG de.ruu.lib.jackson.TestBidirectional.taskWithAllRelationsSingle(79) - jsonOut
{
  "jsonId" : 3269558006637747641,
  "name" : "group",
  "tasks" : [ {
    "jsonId" : 2636942153747982270,
    "id" : null,
    "version" : null,
    "name" : "predecessor task",
    "description" : null,
    "start" : null,
    "end" : null,
    "closed" : null,
    "superTask" : null,
    "subTasks" : null,
    "predecessors" : null,
    "successors" : [ {
      "jsonId" : 3222621184239717185,
      "id" : null,
      "version" : null,
      "name" : "task",
      "description" : null,
      "start" : null,
      "end" : null,
      "closed" : null,
      "superTask" : {
        "jsonId" : 2433611089387012416,
        "id" : null,
        "version" : null,
        "name" : "super task",
        "description" : null,
        "start" : null,
        "end" : null,
        "closed" : null,
        "superTask" : null,
        "subTasks" : [ 3222621184239717185 ],
        "predecessors" : null,
        "successors" : null
      },
      "subTasks" : [ {
        "jsonId" : -6918715743164619013,
        "id" : null,
        "version" : null,
        "name" : "sub task",
        "description" : null,
        "start" : null,
        "end" : null,
        "closed" : null,
        "superTask" : 3222621184239717185,
        "subTasks" : null,
        "predecessors" : null,
        "successors" : null
      } ],
      "predecessors" : [ 2636942153747982270 ],
      "successors" : [ {
        "jsonId" : -8417354225301916594,
        "id" : null,
        "version" : null,
        "name" : "successor task",
        "description" : null,
        "start" : null,
        "end" : null,
        "closed" : null,
        "superTask" : null,
        "subTasks" : null,
        "predecessors" : [ 3222621184239717185 ],
        "successors" : null
      } ]
    } ]
  }, 2433611089387012416, 3222621184239717185, -6918715743164619013, -8417354225301916594 ]
}
]]></system-out>
  </testcase>
  <testcase name="taskGroupSingle" classname="de.ruu.lib.jackson.TestBidirectional" time="0.005">
    <system-out><![CDATA[22:24:34.513 DEBUG de.ruu.lib.jackson.TestBidirectional.taskGroupSingle(28) - jsonIn
{
  "jsonId" : -3399925768889464981,
  "name" : "group",
  "tasks" : null
}
22:24:34.514 DEBUG de.ruu.lib.jackson.TestBidirectional.taskGroupSingle(32) - jsonOut
{
  "jsonId" : -3399925768889464981,
  "name" : "group",
  "tasks" : null
}
]]></system-out>
  </testcase>
</testsuite>