<?xml version="1.0" encoding="UTF-8"?>
<testsuite xmlns:xsi="http://www.w3.org/2001/XMLSchema-instance" xsi:noNamespaceSchemaLocation="https://maven.apache.org/surefire/maven-surefire-plugin/xsd/surefire-test-report.xsd" version="3.0.2" name="de.ruu.lib.archunit.TestExploreArchUnit" time="2.14" tests="5" errors="0" skipped="0" failures="0">
  <properties>
    <property name="java.specification.version" value="24"/>
    <property name="sun.cpu.isalist" value="amd64"/>
    <property name="sun.jnu.encoding" value="Cp1252"/>
    <property name="java.class.path" value="C:\Users\r-uu\develop\github\codespace\r-uu\lib\archunit\target\test-classes;C:\Users\r-uu\develop\github\codespace\r-uu\lib\archunit\target\classes;C:\Users\r-uu\develop\github\codespace\r-uu\lib\util\target\r-uu.codespace.lib.util-0.0.1.jar;C:\Users\r-uu\.m2\repository\jakarta\annotation\jakarta.annotation-api\3.0.0\jakarta.annotation-api-3.0.0.jar;C:\Users\r-uu\.m2\repository\jakarta\ws\rs\jakarta.ws.rs-api\3.1.0\jakarta.ws.rs-api-3.1.0.jar;C:\Users\r-uu\.m2\repository\org\slf4j\slf4j-api\2.0.16\slf4j-api-2.0.16.jar;C:\Users\r-uu\.m2\repository\com\tngtech\archunit\archunit\1.4.1\archunit-1.4.1.jar;C:\Users\r-uu\.m2\repository\org\apache\logging\log4j\log4j-slf4j2-impl\2.24.1\log4j-slf4j2-impl-2.24.1.jar;C:\Users\r-uu\.m2\repository\org\apache\logging\log4j\log4j-api\2.24.1\log4j-api-2.24.1.jar;C:\Users\r-uu\.m2\repository\org\apache\logging\log4j\log4j-core\2.24.1\log4j-core-2.24.1.jar;C:\Users\r-uu\.m2\repository\org\projectlombok\lombok\1.18.38\lombok-1.18.38.jar;C:\Users\r-uu\.m2\repository\org\hamcrest\hamcrest\2.2\hamcrest-2.2.jar;C:\Users\r-uu\.m2\repository\org\junit\jupiter\junit-jupiter\5.10.2\junit-jupiter-5.10.2.jar;C:\Users\r-uu\.m2\repository\org\junit\jupiter\junit-jupiter-api\5.10.2\junit-jupiter-api-5.10.2.jar;C:\Users\r-uu\.m2\repository\org\opentest4j\opentest4j\1.3.0\opentest4j-1.3.0.jar;C:\Users\r-uu\.m2\repository\org\junit\platform\junit-platform-commons\1.10.2\junit-platform-commons-1.10.2.jar;C:\Users\r-uu\.m2\repository\org\apiguardian\apiguardian-api\1.1.2\apiguardian-api-1.1.2.jar;C:\Users\r-uu\.m2\repository\org\junit\jupiter\junit-jupiter-params\5.10.2\junit-jupiter-params-5.10.2.jar;C:\Users\r-uu\.m2\repository\org\junit\jupiter\junit-jupiter-engine\5.10.2\junit-jupiter-engine-5.10.2.jar;C:\Users\r-uu\.m2\repository\org\junit\platform\junit-platform-engine\1.10.2\junit-platform-engine-1.10.2.jar;"/>
    <property name="java.vm.vendor" value="Oracle Corporation"/>
    <property name="sun.arch.data.model" value="64"/>
    <property name="user.variant" value=""/>
    <property name="java.vendor.url" value="https://java.oracle.com/"/>
    <property name="user.timezone" value="Europe/Berlin"/>
    <property name="os.name" value="Windows 11"/>
    <property name="java.vm.specification.version" value="24"/>
    <property name="sun.java.launcher" value="SUN_STANDARD"/>
    <property name="user.country" value="DE"/>
    <property name="sun.boot.library.path" value="C:\software\develop\java\jdk\bin"/>
    <property name="sun.java.command" value="C:\Users\r-uu\AppData\Local\Temp\surefire8685533057284584778\surefirebooter-20250930222504621_26.jar C:\Users\r-uu\AppData\Local\Temp\surefire8685533057284584778 2025-09-30T22-23-22_052-jvmRun1 surefire-20250930222504621_24tmp surefire_6-20250930222504621_25tmp"/>
    <property name="jdk.debug" value="release"/>
    <property name="surefire.test.class.path" value="C:\Users\r-uu\develop\github\codespace\r-uu\lib\archunit\target\test-classes;C:\Users\r-uu\develop\github\codespace\r-uu\lib\archunit\target\classes;C:\Users\r-uu\develop\github\codespace\r-uu\lib\util\target\r-uu.codespace.lib.util-0.0.1.jar;C:\Users\r-uu\.m2\repository\jakarta\annotation\jakarta.annotation-api\3.0.0\jakarta.annotation-api-3.0.0.jar;C:\Users\r-uu\.m2\repository\jakarta\ws\rs\jakarta.ws.rs-api\3.1.0\jakarta.ws.rs-api-3.1.0.jar;C:\Users\r-uu\.m2\repository\org\slf4j\slf4j-api\2.0.16\slf4j-api-2.0.16.jar;C:\Users\r-uu\.m2\repository\com\tngtech\archunit\archunit\1.4.1\archunit-1.4.1.jar;C:\Users\r-uu\.m2\repository\org\apache\logging\log4j\log4j-slf4j2-impl\2.24.1\log4j-slf4j2-impl-2.24.1.jar;C:\Users\r-uu\.m2\repository\org\apache\logging\log4j\log4j-api\2.24.1\log4j-api-2.24.1.jar;C:\Users\r-uu\.m2\repository\org\apache\logging\log4j\log4j-core\2.24.1\log4j-core-2.24.1.jar;C:\Users\r-uu\.m2\repository\org\projectlombok\lombok\1.18.38\lombok-1.18.38.jar;C:\Users\r-uu\.m2\repository\org\hamcrest\hamcrest\2.2\hamcrest-2.2.jar;C:\Users\r-uu\.m2\repository\org\junit\jupiter\junit-jupiter\5.10.2\junit-jupiter-5.10.2.jar;C:\Users\r-uu\.m2\repository\org\junit\jupiter\junit-jupiter-api\5.10.2\junit-jupiter-api-5.10.2.jar;C:\Users\r-uu\.m2\repository\org\opentest4j\opentest4j\1.3.0\opentest4j-1.3.0.jar;C:\Users\r-uu\.m2\repository\org\junit\platform\junit-platform-commons\1.10.2\junit-platform-commons-1.10.2.jar;C:\Users\r-uu\.m2\repository\org\apiguardian\apiguardian-api\1.1.2\apiguardian-api-1.1.2.jar;C:\Users\r-uu\.m2\repository\org\junit\jupiter\junit-jupiter-params\5.10.2\junit-jupiter-params-5.10.2.jar;C:\Users\r-uu\.m2\repository\org\junit\jupiter\junit-jupiter-engine\5.10.2\junit-jupiter-engine-5.10.2.jar;C:\Users\r-uu\.m2\repository\org\junit\platform\junit-platform-engine\1.10.2\junit-platform-engine-1.10.2.jar;"/>
    <property name="sun.cpu.endian" value="little"/>
    <property name="user.home" value="C:\Users\r-uu"/>
    <property name="user.language" value="en"/>
    <property name="java.specification.vendor" value="Oracle Corporation"/>
    <property name="surefire.useFile" value="false"/>
    <property name="java.version.date" value="2025-07-15"/>
    <property name="java.home" value="C:\software\develop\java\jdk"/>
    <property name="file.separator" value="\"/>
    <property name="basedir" value="C:\Users\r-uu\develop\github\codespace\r-uu\lib\archunit"/>
    <property name="java.vm.compressedOopsMode" value="Zero based"/>
    <property name="jdk.internal.vm.ci.enabled" value="true"/>
    <property name="line.separator" value="&#10;"/>
    <property name="java.vm.specification.vendor" value="Oracle Corporation"/>
    <property name="java.specification.name" value="Java Platform API Specification"/>
    <property name="failsafe.useFile" value="false"/>
    <property name="surefire.real.class.path" value="C:\Users\r-uu\AppData\Local\Temp\surefire8685533057284584778\surefirebooter-20250930222504621_26.jar"/>
    <property name="user.script" value=""/>
    <property name="sun.management.compiler" value="HotSpot 64-Bit Tiered Compilers"/>
    <property name="java.runtime.version" value="24.0.2+11-jvmci-b01"/>
    <property name="user.name" value="r-uu"/>
    <property name="stdout.encoding" value="Cp1252"/>
    <property name="path.separator" value=";"/>
    <property name="os.version" value="10.0"/>
    <property name="java.runtime.name" value="Java(TM) SE Runtime Environment"/>
    <property name="file.encoding" value="UTF-8"/>
    <property name="java.vm.name" value="Java HotSpot(TM) 64-Bit Server VM"/>
    <property name="java.vendor.version" value="Oracle GraalVM 24.0.2+11.1"/>
    <property name="localRepository" value="C:\Users\r-uu\.m2\repository"/>
    <property name="java.vendor.url.bug" value="https://bugreport.java.com/bugreport/"/>
    <property name="java.io.tmpdir" value="C:\Users\r-uu\AppData\Local\Temp\"/>
    <property name="java.version" value="24.0.2"/>
    <property name="user.dir" value="C:\Users\r-uu\develop\github\codespace\r-uu\lib\archunit"/>
    <property name="os.arch" value="amd64"/>
    <property name="java.vm.specification.name" value="Java Virtual Machine Specification"/>
    <property name="sun.os.patch.level" value=""/>
    <property name="native.encoding" value="Cp1252"/>
    <property name="trimStackTrace" value="false"/>
    <property name="java.library.path" value="C:\software\develop\java\jdk\bin;C:\WINDOWS\Sun\Java\bin;C:\WINDOWS\system32;C:\WINDOWS;C:\WINDOWS\system32;C:\WINDOWS;C:\WINDOWS\System32\Wbem;C:\WINDOWS\System32\WindowsPowerShell\v1.0\;C:\WINDOWS\System32\OpenSSH\;C:\Program Files\Graphviz\bin;C:\Program Files\PuTTY\;C:\Program Files\Docker\Docker\resources\bin;C:\Program Files\Git\cmd;C:\Users\r-uu\AppData\Local\Programs\Python\Python310\Scripts\;C:\Users\r-uu\AppData\Local\Programs\Python\Python310\;C:\Users\r-uu\AppData\Local\Microsoft\WindowsApps;C:\Users\r-uu\AppData\Local\Programs\Microsoft VS Code\bin;C:\Users\r-uu\AppData\Local\GitHubDesktop\bin;C:\software\develop\build\maven\bin;C:\software\develop\java\jdk\bin;C:\Users\r-uu\AppData\Local\JetBrains\Toolbox\scripts;;C:\Users\r-uu\AppData\Roaming\Programs\Zero Install;%USERPROFILE%\AppData\Local\Microsoft\WindowsApps;."/>
    <property name="java.vm.info" value="mixed mode, sharing"/>
    <property name="stderr.encoding" value="Cp1252"/>
    <property name="java.vendor" value="Oracle Corporation"/>
    <property name="java.vm.version" value="24.0.2+11-jvmci-b01"/>
    <property name="sun.io.unicode.encoding" value="UnicodeLittle"/>
    <property name="java.class.version" value="68.0"/>
  </properties>
  <testcase name="exploreMethodModifiers" classname="de.ruu.lib.archunit.TestExploreArchUnit" time="0.051">
    <system-out><![CDATA[22:25:06.387 INFO  com.tngtech.archunit.core.PluginLoader.get(68) - Detected Java version 24.0.2
22:25:06.402 DEBUG com.tngtech.archunit.core.PluginLoader.get(73) - Current Java version is compatible to JAVA_9 => Loading Plugin com.tngtech.archunit.core.importer.ModuleImportPlugin
22:25:06.429 DEBUG com.tngtech.archunit.core.importer.UrlSource$From.findUrlsForClassPathProperty(192) - Found URLs on sun.boot.class.path: []
22:25:06.437 DEBUG com.tngtech.archunit.core.importer.UrlSource$From.findUrlsForClassPathProperty(192) - Found URLs on java.class.path: [file:/C:/Users/r-uu/develop/github/codespace/r-uu/lib/archunit/target/test-classes/, file:/C:/Users/r-uu/develop/github/codespace/r-uu/lib/archunit/target/classes/, jar:file:/C:/Users/r-uu/develop/github/codespace/r-uu/lib/util/target/r-uu.codespace.lib.util-0.0.1.jar!/, jar:file:/C:/Users/r-uu/.m2/repository/jakarta/annotation/jakarta.annotation-api/3.0.0/jakarta.annotation-api-3.0.0.jar!/, jar:file:/C:/Users/r-uu/.m2/repository/jakarta/ws/rs/jakarta.ws.rs-api/3.1.0/jakarta.ws.rs-api-3.1.0.jar!/, jar:file:/C:/Users/r-uu/.m2/repository/org/slf4j/slf4j-api/2.0.16/slf4j-api-2.0.16.jar!/, jar:file:/C:/Users/r-uu/.m2/repository/com/tngtech/archunit/archunit/1.4.1/archunit-1.4.1.jar!/, jar:file:/C:/Users/r-uu/.m2/repository/org/apache/logging/log4j/log4j-slf4j2-impl/2.24.1/log4j-slf4j2-impl-2.24.1.jar!/, jar:file:/C:/Users/r-uu/.m2/repository/org/apache/logging/log4j/log4j-api/2.24.1/log4j-api-2.24.1.jar!/, jar:file:/C:/Users/r-uu/.m2/repository/org/apache/logging/log4j/log4j-core/2.24.1/log4j-core-2.24.1.jar!/, jar:file:/C:/Users/r-uu/.m2/repository/org/projectlombok/lombok/1.18.38/lombok-1.18.38.jar!/, jar:file:/C:/Users/r-uu/.m2/repository/org/hamcrest/hamcrest/2.2/hamcrest-2.2.jar!/, jar:file:/C:/Users/r-uu/.m2/repository/org/junit/jupiter/junit-jupiter/5.10.2/junit-jupiter-5.10.2.jar!/, jar:file:/C:/Users/r-uu/.m2/repository/org/junit/jupiter/junit-jupiter-api/5.10.2/junit-jupiter-api-5.10.2.jar!/, jar:file:/C:/Users/r-uu/.m2/repository/org/opentest4j/opentest4j/1.3.0/opentest4j-1.3.0.jar!/, jar:file:/C:/Users/r-uu/.m2/repository/org/junit/platform/junit-platform-commons/1.10.2/junit-platform-commons-1.10.2.jar!/, jar:file:/C:/Users/r-uu/.m2/repository/org/apiguardian/apiguardian-api/1.1.2/apiguardian-api-1.1.2.jar!/, jar:file:/C:/Users/r-uu/.m2/repository/org/junit/jupiter/junit-jupiter-params/5.10.2/junit-jupiter-params-5.10.2.jar!/, jar:file:/C:/Users/r-uu/.m2/repository/org/junit/jupiter/junit-jupiter-engine/5.10.2/junit-jupiter-engine-5.10.2.jar!/, jar:file:/C:/Users/r-uu/.m2/repository/org/junit/platform/junit-platform-engine/1.10.2/junit-platform-engine-1.10.2.jar!/]
22:25:07.077 DEBUG com.tngtech.archunit.ArchConfiguration.readProperties(89) - No configuration found in classpath at archunit.properties => Using default configuration
22:25:07.143 DEBUG com.tngtech.archunit.core.importer.JavaClassProcessor.visit(104) - Processing class 'de/ruu/lib/archunit/TestExploreArchUnit$ExtendingAbstractClass'
22:25:07.321 DEBUG com.tngtech.archunit.core.importer.JavaClassProcessor.visit(104) - Processing class 'java/util/List'
22:25:07.341 DEBUG com.tngtech.archunit.core.importer.JavaClassProcessor.visit(104) - Processing class 'lombok/Generated'
22:25:07.346 DEBUG com.tngtech.archunit.core.importer.JavaClassProcessor.visit(104) - Processing class 'de/ruu/lib/archunit/TestExploreArchUnit$AbstractClass'
22:25:07.348 DEBUG com.tngtech.archunit.core.importer.JavaClassProcessor.visit(104) - Processing class 'de/ruu/lib/archunit/TestExploreArchUnit'
22:25:07.356 DEBUG com.tngtech.archunit.core.importer.JavaClassProcessor.visit(104) - Processing class 'java/lang/String'
22:25:07.391 DEBUG com.tngtech.archunit.core.importer.JavaClassProcessor.visit(104) - Processing class 'java/lang/SafeVarargs'
22:25:07.393 DEBUG com.tngtech.archunit.core.importer.JavaClassProcessor.visit(104) - Processing class 'com/tngtech/archunit/core/domain/JavaModifier'
22:25:07.396 DEBUG com.tngtech.archunit.core.importer.JavaClassProcessor.visit(104) - Processing class 'jdk/internal/vm/annotation/IntrinsicCandidate'
22:25:07.397 DEBUG com.tngtech.archunit.core.importer.JavaClassProcessor.visit(104) - Processing class 'jdk/internal/vm/annotation/ForceInline'
22:25:07.398 DEBUG com.tngtech.archunit.core.importer.JavaClassProcessor.visit(104) - Processing class 'java/lang/CharSequence'
22:25:07.400 DEBUG com.tngtech.archunit.core.importer.JavaClassProcessor.visit(104) - Processing class 'jdk/internal/vm/annotation/Stable'
22:25:07.402 DEBUG com.tngtech.archunit.core.importer.JavaClassProcessor.visit(104) - Processing class 'java/lang/Deprecated'
22:25:07.404 DEBUG com.tngtech.archunit.core.importer.JavaClassProcessor.visit(104) - Processing class 'java/lang/annotation/Target'
22:25:07.405 DEBUG com.tngtech.archunit.core.importer.JavaClassProcessor.visit(104) - Processing class 'java/lang/annotation/ElementType'
22:25:07.409 DEBUG com.tngtech.archunit.core.importer.JavaClassProcessor.visit(104) - Processing class 'java/lang/annotation/Retention'
22:25:07.410 DEBUG com.tngtech.archunit.core.importer.JavaClassProcessor.visit(104) - Processing class 'java/io/Serializable'
22:25:07.412 DEBUG com.tngtech.archunit.core.importer.JavaClassProcessor.visit(104) - Processing class 'org/junit/jupiter/api/Test'
22:25:07.413 DEBUG com.tngtech.archunit.core.importer.JavaClassProcessor.visit(104) - Processing class 'java/lang/constant/Constable'
22:25:07.415 DEBUG com.tngtech.archunit.core.importer.JavaClassProcessor.visit(104) - Processing class 'org/junit/jupiter/api/BeforeAll'
22:25:07.417 DEBUG com.tngtech.archunit.core.importer.JavaClassProcessor.visit(104) - Processing class 'java/lang/constant/ConstantDesc'
22:25:07.418 DEBUG com.tngtech.archunit.core.importer.JavaClassProcessor.visit(104) - Processing class 'java/lang/annotation/Annotation'
22:25:07.419 DEBUG com.tngtech.archunit.core.importer.JavaClassProcessor.visit(104) - Processing class 'java/lang/Object'
22:25:07.422 DEBUG com.tngtech.archunit.core.importer.JavaClassProcessor.visit(104) - Processing class 'java/lang/Comparable'
22:25:07.424 DEBUG com.tngtech.archunit.core.importer.JavaClassProcessor.visit(104) - Processing class 'java/util/SequencedCollection'
22:25:07.424 DEBUG com.tngtech.archunit.core.importer.JavaClassProcessor.visit(104) - Processing class 'java/lang/annotation/RetentionPolicy'
22:25:07.427 DEBUG com.tngtech.archunit.core.importer.JavaClassProcessor.visit(104) - Processing class 'com/tngtech/archunit/PublicAPI'
22:25:07.429 DEBUG com.tngtech.archunit.core.importer.JavaClassProcessor.visit(104) - Processing class 'com/tngtech/archunit/core/domain/JavaModifier$ApplicableType'
22:25:07.431 DEBUG com.tngtech.archunit.core.importer.JavaClassProcessor.visit(104) - Processing class 'java/util/Collection'
22:25:07.434 DEBUG com.tngtech.archunit.core.importer.JavaClassProcessor.visit(104) - Processing class 'org/apiguardian/api/API'
22:25:07.437 DEBUG com.tngtech.archunit.core.importer.JavaClassProcessor.visit(104) - Processing class 'com/tngtech/archunit/PublicAPI$Usage'
22:25:07.440 DEBUG com.tngtech.archunit.core.importer.JavaClassProcessor.visit(104) - Processing class 'org/apiguardian/api/API$Status'
22:25:07.442 DEBUG com.tngtech.archunit.core.importer.JavaClassProcessor.visit(104) - Processing class 'java/lang/Enum'
22:25:07.444 DEBUG com.tngtech.archunit.core.importer.JavaClassProcessor.visit(104) - Processing class 'java/lang/annotation/Documented'
22:25:07.446 DEBUG com.tngtech.archunit.core.importer.JavaClassProcessor.visit(104) - Processing class 'org/junit/platform/commons/annotation/Testable'
22:25:07.448 DEBUG com.tngtech.archunit.core.importer.JavaClassProcessor.visit(104) - Processing class 'com/tngtech/archunit/PublicAPI$State'
22:25:07.449 DEBUG com.tngtech.archunit.core.importer.JavaClassProcessor.visit(104) - Processing class 'java/lang/annotation/Inherited'
22:25:07.451 DEBUG com.tngtech.archunit.core.importer.JavaClassProcessor.visit(104) - Processing class 'java/lang/Iterable'
22:25:07.453 DEBUG com.tngtech.archunit.core.importer.JavaClassProcessor.visit(104) - Processing class 'com/tngtech/archunit/Internal'
22:25:07.454 DEBUG com.tngtech.archunit.core.importer.JavaClassProcessor.visit(104) - Processing class 'java/lang/Enum$EnumDesc'
22:25:07.455 DEBUG com.tngtech.archunit.core.importer.JavaClassProcessor.visit(104) - Processing class 'java/lang/constant/DynamicConstantDesc'
22:25:07.519 DEBUG com.tngtech.archunit.core.importer.JavaClassProcessor.visit(104) - Processing class 'java/util/Set'
22:25:07.529 DEBUG com.tngtech.archunit.core.importer.JavaClassProcessor.visit(104) - Processing class 'com/tngtech/archunit/core/domain/JavaClass'
22:25:07.544 DEBUG com.tngtech.archunit.core.importer.JavaClassProcessor.visit(104) - Processing class 'org/slf4j/Logger'
22:25:07.549 DEBUG com.tngtech.archunit.core.importer.JavaClassProcessor.visit(104) - Processing class 'java/util/stream/IntStream'
22:25:07.562 DEBUG com.tngtech.archunit.core.importer.JavaClassProcessor.visit(104) - Processing class 'java/io/ObjectStreamException'
22:25:07.564 DEBUG com.tngtech.archunit.core.importer.JavaClassProcessor.visit(104) - Processing class 'java/lang/CloneNotSupportedException'
22:25:07.565 DEBUG com.tngtech.archunit.core.importer.JavaClassProcessor.visit(104) - Processing class 'java/lang/Class'
22:25:07.576 DEBUG com.tngtech.archunit.core.importer.JavaClassProcessor.visit(104) - Processing class 'java/util/Optional'
22:25:07.579 DEBUG com.tngtech.archunit.core.importer.JavaClassProcessor.visit(104) - Processing class 'java/io/ObjectInputStream'
22:25:07.585 DEBUG com.tngtech.archunit.core.importer.JavaClassProcessor.visit(104) - Processing class 'java/io/IOException'
22:25:07.586 DEBUG com.tngtech.archunit.core.importer.JavaClassProcessor.visit(104) - Processing class 'java/lang/ClassNotFoundException'
22:25:07.590 DEBUG com.tngtech.archunit.core.importer.JavaClassProcessor.visit(104) - Processing class 'java/lang/invoke/MethodHandles$Lookup'
22:25:07.598 DEBUG com.tngtech.archunit.core.importer.JavaClassProcessor.visit(104) - Processing class 'java/lang/ReflectiveOperationException'
22:25:07.599 DEBUG com.tngtech.archunit.core.importer.JavaClassProcessor.visit(104) - Processing class 'java/lang/constant/ClassDesc'
22:25:07.602 DEBUG com.tngtech.archunit.core.importer.JavaClassProcessor.visit(104) - Processing class 'java/util/Iterator'
22:25:07.603 DEBUG com.tngtech.archunit.core.importer.JavaClassProcessor.visit(104) - Processing class 'java/util/Spliterator'
22:25:07.604 DEBUG com.tngtech.archunit.core.importer.JavaClassProcessor.visit(104) - Processing class 'java/util/function/Consumer'
22:25:07.607 DEBUG com.tngtech.archunit.core.importer.JavaClassProcessor.visit(104) - Processing class 'java/lang/InterruptedException'
22:25:07.609 DEBUG com.tngtech.archunit.core.importer.JavaClassProcessor.visit(104) - Processing class 'java/lang/Throwable'
22:25:07.616 DEBUG com.tngtech.archunit.core.importer.JavaClassProcessor.visit(104) - Processing class 'java/io/ObjectStreamField'
22:25:07.618 DEBUG com.tngtech.archunit.core.importer.JavaClassProcessor.visit(104) - Processing class 'java/util/Comparator'
22:25:07.624 DEBUG com.tngtech.archunit.core.importer.JavaClassProcessor.visit(104) - Processing class 'java/nio/charset/Charset'
22:25:07.626 DEBUG com.tngtech.archunit.core.importer.JavaClassProcessor.visit(104) - Processing class 'java/nio/charset/CharacterCodingException'
22:25:07.629 DEBUG com.tngtech.archunit.core.importer.JavaClassProcessor.visit(104) - Processing class 'java/util/function/Function'
22:25:07.631 DEBUG com.tngtech.archunit.core.importer.JavaClassProcessor.visit(104) - Processing class 'java/lang/Void'
22:25:07.632 DEBUG com.tngtech.archunit.core.importer.JavaClassProcessor.visit(104) - Processing class 'java/util/Locale'
22:25:07.641 DEBUG com.tngtech.archunit.core.importer.JavaClassProcessor.visit(104) - Processing class 'java/util/stream/Stream'
22:25:07.646 DEBUG com.tngtech.archunit.core.importer.JavaClassProcessor.visit(104) - Processing class 'java/lang/StringBuffer'
22:25:07.649 DEBUG com.tngtech.archunit.core.importer.JavaClassProcessor.visit(104) - Processing class 'java/lang/AbstractStringBuilder'
22:25:07.653 DEBUG com.tngtech.archunit.core.importer.JavaClassProcessor.visit(104) - Processing class 'java/nio/charset/CharsetDecoder'
22:25:07.658 DEBUG com.tngtech.archunit.core.importer.JavaClassProcessor.visit(104) - Processing class 'java/io/UnsupportedEncodingException'
22:25:07.661 DEBUG com.tngtech.archunit.core.importer.JavaClassProcessor.visit(104) - Processing class 'java/lang/foreign/MemorySegment'
22:25:07.667 DEBUG com.tngtech.archunit.core.importer.JavaClassProcessor.visit(104) - Processing class 'java/lang/StringBuilder'
22:25:07.678 DEBUG com.tngtech.archunit.core.importer.JavaClassProcessor.visit(104) - Processing class 'java/lang/constant/DirectMethodHandleDesc'
22:25:07.685 DEBUG com.tngtech.archunit.core.importer.JavaClassProcessor.visit(104) - Processing class 'java/util/function/IntFunction'
22:25:07.688 DEBUG com.tngtech.archunit.core.importer.JavaClassProcessor.visit(104) - Processing class 'java/util/function/Predicate'
22:25:07.691 DEBUG com.tngtech.archunit.core.importer.JavaClassProcessor.visit(104) - Processing class 'java/util/ListIterator'
22:25:07.693 DEBUG com.tngtech.archunit.core.importer.JavaClassProcessor.visit(104) - Processing class 'java/util/function/UnaryOperator'
22:25:07.776 DEBUG de.ruu.lib.archunit.TestExploreArchUnit.lambda$exploreMethodModifiers$0(84) - PUBLIC de.ruu.lib.archunit.TestExploreArchUnit$ExtendingAbstractClass.stringList()
22:25:07.776 DEBUG de.ruu.lib.archunit.TestExploreArchUnit.lambda$exploreMethodModifiers$0(84) - PUBLIC de.ruu.lib.archunit.TestExploreArchUnit$ExtendingAbstractClass.stringList(java.util.List)
22:25:07.777 DEBUG de.ruu.lib.archunit.TestExploreArchUnit.lambda$exploreMethodModifiers$0(84) - PUBLIC,NATIVE java.lang.Object.hashCode()
22:25:07.777 DEBUG de.ruu.lib.archunit.TestExploreArchUnit.lambda$exploreMethodModifiers$0(84) - PUBLIC java.lang.Object.toString()
22:25:07.777 DEBUG de.ruu.lib.archunit.TestExploreArchUnit.lambda$exploreMethodModifiers$0(84) - PUBLIC,FINAL,NATIVE java.lang.Object.notify()
22:25:07.777 DEBUG de.ruu.lib.archunit.TestExploreArchUnit.lambda$exploreMethodModifiers$0(84) - PROTECTED,NATIVE java.lang.Object.clone()
22:25:07.778 DEBUG de.ruu.lib.archunit.TestExploreArchUnit.lambda$exploreMethodModifiers$0(84) - PRIVATE,FINAL,NATIVE java.lang.Object.wait0(long)
22:25:07.778 DEBUG de.ruu.lib.archunit.TestExploreArchUnit.lambda$exploreMethodModifiers$0(84) - PUBLIC,FINAL java.lang.Object.wait(long, int)
22:25:07.778 DEBUG de.ruu.lib.archunit.TestExploreArchUnit.lambda$exploreMethodModifiers$0(84) - PUBLIC,FINAL,NATIVE java.lang.Object.notifyAll()
22:25:07.778 DEBUG de.ruu.lib.archunit.TestExploreArchUnit.lambda$exploreMethodModifiers$0(84) - PUBLIC,FINAL,NATIVE java.lang.Object.getClass()
22:25:07.779 DEBUG de.ruu.lib.archunit.TestExploreArchUnit.lambda$exploreMethodModifiers$0(84) - PUBLIC,FINAL java.lang.Object.wait(long)
22:25:07.779 DEBUG de.ruu.lib.archunit.TestExploreArchUnit.lambda$exploreMethodModifiers$0(84) - PROTECTED java.lang.Object.finalize()
22:25:07.779 DEBUG de.ruu.lib.archunit.TestExploreArchUnit.lambda$exploreMethodModifiers$0(84) - PUBLIC java.lang.Object.equals(java.lang.Object)
22:25:07.780 DEBUG de.ruu.lib.archunit.TestExploreArchUnit.lambda$exploreMethodModifiers$0(84) - PUBLIC,FINAL java.lang.Object.wait()
]]></system-out>
  </testcase>
  <testcase name="exploreAccessesFromSelf" classname="de.ruu.lib.archunit.TestExploreArchUnit" time="0.006">
    <system-out><![CDATA[22:25:07.813 DEBUG de.ruu.lib.archunit.TestExploreArchUnit.lambda$exploreAccessesFromSelf$0(56) - stringList
22:25:07.815 DEBUG de.ruu.lib.archunit.TestExploreArchUnit.lambda$exploreAccessesFromSelf$0(56) - stringList
22:25:07.815 DEBUG de.ruu.lib.archunit.TestExploreArchUnit.lambda$exploreAccessesFromSelf$0(56) - <init>
]]></system-out>
  </testcase>
  <testcase name="exploreAllMethods" classname="de.ruu.lib.archunit.TestExploreArchUnit" time="0.011">
    <system-out><![CDATA[22:25:07.822 DEBUG de.ruu.lib.archunit.TestExploreArchUnit.lambda$exploreAllMethods$0(78) - java.util.List<java.lang.String> de.ruu.lib.archunit.TestExploreArchUnit$ExtendingAbstractClass.stringList()
22:25:07.823 DEBUG de.ruu.lib.archunit.TestExploreArchUnit.lambda$exploreAllMethods$0(78) - de.ruu.lib.archunit.TestExploreArchUnit$ExtendingAbstractClass de.ruu.lib.archunit.TestExploreArchUnit$ExtendingAbstractClass.stringList(java.util.List)
22:25:07.823 DEBUG de.ruu.lib.archunit.TestExploreArchUnit.lambda$exploreAllMethods$0(78) - int java.lang.Object.hashCode()
22:25:07.824 DEBUG de.ruu.lib.archunit.TestExploreArchUnit.lambda$exploreAllMethods$0(78) - java.lang.String java.lang.Object.toString()
22:25:07.825 DEBUG de.ruu.lib.archunit.TestExploreArchUnit.lambda$exploreAllMethods$0(78) - void java.lang.Object.notify()
22:25:07.825 DEBUG de.ruu.lib.archunit.TestExploreArchUnit.lambda$exploreAllMethods$0(78) - java.lang.Object java.lang.Object.clone()
22:25:07.825 DEBUG de.ruu.lib.archunit.TestExploreArchUnit.lambda$exploreAllMethods$0(78) - void java.lang.Object.wait0(long)
22:25:07.825 DEBUG de.ruu.lib.archunit.TestExploreArchUnit.lambda$exploreAllMethods$0(78) - void java.lang.Object.wait(long, int)
22:25:07.826 DEBUG de.ruu.lib.archunit.TestExploreArchUnit.lambda$exploreAllMethods$0(78) - void java.lang.Object.notifyAll()
22:25:07.827 DEBUG de.ruu.lib.archunit.TestExploreArchUnit.lambda$exploreAllMethods$0(78) - java.lang.Class<?> java.lang.Object.getClass()
22:25:07.827 DEBUG de.ruu.lib.archunit.TestExploreArchUnit.lambda$exploreAllMethods$0(78) - void java.lang.Object.wait(long)
22:25:07.828 DEBUG de.ruu.lib.archunit.TestExploreArchUnit.lambda$exploreAllMethods$0(78) - void java.lang.Object.finalize()
22:25:07.829 DEBUG de.ruu.lib.archunit.TestExploreArchUnit.lambda$exploreAllMethods$0(78) - boolean java.lang.Object.equals(java.lang.Object)
22:25:07.829 DEBUG de.ruu.lib.archunit.TestExploreArchUnit.lambda$exploreAllMethods$0(78) - void java.lang.Object.wait()
]]></system-out>
  </testcase>
  <testcase name="exploreAllFields" classname="de.ruu.lib.archunit.TestExploreArchUnit" time="0.005">
    <system-out><![CDATA[22:25:07.836 DEBUG de.ruu.lib.archunit.TestExploreArchUnit.lambda$exploreAllFields$0(68) - java.util.List<java.lang.String> stringList
22:25:07.836 DEBUG de.ruu.lib.archunit.TestExploreArchUnit.exploreAllFields(71) - field JavaField{de.ruu.lib.archunit.TestExploreArchUnit$ExtendingAbstractClass.stringList}
]]></system-out>
  </testcase>
  <testcase name="exploreAllAccessesFromSelf" classname="de.ruu.lib.archunit.TestExploreArchUnit" time="0.006">
    <system-out><![CDATA[22:25:07.842 DEBUG de.ruu.lib.archunit.TestExploreArchUnit.lambda$exploreAllAccessesFromSelf$0(62) - stringList
22:25:07.844 DEBUG de.ruu.lib.archunit.TestExploreArchUnit.lambda$exploreAllAccessesFromSelf$0(62) - stringList
22:25:07.844 DEBUG de.ruu.lib.archunit.TestExploreArchUnit.lambda$exploreAllAccessesFromSelf$0(62) - <init>
]]></system-out>
  </testcase>
</testsuite>