<?xml version="1.0" encoding="UTF-8"?>
<testsuite xmlns:xsi="http://www.w3.org/2001/XMLSchema-instance" xsi:noNamespaceSchemaLocation="https://maven.apache.org/surefire/maven-surefire-plugin/xsd/surefire-test-report.xsd" version="3.0.2" name="de.ruu.lib.gen.java.fx.tableview.GeneratorFXTableViewConfiguratorTest" time="1.666" tests="1" errors="0" skipped="0" failures="0">
  <properties>
    <property name="java.specification.version" value="24"/>
    <property name="sun.cpu.isalist" value="amd64"/>
    <property name="sun.jnu.encoding" value="Cp1252"/>
    <property name="java.class.path" value="C:\Users\r-uu\develop\github\codespace\r-uu\lib\gen\java\fx\tableview\target\test-classes;C:\Users\r-uu\develop\github\codespace\r-uu\lib\gen\java\fx\tableview\target\classes;C:\Users\r-uu\.m2\repository\org\jboss\weld\se\weld-se-core\6.0.3.Final\weld-se-core-6.0.3.Final.jar;C:\Users\r-uu\.m2\repository\org\jboss\weld\environment\weld-environment-common\6.0.3.Final\weld-environment-common-6.0.3.Final.jar;C:\Users\r-uu\.m2\repository\org\jboss\weld\weld-core-impl\6.0.3.Final\weld-core-impl-6.0.3.Final.jar;C:\Users\r-uu\.m2\repository\org\jboss\weld\weld-api\6.0.Final\weld-api-6.0.Final.jar;C:\Users\r-uu\.m2\repository\jakarta\enterprise\jakarta.enterprise.cdi-el-api\4.1.0\jakarta.enterprise.cdi-el-api-4.1.0.jar;C:\Users\r-uu\.m2\repository\org\jboss\weld\weld-spi\6.0.Final\weld-spi-6.0.Final.jar;C:\Users\r-uu\.m2\repository\org\jboss\logging\jboss-logging\3.6.1.Final\jboss-logging-3.6.1.Final.jar;C:\Users\r-uu\.m2\repository\org\jboss\weld\weld-lite-extension-translator\6.0.3.Final\weld-lite-extension-translator-6.0.3.Final.jar;C:\Users\r-uu\.m2\repository\org\jboss\logging\jboss-logging-processor\3.0.4.Final\jboss-logging-processor-3.0.4.Final.jar;C:\Users\r-uu\.m2\repository\org\jboss\logging\jboss-logging-annotations\3.0.4.Final\jboss-logging-annotations-3.0.4.Final.jar;C:\Users\r-uu\.m2\repository\org\jboss\jdeparser\jdeparser\2.0.3.Final\jdeparser-2.0.3.Final.jar;C:\Users\r-uu\.m2\repository\jakarta\enterprise\jakarta.enterprise.cdi-api\4.1.0\jakarta.enterprise.cdi-api-4.1.0.jar;C:\Users\r-uu\.m2\repository\jakarta\enterprise\jakarta.enterprise.lang-model\4.1.0\jakarta.enterprise.lang-model-4.1.0.jar;C:\Users\r-uu\.m2\repository\org\jboss\classfilewriter\jboss-classfilewriter\1.3.1.Final\jboss-classfilewriter-1.3.1.Final.jar;C:\Users\r-uu\.m2\repository\org\projectlombok\lombok\1.18.38\lombok-1.18.38.jar;C:\Users\r-uu\develop\github\codespace\r-uu\lib\archunit\target\r-uu.codespace.lib.archunit-0.0.1.jar;C:\Users\r-uu\.m2\repository\com\tngtech\archunit\archunit\1.4.1\archunit-1.4.1.jar;C:\Users\r-uu\.m2\repository\org\apache\logging\log4j\log4j-slf4j2-impl\2.24.1\log4j-slf4j2-impl-2.24.1.jar;C:\Users\r-uu\.m2\repository\org\apache\logging\log4j\log4j-api\2.24.1\log4j-api-2.24.1.jar;C:\Users\r-uu\.m2\repository\org\apache\logging\log4j\log4j-core\2.24.1\log4j-core-2.24.1.jar;C:\Users\r-uu\develop\github\codespace\r-uu\lib\cdi\common\target\r-uu.codespace.lib.cdi.common-0.0.1.jar;C:\Users\r-uu\develop\github\codespace\r-uu\lib\cdi\se\target\r-uu.codespace.lib.cdi.se-0.0.1.jar;C:\Users\r-uu\.m2\repository\jakarta\el\jakarta.el-api\6.0.1\jakarta.el-api-6.0.1.jar;C:\Users\r-uu\.m2\repository\jakarta\inject\jakarta.inject-api\2.0.1\jakarta.inject-api-2.0.1.jar;C:\Users\r-uu\.m2\repository\jakarta\interceptor\jakarta.interceptor-api\2.2.0\jakarta.interceptor-api-2.2.0.jar;C:\Users\r-uu\develop\github\codespace\r-uu\lib\gen\core\target\r-uu.codespace.lib.gen.core-0.0.1.jar;C:\Users\r-uu\.m2\repository\org\eclipse\microprofile\config\microprofile-config-api\3.0.2\microprofile-config-api-3.0.2.jar;C:\Users\r-uu\develop\github\codespace\r-uu\lib\gen\java\core\target\r-uu.codespace.lib.gen.java.core-0.0.1.jar;C:\Users\r-uu\develop\github\codespace\r-uu\lib\gen\java\fx\bean\target\r-uu.codespace.lib.gen.java.fx.bean-0.0.1.jar;C:\Users\r-uu\develop\github\codespace\r-uu\lib\util\target\r-uu.codespace.lib.util-0.0.1.jar;C:\Users\r-uu\.m2\repository\jakarta\annotation\jakarta.annotation-api\3.0.0\jakarta.annotation-api-3.0.0.jar;C:\Users\r-uu\.m2\repository\jakarta\ws\rs\jakarta.ws.rs-api\4.0.0\jakarta.ws.rs-api-4.0.0.jar;C:\Users\r-uu\.m2\repository\org\slf4j\slf4j-api\2.0.16\slf4j-api-2.0.16.jar;C:\Users\r-uu\.m2\repository\org\hamcrest\hamcrest\3.0\hamcrest-3.0.jar;C:\Users\r-uu\.m2\repository\org\junit\jupiter\junit-jupiter-api\5.11.4\junit-jupiter-api-5.11.4.jar;C:\Users\r-uu\.m2\repository\org\opentest4j\opentest4j\1.3.0\opentest4j-1.3.0.jar;C:\Users\r-uu\.m2\repository\org\junit\platform\junit-platform-commons\1.11.4\junit-platform-commons-1.11.4.jar;C:\Users\r-uu\.m2\repository\org\apiguardian\apiguardian-api\1.1.2\apiguardian-api-1.1.2.jar;C:\Users\r-uu\.m2\repository\org\openjfx\javafx-controls\24.0.2\javafx-controls-24.0.2.jar;C:\Users\r-uu\.m2\repository\org\openjfx\javafx-controls\24.0.2\javafx-controls-24.0.2-win.jar;C:\Users\r-uu\.m2\repository\org\openjfx\javafx-graphics\24.0.2\javafx-graphics-24.0.2.jar;C:\Users\r-uu\.m2\repository\org\openjfx\javafx-graphics\24.0.2\javafx-graphics-24.0.2-win.jar;C:\Users\r-uu\.m2\repository\org\openjfx\javafx-base\24.0.2\javafx-base-24.0.2.jar;C:\Users\r-uu\.m2\repository\org\openjfx\javafx-base\24.0.2\javafx-base-24.0.2-win.jar;C:\Users\r-uu\.m2\repository\org\openjfx\javafx-fxml\24.0.2\javafx-fxml-24.0.2.jar;C:\Users\r-uu\.m2\repository\org\openjfx\javafx-fxml\24.0.2\javafx-fxml-24.0.2-win.jar;"/>
    <property name="java.vm.vendor" value="Oracle Corporation"/>
    <property name="sun.arch.data.model" value="64"/>
    <property name="user.variant" value=""/>
    <property name="java.vendor.url" value="https://java.oracle.com/"/>
    <property name="user.timezone" value="Europe/Berlin"/>
    <property name="os.name" value="Windows 11"/>
    <property name="java.vm.specification.version" value="24"/>
    <property name="sun.java.launcher" value="SUN_STANDARD"/>
    <property name="user.country" value="DE"/>
    <property name="sun.boot.library.path" value="c:\software\develop\java\jdk\bin"/>
    <property name="sun.java.command" value="C:\Users\r-uu\AppData\Local\Temp\surefire8213979181209078030\surefirebooter-20250923191954261_58.jar C:\Users\r-uu\AppData\Local\Temp\surefire8213979181209078030 2025-09-23T19-18-50_638-jvmRun1 surefire-20250923191954261_56tmp surefire_10-20250923191954261_57tmp"/>
    <property name="jdk.debug" value="release"/>
    <property name="surefire.test.class.path" value="C:\Users\r-uu\develop\github\codespace\r-uu\lib\gen\java\fx\tableview\target\test-classes;C:\Users\r-uu\develop\github\codespace\r-uu\lib\gen\java\fx\tableview\target\classes;C:\Users\r-uu\.m2\repository\org\jboss\weld\se\weld-se-core\6.0.3.Final\weld-se-core-6.0.3.Final.jar;C:\Users\r-uu\.m2\repository\org\jboss\weld\environment\weld-environment-common\6.0.3.Final\weld-environment-common-6.0.3.Final.jar;C:\Users\r-uu\.m2\repository\org\jboss\weld\weld-core-impl\6.0.3.Final\weld-core-impl-6.0.3.Final.jar;C:\Users\r-uu\.m2\repository\org\jboss\weld\weld-api\6.0.Final\weld-api-6.0.Final.jar;C:\Users\r-uu\.m2\repository\jakarta\enterprise\jakarta.enterprise.cdi-el-api\4.1.0\jakarta.enterprise.cdi-el-api-4.1.0.jar;C:\Users\r-uu\.m2\repository\org\jboss\weld\weld-spi\6.0.Final\weld-spi-6.0.Final.jar;C:\Users\r-uu\.m2\repository\org\jboss\logging\jboss-logging\3.6.1.Final\jboss-logging-3.6.1.Final.jar;C:\Users\r-uu\.m2\repository\org\jboss\weld\weld-lite-extension-translator\6.0.3.Final\weld-lite-extension-translator-6.0.3.Final.jar;C:\Users\r-uu\.m2\repository\org\jboss\logging\jboss-logging-processor\3.0.4.Final\jboss-logging-processor-3.0.4.Final.jar;C:\Users\r-uu\.m2\repository\org\jboss\logging\jboss-logging-annotations\3.0.4.Final\jboss-logging-annotations-3.0.4.Final.jar;C:\Users\r-uu\.m2\repository\org\jboss\jdeparser\jdeparser\2.0.3.Final\jdeparser-2.0.3.Final.jar;C:\Users\r-uu\.m2\repository\jakarta\enterprise\jakarta.enterprise.cdi-api\4.1.0\jakarta.enterprise.cdi-api-4.1.0.jar;C:\Users\r-uu\.m2\repository\jakarta\enterprise\jakarta.enterprise.lang-model\4.1.0\jakarta.enterprise.lang-model-4.1.0.jar;C:\Users\r-uu\.m2\repository\org\jboss\classfilewriter\jboss-classfilewriter\1.3.1.Final\jboss-classfilewriter-1.3.1.Final.jar;C:\Users\r-uu\.m2\repository\org\projectlombok\lombok\1.18.38\lombok-1.18.38.jar;C:\Users\r-uu\develop\github\codespace\r-uu\lib\archunit\target\r-uu.codespace.lib.archunit-0.0.1.jar;C:\Users\r-uu\.m2\repository\com\tngtech\archunit\archunit\1.4.1\archunit-1.4.1.jar;C:\Users\r-uu\.m2\repository\org\apache\logging\log4j\log4j-slf4j2-impl\2.24.1\log4j-slf4j2-impl-2.24.1.jar;C:\Users\r-uu\.m2\repository\org\apache\logging\log4j\log4j-api\2.24.1\log4j-api-2.24.1.jar;C:\Users\r-uu\.m2\repository\org\apache\logging\log4j\log4j-core\2.24.1\log4j-core-2.24.1.jar;C:\Users\r-uu\develop\github\codespace\r-uu\lib\cdi\common\target\r-uu.codespace.lib.cdi.common-0.0.1.jar;C:\Users\r-uu\develop\github\codespace\r-uu\lib\cdi\se\target\r-uu.codespace.lib.cdi.se-0.0.1.jar;C:\Users\r-uu\.m2\repository\jakarta\el\jakarta.el-api\6.0.1\jakarta.el-api-6.0.1.jar;C:\Users\r-uu\.m2\repository\jakarta\inject\jakarta.inject-api\2.0.1\jakarta.inject-api-2.0.1.jar;C:\Users\r-uu\.m2\repository\jakarta\interceptor\jakarta.interceptor-api\2.2.0\jakarta.interceptor-api-2.2.0.jar;C:\Users\r-uu\develop\github\codespace\r-uu\lib\gen\core\target\r-uu.codespace.lib.gen.core-0.0.1.jar;C:\Users\r-uu\.m2\repository\org\eclipse\microprofile\config\microprofile-config-api\3.0.2\microprofile-config-api-3.0.2.jar;C:\Users\r-uu\develop\github\codespace\r-uu\lib\gen\java\core\target\r-uu.codespace.lib.gen.java.core-0.0.1.jar;C:\Users\r-uu\develop\github\codespace\r-uu\lib\gen\java\fx\bean\target\r-uu.codespace.lib.gen.java.fx.bean-0.0.1.jar;C:\Users\r-uu\develop\github\codespace\r-uu\lib\util\target\r-uu.codespace.lib.util-0.0.1.jar;C:\Users\r-uu\.m2\repository\jakarta\annotation\jakarta.annotation-api\3.0.0\jakarta.annotation-api-3.0.0.jar;C:\Users\r-uu\.m2\repository\jakarta\ws\rs\jakarta.ws.rs-api\4.0.0\jakarta.ws.rs-api-4.0.0.jar;C:\Users\r-uu\.m2\repository\org\slf4j\slf4j-api\2.0.16\slf4j-api-2.0.16.jar;C:\Users\r-uu\.m2\repository\org\hamcrest\hamcrest\3.0\hamcrest-3.0.jar;C:\Users\r-uu\.m2\repository\org\junit\jupiter\junit-jupiter-api\5.11.4\junit-jupiter-api-5.11.4.jar;C:\Users\r-uu\.m2\repository\org\opentest4j\opentest4j\1.3.0\opentest4j-1.3.0.jar;C:\Users\r-uu\.m2\repository\org\junit\platform\junit-platform-commons\1.11.4\junit-platform-commons-1.11.4.jar;C:\Users\r-uu\.m2\repository\org\apiguardian\apiguardian-api\1.1.2\apiguardian-api-1.1.2.jar;C:\Users\r-uu\.m2\repository\org\openjfx\javafx-controls\24.0.2\javafx-controls-24.0.2.jar;C:\Users\r-uu\.m2\repository\org\openjfx\javafx-controls\24.0.2\javafx-controls-24.0.2-win.jar;C:\Users\r-uu\.m2\repository\org\openjfx\javafx-graphics\24.0.2\javafx-graphics-24.0.2.jar;C:\Users\r-uu\.m2\repository\org\openjfx\javafx-graphics\24.0.2\javafx-graphics-24.0.2-win.jar;C:\Users\r-uu\.m2\repository\org\openjfx\javafx-base\24.0.2\javafx-base-24.0.2.jar;C:\Users\r-uu\.m2\repository\org\openjfx\javafx-base\24.0.2\javafx-base-24.0.2-win.jar;C:\Users\r-uu\.m2\repository\org\openjfx\javafx-fxml\24.0.2\javafx-fxml-24.0.2.jar;C:\Users\r-uu\.m2\repository\org\openjfx\javafx-fxml\24.0.2\javafx-fxml-24.0.2-win.jar;"/>
    <property name="sun.cpu.endian" value="little"/>
    <property name="user.home" value="C:\Users\r-uu"/>
    <property name="user.language" value="en"/>
    <property name="java.specification.vendor" value="Oracle Corporation"/>
    <property name="java.version.date" value="2025-07-15"/>
    <property name="java.home" value="c:\software\develop\java\jdk"/>
    <property name="file.separator" value="\"/>
    <property name="basedir" value="C:\Users\r-uu\develop\github\codespace\r-uu\lib\gen\java\fx\tableview"/>
    <property name="java.vm.compressedOopsMode" value="Zero based"/>
    <property name="jdk.internal.vm.ci.enabled" value="true"/>
    <property name="line.separator" value="&#10;"/>
    <property name="java.vm.specification.vendor" value="Oracle Corporation"/>
    <property name="java.specification.name" value="Java Platform API Specification"/>
    <property name="surefire.real.class.path" value="C:\Users\r-uu\AppData\Local\Temp\surefire8213979181209078030\surefirebooter-20250923191954261_58.jar"/>
    <property name="user.script" value=""/>
    <property name="sun.management.compiler" value="HotSpot 64-Bit Tiered Compilers"/>
    <property name="java.runtime.version" value="24.0.2+11-jvmci-b01"/>
    <property name="user.name" value="r-uu"/>
    <property name="stdout.encoding" value="Cp1252"/>
    <property name="path.separator" value=";"/>
    <property name="os.version" value="10.0"/>
    <property name="java.runtime.name" value="Java(TM) SE Runtime Environment"/>
    <property name="file.encoding" value="UTF-8"/>
    <property name="java.vm.name" value="Java HotSpot(TM) 64-Bit Server VM"/>
    <property name="java.vendor.version" value="Oracle GraalVM 24.0.2+11.1"/>
    <property name="localRepository" value="C:\Users\r-uu\.m2\repository"/>
    <property name="java.vendor.url.bug" value="https://bugreport.java.com/bugreport/"/>
    <property name="java.io.tmpdir" value="C:\Users\r-uu\AppData\Local\Temp\"/>
    <property name="java.version" value="24.0.2"/>
    <property name="user.dir" value="C:\Users\r-uu\develop\github\codespace\r-uu\lib\gen\java\fx\tableview"/>
    <property name="os.arch" value="amd64"/>
    <property name="java.vm.specification.name" value="Java Virtual Machine Specification"/>
    <property name="sun.os.patch.level" value=""/>
    <property name="native.encoding" value="Cp1252"/>
    <property name="java.library.path" value="c:\software\develop\java\jdk\bin;C:\WINDOWS\Sun\Java\bin;C:\WINDOWS\system32;C:\WINDOWS;C:\WINDOWS\system32;C:\WINDOWS;C:\WINDOWS\System32\Wbem;C:\WINDOWS\System32\WindowsPowerShell\v1.0\;C:\WINDOWS\System32\OpenSSH\;C:\Program Files\Git\cmd;C:\Users\r-uu\AppData\Local\Microsoft\WindowsApps;C:\Users\r-uu\AppData\Local\Programs\Microsoft VS Code\bin;C:\Users\r-uu\AppData\Local\GitHubDesktop\bin;C:\Program Files\JetBrains\IntelliJ IDEA Community Edition 2024.3.2.2\bin;C:\software\develop\build\maven\bin;C:\Users\r-uu\AppData\Roaming\Programs\Zero Install;C:\Users\r-uu\AppData\Local\Microsoft\WindowsApps;C:\Users\r-uu\AppData\Local\Flutter\bin;C:\Users\r-uu\AppData\Local\Programs\Windsurf\bin;C:\Users\r-uu\develop\github\codespace\config\shell\cmd;."/>
    <property name="java.vm.info" value="mixed mode, sharing"/>
    <property name="stderr.encoding" value="Cp1252"/>
    <property name="java.vendor" value="Oracle Corporation"/>
    <property name="java.vm.version" value="24.0.2+11-jvmci-b01"/>
    <property name="sun.io.unicode.encoding" value="UnicodeLittle"/>
    <property name="java.class.version" value="68.0"/>
  </properties>
  <testcase name="test" classname="de.ruu.lib.gen.java.fx.tableview.GeneratorFXTableViewConfiguratorTest" time="0.299">
    <system-out><![CDATA[19:19:55.164 INFO  com.tngtech.archunit.core.PluginLoader.get(68) - Detected Java version 24.0.2
19:19:55.170 DEBUG com.tngtech.archunit.core.PluginLoader.get(73) - Current Java version is compatible to JAVA_9 => Loading Plugin com.tngtech.archunit.core.importer.ModuleImportPlugin
19:19:55.184 DEBUG com.tngtech.archunit.core.importer.UrlSource$From.findUrlsForClassPathProperty(192) - Found URLs on sun.boot.class.path: []
19:19:55.191 DEBUG com.tngtech.archunit.core.importer.UrlSource$From.findUrlsForClassPathProperty(192) - Found URLs on java.class.path: [file:/C:/Users/r-uu/develop/github/codespace/r-uu/lib/gen/java/fx/tableview/target/test-classes/, file:/C:/Users/r-uu/develop/github/codespace/r-uu/lib/gen/java/fx/tableview/target/classes/, jar:file:/C:/Users/r-uu/.m2/repository/org/jboss/weld/se/weld-se-core/6.0.3.Final/weld-se-core-6.0.3.Final.jar!/, jar:file:/C:/Users/r-uu/.m2/repository/org/jboss/weld/environment/weld-environment-common/6.0.3.Final/weld-environment-common-6.0.3.Final.jar!/, jar:file:/C:/Users/r-uu/.m2/repository/org/jboss/weld/weld-core-impl/6.0.3.Final/weld-core-impl-6.0.3.Final.jar!/, jar:file:/C:/Users/r-uu/.m2/repository/org/jboss/weld/weld-api/6.0.Final/weld-api-6.0.Final.jar!/, jar:file:/C:/Users/r-uu/.m2/repository/jakarta/enterprise/jakarta.enterprise.cdi-el-api/4.1.0/jakarta.enterprise.cdi-el-api-4.1.0.jar!/, jar:file:/C:/Users/r-uu/.m2/repository/org/jboss/weld/weld-spi/6.0.Final/weld-spi-6.0.Final.jar!/, jar:file:/C:/Users/r-uu/.m2/repository/org/jboss/logging/jboss-logging/3.6.1.Final/jboss-logging-3.6.1.Final.jar!/, jar:file:/C:/Users/r-uu/.m2/repository/org/jboss/weld/weld-lite-extension-translator/6.0.3.Final/weld-lite-extension-translator-6.0.3.Final.jar!/, jar:file:/C:/Users/r-uu/.m2/repository/org/jboss/logging/jboss-logging-processor/3.0.4.Final/jboss-logging-processor-3.0.4.Final.jar!/, jar:file:/C:/Users/r-uu/.m2/repository/org/jboss/logging/jboss-logging-annotations/3.0.4.Final/jboss-logging-annotations-3.0.4.Final.jar!/, jar:file:/C:/Users/r-uu/.m2/repository/org/jboss/jdeparser/jdeparser/2.0.3.Final/jdeparser-2.0.3.Final.jar!/, jar:file:/C:/Users/r-uu/.m2/repository/jakarta/enterprise/jakarta.enterprise.cdi-api/4.1.0/jakarta.enterprise.cdi-api-4.1.0.jar!/, jar:file:/C:/Users/r-uu/.m2/repository/jakarta/enterprise/jakarta.enterprise.lang-model/4.1.0/jakarta.enterprise.lang-model-4.1.0.jar!/, jar:file:/C:/Users/r-uu/.m2/repository/org/jboss/classfilewriter/jboss-classfilewriter/1.3.1.Final/jboss-classfilewriter-1.3.1.Final.jar!/, jar:file:/C:/Users/r-uu/.m2/repository/org/projectlombok/lombok/1.18.38/lombok-1.18.38.jar!/, jar:file:/C:/Users/r-uu/develop/github/codespace/r-uu/lib/archunit/target/r-uu.codespace.lib.archunit-0.0.1.jar!/, jar:file:/C:/Users/r-uu/.m2/repository/com/tngtech/archunit/archunit/1.4.1/archunit-1.4.1.jar!/, jar:file:/C:/Users/r-uu/.m2/repository/org/apache/logging/log4j/log4j-slf4j2-impl/2.24.1/log4j-slf4j2-impl-2.24.1.jar!/, jar:file:/C:/Users/r-uu/.m2/repository/org/apache/logging/log4j/log4j-api/2.24.1/log4j-api-2.24.1.jar!/, jar:file:/C:/Users/r-uu/.m2/repository/org/apache/logging/log4j/log4j-core/2.24.1/log4j-core-2.24.1.jar!/, jar:file:/C:/Users/r-uu/develop/github/codespace/r-uu/lib/cdi/common/target/r-uu.codespace.lib.cdi.common-0.0.1.jar!/, jar:file:/C:/Users/r-uu/develop/github/codespace/r-uu/lib/cdi/se/target/r-uu.codespace.lib.cdi.se-0.0.1.jar!/, jar:file:/C:/Users/r-uu/.m2/repository/jakarta/el/jakarta.el-api/6.0.1/jakarta.el-api-6.0.1.jar!/, jar:file:/C:/Users/r-uu/.m2/repository/jakarta/inject/jakarta.inject-api/2.0.1/jakarta.inject-api-2.0.1.jar!/, jar:file:/C:/Users/r-uu/.m2/repository/jakarta/interceptor/jakarta.interceptor-api/2.2.0/jakarta.interceptor-api-2.2.0.jar!/, jar:file:/C:/Users/r-uu/develop/github/codespace/r-uu/lib/gen/core/target/r-uu.codespace.lib.gen.core-0.0.1.jar!/, jar:file:/C:/Users/r-uu/.m2/repository/org/eclipse/microprofile/config/microprofile-config-api/3.0.2/microprofile-config-api-3.0.2.jar!/, jar:file:/C:/Users/r-uu/develop/github/codespace/r-uu/lib/gen/java/core/target/r-uu.codespace.lib.gen.java.core-0.0.1.jar!/, jar:file:/C:/Users/r-uu/develop/github/codespace/r-uu/lib/gen/java/fx/bean/target/r-uu.codespace.lib.gen.java.fx.bean-0.0.1.jar!/, jar:file:/C:/Users/r-uu/develop/github/codespace/r-uu/lib/util/target/r-uu.codespace.lib.util-0.0.1.jar!/, jar:file:/C:/Users/r-uu/.m2/repository/jakarta/annotation/jakarta.annotation-api/3.0.0/jakarta.annotation-api-3.0.0.jar!/, jar:file:/C:/Users/r-uu/.m2/repository/jakarta/ws/rs/jakarta.ws.rs-api/4.0.0/jakarta.ws.rs-api-4.0.0.jar!/, jar:file:/C:/Users/r-uu/.m2/repository/org/slf4j/slf4j-api/2.0.16/slf4j-api-2.0.16.jar!/, jar:file:/C:/Users/r-uu/.m2/repository/org/hamcrest/hamcrest/3.0/hamcrest-3.0.jar!/, jar:file:/C:/Users/r-uu/.m2/repository/org/junit/jupiter/junit-jupiter-api/5.11.4/junit-jupiter-api-5.11.4.jar!/, jar:file:/C:/Users/r-uu/.m2/repository/org/opentest4j/opentest4j/1.3.0/opentest4j-1.3.0.jar!/, jar:file:/C:/Users/r-uu/.m2/repository/org/junit/platform/junit-platform-commons/1.11.4/junit-platform-commons-1.11.4.jar!/, jar:file:/C:/Users/r-uu/.m2/repository/org/apiguardian/apiguardian-api/1.1.2/apiguardian-api-1.1.2.jar!/, jar:file:/C:/Users/r-uu/.m2/repository/org/openjfx/javafx-controls/24.0.2/javafx-controls-24.0.2.jar!/, jar:file:/C:/Users/r-uu/.m2/repository/org/openjfx/javafx-controls/24.0.2/javafx-controls-24.0.2-win.jar!/, jar:file:/C:/Users/r-uu/.m2/repository/org/openjfx/javafx-graphics/24.0.2/javafx-graphics-24.0.2.jar!/, jar:file:/C:/Users/r-uu/.m2/repository/org/openjfx/javafx-graphics/24.0.2/javafx-graphics-24.0.2-win.jar!/, jar:file:/C:/Users/r-uu/.m2/repository/org/openjfx/javafx-base/24.0.2/javafx-base-24.0.2.jar!/, jar:file:/C:/Users/r-uu/.m2/repository/org/openjfx/javafx-base/24.0.2/javafx-base-24.0.2-win.jar!/, jar:file:/C:/Users/r-uu/.m2/repository/org/openjfx/javafx-fxml/24.0.2/javafx-fxml-24.0.2.jar!/, jar:file:/C:/Users/r-uu/.m2/repository/org/openjfx/javafx-fxml/24.0.2/javafx-fxml-24.0.2-win.jar!/]
19:19:55.504 DEBUG com.tngtech.archunit.ArchConfiguration.readProperties(89) - No configuration found in classpath at archunit.properties => Using default configuration
19:19:55.541 DEBUG com.tngtech.archunit.core.importer.JavaClassProcessor.visit(104) - Processing class 'de/ruu/lib/gen/java/fx/tableview/JavaModelDemo'
19:19:55.630 DEBUG com.tngtech.archunit.core.importer.JavaClassProcessor.visit(104) - Processing class 'java/math/BigDecimal'
19:19:55.665 DEBUG com.tngtech.archunit.core.importer.JavaClassProcessor.visit(104) - Processing class 'de/ruu/lib/gen/java/fx/bean/FXProperty'
19:19:55.669 DEBUG com.tngtech.archunit.core.importer.JavaClassProcessor.visit(104) - Processing class 'java/util/List'
19:19:55.678 DEBUG com.tngtech.archunit.core.importer.JavaClassProcessor.visit(104) - Processing class 'java/lang/String'
19:19:55.691 DEBUG com.tngtech.archunit.core.importer.JavaClassProcessor.visit(104) - Processing class 'java/lang/SafeVarargs'
19:19:55.692 DEBUG com.tngtech.archunit.core.importer.JavaClassProcessor.visit(104) - Processing class 'jdk/internal/vm/annotation/IntrinsicCandidate'
19:19:55.694 DEBUG com.tngtech.archunit.core.importer.JavaClassProcessor.visit(104) - Processing class 'jdk/internal/vm/annotation/ForceInline'
19:19:55.694 DEBUG com.tngtech.archunit.core.importer.JavaClassProcessor.visit(104) - Processing class 'java/lang/CharSequence'
19:19:55.695 DEBUG com.tngtech.archunit.core.importer.JavaClassProcessor.visit(104) - Processing class 'jdk/internal/vm/annotation/Stable'
19:19:55.696 DEBUG com.tngtech.archunit.core.importer.JavaClassProcessor.visit(104) - Processing class 'java/lang/Deprecated'
19:19:55.696 DEBUG com.tngtech.archunit.core.importer.JavaClassProcessor.visit(104) - Processing class 'java/lang/annotation/Target'
19:19:55.697 DEBUG com.tngtech.archunit.core.importer.JavaClassProcessor.visit(104) - Processing class 'java/lang/annotation/ElementType'
19:19:55.698 DEBUG com.tngtech.archunit.core.importer.JavaClassProcessor.visit(104) - Processing class 'java/io/Serializable'
19:19:55.699 DEBUG com.tngtech.archunit.core.importer.JavaClassProcessor.visit(104) - Processing class 'java/lang/constant/Constable'
19:19:55.699 DEBUG com.tngtech.archunit.core.importer.JavaClassProcessor.visit(104) - Processing class 'java/lang/constant/ConstantDesc'
19:19:55.700 DEBUG com.tngtech.archunit.core.importer.JavaClassProcessor.visit(104) - Processing class 'java/lang/annotation/Annotation'
19:19:55.701 DEBUG com.tngtech.archunit.core.importer.JavaClassProcessor.visit(104) - Processing class 'java/lang/Comparable'
19:19:55.702 DEBUG com.tngtech.archunit.core.importer.JavaClassProcessor.visit(104) - Processing class 'java/lang/Object'
19:19:55.703 DEBUG com.tngtech.archunit.core.importer.JavaClassProcessor.visit(104) - Processing class 'java/lang/Number'
19:19:55.704 DEBUG com.tngtech.archunit.core.importer.JavaClassProcessor.visit(104) - Processing class 'java/util/SequencedCollection'
19:19:55.704 DEBUG com.tngtech.archunit.core.importer.JavaClassProcessor.visit(104) - Processing class 'java/util/Collection'
19:19:55.706 DEBUG com.tngtech.archunit.core.importer.JavaClassProcessor.visit(104) - Processing class 'java/lang/annotation/Retention'
19:19:55.706 DEBUG com.tngtech.archunit.core.importer.JavaClassProcessor.visit(104) - Processing class 'java/lang/Enum'
19:19:55.708 DEBUG com.tngtech.archunit.core.importer.JavaClassProcessor.visit(104) - Processing class 'java/lang/annotation/Documented'
19:19:55.708 DEBUG com.tngtech.archunit.core.importer.JavaClassProcessor.visit(104) - Processing class 'java/lang/annotation/RetentionPolicy'
19:19:55.709 DEBUG com.tngtech.archunit.core.importer.JavaClassProcessor.visit(104) - Processing class 'java/lang/Iterable'
19:19:55.711 DEBUG com.tngtech.archunit.core.importer.JavaClassProcessor.visit(104) - Processing class 'java/lang/Enum$EnumDesc'
19:19:55.712 DEBUG com.tngtech.archunit.core.importer.JavaClassProcessor.visit(104) - Processing class 'java/lang/constant/DynamicConstantDesc'
19:19:55.737 DEBUG com.tngtech.archunit.core.importer.JavaClassProcessor.visit(104) - Processing class 'java/util/stream/IntStream'
19:19:55.750 DEBUG com.tngtech.archunit.core.importer.JavaClassProcessor.visit(104) - Processing class 'java/lang/Class'
19:19:55.760 DEBUG com.tngtech.archunit.core.importer.JavaClassProcessor.visit(104) - Processing class 'java/lang/CloneNotSupportedException'
19:19:55.761 DEBUG com.tngtech.archunit.core.importer.JavaClassProcessor.visit(104) - Processing class 'java/io/ObjectInputStream'
19:19:55.766 DEBUG com.tngtech.archunit.core.importer.JavaClassProcessor.visit(104) - Processing class 'java/io/IOException'
19:19:55.768 DEBUG com.tngtech.archunit.core.importer.JavaClassProcessor.visit(104) - Processing class 'java/lang/ClassNotFoundException'
19:19:55.769 DEBUG com.tngtech.archunit.core.importer.JavaClassProcessor.visit(104) - Processing class 'java/util/Optional'
19:19:55.771 DEBUG com.tngtech.archunit.core.importer.JavaClassProcessor.visit(104) - Processing class 'java/io/ObjectStreamException'
19:19:55.774 DEBUG com.tngtech.archunit.core.importer.JavaClassProcessor.visit(104) - Processing class 'java/lang/invoke/MethodHandles$Lookup'
19:19:55.779 DEBUG com.tngtech.archunit.core.importer.JavaClassProcessor.visit(104) - Processing class 'java/lang/ReflectiveOperationException'
19:19:55.780 DEBUG com.tngtech.archunit.core.importer.JavaClassProcessor.visit(104) - Processing class 'java/lang/constant/ClassDesc'
19:19:55.782 DEBUG com.tngtech.archunit.core.importer.JavaClassProcessor.visit(104) - Processing class 'java/util/Iterator'
19:19:55.783 DEBUG com.tngtech.archunit.core.importer.JavaClassProcessor.visit(104) - Processing class 'java/util/function/Consumer'
19:19:55.785 DEBUG com.tngtech.archunit.core.importer.JavaClassProcessor.visit(104) - Processing class 'java/util/Spliterator'
19:19:55.788 DEBUG com.tngtech.archunit.core.importer.JavaClassProcessor.visit(104) - Processing class 'java/lang/InterruptedException'
19:19:55.788 DEBUG com.tngtech.archunit.core.importer.JavaClassProcessor.visit(104) - Processing class 'java/lang/Throwable'
19:19:55.793 DEBUG com.tngtech.archunit.core.importer.JavaClassProcessor.visit(104) - Processing class 'java/io/ObjectStreamField'
19:19:55.795 DEBUG com.tngtech.archunit.core.importer.JavaClassProcessor.visit(104) - Processing class 'java/util/Comparator'
19:19:55.798 DEBUG com.tngtech.archunit.core.importer.JavaClassProcessor.visit(104) - Processing class 'java/lang/AbstractStringBuilder'
19:19:55.802 DEBUG com.tngtech.archunit.core.importer.JavaClassProcessor.visit(104) - Processing class 'java/util/function/Function'
19:19:55.804 DEBUG com.tngtech.archunit.core.importer.JavaClassProcessor.visit(104) - Processing class 'java/nio/charset/Charset'
19:19:55.805 DEBUG com.tngtech.archunit.core.importer.JavaClassProcessor.visit(104) - Processing class 'java/nio/charset/CharacterCodingException'
19:19:55.806 DEBUG com.tngtech.archunit.core.importer.JavaClassProcessor.visit(104) - Processing class 'java/io/UnsupportedEncodingException'
19:19:55.807 DEBUG com.tngtech.archunit.core.importer.JavaClassProcessor.visit(104) - Processing class 'java/lang/Void'
19:19:55.809 DEBUG com.tngtech.archunit.core.importer.JavaClassProcessor.visit(104) - Processing class 'java/util/Locale'
19:19:55.825 DEBUG com.tngtech.archunit.core.importer.JavaClassProcessor.visit(104) - Processing class 'java/lang/foreign/MemorySegment'
19:19:55.830 DEBUG com.tngtech.archunit.core.importer.JavaClassProcessor.visit(104) - Processing class 'java/nio/charset/CharsetDecoder'
19:19:55.833 DEBUG com.tngtech.archunit.core.importer.JavaClassProcessor.visit(104) - Processing class 'java/util/stream/Stream'
19:19:55.837 DEBUG com.tngtech.archunit.core.importer.JavaClassProcessor.visit(104) - Processing class 'java/lang/StringBuffer'
19:19:55.843 DEBUG com.tngtech.archunit.core.importer.JavaClassProcessor.visit(104) - Processing class 'java/lang/StringBuilder'
19:19:55.852 DEBUG com.tngtech.archunit.core.importer.JavaClassProcessor.visit(104) - Processing class 'java/lang/constant/DirectMethodHandleDesc'
19:19:55.858 DEBUG com.tngtech.archunit.core.importer.JavaClassProcessor.visit(104) - Processing class 'java/math/BigInteger'
19:19:55.868 DEBUG com.tngtech.archunit.core.importer.JavaClassProcessor.visit(104) - Processing class 'java/math/MathContext'
19:19:55.869 DEBUG com.tngtech.archunit.core.importer.JavaClassProcessor.visit(104) - Processing class 'java/math/RoundingMode'
19:19:55.870 DEBUG com.tngtech.archunit.core.importer.JavaClassProcessor.visit(104) - Processing class 'java/io/ObjectOutputStream'
19:19:55.874 DEBUG com.tngtech.archunit.core.importer.JavaClassProcessor.visit(104) - Processing class 'java/math/MutableBigInteger'
19:19:55.881 DEBUG com.tngtech.archunit.core.importer.JavaClassProcessor.visit(104) - Processing class 'java/util/function/IntFunction'
19:19:55.882 DEBUG com.tngtech.archunit.core.importer.JavaClassProcessor.visit(104) - Processing class 'java/util/function/Predicate'
19:19:55.884 DEBUG com.tngtech.archunit.core.importer.JavaClassProcessor.visit(104) - Processing class 'java/util/function/UnaryOperator'
19:19:55.886 DEBUG com.tngtech.archunit.core.importer.JavaClassProcessor.visit(104) - Processing class 'java/util/ListIterator'
19:19:55.909 DEBUG com.tngtech.archunit.core.importer.UrlSource$From.findUrlsForClassPathProperty(192) - Found URLs on sun.boot.class.path: []
19:19:55.916 DEBUG com.tngtech.archunit.core.importer.UrlSource$From.findUrlsForClassPathProperty(192) - Found URLs on java.class.path: [file:/C:/Users/r-uu/develop/github/codespace/r-uu/lib/gen/java/fx/tableview/target/test-classes/, file:/C:/Users/r-uu/develop/github/codespace/r-uu/lib/gen/java/fx/tableview/target/classes/, jar:file:/C:/Users/r-uu/.m2/repository/org/jboss/weld/se/weld-se-core/6.0.3.Final/weld-se-core-6.0.3.Final.jar!/, jar:file:/C:/Users/r-uu/.m2/repository/org/jboss/weld/environment/weld-environment-common/6.0.3.Final/weld-environment-common-6.0.3.Final.jar!/, jar:file:/C:/Users/r-uu/.m2/repository/org/jboss/weld/weld-core-impl/6.0.3.Final/weld-core-impl-6.0.3.Final.jar!/, jar:file:/C:/Users/r-uu/.m2/repository/org/jboss/weld/weld-api/6.0.Final/weld-api-6.0.Final.jar!/, jar:file:/C:/Users/r-uu/.m2/repository/jakarta/enterprise/jakarta.enterprise.cdi-el-api/4.1.0/jakarta.enterprise.cdi-el-api-4.1.0.jar!/, jar:file:/C:/Users/r-uu/.m2/repository/org/jboss/weld/weld-spi/6.0.Final/weld-spi-6.0.Final.jar!/, jar:file:/C:/Users/r-uu/.m2/repository/org/jboss/logging/jboss-logging/3.6.1.Final/jboss-logging-3.6.1.Final.jar!/, jar:file:/C:/Users/r-uu/.m2/repository/org/jboss/weld/weld-lite-extension-translator/6.0.3.Final/weld-lite-extension-translator-6.0.3.Final.jar!/, jar:file:/C:/Users/r-uu/.m2/repository/org/jboss/logging/jboss-logging-processor/3.0.4.Final/jboss-logging-processor-3.0.4.Final.jar!/, jar:file:/C:/Users/r-uu/.m2/repository/org/jboss/logging/jboss-logging-annotations/3.0.4.Final/jboss-logging-annotations-3.0.4.Final.jar!/, jar:file:/C:/Users/r-uu/.m2/repository/org/jboss/jdeparser/jdeparser/2.0.3.Final/jdeparser-2.0.3.Final.jar!/, jar:file:/C:/Users/r-uu/.m2/repository/jakarta/enterprise/jakarta.enterprise.cdi-api/4.1.0/jakarta.enterprise.cdi-api-4.1.0.jar!/, jar:file:/C:/Users/r-uu/.m2/repository/jakarta/enterprise/jakarta.enterprise.lang-model/4.1.0/jakarta.enterprise.lang-model-4.1.0.jar!/, jar:file:/C:/Users/r-uu/.m2/repository/org/jboss/classfilewriter/jboss-classfilewriter/1.3.1.Final/jboss-classfilewriter-1.3.1.Final.jar!/, jar:file:/C:/Users/r-uu/.m2/repository/org/projectlombok/lombok/1.18.38/lombok-1.18.38.jar!/, jar:file:/C:/Users/r-uu/develop/github/codespace/r-uu/lib/archunit/target/r-uu.codespace.lib.archunit-0.0.1.jar!/, jar:file:/C:/Users/r-uu/.m2/repository/com/tngtech/archunit/archunit/1.4.1/archunit-1.4.1.jar!/, jar:file:/C:/Users/r-uu/.m2/repository/org/apache/logging/log4j/log4j-slf4j2-impl/2.24.1/log4j-slf4j2-impl-2.24.1.jar!/, jar:file:/C:/Users/r-uu/.m2/repository/org/apache/logging/log4j/log4j-api/2.24.1/log4j-api-2.24.1.jar!/, jar:file:/C:/Users/r-uu/.m2/repository/org/apache/logging/log4j/log4j-core/2.24.1/log4j-core-2.24.1.jar!/, jar:file:/C:/Users/r-uu/develop/github/codespace/r-uu/lib/cdi/common/target/r-uu.codespace.lib.cdi.common-0.0.1.jar!/, jar:file:/C:/Users/r-uu/develop/github/codespace/r-uu/lib/cdi/se/target/r-uu.codespace.lib.cdi.se-0.0.1.jar!/, jar:file:/C:/Users/r-uu/.m2/repository/jakarta/el/jakarta.el-api/6.0.1/jakarta.el-api-6.0.1.jar!/, jar:file:/C:/Users/r-uu/.m2/repository/jakarta/inject/jakarta.inject-api/2.0.1/jakarta.inject-api-2.0.1.jar!/, jar:file:/C:/Users/r-uu/.m2/repository/jakarta/interceptor/jakarta.interceptor-api/2.2.0/jakarta.interceptor-api-2.2.0.jar!/, jar:file:/C:/Users/r-uu/develop/github/codespace/r-uu/lib/gen/core/target/r-uu.codespace.lib.gen.core-0.0.1.jar!/, jar:file:/C:/Users/r-uu/.m2/repository/org/eclipse/microprofile/config/microprofile-config-api/3.0.2/microprofile-config-api-3.0.2.jar!/, jar:file:/C:/Users/r-uu/develop/github/codespace/r-uu/lib/gen/java/core/target/r-uu.codespace.lib.gen.java.core-0.0.1.jar!/, jar:file:/C:/Users/r-uu/develop/github/codespace/r-uu/lib/gen/java/fx/bean/target/r-uu.codespace.lib.gen.java.fx.bean-0.0.1.jar!/, jar:file:/C:/Users/r-uu/develop/github/codespace/r-uu/lib/util/target/r-uu.codespace.lib.util-0.0.1.jar!/, jar:file:/C:/Users/r-uu/.m2/repository/jakarta/annotation/jakarta.annotation-api/3.0.0/jakarta.annotation-api-3.0.0.jar!/, jar:file:/C:/Users/r-uu/.m2/repository/jakarta/ws/rs/jakarta.ws.rs-api/4.0.0/jakarta.ws.rs-api-4.0.0.jar!/, jar:file:/C:/Users/r-uu/.m2/repository/org/slf4j/slf4j-api/2.0.16/slf4j-api-2.0.16.jar!/, jar:file:/C:/Users/r-uu/.m2/repository/org/hamcrest/hamcrest/3.0/hamcrest-3.0.jar!/, jar:file:/C:/Users/r-uu/.m2/repository/org/junit/jupiter/junit-jupiter-api/5.11.4/junit-jupiter-api-5.11.4.jar!/, jar:file:/C:/Users/r-uu/.m2/repository/org/opentest4j/opentest4j/1.3.0/opentest4j-1.3.0.jar!/, jar:file:/C:/Users/r-uu/.m2/repository/org/junit/platform/junit-platform-commons/1.11.4/junit-platform-commons-1.11.4.jar!/, jar:file:/C:/Users/r-uu/.m2/repository/org/apiguardian/apiguardian-api/1.1.2/apiguardian-api-1.1.2.jar!/, jar:file:/C:/Users/r-uu/.m2/repository/org/openjfx/javafx-controls/24.0.2/javafx-controls-24.0.2.jar!/, jar:file:/C:/Users/r-uu/.m2/repository/org/openjfx/javafx-controls/24.0.2/javafx-controls-24.0.2-win.jar!/, jar:file:/C:/Users/r-uu/.m2/repository/org/openjfx/javafx-graphics/24.0.2/javafx-graphics-24.0.2.jar!/, jar:file:/C:/Users/r-uu/.m2/repository/org/openjfx/javafx-graphics/24.0.2/javafx-graphics-24.0.2-win.jar!/, jar:file:/C:/Users/r-uu/.m2/repository/org/openjfx/javafx-base/24.0.2/javafx-base-24.0.2.jar!/, jar:file:/C:/Users/r-uu/.m2/repository/org/openjfx/javafx-base/24.0.2/javafx-base-24.0.2-win.jar!/, jar:file:/C:/Users/r-uu/.m2/repository/org/openjfx/javafx-fxml/24.0.2/javafx-fxml-24.0.2.jar!/, jar:file:/C:/Users/r-uu/.m2/repository/org/openjfx/javafx-fxml/24.0.2/javafx-fxml-24.0.2-win.jar!/]
19:19:55.936 DEBUG com.tngtech.archunit.core.importer.JavaClassProcessor.visit(104) - Processing class 'de/ruu/lib/gen/java/fx/tableview/JavaModelDemoDTO'
19:19:55.940 DEBUG com.tngtech.archunit.core.importer.JavaClassProcessor.visit(104) - Processing class 'java/math/BigDecimal'
19:19:55.948 DEBUG com.tngtech.archunit.core.importer.JavaClassProcessor.visit(104) - Processing class 'java/util/List'
19:19:55.953 DEBUG com.tngtech.archunit.core.importer.JavaClassProcessor.visit(104) - Processing class 'lombok/Generated'
19:19:55.953 DEBUG com.tngtech.archunit.core.importer.JavaClassProcessor.visit(104) - Processing class 'java/lang/Object'
19:19:55.954 DEBUG com.tngtech.archunit.core.importer.JavaClassProcessor.visit(104) - Processing class 'java/lang/String'
19:19:55.961 DEBUG com.tngtech.archunit.core.importer.JavaClassProcessor.visit(104) - Processing class 'java/lang/SafeVarargs'
19:19:55.961 DEBUG com.tngtech.archunit.core.importer.JavaClassProcessor.visit(104) - Processing class 'jdk/internal/vm/annotation/IntrinsicCandidate'
19:19:55.963 DEBUG com.tngtech.archunit.core.importer.JavaClassProcessor.visit(104) - Processing class 'jdk/internal/vm/annotation/ForceInline'
19:19:55.963 DEBUG com.tngtech.archunit.core.importer.JavaClassProcessor.visit(104) - Processing class 'java/lang/CharSequence'
19:19:55.964 DEBUG com.tngtech.archunit.core.importer.JavaClassProcessor.visit(104) - Processing class 'jdk/internal/vm/annotation/Stable'
19:19:55.964 DEBUG com.tngtech.archunit.core.importer.JavaClassProcessor.visit(104) - Processing class 'java/lang/Deprecated'
19:19:55.965 DEBUG com.tngtech.archunit.core.importer.JavaClassProcessor.visit(104) - Processing class 'java/lang/annotation/Target'
19:19:55.965 DEBUG com.tngtech.archunit.core.importer.JavaClassProcessor.visit(104) - Processing class 'java/lang/annotation/ElementType'
19:19:55.967 DEBUG com.tngtech.archunit.core.importer.JavaClassProcessor.visit(104) - Processing class 'java/lang/annotation/Retention'
19:19:55.967 DEBUG com.tngtech.archunit.core.importer.JavaClassProcessor.visit(104) - Processing class 'java/io/Serializable'
19:19:55.967 DEBUG com.tngtech.archunit.core.importer.JavaClassProcessor.visit(104) - Processing class 'java/lang/constant/Constable'
19:19:55.968 DEBUG com.tngtech.archunit.core.importer.JavaClassProcessor.visit(104) - Processing class 'java/lang/constant/ConstantDesc'
19:19:55.968 DEBUG com.tngtech.archunit.core.importer.JavaClassProcessor.visit(104) - Processing class 'java/lang/annotation/Annotation'
19:19:55.969 DEBUG com.tngtech.archunit.core.importer.JavaClassProcessor.visit(104) - Processing class 'java/lang/Comparable'
19:19:55.969 DEBUG com.tngtech.archunit.core.importer.JavaClassProcessor.visit(104) - Processing class 'java/lang/Number'
19:19:55.969 DEBUG com.tngtech.archunit.core.importer.JavaClassProcessor.visit(104) - Processing class 'java/util/SequencedCollection'
19:19:55.971 DEBUG com.tngtech.archunit.core.importer.JavaClassProcessor.visit(104) - Processing class 'java/lang/annotation/RetentionPolicy'
19:19:55.972 DEBUG com.tngtech.archunit.core.importer.JavaClassProcessor.visit(104) - Processing class 'java/lang/Enum'
19:19:55.973 DEBUG com.tngtech.archunit.core.importer.JavaClassProcessor.visit(104) - Processing class 'java/util/Collection'
19:19:55.973 DEBUG com.tngtech.archunit.core.importer.JavaClassProcessor.visit(104) - Processing class 'java/lang/annotation/Documented'
19:19:55.974 DEBUG com.tngtech.archunit.core.importer.JavaClassProcessor.visit(104) - Processing class 'java/lang/Iterable'
19:19:55.975 DEBUG com.tngtech.archunit.core.importer.JavaClassProcessor.visit(104) - Processing class 'java/lang/Enum$EnumDesc'
19:19:55.976 DEBUG com.tngtech.archunit.core.importer.JavaClassProcessor.visit(104) - Processing class 'java/lang/constant/DynamicConstantDesc'
19:19:55.978 DEBUG com.tngtech.archunit.core.importer.JavaClassProcessor.visit(104) - Processing class 'java/util/stream/IntStream'
19:19:55.980 DEBUG com.tngtech.archunit.core.importer.JavaClassProcessor.visit(104) - Processing class 'java/io/ObjectStreamException'
19:19:55.982 DEBUG com.tngtech.archunit.core.importer.JavaClassProcessor.visit(104) - Processing class 'java/lang/CloneNotSupportedException'
19:19:55.982 DEBUG com.tngtech.archunit.core.importer.JavaClassProcessor.visit(104) - Processing class 'java/util/Optional'
19:19:55.984 DEBUG com.tngtech.archunit.core.importer.JavaClassProcessor.visit(104) - Processing class 'java/io/ObjectInputStream'
19:19:55.986 DEBUG com.tngtech.archunit.core.importer.JavaClassProcessor.visit(104) - Processing class 'java/io/IOException'
19:19:55.988 DEBUG com.tngtech.archunit.core.importer.JavaClassProcessor.visit(104) - Processing class 'java/lang/ClassNotFoundException'
19:19:55.988 DEBUG com.tngtech.archunit.core.importer.JavaClassProcessor.visit(104) - Processing class 'java/lang/Class'
19:19:55.995 DEBUG com.tngtech.archunit.core.importer.JavaClassProcessor.visit(104) - Processing class 'java/lang/invoke/MethodHandles$Lookup'
19:19:56.000 DEBUG com.tngtech.archunit.core.importer.JavaClassProcessor.visit(104) - Processing class 'java/lang/ReflectiveOperationException'
19:19:56.000 DEBUG com.tngtech.archunit.core.importer.JavaClassProcessor.visit(104) - Processing class 'java/lang/constant/ClassDesc'
19:19:56.002 DEBUG com.tngtech.archunit.core.importer.JavaClassProcessor.visit(104) - Processing class 'java/util/function/Consumer'
19:19:56.003 DEBUG com.tngtech.archunit.core.importer.JavaClassProcessor.visit(104) - Processing class 'java/util/Spliterator'
19:19:56.004 DEBUG com.tngtech.archunit.core.importer.JavaClassProcessor.visit(104) - Processing class 'java/util/Iterator'
19:19:56.006 DEBUG com.tngtech.archunit.core.importer.JavaClassProcessor.visit(104) - Processing class 'java/lang/InterruptedException'
19:19:56.007 DEBUG com.tngtech.archunit.core.importer.JavaClassProcessor.visit(104) - Processing class 'java/lang/Throwable'
19:19:56.010 DEBUG com.tngtech.archunit.core.importer.JavaClassProcessor.visit(104) - Processing class 'java/io/ObjectStreamField'
19:19:56.013 DEBUG com.tngtech.archunit.core.importer.JavaClassProcessor.visit(104) - Processing class 'java/util/Comparator'
19:19:56.015 DEBUG com.tngtech.archunit.core.importer.JavaClassProcessor.visit(104) - Processing class 'java/lang/foreign/MemorySegment'
19:19:56.016 DEBUG com.tngtech.archunit.core.importer.JavaClassProcessor.visit(104) - Processing class 'java/util/Locale'
19:19:56.021 DEBUG com.tngtech.archunit.core.importer.JavaClassProcessor.visit(104) - Processing class 'java/lang/StringBuffer'
19:19:56.024 DEBUG com.tngtech.archunit.core.importer.JavaClassProcessor.visit(104) - Processing class 'java/nio/charset/Charset'
19:19:56.027 DEBUG com.tngtech.archunit.core.importer.JavaClassProcessor.visit(104) - Processing class 'java/nio/charset/CharacterCodingException'
19:19:56.030 DEBUG com.tngtech.archunit.core.importer.JavaClassProcessor.visit(104) - Processing class 'java/nio/charset/CharsetDecoder'
19:19:56.032 DEBUG com.tngtech.archunit.core.importer.JavaClassProcessor.visit(104) - Processing class 'java/util/stream/Stream'
19:19:56.033 DEBUG com.tngtech.archunit.core.importer.JavaClassProcessor.visit(104) - Processing class 'java/io/UnsupportedEncodingException'
19:19:56.034 DEBUG com.tngtech.archunit.core.importer.JavaClassProcessor.visit(104) - Processing class 'java/lang/AbstractStringBuilder'
19:19:56.036 DEBUG com.tngtech.archunit.core.importer.JavaClassProcessor.visit(104) - Processing class 'java/lang/Void'
19:19:56.037 DEBUG com.tngtech.archunit.core.importer.JavaClassProcessor.visit(104) - Processing class 'java/util/function/Function'
19:19:56.038 DEBUG com.tngtech.archunit.core.importer.JavaClassProcessor.visit(104) - Processing class 'java/lang/StringBuilder'
19:19:56.046 DEBUG com.tngtech.archunit.core.importer.JavaClassProcessor.visit(104) - Processing class 'java/lang/constant/DirectMethodHandleDesc'
19:19:56.048 DEBUG com.tngtech.archunit.core.importer.JavaClassProcessor.visit(104) - Processing class 'java/math/BigInteger'
19:19:56.055 DEBUG com.tngtech.archunit.core.importer.JavaClassProcessor.visit(104) - Processing class 'java/math/MathContext'
19:19:56.057 DEBUG com.tngtech.archunit.core.importer.JavaClassProcessor.visit(104) - Processing class 'java/math/MutableBigInteger'
19:19:56.062 DEBUG com.tngtech.archunit.core.importer.JavaClassProcessor.visit(104) - Processing class 'java/io/ObjectOutputStream'
19:19:56.064 DEBUG com.tngtech.archunit.core.importer.JavaClassProcessor.visit(104) - Processing class 'java/math/RoundingMode'
19:19:56.065 DEBUG com.tngtech.archunit.core.importer.JavaClassProcessor.visit(104) - Processing class 'java/util/function/IntFunction'
19:19:56.067 DEBUG com.tngtech.archunit.core.importer.JavaClassProcessor.visit(104) - Processing class 'java/util/function/Predicate'
19:19:56.069 DEBUG com.tngtech.archunit.core.importer.JavaClassProcessor.visit(104) - Processing class 'java/util/function/UnaryOperator'
19:19:56.070 DEBUG com.tngtech.archunit.core.importer.JavaClassProcessor.visit(104) - Processing class 'java/util/ListIterator'
19:19:56.152 DEBUG de.ruu.lib.gen.java.CompilationUnitFileWriter$CompilationUnitFileWriterAbstract.write(75) - wrote C:\Users\r-uu\develop\github\codespace\r-uu\lib\gen\java\fx\tableview\.\src\gen\java\de\ruu\lib\gen\java\fx\tableview\demo\FXModelDemo.java
19:19:56.178 DEBUG com.tngtech.archunit.core.importer.UrlSource$From.findUrlsForClassPathProperty(192) - Found URLs on sun.boot.class.path: []
19:19:56.187 DEBUG com.tngtech.archunit.core.importer.UrlSource$From.findUrlsForClassPathProperty(192) - Found URLs on java.class.path: [file:/C:/Users/r-uu/develop/github/codespace/r-uu/lib/gen/java/fx/tableview/target/test-classes/, file:/C:/Users/r-uu/develop/github/codespace/r-uu/lib/gen/java/fx/tableview/target/classes/, jar:file:/C:/Users/r-uu/.m2/repository/org/jboss/weld/se/weld-se-core/6.0.3.Final/weld-se-core-6.0.3.Final.jar!/, jar:file:/C:/Users/r-uu/.m2/repository/org/jboss/weld/environment/weld-environment-common/6.0.3.Final/weld-environment-common-6.0.3.Final.jar!/, jar:file:/C:/Users/r-uu/.m2/repository/org/jboss/weld/weld-core-impl/6.0.3.Final/weld-core-impl-6.0.3.Final.jar!/, jar:file:/C:/Users/r-uu/.m2/repository/org/jboss/weld/weld-api/6.0.Final/weld-api-6.0.Final.jar!/, jar:file:/C:/Users/r-uu/.m2/repository/jakarta/enterprise/jakarta.enterprise.cdi-el-api/4.1.0/jakarta.enterprise.cdi-el-api-4.1.0.jar!/, jar:file:/C:/Users/r-uu/.m2/repository/org/jboss/weld/weld-spi/6.0.Final/weld-spi-6.0.Final.jar!/, jar:file:/C:/Users/r-uu/.m2/repository/org/jboss/logging/jboss-logging/3.6.1.Final/jboss-logging-3.6.1.Final.jar!/, jar:file:/C:/Users/r-uu/.m2/repository/org/jboss/weld/weld-lite-extension-translator/6.0.3.Final/weld-lite-extension-translator-6.0.3.Final.jar!/, jar:file:/C:/Users/r-uu/.m2/repository/org/jboss/logging/jboss-logging-processor/3.0.4.Final/jboss-logging-processor-3.0.4.Final.jar!/, jar:file:/C:/Users/r-uu/.m2/repository/org/jboss/logging/jboss-logging-annotations/3.0.4.Final/jboss-logging-annotations-3.0.4.Final.jar!/, jar:file:/C:/Users/r-uu/.m2/repository/org/jboss/jdeparser/jdeparser/2.0.3.Final/jdeparser-2.0.3.Final.jar!/, jar:file:/C:/Users/r-uu/.m2/repository/jakarta/enterprise/jakarta.enterprise.cdi-api/4.1.0/jakarta.enterprise.cdi-api-4.1.0.jar!/, jar:file:/C:/Users/r-uu/.m2/repository/jakarta/enterprise/jakarta.enterprise.lang-model/4.1.0/jakarta.enterprise.lang-model-4.1.0.jar!/, jar:file:/C:/Users/r-uu/.m2/repository/org/jboss/classfilewriter/jboss-classfilewriter/1.3.1.Final/jboss-classfilewriter-1.3.1.Final.jar!/, jar:file:/C:/Users/r-uu/.m2/repository/org/projectlombok/lombok/1.18.38/lombok-1.18.38.jar!/, jar:file:/C:/Users/r-uu/develop/github/codespace/r-uu/lib/archunit/target/r-uu.codespace.lib.archunit-0.0.1.jar!/, jar:file:/C:/Users/r-uu/.m2/repository/com/tngtech/archunit/archunit/1.4.1/archunit-1.4.1.jar!/, jar:file:/C:/Users/r-uu/.m2/repository/org/apache/logging/log4j/log4j-slf4j2-impl/2.24.1/log4j-slf4j2-impl-2.24.1.jar!/, jar:file:/C:/Users/r-uu/.m2/repository/org/apache/logging/log4j/log4j-api/2.24.1/log4j-api-2.24.1.jar!/, jar:file:/C:/Users/r-uu/.m2/repository/org/apache/logging/log4j/log4j-core/2.24.1/log4j-core-2.24.1.jar!/, jar:file:/C:/Users/r-uu/develop/github/codespace/r-uu/lib/cdi/common/target/r-uu.codespace.lib.cdi.common-0.0.1.jar!/, jar:file:/C:/Users/r-uu/develop/github/codespace/r-uu/lib/cdi/se/target/r-uu.codespace.lib.cdi.se-0.0.1.jar!/, jar:file:/C:/Users/r-uu/.m2/repository/jakarta/el/jakarta.el-api/6.0.1/jakarta.el-api-6.0.1.jar!/, jar:file:/C:/Users/r-uu/.m2/repository/jakarta/inject/jakarta.inject-api/2.0.1/jakarta.inject-api-2.0.1.jar!/, jar:file:/C:/Users/r-uu/.m2/repository/jakarta/interceptor/jakarta.interceptor-api/2.2.0/jakarta.interceptor-api-2.2.0.jar!/, jar:file:/C:/Users/r-uu/develop/github/codespace/r-uu/lib/gen/core/target/r-uu.codespace.lib.gen.core-0.0.1.jar!/, jar:file:/C:/Users/r-uu/.m2/repository/org/eclipse/microprofile/config/microprofile-config-api/3.0.2/microprofile-config-api-3.0.2.jar!/, jar:file:/C:/Users/r-uu/develop/github/codespace/r-uu/lib/gen/java/core/target/r-uu.codespace.lib.gen.java.core-0.0.1.jar!/, jar:file:/C:/Users/r-uu/develop/github/codespace/r-uu/lib/gen/java/fx/bean/target/r-uu.codespace.lib.gen.java.fx.bean-0.0.1.jar!/, jar:file:/C:/Users/r-uu/develop/github/codespace/r-uu/lib/util/target/r-uu.codespace.lib.util-0.0.1.jar!/, jar:file:/C:/Users/r-uu/.m2/repository/jakarta/annotation/jakarta.annotation-api/3.0.0/jakarta.annotation-api-3.0.0.jar!/, jar:file:/C:/Users/r-uu/.m2/repository/jakarta/ws/rs/jakarta.ws.rs-api/4.0.0/jakarta.ws.rs-api-4.0.0.jar!/, jar:file:/C:/Users/r-uu/.m2/repository/org/slf4j/slf4j-api/2.0.16/slf4j-api-2.0.16.jar!/, jar:file:/C:/Users/r-uu/.m2/repository/org/hamcrest/hamcrest/3.0/hamcrest-3.0.jar!/, jar:file:/C:/Users/r-uu/.m2/repository/org/junit/jupiter/junit-jupiter-api/5.11.4/junit-jupiter-api-5.11.4.jar!/, jar:file:/C:/Users/r-uu/.m2/repository/org/opentest4j/opentest4j/1.3.0/opentest4j-1.3.0.jar!/, jar:file:/C:/Users/r-uu/.m2/repository/org/junit/platform/junit-platform-commons/1.11.4/junit-platform-commons-1.11.4.jar!/, jar:file:/C:/Users/r-uu/.m2/repository/org/apiguardian/apiguardian-api/1.1.2/apiguardian-api-1.1.2.jar!/, jar:file:/C:/Users/r-uu/.m2/repository/org/openjfx/javafx-controls/24.0.2/javafx-controls-24.0.2.jar!/, jar:file:/C:/Users/r-uu/.m2/repository/org/openjfx/javafx-controls/24.0.2/javafx-controls-24.0.2-win.jar!/, jar:file:/C:/Users/r-uu/.m2/repository/org/openjfx/javafx-graphics/24.0.2/javafx-graphics-24.0.2.jar!/, jar:file:/C:/Users/r-uu/.m2/repository/org/openjfx/javafx-graphics/24.0.2/javafx-graphics-24.0.2-win.jar!/, jar:file:/C:/Users/r-uu/.m2/repository/org/openjfx/javafx-base/24.0.2/javafx-base-24.0.2.jar!/, jar:file:/C:/Users/r-uu/.m2/repository/org/openjfx/javafx-base/24.0.2/javafx-base-24.0.2-win.jar!/, jar:file:/C:/Users/r-uu/.m2/repository/org/openjfx/javafx-fxml/24.0.2/javafx-fxml-24.0.2.jar!/, jar:file:/C:/Users/r-uu/.m2/repository/org/openjfx/javafx-fxml/24.0.2/javafx-fxml-24.0.2-win.jar!/]
19:19:56.203 DEBUG com.tngtech.archunit.core.importer.JavaClassProcessor.visit(104) - Processing class 'de/ruu/lib/gen/java/fx/tableview/demo/FXModelDemo'
19:19:56.207 DEBUG com.tngtech.archunit.core.importer.JavaClassProcessor.visit(104) - Processing class 'javafx/beans/property/ObjectProperty'
19:19:56.208 DEBUG com.tngtech.archunit.core.importer.JavaClassProcessor.visit(104) - Processing class 'javafx/beans/property/SimpleStringProperty'
19:19:56.210 DEBUG com.tngtech.archunit.core.importer.JavaClassProcessor.visit(104) - Processing class 'de/ruu/lib/gen/java/fx/tableview/JavaModelDemo'
19:19:56.211 DEBUG com.tngtech.archunit.core.importer.JavaClassProcessor.visit(104) - Processing class 'javafx/beans/property/SimpleListProperty'
19:19:56.214 DEBUG com.tngtech.archunit.core.importer.JavaClassProcessor.visit(104) - Processing class 'javafx/beans/property/IntegerProperty'
19:19:56.215 DEBUG com.tngtech.archunit.core.importer.JavaClassProcessor.visit(104) - Processing class 'java/math/BigDecimal'
19:19:56.220 DEBUG com.tngtech.archunit.core.importer.JavaClassProcessor.visit(104) - Processing class 'javafx/beans/property/BooleanProperty'
19:19:56.222 DEBUG com.tngtech.archunit.core.importer.JavaClassProcessor.visit(104) - Processing class 'javafx/beans/property/SimpleBooleanProperty'
19:19:56.224 DEBUG com.tngtech.archunit.core.importer.JavaClassProcessor.visit(104) - Processing class 'javafx/beans/property/SimpleObjectProperty'
19:19:56.225 DEBUG com.tngtech.archunit.core.importer.JavaClassProcessor.visit(104) - Processing class 'javafx/beans/property/SimpleIntegerProperty'
19:19:56.226 DEBUG com.tngtech.archunit.core.importer.JavaClassProcessor.visit(104) - Processing class 'java/lang/Object'
19:19:56.227 DEBUG com.tngtech.archunit.core.importer.JavaClassProcessor.visit(104) - Processing class 'java/lang/String'
19:19:56.230 DEBUG com.tngtech.archunit.core.importer.JavaClassProcessor.visit(104) - Processing class 'javafx/beans/property/ListProperty'
19:19:56.231 DEBUG com.tngtech.archunit.core.importer.JavaClassProcessor.visit(104) - Processing class 'javafx/beans/property/StringProperty'
19:19:56.232 DEBUG com.tngtech.archunit.core.importer.JavaClassProcessor.visit(104) - Processing class 'de/ruu/lib/gen/java/fx/bean/FXProperty'
19:19:56.232 DEBUG com.tngtech.archunit.core.importer.JavaClassProcessor.visit(104) - Processing class 'javafx/beans/property/ReadOnlyObjectProperty'
19:19:56.233 DEBUG com.tngtech.archunit.core.importer.JavaClassProcessor.visit(104) - Processing class 'javafx/beans/value/WritableBooleanValue'
19:19:56.234 DEBUG com.tngtech.archunit.core.importer.JavaClassProcessor.visit(104) - Processing class 'javafx/beans/property/ReadOnlyBooleanProperty'
19:19:56.235 DEBUG com.tngtech.archunit.core.importer.JavaClassProcessor.visit(104) - Processing class 'java/lang/Integer'
19:19:56.237 DEBUG com.tngtech.archunit.core.importer.JavaClassProcessor.visit(104) - Processing class 'javafx/beans/value/WritableListValue'
19:19:56.238 DEBUG com.tngtech.archunit.core.importer.JavaClassProcessor.visit(104) - Processing class 'java/lang/constant/ConstantDesc'
19:19:56.238 DEBUG com.tngtech.archunit.core.importer.JavaClassProcessor.visit(104) - Processing class 'javafx/beans/property/ReadOnlyStringProperty'
19:19:56.239 DEBUG com.tngtech.archunit.core.importer.JavaClassProcessor.visit(104) - Processing class 'javafx/beans/value/WritableStringValue'
19:19:56.240 DEBUG com.tngtech.archunit.core.importer.JavaClassProcessor.visit(104) - Processing class 'java/lang/Boolean'
19:19:56.241 DEBUG com.tngtech.archunit.core.importer.JavaClassProcessor.visit(104) - Processing class 'java/lang/Number'
19:19:56.242 DEBUG com.tngtech.archunit.core.importer.JavaClassProcessor.visit(104) - Processing class 'javafx/beans/value/WritableObjectValue'
19:19:56.242 DEBUG com.tngtech.archunit.core.importer.JavaClassProcessor.visit(104) - Processing class 'jdk/internal/vm/annotation/IntrinsicCandidate'
19:19:56.243 DEBUG com.tngtech.archunit.core.importer.JavaClassProcessor.visit(104) - Processing class 'jdk/internal/vm/annotation/ForceInline'
19:19:56.243 DEBUG com.tngtech.archunit.core.importer.JavaClassProcessor.visit(104) - Processing class 'java/lang/CharSequence'
19:19:56.244 DEBUG com.tngtech.archunit.core.importer.JavaClassProcessor.visit(104) - Processing class 'jdk/internal/vm/annotation/Stable'
19:19:56.245 DEBUG com.tngtech.archunit.core.importer.JavaClassProcessor.visit(104) - Processing class 'java/lang/Deprecated'
19:19:56.245 DEBUG com.tngtech.archunit.core.importer.JavaClassProcessor.visit(104) - Processing class 'javafx/beans/property/Property'
19:19:56.246 DEBUG com.tngtech.archunit.core.importer.JavaClassProcessor.visit(104) - Processing class 'javafx/beans/property/ObjectPropertyBase'
19:19:56.247 DEBUG com.tngtech.archunit.core.importer.JavaClassProcessor.visit(104) - Processing class 'javafx/beans/property/IntegerPropertyBase'
19:19:56.249 DEBUG com.tngtech.archunit.core.importer.JavaClassProcessor.visit(104) - Processing class 'javafx/beans/property/ReadOnlyListProperty'
19:19:56.250 DEBUG com.tngtech.archunit.core.importer.JavaClassProcessor.visit(104) - Processing class 'javafx/beans/property/StringPropertyBase'
19:19:56.252 DEBUG com.tngtech.archunit.core.importer.JavaClassProcessor.visit(104) - Processing class 'javafx/beans/property/BooleanPropertyBase'
19:19:56.253 DEBUG com.tngtech.archunit.core.importer.JavaClassProcessor.visit(104) - Processing class 'java/io/Serializable'
19:19:56.253 DEBUG com.tngtech.archunit.core.importer.JavaClassProcessor.visit(104) - Processing class 'java/lang/constant/Constable'
19:19:56.255 DEBUG com.tngtech.archunit.core.importer.JavaClassProcessor.visit(104) - Processing class 'javafx/beans/value/WritableIntegerValue'
19:19:56.255 DEBUG com.tngtech.archunit.core.importer.JavaClassProcessor.visit(104) - Processing class 'javafx/beans/property/ReadOnlyIntegerProperty'
19:19:56.256 DEBUG com.tngtech.archunit.core.importer.JavaClassProcessor.visit(104) - Processing class 'java/lang/Comparable'
19:19:56.257 DEBUG com.tngtech.archunit.core.importer.JavaClassProcessor.visit(104) - Processing class 'javafx/collections/ObservableList'
19:19:56.258 DEBUG com.tngtech.archunit.core.importer.JavaClassProcessor.visit(104) - Processing class 'javafx/beans/property/ListPropertyBase'
19:19:56.260 DEBUG com.tngtech.archunit.core.importer.JavaClassProcessor.visit(104) - Processing class 'javafx/beans/binding/ObjectExpression'
19:19:56.261 DEBUG com.tngtech.archunit.core.importer.JavaClassProcessor.visit(104) - Processing class 'javafx/beans/binding/IntegerExpression'
19:19:56.262 DEBUG com.tngtech.archunit.core.importer.JavaClassProcessor.visit(104) - Processing class 'java/lang/annotation/Retention'
19:19:56.263 DEBUG com.tngtech.archunit.core.importer.JavaClassProcessor.visit(104) - Processing class 'javafx/beans/binding/ListExpression'
19:19:56.265 DEBUG com.tngtech.archunit.core.importer.JavaClassProcessor.visit(104) - Processing class 'javafx/beans/property/ReadOnlyProperty'
19:19:56.266 DEBUG com.tngtech.archunit.core.importer.JavaClassProcessor.visit(104) - Processing class 'java/lang/annotation/Documented'
19:19:56.267 DEBUG com.tngtech.archunit.core.importer.JavaClassProcessor.visit(104) - Processing class 'javafx/beans/binding/StringExpression'
19:19:56.267 DEBUG com.tngtech.archunit.core.importer.JavaClassProcessor.visit(104) - Processing class 'java/lang/annotation/Target'
19:19:56.268 DEBUG com.tngtech.archunit.core.importer.JavaClassProcessor.visit(104) - Processing class 'javafx/beans/binding/BooleanExpression'
19:19:56.269 DEBUG com.tngtech.archunit.core.importer.JavaClassProcessor.visit(104) - Processing class 'java/lang/annotation/ElementType'
19:19:56.270 DEBUG com.tngtech.archunit.core.importer.JavaClassProcessor.visit(104) - Processing class 'javafx/beans/Observable'
19:19:56.270 DEBUG com.tngtech.archunit.core.importer.JavaClassProcessor.visit(104) - Processing class 'javafx/beans/value/WritableNumberValue'
19:19:56.271 DEBUG com.tngtech.archunit.core.importer.JavaClassProcessor.visit(104) - Processing class 'java/lang/constant/DynamicConstantDesc'
19:19:56.272 DEBUG com.tngtech.archunit.core.importer.JavaClassProcessor.visit(104) - Processing class 'java/util/List'
19:19:56.273 DEBUG com.tngtech.archunit.core.importer.JavaClassProcessor.visit(104) - Processing class 'java/lang/annotation/Annotation'
19:19:56.274 DEBUG com.tngtech.archunit.core.importer.JavaClassProcessor.visit(104) - Processing class 'jdk/internal/ValueBased'
19:19:56.275 DEBUG com.tngtech.archunit.core.importer.JavaClassProcessor.visit(104) - Processing class 'javafx/beans/value/WritableValue'
19:19:56.275 DEBUG com.tngtech.archunit.core.importer.JavaClassProcessor.visit(104) - Processing class 'java/lang/annotation/RetentionPolicy'
19:19:56.276 DEBUG com.tngtech.archunit.core.importer.JavaClassProcessor.visit(104) - Processing class 'java/lang/SafeVarargs'
19:19:56.277 DEBUG com.tngtech.archunit.core.importer.JavaClassProcessor.visit(104) - Processing class 'javafx/beans/value/ObservableListValue'
19:19:56.278 DEBUG com.tngtech.archunit.core.importer.JavaClassProcessor.visit(104) - Processing class 'javafx/beans/value/ObservableIntegerValue'
19:19:56.279 DEBUG com.tngtech.archunit.core.importer.JavaClassProcessor.visit(104) - Processing class 'javafx/beans/value/ObservableStringValue'
19:19:56.280 DEBUG com.tngtech.archunit.core.importer.JavaClassProcessor.visit(104) - Processing class 'javafx/beans/value/ObservableBooleanValue'
19:19:56.281 DEBUG com.tngtech.archunit.core.importer.JavaClassProcessor.visit(104) - Processing class 'java/lang/Enum'
19:19:56.282 DEBUG com.tngtech.archunit.core.importer.JavaClassProcessor.visit(104) - Processing class 'javafx/beans/value/ObservableValue'
19:19:56.284 DEBUG com.tngtech.archunit.core.importer.JavaClassProcessor.visit(104) - Processing class 'javafx/beans/binding/NumberExpressionBase'
19:19:56.286 DEBUG com.tngtech.archunit.core.importer.JavaClassProcessor.visit(104) - Processing class 'javafx/beans/value/ObservableObjectValue'
19:19:56.286 DEBUG com.tngtech.archunit.core.importer.JavaClassProcessor.visit(104) - Processing class 'java/util/SequencedCollection'
19:19:56.287 DEBUG com.tngtech.archunit.core.importer.JavaClassProcessor.visit(104) - Processing class 'java/util/Collection'
19:19:56.288 DEBUG com.tngtech.archunit.core.importer.JavaClassProcessor.visit(104) - Processing class 'javafx/beans/binding/NumberExpression'
19:19:56.290 DEBUG com.tngtech.archunit.core.importer.JavaClassProcessor.visit(104) - Processing class 'javafx/beans/value/ObservableNumberValue'
19:19:56.290 DEBUG com.tngtech.archunit.core.importer.JavaClassProcessor.visit(104) - Processing class 'java/lang/Enum$EnumDesc'
19:19:56.290 DEBUG com.tngtech.archunit.core.importer.JavaClassProcessor.visit(104) - Processing class 'java/lang/Iterable'
19:19:56.293 DEBUG com.tngtech.archunit.core.importer.JavaClassProcessor.visit(104) - Processing class 'java/lang/Class'
19:19:56.298 DEBUG com.tngtech.archunit.core.importer.JavaClassProcessor.visit(104) - Processing class 'java/util/Optional'
19:19:56.299 DEBUG com.tngtech.archunit.core.importer.JavaClassProcessor.visit(104) - Processing class 'java/util/stream/IntStream'
19:19:56.301 DEBUG com.tngtech.archunit.core.importer.JavaClassProcessor.visit(104) - Processing class 'java/lang/CloneNotSupportedException'
19:19:56.302 DEBUG com.tngtech.archunit.core.importer.JavaClassProcessor.visit(104) - Processing class 'java/io/ObjectInputStream'
19:19:56.303 DEBUG com.tngtech.archunit.core.importer.JavaClassProcessor.visit(104) - Processing class 'java/io/IOException'
19:19:56.304 DEBUG com.tngtech.archunit.core.importer.JavaClassProcessor.visit(104) - Processing class 'java/lang/ClassNotFoundException'
19:19:56.304 DEBUG com.tngtech.archunit.core.importer.JavaClassProcessor.visit(104) - Processing class 'java/io/ObjectStreamException'
19:19:56.306 DEBUG com.tngtech.archunit.core.importer.JavaClassProcessor.visit(104) - Processing class 'java/lang/invoke/MethodHandles$Lookup'
19:19:56.307 DEBUG com.tngtech.archunit.core.importer.JavaClassProcessor.visit(104) - Processing class 'java/lang/ReflectiveOperationException'
19:19:56.309 DEBUG com.tngtech.archunit.core.importer.JavaClassProcessor.visit(104) - Processing class 'java/lang/constant/ClassDesc'
19:19:56.311 DEBUG com.tngtech.archunit.core.importer.JavaClassProcessor.visit(104) - Processing class 'java/lang/NumberFormatException'
19:19:56.313 DEBUG com.tngtech.archunit.core.importer.JavaClassProcessor.visit(104) - Processing class 'java/util/Iterator'
19:19:56.314 DEBUG com.tngtech.archunit.core.importer.JavaClassProcessor.visit(104) - Processing class 'java/util/function/Consumer'
19:19:56.315 DEBUG com.tngtech.archunit.core.importer.JavaClassProcessor.visit(104) - Processing class 'java/util/Spliterator'
19:19:56.316 DEBUG com.tngtech.archunit.core.importer.JavaClassProcessor.visit(104) - Processing class 'java/lang/InterruptedException'
19:19:56.317 DEBUG com.tngtech.archunit.core.importer.JavaClassProcessor.visit(104) - Processing class 'java/lang/Throwable'
19:19:56.318 DEBUG com.tngtech.archunit.core.importer.JavaClassProcessor.visit(104) - Processing class 'java/util/Comparator'
19:19:56.320 DEBUG com.tngtech.archunit.core.importer.JavaClassProcessor.visit(104) - Processing class 'java/io/ObjectStreamField'
19:19:56.322 DEBUG com.tngtech.archunit.core.importer.JavaClassProcessor.visit(104) - Processing class 'java/util/stream/Stream'
19:19:56.323 DEBUG com.tngtech.archunit.core.importer.JavaClassProcessor.visit(104) - Processing class 'java/util/function/Function'
19:19:56.324 DEBUG com.tngtech.archunit.core.importer.JavaClassProcessor.visit(104) - Processing class 'java/nio/charset/Charset'
19:19:56.326 DEBUG com.tngtech.archunit.core.importer.JavaClassProcessor.visit(104) - Processing class 'java/nio/charset/CharsetDecoder'
19:19:56.326 DEBUG com.tngtech.archunit.core.importer.JavaClassProcessor.visit(104) - Processing class 'java/nio/charset/CharacterCodingException'
19:19:56.327 DEBUG com.tngtech.archunit.core.importer.JavaClassProcessor.visit(104) - Processing class 'java/util/Locale'
19:19:56.330 DEBUG com.tngtech.archunit.core.importer.JavaClassProcessor.visit(104) - Processing class 'java/lang/Void'
19:19:56.331 DEBUG com.tngtech.archunit.core.importer.JavaClassProcessor.visit(104) - Processing class 'java/lang/StringBuffer'
19:19:56.333 DEBUG com.tngtech.archunit.core.importer.JavaClassProcessor.visit(104) - Processing class 'java/io/UnsupportedEncodingException'
19:19:56.335 DEBUG com.tngtech.archunit.core.importer.JavaClassProcessor.visit(104) - Processing class 'java/lang/AbstractStringBuilder'
19:19:56.337 DEBUG com.tngtech.archunit.core.importer.JavaClassProcessor.visit(104) - Processing class 'java/lang/foreign/MemorySegment'
19:19:56.338 DEBUG com.tngtech.archunit.core.importer.JavaClassProcessor.visit(104) - Processing class 'java/lang/StringBuilder'
19:19:56.343 DEBUG com.tngtech.archunit.core.importer.JavaClassProcessor.visit(104) - Processing class 'java/lang/constant/DirectMethodHandleDesc'
19:19:56.346 DEBUG com.tngtech.archunit.core.importer.JavaClassProcessor.visit(104) - Processing class 'java/math/BigInteger'
19:19:56.349 DEBUG com.tngtech.archunit.core.importer.JavaClassProcessor.visit(104) - Processing class 'java/math/MathContext'
19:19:56.350 DEBUG com.tngtech.archunit.core.importer.JavaClassProcessor.visit(104) - Processing class 'java/math/RoundingMode'
19:19:56.352 DEBUG com.tngtech.archunit.core.importer.JavaClassProcessor.visit(104) - Processing class 'java/io/ObjectOutputStream'
19:19:56.353 DEBUG com.tngtech.archunit.core.importer.JavaClassProcessor.visit(104) - Processing class 'java/math/MutableBigInteger'
19:19:56.356 DEBUG com.tngtech.archunit.core.importer.JavaClassProcessor.visit(104) - Processing class 'java/util/function/Predicate'
19:19:56.357 DEBUG com.tngtech.archunit.core.importer.JavaClassProcessor.visit(104) - Processing class 'java/util/function/IntFunction'
19:19:56.358 DEBUG com.tngtech.archunit.core.importer.JavaClassProcessor.visit(104) - Processing class 'java/util/ListIterator'
19:19:56.360 DEBUG com.tngtech.archunit.core.importer.JavaClassProcessor.visit(104) - Processing class 'java/util/function/UnaryOperator'
19:19:56.361 DEBUG com.tngtech.archunit.core.importer.JavaClassProcessor.visit(104) - Processing class 'javafx/beans/InvalidationListener'
19:19:56.361 DEBUG com.tngtech.archunit.core.importer.JavaClassProcessor.visit(104) - Processing class 'javafx/util/Subscription'
19:19:56.362 DEBUG com.tngtech.archunit.core.importer.JavaClassProcessor.visit(104) - Processing class 'java/lang/Runnable'
19:19:56.363 DEBUG com.tngtech.archunit.core.importer.JavaClassProcessor.visit(104) - Processing class 'javafx/beans/binding/BooleanBinding'
19:19:56.363 DEBUG com.tngtech.archunit.core.importer.JavaClassProcessor.visit(104) - Processing class 'javafx/beans/binding/StringBinding'
19:19:56.365 DEBUG com.tngtech.archunit.core.importer.JavaClassProcessor.visit(104) - Processing class 'javafx/beans/binding/FloatBinding'
19:19:56.365 DEBUG com.tngtech.archunit.core.importer.JavaClassProcessor.visit(104) - Processing class 'javafx/beans/binding/IntegerBinding'
19:19:56.366 DEBUG com.tngtech.archunit.core.importer.JavaClassProcessor.visit(104) - Processing class 'javafx/beans/binding/DoubleBinding'
19:19:56.366 DEBUG com.tngtech.archunit.core.importer.JavaClassProcessor.visit(104) - Processing class 'javafx/beans/binding/NumberBinding'
19:19:56.367 DEBUG com.tngtech.archunit.core.importer.JavaClassProcessor.visit(104) - Processing class 'javafx/beans/binding/LongBinding'
19:19:56.369 DEBUG com.tngtech.archunit.core.importer.JavaClassProcessor.visit(104) - Processing class 'javafx/beans/binding/ObjectBinding'
19:19:56.373 DEBUG com.tngtech.archunit.core.importer.JavaClassProcessor.visit(104) - Processing class 'com/sun/javafx/binding/ExpressionHelper'
19:19:56.375 DEBUG com.tngtech.archunit.core.importer.JavaClassProcessor.visit(104) - Processing class 'javafx/beans/value/ChangeListener'
19:19:56.376 DEBUG com.tngtech.archunit.core.importer.JavaClassProcessor.visit(104) - Processing class 'javafx/collections/ListChangeListener'
19:19:56.378 DEBUG com.tngtech.archunit.core.importer.JavaClassProcessor.visit(104) - Processing class 'com/sun/javafx/binding/ListExpressionHelper'
19:19:56.379 DEBUG com.tngtech.archunit.core.importer.JavaClassProcessor.visit(104) - Processing class 'javafx/beans/property/ListPropertyBase$SizeProperty'
19:19:56.380 DEBUG com.tngtech.archunit.core.importer.JavaClassProcessor.visit(104) - Processing class 'javafx/beans/property/ListPropertyBase$EmptyProperty'
19:19:56.381 DEBUG com.tngtech.archunit.core.importer.JavaClassProcessor.visit(104) - Processing class 'javafx/collections/ListChangeListener$Change'
19:19:56.384 DEBUG com.tngtech.archunit.core.importer.JavaClassProcessor.visit(104) - Processing class 'java/text/Format'
19:19:56.386 DEBUG com.tngtech.archunit.core.importer.JavaClassProcessor.visit(104) - Processing class 'javafx/util/StringConverter'
19:19:56.388 DEBUG com.tngtech.archunit.core.importer.JavaClassProcessor.visit(104) - Processing class 'java/util/function/BiConsumer'
19:19:56.390 DEBUG com.tngtech.archunit.core.importer.JavaClassProcessor.visit(104) - Processing class 'javafx/collections/transformation/SortedList'
19:19:56.394 DEBUG com.tngtech.archunit.core.importer.JavaClassProcessor.visit(104) - Processing class 'javafx/collections/transformation/FilteredList'
19:19:56.444 DEBUG de.ruu.lib.gen.java.CompilationUnitFileWriter$CompilationUnitFileWriterAbstract.write(75) - wrote C:\Users\r-uu\develop\github\codespace\r-uu\lib\gen\java\fx\tableview\.\src\gen\java\de\ruu\lib\gen\java\fx\tableview\demo\FXTableViewConfigurator.java
]]></system-out>
  </testcase>
</testsuite>