<?xml version="1.0" encoding="UTF-8"?>
<testsuite xmlns:xsi="http://www.w3.org/2001/XMLSchema-instance" xsi:noNamespaceSchemaLocation="https://maven.apache.org/surefire/maven-surefire-plugin/xsd/surefire-test-report.xsd" version="3.0.2" name="de.ruu.lib.gen.java.fx.tableview.GeneratorFXTableViewConfiguratorTest" time="2.95" tests="1" errors="0" skipped="0" failures="0">
  <properties>
    <property name="java.specification.version" value="24"/>
    <property name="sun.cpu.isalist" value="amd64"/>
    <property name="sun.jnu.encoding" value="Cp1252"/>
    <property name="java.class.path" value="C:\Users\r-uu\develop\github\codespace\r-uu\lib\gen\java\fx\tableview\target\test-classes;C:\Users\r-uu\develop\github\codespace\r-uu\lib\gen\java\fx\tableview\target\classes;C:\Users\r-uu\.m2\repository\org\jboss\weld\se\weld-se-core\6.0.3.Final\weld-se-core-6.0.3.Final.jar;C:\Users\r-uu\.m2\repository\org\jboss\weld\environment\weld-environment-common\6.0.3.Final\weld-environment-common-6.0.3.Final.jar;C:\Users\r-uu\.m2\repository\org\jboss\weld\weld-core-impl\6.0.3.Final\weld-core-impl-6.0.3.Final.jar;C:\Users\r-uu\.m2\repository\org\jboss\weld\weld-api\6.0.Final\weld-api-6.0.Final.jar;C:\Users\r-uu\.m2\repository\jakarta\enterprise\jakarta.enterprise.cdi-el-api\4.1.0\jakarta.enterprise.cdi-el-api-4.1.0.jar;C:\Users\r-uu\.m2\repository\org\jboss\weld\weld-spi\6.0.Final\weld-spi-6.0.Final.jar;C:\Users\r-uu\.m2\repository\org\jboss\logging\jboss-logging\3.6.1.Final\jboss-logging-3.6.1.Final.jar;C:\Users\r-uu\.m2\repository\org\jboss\weld\weld-lite-extension-translator\6.0.3.Final\weld-lite-extension-translator-6.0.3.Final.jar;C:\Users\r-uu\.m2\repository\org\jboss\logging\jboss-logging-processor\3.0.4.Final\jboss-logging-processor-3.0.4.Final.jar;C:\Users\r-uu\.m2\repository\org\jboss\logging\jboss-logging-annotations\3.0.4.Final\jboss-logging-annotations-3.0.4.Final.jar;C:\Users\r-uu\.m2\repository\org\jboss\jdeparser\jdeparser\2.0.3.Final\jdeparser-2.0.3.Final.jar;C:\Users\r-uu\.m2\repository\jakarta\enterprise\jakarta.enterprise.cdi-api\4.1.0\jakarta.enterprise.cdi-api-4.1.0.jar;C:\Users\r-uu\.m2\repository\jakarta\enterprise\jakarta.enterprise.lang-model\4.1.0\jakarta.enterprise.lang-model-4.1.0.jar;C:\Users\r-uu\.m2\repository\org\jboss\classfilewriter\jboss-classfilewriter\1.3.1.Final\jboss-classfilewriter-1.3.1.Final.jar;C:\Users\r-uu\.m2\repository\org\projectlombok\lombok\1.18.38\lombok-1.18.38.jar;C:\Users\r-uu\develop\github\codespace\r-uu\lib\archunit\target\r-uu.codespace.lib.archunit-0.0.1.jar;C:\Users\r-uu\.m2\repository\com\tngtech\archunit\archunit\1.4.1\archunit-1.4.1.jar;C:\Users\r-uu\.m2\repository\org\apache\logging\log4j\log4j-slf4j2-impl\2.24.1\log4j-slf4j2-impl-2.24.1.jar;C:\Users\r-uu\.m2\repository\org\apache\logging\log4j\log4j-api\2.24.1\log4j-api-2.24.1.jar;C:\Users\r-uu\.m2\repository\org\apache\logging\log4j\log4j-core\2.24.1\log4j-core-2.24.1.jar;C:\Users\r-uu\develop\github\codespace\r-uu\lib\cdi\common\target\r-uu.codespace.lib.cdi.common-0.0.1.jar;C:\Users\r-uu\develop\github\codespace\r-uu\lib\cdi\se\target\r-uu.codespace.lib.cdi.se-0.0.1.jar;C:\Users\r-uu\.m2\repository\jakarta\el\jakarta.el-api\6.0.1\jakarta.el-api-6.0.1.jar;C:\Users\r-uu\.m2\repository\jakarta\inject\jakarta.inject-api\2.0.1\jakarta.inject-api-2.0.1.jar;C:\Users\r-uu\.m2\repository\jakarta\interceptor\jakarta.interceptor-api\2.2.0\jakarta.interceptor-api-2.2.0.jar;C:\Users\r-uu\develop\github\codespace\r-uu\lib\gen\core\target\r-uu.codespace.lib.gen.core-0.0.1.jar;C:\Users\r-uu\.m2\repository\org\eclipse\microprofile\config\microprofile-config-api\3.1\microprofile-config-api-3.1.jar;C:\Users\r-uu\develop\github\codespace\r-uu\lib\gen\java\core\target\r-uu.codespace.lib.gen.java.core-0.0.1.jar;C:\Users\r-uu\develop\github\codespace\r-uu\lib\gen\java\fx\bean\target\r-uu.codespace.lib.gen.java.fx.bean-0.0.1.jar;C:\Users\r-uu\develop\github\codespace\r-uu\lib\util\target\r-uu.codespace.lib.util-0.0.1.jar;C:\Users\r-uu\.m2\repository\jakarta\annotation\jakarta.annotation-api\3.0.0\jakarta.annotation-api-3.0.0.jar;C:\Users\r-uu\.m2\repository\jakarta\ws\rs\jakarta.ws.rs-api\3.1.0\jakarta.ws.rs-api-3.1.0.jar;C:\Users\r-uu\.m2\repository\org\slf4j\slf4j-api\2.0.16\slf4j-api-2.0.16.jar;C:\Users\r-uu\.m2\repository\org\hamcrest\hamcrest\2.2\hamcrest-2.2.jar;C:\Users\r-uu\.m2\repository\org\junit\jupiter\junit-jupiter-api\5.10.2\junit-jupiter-api-5.10.2.jar;C:\Users\r-uu\.m2\repository\org\opentest4j\opentest4j\1.3.0\opentest4j-1.3.0.jar;C:\Users\r-uu\.m2\repository\org\junit\platform\junit-platform-commons\1.10.2\junit-platform-commons-1.10.2.jar;C:\Users\r-uu\.m2\repository\org\apiguardian\apiguardian-api\1.1.2\apiguardian-api-1.1.2.jar;C:\Users\r-uu\.m2\repository\org\openjfx\javafx-controls\24.0.2\javafx-controls-24.0.2.jar;C:\Users\r-uu\.m2\repository\org\openjfx\javafx-controls\24.0.2\javafx-controls-24.0.2-win.jar;C:\Users\r-uu\.m2\repository\org\openjfx\javafx-graphics\24.0.2\javafx-graphics-24.0.2.jar;C:\Users\r-uu\.m2\repository\org\openjfx\javafx-graphics\24.0.2\javafx-graphics-24.0.2-win.jar;C:\Users\r-uu\.m2\repository\org\openjfx\javafx-base\24.0.2\javafx-base-24.0.2.jar;C:\Users\r-uu\.m2\repository\org\openjfx\javafx-base\24.0.2\javafx-base-24.0.2-win.jar;C:\Users\r-uu\.m2\repository\org\openjfx\javafx-fxml\24.0.2\javafx-fxml-24.0.2.jar;C:\Users\r-uu\.m2\repository\org\openjfx\javafx-fxml\24.0.2\javafx-fxml-24.0.2-win.jar;"/>
    <property name="java.vm.vendor" value="Oracle Corporation"/>
    <property name="sun.arch.data.model" value="64"/>
    <property name="user.variant" value=""/>
    <property name="java.vendor.url" value="https://java.oracle.com/"/>
    <property name="user.timezone" value="Europe/Berlin"/>
    <property name="os.name" value="Windows 11"/>
    <property name="java.vm.specification.version" value="24"/>
    <property name="sun.java.launcher" value="SUN_STANDARD"/>
    <property name="user.country" value="DE"/>
    <property name="sun.boot.library.path" value="C:\software\develop\java\jdk\bin"/>
    <property name="sun.java.command" value="C:\Users\r-uu\AppData\Local\Temp\surefire18263389621338950290\surefirebooter-20250930222622781_58.jar C:\Users\r-uu\AppData\Local\Temp\surefire18263389621338950290 2025-09-30T22-23-22_052-jvmRun1 surefire-20250930222622781_56tmp surefire_10-20250930222622781_57tmp"/>
    <property name="jdk.debug" value="release"/>
    <property name="surefire.test.class.path" value="C:\Users\r-uu\develop\github\codespace\r-uu\lib\gen\java\fx\tableview\target\test-classes;C:\Users\r-uu\develop\github\codespace\r-uu\lib\gen\java\fx\tableview\target\classes;C:\Users\r-uu\.m2\repository\org\jboss\weld\se\weld-se-core\6.0.3.Final\weld-se-core-6.0.3.Final.jar;C:\Users\r-uu\.m2\repository\org\jboss\weld\environment\weld-environment-common\6.0.3.Final\weld-environment-common-6.0.3.Final.jar;C:\Users\r-uu\.m2\repository\org\jboss\weld\weld-core-impl\6.0.3.Final\weld-core-impl-6.0.3.Final.jar;C:\Users\r-uu\.m2\repository\org\jboss\weld\weld-api\6.0.Final\weld-api-6.0.Final.jar;C:\Users\r-uu\.m2\repository\jakarta\enterprise\jakarta.enterprise.cdi-el-api\4.1.0\jakarta.enterprise.cdi-el-api-4.1.0.jar;C:\Users\r-uu\.m2\repository\org\jboss\weld\weld-spi\6.0.Final\weld-spi-6.0.Final.jar;C:\Users\r-uu\.m2\repository\org\jboss\logging\jboss-logging\3.6.1.Final\jboss-logging-3.6.1.Final.jar;C:\Users\r-uu\.m2\repository\org\jboss\weld\weld-lite-extension-translator\6.0.3.Final\weld-lite-extension-translator-6.0.3.Final.jar;C:\Users\r-uu\.m2\repository\org\jboss\logging\jboss-logging-processor\3.0.4.Final\jboss-logging-processor-3.0.4.Final.jar;C:\Users\r-uu\.m2\repository\org\jboss\logging\jboss-logging-annotations\3.0.4.Final\jboss-logging-annotations-3.0.4.Final.jar;C:\Users\r-uu\.m2\repository\org\jboss\jdeparser\jdeparser\2.0.3.Final\jdeparser-2.0.3.Final.jar;C:\Users\r-uu\.m2\repository\jakarta\enterprise\jakarta.enterprise.cdi-api\4.1.0\jakarta.enterprise.cdi-api-4.1.0.jar;C:\Users\r-uu\.m2\repository\jakarta\enterprise\jakarta.enterprise.lang-model\4.1.0\jakarta.enterprise.lang-model-4.1.0.jar;C:\Users\r-uu\.m2\repository\org\jboss\classfilewriter\jboss-classfilewriter\1.3.1.Final\jboss-classfilewriter-1.3.1.Final.jar;C:\Users\r-uu\.m2\repository\org\projectlombok\lombok\1.18.38\lombok-1.18.38.jar;C:\Users\r-uu\develop\github\codespace\r-uu\lib\archunit\target\r-uu.codespace.lib.archunit-0.0.1.jar;C:\Users\r-uu\.m2\repository\com\tngtech\archunit\archunit\1.4.1\archunit-1.4.1.jar;C:\Users\r-uu\.m2\repository\org\apache\logging\log4j\log4j-slf4j2-impl\2.24.1\log4j-slf4j2-impl-2.24.1.jar;C:\Users\r-uu\.m2\repository\org\apache\logging\log4j\log4j-api\2.24.1\log4j-api-2.24.1.jar;C:\Users\r-uu\.m2\repository\org\apache\logging\log4j\log4j-core\2.24.1\log4j-core-2.24.1.jar;C:\Users\r-uu\develop\github\codespace\r-uu\lib\cdi\common\target\r-uu.codespace.lib.cdi.common-0.0.1.jar;C:\Users\r-uu\develop\github\codespace\r-uu\lib\cdi\se\target\r-uu.codespace.lib.cdi.se-0.0.1.jar;C:\Users\r-uu\.m2\repository\jakarta\el\jakarta.el-api\6.0.1\jakarta.el-api-6.0.1.jar;C:\Users\r-uu\.m2\repository\jakarta\inject\jakarta.inject-api\2.0.1\jakarta.inject-api-2.0.1.jar;C:\Users\r-uu\.m2\repository\jakarta\interceptor\jakarta.interceptor-api\2.2.0\jakarta.interceptor-api-2.2.0.jar;C:\Users\r-uu\develop\github\codespace\r-uu\lib\gen\core\target\r-uu.codespace.lib.gen.core-0.0.1.jar;C:\Users\r-uu\.m2\repository\org\eclipse\microprofile\config\microprofile-config-api\3.1\microprofile-config-api-3.1.jar;C:\Users\r-uu\develop\github\codespace\r-uu\lib\gen\java\core\target\r-uu.codespace.lib.gen.java.core-0.0.1.jar;C:\Users\r-uu\develop\github\codespace\r-uu\lib\gen\java\fx\bean\target\r-uu.codespace.lib.gen.java.fx.bean-0.0.1.jar;C:\Users\r-uu\develop\github\codespace\r-uu\lib\util\target\r-uu.codespace.lib.util-0.0.1.jar;C:\Users\r-uu\.m2\repository\jakarta\annotation\jakarta.annotation-api\3.0.0\jakarta.annotation-api-3.0.0.jar;C:\Users\r-uu\.m2\repository\jakarta\ws\rs\jakarta.ws.rs-api\3.1.0\jakarta.ws.rs-api-3.1.0.jar;C:\Users\r-uu\.m2\repository\org\slf4j\slf4j-api\2.0.16\slf4j-api-2.0.16.jar;C:\Users\r-uu\.m2\repository\org\hamcrest\hamcrest\2.2\hamcrest-2.2.jar;C:\Users\r-uu\.m2\repository\org\junit\jupiter\junit-jupiter-api\5.10.2\junit-jupiter-api-5.10.2.jar;C:\Users\r-uu\.m2\repository\org\opentest4j\opentest4j\1.3.0\opentest4j-1.3.0.jar;C:\Users\r-uu\.m2\repository\org\junit\platform\junit-platform-commons\1.10.2\junit-platform-commons-1.10.2.jar;C:\Users\r-uu\.m2\repository\org\apiguardian\apiguardian-api\1.1.2\apiguardian-api-1.1.2.jar;C:\Users\r-uu\.m2\repository\org\openjfx\javafx-controls\24.0.2\javafx-controls-24.0.2.jar;C:\Users\r-uu\.m2\repository\org\openjfx\javafx-controls\24.0.2\javafx-controls-24.0.2-win.jar;C:\Users\r-uu\.m2\repository\org\openjfx\javafx-graphics\24.0.2\javafx-graphics-24.0.2.jar;C:\Users\r-uu\.m2\repository\org\openjfx\javafx-graphics\24.0.2\javafx-graphics-24.0.2-win.jar;C:\Users\r-uu\.m2\repository\org\openjfx\javafx-base\24.0.2\javafx-base-24.0.2.jar;C:\Users\r-uu\.m2\repository\org\openjfx\javafx-base\24.0.2\javafx-base-24.0.2-win.jar;C:\Users\r-uu\.m2\repository\org\openjfx\javafx-fxml\24.0.2\javafx-fxml-24.0.2.jar;C:\Users\r-uu\.m2\repository\org\openjfx\javafx-fxml\24.0.2\javafx-fxml-24.0.2-win.jar;"/>
    <property name="sun.cpu.endian" value="little"/>
    <property name="user.home" value="C:\Users\r-uu"/>
    <property name="user.language" value="en"/>
    <property name="java.specification.vendor" value="Oracle Corporation"/>
    <property name="surefire.useFile" value="false"/>
    <property name="java.version.date" value="2025-07-15"/>
    <property name="java.home" value="C:\software\develop\java\jdk"/>
    <property name="file.separator" value="\"/>
    <property name="basedir" value="C:\Users\r-uu\develop\github\codespace\r-uu\lib\gen\java\fx\tableview"/>
    <property name="java.vm.compressedOopsMode" value="Zero based"/>
    <property name="jdk.internal.vm.ci.enabled" value="true"/>
    <property name="line.separator" value="&#10;"/>
    <property name="java.vm.specification.vendor" value="Oracle Corporation"/>
    <property name="java.specification.name" value="Java Platform API Specification"/>
    <property name="failsafe.useFile" value="false"/>
    <property name="surefire.real.class.path" value="C:\Users\r-uu\AppData\Local\Temp\surefire18263389621338950290\surefirebooter-20250930222622781_58.jar"/>
    <property name="user.script" value=""/>
    <property name="sun.management.compiler" value="HotSpot 64-Bit Tiered Compilers"/>
    <property name="java.runtime.version" value="24.0.2+11-jvmci-b01"/>
    <property name="user.name" value="r-uu"/>
    <property name="stdout.encoding" value="Cp1252"/>
    <property name="path.separator" value=";"/>
    <property name="os.version" value="10.0"/>
    <property name="java.runtime.name" value="Java(TM) SE Runtime Environment"/>
    <property name="file.encoding" value="UTF-8"/>
    <property name="java.vm.name" value="Java HotSpot(TM) 64-Bit Server VM"/>
    <property name="java.vendor.version" value="Oracle GraalVM 24.0.2+11.1"/>
    <property name="localRepository" value="C:\Users\r-uu\.m2\repository"/>
    <property name="java.vendor.url.bug" value="https://bugreport.java.com/bugreport/"/>
    <property name="java.io.tmpdir" value="C:\Users\r-uu\AppData\Local\Temp\"/>
    <property name="java.version" value="24.0.2"/>
    <property name="user.dir" value="C:\Users\r-uu\develop\github\codespace\r-uu\lib\gen\java\fx\tableview"/>
    <property name="os.arch" value="amd64"/>
    <property name="java.vm.specification.name" value="Java Virtual Machine Specification"/>
    <property name="sun.os.patch.level" value=""/>
    <property name="native.encoding" value="Cp1252"/>
    <property name="trimStackTrace" value="false"/>
    <property name="java.library.path" value="C:\software\develop\java\jdk\bin;C:\WINDOWS\Sun\Java\bin;C:\WINDOWS\system32;C:\WINDOWS;C:\WINDOWS\system32;C:\WINDOWS;C:\WINDOWS\System32\Wbem;C:\WINDOWS\System32\WindowsPowerShell\v1.0\;C:\WINDOWS\System32\OpenSSH\;C:\Program Files\Graphviz\bin;C:\Program Files\PuTTY\;C:\Program Files\Docker\Docker\resources\bin;C:\Program Files\Git\cmd;C:\Users\r-uu\AppData\Local\Programs\Python\Python310\Scripts\;C:\Users\r-uu\AppData\Local\Programs\Python\Python310\;C:\Users\r-uu\AppData\Local\Microsoft\WindowsApps;C:\Users\r-uu\AppData\Local\Programs\Microsoft VS Code\bin;C:\Users\r-uu\AppData\Local\GitHubDesktop\bin;C:\software\develop\build\maven\bin;C:\software\develop\java\jdk\bin;C:\Users\r-uu\AppData\Local\JetBrains\Toolbox\scripts;;C:\Users\r-uu\AppData\Roaming\Programs\Zero Install;%USERPROFILE%\AppData\Local\Microsoft\WindowsApps;."/>
    <property name="java.vm.info" value="mixed mode, sharing"/>
    <property name="stderr.encoding" value="Cp1252"/>
    <property name="java.vendor" value="Oracle Corporation"/>
    <property name="java.vm.version" value="24.0.2+11-jvmci-b01"/>
    <property name="sun.io.unicode.encoding" value="UnicodeLittle"/>
    <property name="java.class.version" value="68.0"/>
  </properties>
  <testcase name="test" classname="de.ruu.lib.gen.java.fx.tableview.GeneratorFXTableViewConfiguratorTest" time="0.518">
    <system-out><![CDATA[22:26:24.564 INFO  com.tngtech.archunit.core.PluginLoader.get(68) - Detected Java version 24.0.2
22:26:24.576 DEBUG com.tngtech.archunit.core.PluginLoader.get(73) - Current Java version is compatible to JAVA_9 => Loading Plugin com.tngtech.archunit.core.importer.ModuleImportPlugin
22:26:24.621 DEBUG com.tngtech.archunit.core.importer.UrlSource$From.findUrlsForClassPathProperty(192) - Found URLs on sun.boot.class.path: []
22:26:24.645 DEBUG com.tngtech.archunit.core.importer.UrlSource$From.findUrlsForClassPathProperty(192) - Found URLs on java.class.path: [file:/C:/Users/r-uu/develop/github/codespace/r-uu/lib/gen/java/fx/tableview/target/test-classes/, file:/C:/Users/r-uu/develop/github/codespace/r-uu/lib/gen/java/fx/tableview/target/classes/, jar:file:/C:/Users/r-uu/.m2/repository/org/jboss/weld/se/weld-se-core/6.0.3.Final/weld-se-core-6.0.3.Final.jar!/, jar:file:/C:/Users/r-uu/.m2/repository/org/jboss/weld/environment/weld-environment-common/6.0.3.Final/weld-environment-common-6.0.3.Final.jar!/, jar:file:/C:/Users/r-uu/.m2/repository/org/jboss/weld/weld-core-impl/6.0.3.Final/weld-core-impl-6.0.3.Final.jar!/, jar:file:/C:/Users/r-uu/.m2/repository/org/jboss/weld/weld-api/6.0.Final/weld-api-6.0.Final.jar!/, jar:file:/C:/Users/r-uu/.m2/repository/jakarta/enterprise/jakarta.enterprise.cdi-el-api/4.1.0/jakarta.enterprise.cdi-el-api-4.1.0.jar!/, jar:file:/C:/Users/r-uu/.m2/repository/org/jboss/weld/weld-spi/6.0.Final/weld-spi-6.0.Final.jar!/, jar:file:/C:/Users/r-uu/.m2/repository/org/jboss/logging/jboss-logging/3.6.1.Final/jboss-logging-3.6.1.Final.jar!/, jar:file:/C:/Users/r-uu/.m2/repository/org/jboss/weld/weld-lite-extension-translator/6.0.3.Final/weld-lite-extension-translator-6.0.3.Final.jar!/, jar:file:/C:/Users/r-uu/.m2/repository/org/jboss/logging/jboss-logging-processor/3.0.4.Final/jboss-logging-processor-3.0.4.Final.jar!/, jar:file:/C:/Users/r-uu/.m2/repository/org/jboss/logging/jboss-logging-annotations/3.0.4.Final/jboss-logging-annotations-3.0.4.Final.jar!/, jar:file:/C:/Users/r-uu/.m2/repository/org/jboss/jdeparser/jdeparser/2.0.3.Final/jdeparser-2.0.3.Final.jar!/, jar:file:/C:/Users/r-uu/.m2/repository/jakarta/enterprise/jakarta.enterprise.cdi-api/4.1.0/jakarta.enterprise.cdi-api-4.1.0.jar!/, jar:file:/C:/Users/r-uu/.m2/repository/jakarta/enterprise/jakarta.enterprise.lang-model/4.1.0/jakarta.enterprise.lang-model-4.1.0.jar!/, jar:file:/C:/Users/r-uu/.m2/repository/org/jboss/classfilewriter/jboss-classfilewriter/1.3.1.Final/jboss-classfilewriter-1.3.1.Final.jar!/, jar:file:/C:/Users/r-uu/.m2/repository/org/projectlombok/lombok/1.18.38/lombok-1.18.38.jar!/, jar:file:/C:/Users/r-uu/develop/github/codespace/r-uu/lib/archunit/target/r-uu.codespace.lib.archunit-0.0.1.jar!/, jar:file:/C:/Users/r-uu/.m2/repository/com/tngtech/archunit/archunit/1.4.1/archunit-1.4.1.jar!/, jar:file:/C:/Users/r-uu/.m2/repository/org/apache/logging/log4j/log4j-slf4j2-impl/2.24.1/log4j-slf4j2-impl-2.24.1.jar!/, jar:file:/C:/Users/r-uu/.m2/repository/org/apache/logging/log4j/log4j-api/2.24.1/log4j-api-2.24.1.jar!/, jar:file:/C:/Users/r-uu/.m2/repository/org/apache/logging/log4j/log4j-core/2.24.1/log4j-core-2.24.1.jar!/, jar:file:/C:/Users/r-uu/develop/github/codespace/r-uu/lib/cdi/common/target/r-uu.codespace.lib.cdi.common-0.0.1.jar!/, jar:file:/C:/Users/r-uu/develop/github/codespace/r-uu/lib/cdi/se/target/r-uu.codespace.lib.cdi.se-0.0.1.jar!/, jar:file:/C:/Users/r-uu/.m2/repository/jakarta/el/jakarta.el-api/6.0.1/jakarta.el-api-6.0.1.jar!/, jar:file:/C:/Users/r-uu/.m2/repository/jakarta/inject/jakarta.inject-api/2.0.1/jakarta.inject-api-2.0.1.jar!/, jar:file:/C:/Users/r-uu/.m2/repository/jakarta/interceptor/jakarta.interceptor-api/2.2.0/jakarta.interceptor-api-2.2.0.jar!/, jar:file:/C:/Users/r-uu/develop/github/codespace/r-uu/lib/gen/core/target/r-uu.codespace.lib.gen.core-0.0.1.jar!/, jar:file:/C:/Users/r-uu/.m2/repository/org/eclipse/microprofile/config/microprofile-config-api/3.1/microprofile-config-api-3.1.jar!/, jar:file:/C:/Users/r-uu/develop/github/codespace/r-uu/lib/gen/java/core/target/r-uu.codespace.lib.gen.java.core-0.0.1.jar!/, jar:file:/C:/Users/r-uu/develop/github/codespace/r-uu/lib/gen/java/fx/bean/target/r-uu.codespace.lib.gen.java.fx.bean-0.0.1.jar!/, jar:file:/C:/Users/r-uu/develop/github/codespace/r-uu/lib/util/target/r-uu.codespace.lib.util-0.0.1.jar!/, jar:file:/C:/Users/r-uu/.m2/repository/jakarta/annotation/jakarta.annotation-api/3.0.0/jakarta.annotation-api-3.0.0.jar!/, jar:file:/C:/Users/r-uu/.m2/repository/jakarta/ws/rs/jakarta.ws.rs-api/3.1.0/jakarta.ws.rs-api-3.1.0.jar!/, jar:file:/C:/Users/r-uu/.m2/repository/org/slf4j/slf4j-api/2.0.16/slf4j-api-2.0.16.jar!/, jar:file:/C:/Users/r-uu/.m2/repository/org/hamcrest/hamcrest/2.2/hamcrest-2.2.jar!/, jar:file:/C:/Users/r-uu/.m2/repository/org/junit/jupiter/junit-jupiter-api/5.10.2/junit-jupiter-api-5.10.2.jar!/, jar:file:/C:/Users/r-uu/.m2/repository/org/opentest4j/opentest4j/1.3.0/opentest4j-1.3.0.jar!/, jar:file:/C:/Users/r-uu/.m2/repository/org/junit/platform/junit-platform-commons/1.10.2/junit-platform-commons-1.10.2.jar!/, jar:file:/C:/Users/r-uu/.m2/repository/org/apiguardian/apiguardian-api/1.1.2/apiguardian-api-1.1.2.jar!/, jar:file:/C:/Users/r-uu/.m2/repository/org/openjfx/javafx-controls/24.0.2/javafx-controls-24.0.2.jar!/, jar:file:/C:/Users/r-uu/.m2/repository/org/openjfx/javafx-controls/24.0.2/javafx-controls-24.0.2-win.jar!/, jar:file:/C:/Users/r-uu/.m2/repository/org/openjfx/javafx-graphics/24.0.2/javafx-graphics-24.0.2.jar!/, jar:file:/C:/Users/r-uu/.m2/repository/org/openjfx/javafx-graphics/24.0.2/javafx-graphics-24.0.2-win.jar!/, jar:file:/C:/Users/r-uu/.m2/repository/org/openjfx/javafx-base/24.0.2/javafx-base-24.0.2.jar!/, jar:file:/C:/Users/r-uu/.m2/repository/org/openjfx/javafx-base/24.0.2/javafx-base-24.0.2-win.jar!/, jar:file:/C:/Users/r-uu/.m2/repository/org/openjfx/javafx-fxml/24.0.2/javafx-fxml-24.0.2.jar!/, jar:file:/C:/Users/r-uu/.m2/repository/org/openjfx/javafx-fxml/24.0.2/javafx-fxml-24.0.2-win.jar!/]
22:26:25.252 DEBUG com.tngtech.archunit.ArchConfiguration.readProperties(89) - No configuration found in classpath at archunit.properties => Using default configuration
22:26:25.313 DEBUG com.tngtech.archunit.core.importer.JavaClassProcessor.visit(104) - Processing class 'de/ruu/lib/gen/java/fx/tableview/JavaModelDemo'
22:26:25.482 DEBUG com.tngtech.archunit.core.importer.JavaClassProcessor.visit(104) - Processing class 'java/math/BigDecimal'
22:26:25.540 DEBUG com.tngtech.archunit.core.importer.JavaClassProcessor.visit(104) - Processing class 'de/ruu/lib/gen/java/fx/bean/FXProperty'
22:26:25.547 DEBUG com.tngtech.archunit.core.importer.JavaClassProcessor.visit(104) - Processing class 'java/util/List'
22:26:25.563 DEBUG com.tngtech.archunit.core.importer.JavaClassProcessor.visit(104) - Processing class 'java/lang/String'
22:26:25.592 DEBUG com.tngtech.archunit.core.importer.JavaClassProcessor.visit(104) - Processing class 'java/lang/SafeVarargs'
22:26:25.594 DEBUG com.tngtech.archunit.core.importer.JavaClassProcessor.visit(104) - Processing class 'jdk/internal/vm/annotation/IntrinsicCandidate'
22:26:25.595 DEBUG com.tngtech.archunit.core.importer.JavaClassProcessor.visit(104) - Processing class 'jdk/internal/vm/annotation/ForceInline'
22:26:25.596 DEBUG com.tngtech.archunit.core.importer.JavaClassProcessor.visit(104) - Processing class 'java/lang/CharSequence'
22:26:25.599 DEBUG com.tngtech.archunit.core.importer.JavaClassProcessor.visit(104) - Processing class 'jdk/internal/vm/annotation/Stable'
22:26:25.600 DEBUG com.tngtech.archunit.core.importer.JavaClassProcessor.visit(104) - Processing class 'java/lang/Deprecated'
22:26:25.602 DEBUG com.tngtech.archunit.core.importer.JavaClassProcessor.visit(104) - Processing class 'java/lang/annotation/Target'
22:26:25.604 DEBUG com.tngtech.archunit.core.importer.JavaClassProcessor.visit(104) - Processing class 'java/lang/annotation/ElementType'
22:26:25.606 DEBUG com.tngtech.archunit.core.importer.JavaClassProcessor.visit(104) - Processing class 'java/io/Serializable'
22:26:25.607 DEBUG com.tngtech.archunit.core.importer.JavaClassProcessor.visit(104) - Processing class 'java/lang/constant/Constable'
22:26:25.608 DEBUG com.tngtech.archunit.core.importer.JavaClassProcessor.visit(104) - Processing class 'java/lang/constant/ConstantDesc'
22:26:25.609 DEBUG com.tngtech.archunit.core.importer.JavaClassProcessor.visit(104) - Processing class 'java/lang/annotation/Annotation'
22:26:25.610 DEBUG com.tngtech.archunit.core.importer.JavaClassProcessor.visit(104) - Processing class 'java/lang/Comparable'
22:26:25.611 DEBUG com.tngtech.archunit.core.importer.JavaClassProcessor.visit(104) - Processing class 'java/lang/Object'
22:26:25.613 DEBUG com.tngtech.archunit.core.importer.JavaClassProcessor.visit(104) - Processing class 'java/lang/Number'
22:26:25.614 DEBUG com.tngtech.archunit.core.importer.JavaClassProcessor.visit(104) - Processing class 'java/util/SequencedCollection'
22:26:25.615 DEBUG com.tngtech.archunit.core.importer.JavaClassProcessor.visit(104) - Processing class 'java/util/Collection'
22:26:25.619 DEBUG com.tngtech.archunit.core.importer.JavaClassProcessor.visit(104) - Processing class 'java/lang/annotation/Retention'
22:26:25.621 DEBUG com.tngtech.archunit.core.importer.JavaClassProcessor.visit(104) - Processing class 'java/lang/Enum'
22:26:25.624 DEBUG com.tngtech.archunit.core.importer.JavaClassProcessor.visit(104) - Processing class 'java/lang/annotation/Documented'
22:26:25.625 DEBUG com.tngtech.archunit.core.importer.JavaClassProcessor.visit(104) - Processing class 'java/lang/annotation/RetentionPolicy'
22:26:25.627 DEBUG com.tngtech.archunit.core.importer.JavaClassProcessor.visit(104) - Processing class 'java/lang/Iterable'
22:26:25.629 DEBUG com.tngtech.archunit.core.importer.JavaClassProcessor.visit(104) - Processing class 'java/lang/Enum$EnumDesc'
22:26:25.631 DEBUG com.tngtech.archunit.core.importer.JavaClassProcessor.visit(104) - Processing class 'java/lang/constant/DynamicConstantDesc'
22:26:25.678 DEBUG com.tngtech.archunit.core.importer.JavaClassProcessor.visit(104) - Processing class 'java/util/stream/IntStream'
22:26:25.693 DEBUG com.tngtech.archunit.core.importer.JavaClassProcessor.visit(104) - Processing class 'java/io/ObjectStreamException'
22:26:25.697 DEBUG com.tngtech.archunit.core.importer.JavaClassProcessor.visit(104) - Processing class 'java/io/ObjectInputStream'
22:26:25.707 DEBUG com.tngtech.archunit.core.importer.JavaClassProcessor.visit(104) - Processing class 'java/io/IOException'
22:26:25.708 DEBUG com.tngtech.archunit.core.importer.JavaClassProcessor.visit(104) - Processing class 'java/lang/ClassNotFoundException'
22:26:25.709 DEBUG com.tngtech.archunit.core.importer.JavaClassProcessor.visit(104) - Processing class 'java/lang/CloneNotSupportedException'
22:26:25.711 DEBUG com.tngtech.archunit.core.importer.JavaClassProcessor.visit(104) - Processing class 'java/lang/Class'
22:26:25.747 DEBUG com.tngtech.archunit.core.importer.JavaClassProcessor.visit(104) - Processing class 'java/util/Optional'
22:26:25.754 DEBUG com.tngtech.archunit.core.importer.JavaClassProcessor.visit(104) - Processing class 'java/lang/invoke/MethodHandles$Lookup'
22:26:25.763 DEBUG com.tngtech.archunit.core.importer.JavaClassProcessor.visit(104) - Processing class 'java/lang/ReflectiveOperationException'
22:26:25.764 DEBUG com.tngtech.archunit.core.importer.JavaClassProcessor.visit(104) - Processing class 'java/lang/constant/ClassDesc'
22:26:25.767 DEBUG com.tngtech.archunit.core.importer.JavaClassProcessor.visit(104) - Processing class 'java/util/Spliterator'
22:26:25.769 DEBUG com.tngtech.archunit.core.importer.JavaClassProcessor.visit(104) - Processing class 'java/util/Iterator'
22:26:25.770 DEBUG com.tngtech.archunit.core.importer.JavaClassProcessor.visit(104) - Processing class 'java/util/function/Consumer'
22:26:25.777 DEBUG com.tngtech.archunit.core.importer.JavaClassProcessor.visit(104) - Processing class 'java/lang/InterruptedException'
22:26:25.778 DEBUG com.tngtech.archunit.core.importer.JavaClassProcessor.visit(104) - Processing class 'java/lang/Throwable'
22:26:25.785 DEBUG com.tngtech.archunit.core.importer.JavaClassProcessor.visit(104) - Processing class 'java/util/Comparator'
22:26:25.790 DEBUG com.tngtech.archunit.core.importer.JavaClassProcessor.visit(104) - Processing class 'java/io/ObjectStreamField'
22:26:25.793 DEBUG com.tngtech.archunit.core.importer.JavaClassProcessor.visit(104) - Processing class 'java/nio/charset/Charset'
22:26:25.797 DEBUG com.tngtech.archunit.core.importer.JavaClassProcessor.visit(104) - Processing class 'java/util/Locale'
22:26:25.807 DEBUG com.tngtech.archunit.core.importer.JavaClassProcessor.visit(104) - Processing class 'java/lang/foreign/MemorySegment'
22:26:25.814 DEBUG com.tngtech.archunit.core.importer.JavaClassProcessor.visit(104) - Processing class 'java/util/stream/Stream'
22:26:25.819 DEBUG com.tngtech.archunit.core.importer.JavaClassProcessor.visit(104) - Processing class 'java/lang/StringBuffer'
22:26:25.825 DEBUG com.tngtech.archunit.core.importer.JavaClassProcessor.visit(104) - Processing class 'java/lang/Void'
22:26:25.827 DEBUG com.tngtech.archunit.core.importer.JavaClassProcessor.visit(104) - Processing class 'java/nio/charset/CharacterCodingException'
22:26:25.828 DEBUG com.tngtech.archunit.core.importer.JavaClassProcessor.visit(104) - Processing class 'java/io/UnsupportedEncodingException'
22:26:25.830 DEBUG com.tngtech.archunit.core.importer.JavaClassProcessor.visit(104) - Processing class 'java/lang/AbstractStringBuilder'
22:26:25.837 DEBUG com.tngtech.archunit.core.importer.JavaClassProcessor.visit(104) - Processing class 'java/util/function/Function'
22:26:25.841 DEBUG com.tngtech.archunit.core.importer.JavaClassProcessor.visit(104) - Processing class 'java/nio/charset/CharsetDecoder'
22:26:25.850 DEBUG com.tngtech.archunit.core.importer.JavaClassProcessor.visit(104) - Processing class 'java/lang/StringBuilder'
22:26:25.863 DEBUG com.tngtech.archunit.core.importer.JavaClassProcessor.visit(104) - Processing class 'java/lang/constant/DirectMethodHandleDesc'
22:26:25.869 DEBUG com.tngtech.archunit.core.importer.JavaClassProcessor.visit(104) - Processing class 'java/math/BigInteger'
22:26:25.884 DEBUG com.tngtech.archunit.core.importer.JavaClassProcessor.visit(104) - Processing class 'java/math/MathContext'
22:26:25.888 DEBUG com.tngtech.archunit.core.importer.JavaClassProcessor.visit(104) - Processing class 'java/math/RoundingMode'
22:26:25.891 DEBUG com.tngtech.archunit.core.importer.JavaClassProcessor.visit(104) - Processing class 'java/io/ObjectOutputStream'
22:26:25.896 DEBUG com.tngtech.archunit.core.importer.JavaClassProcessor.visit(104) - Processing class 'java/math/MutableBigInteger'
22:26:25.906 DEBUG com.tngtech.archunit.core.importer.JavaClassProcessor.visit(104) - Processing class 'java/util/function/IntFunction'
22:26:25.908 DEBUG com.tngtech.archunit.core.importer.JavaClassProcessor.visit(104) - Processing class 'java/util/function/Predicate'
22:26:25.911 DEBUG com.tngtech.archunit.core.importer.JavaClassProcessor.visit(104) - Processing class 'java/util/function/UnaryOperator'
22:26:25.913 DEBUG com.tngtech.archunit.core.importer.JavaClassProcessor.visit(104) - Processing class 'java/util/ListIterator'
22:26:25.948 DEBUG com.tngtech.archunit.core.importer.UrlSource$From.findUrlsForClassPathProperty(192) - Found URLs on sun.boot.class.path: []
22:26:25.954 DEBUG com.tngtech.archunit.core.importer.UrlSource$From.findUrlsForClassPathProperty(192) - Found URLs on java.class.path: [file:/C:/Users/r-uu/develop/github/codespace/r-uu/lib/gen/java/fx/tableview/target/test-classes/, file:/C:/Users/r-uu/develop/github/codespace/r-uu/lib/gen/java/fx/tableview/target/classes/, jar:file:/C:/Users/r-uu/.m2/repository/org/jboss/weld/se/weld-se-core/6.0.3.Final/weld-se-core-6.0.3.Final.jar!/, jar:file:/C:/Users/r-uu/.m2/repository/org/jboss/weld/environment/weld-environment-common/6.0.3.Final/weld-environment-common-6.0.3.Final.jar!/, jar:file:/C:/Users/r-uu/.m2/repository/org/jboss/weld/weld-core-impl/6.0.3.Final/weld-core-impl-6.0.3.Final.jar!/, jar:file:/C:/Users/r-uu/.m2/repository/org/jboss/weld/weld-api/6.0.Final/weld-api-6.0.Final.jar!/, jar:file:/C:/Users/r-uu/.m2/repository/jakarta/enterprise/jakarta.enterprise.cdi-el-api/4.1.0/jakarta.enterprise.cdi-el-api-4.1.0.jar!/, jar:file:/C:/Users/r-uu/.m2/repository/org/jboss/weld/weld-spi/6.0.Final/weld-spi-6.0.Final.jar!/, jar:file:/C:/Users/r-uu/.m2/repository/org/jboss/logging/jboss-logging/3.6.1.Final/jboss-logging-3.6.1.Final.jar!/, jar:file:/C:/Users/r-uu/.m2/repository/org/jboss/weld/weld-lite-extension-translator/6.0.3.Final/weld-lite-extension-translator-6.0.3.Final.jar!/, jar:file:/C:/Users/r-uu/.m2/repository/org/jboss/logging/jboss-logging-processor/3.0.4.Final/jboss-logging-processor-3.0.4.Final.jar!/, jar:file:/C:/Users/r-uu/.m2/repository/org/jboss/logging/jboss-logging-annotations/3.0.4.Final/jboss-logging-annotations-3.0.4.Final.jar!/, jar:file:/C:/Users/r-uu/.m2/repository/org/jboss/jdeparser/jdeparser/2.0.3.Final/jdeparser-2.0.3.Final.jar!/, jar:file:/C:/Users/r-uu/.m2/repository/jakarta/enterprise/jakarta.enterprise.cdi-api/4.1.0/jakarta.enterprise.cdi-api-4.1.0.jar!/, jar:file:/C:/Users/r-uu/.m2/repository/jakarta/enterprise/jakarta.enterprise.lang-model/4.1.0/jakarta.enterprise.lang-model-4.1.0.jar!/, jar:file:/C:/Users/r-uu/.m2/repository/org/jboss/classfilewriter/jboss-classfilewriter/1.3.1.Final/jboss-classfilewriter-1.3.1.Final.jar!/, jar:file:/C:/Users/r-uu/.m2/repository/org/projectlombok/lombok/1.18.38/lombok-1.18.38.jar!/, jar:file:/C:/Users/r-uu/develop/github/codespace/r-uu/lib/archunit/target/r-uu.codespace.lib.archunit-0.0.1.jar!/, jar:file:/C:/Users/r-uu/.m2/repository/com/tngtech/archunit/archunit/1.4.1/archunit-1.4.1.jar!/, jar:file:/C:/Users/r-uu/.m2/repository/org/apache/logging/log4j/log4j-slf4j2-impl/2.24.1/log4j-slf4j2-impl-2.24.1.jar!/, jar:file:/C:/Users/r-uu/.m2/repository/org/apache/logging/log4j/log4j-api/2.24.1/log4j-api-2.24.1.jar!/, jar:file:/C:/Users/r-uu/.m2/repository/org/apache/logging/log4j/log4j-core/2.24.1/log4j-core-2.24.1.jar!/, jar:file:/C:/Users/r-uu/develop/github/codespace/r-uu/lib/cdi/common/target/r-uu.codespace.lib.cdi.common-0.0.1.jar!/, jar:file:/C:/Users/r-uu/develop/github/codespace/r-uu/lib/cdi/se/target/r-uu.codespace.lib.cdi.se-0.0.1.jar!/, jar:file:/C:/Users/r-uu/.m2/repository/jakarta/el/jakarta.el-api/6.0.1/jakarta.el-api-6.0.1.jar!/, jar:file:/C:/Users/r-uu/.m2/repository/jakarta/inject/jakarta.inject-api/2.0.1/jakarta.inject-api-2.0.1.jar!/, jar:file:/C:/Users/r-uu/.m2/repository/jakarta/interceptor/jakarta.interceptor-api/2.2.0/jakarta.interceptor-api-2.2.0.jar!/, jar:file:/C:/Users/r-uu/develop/github/codespace/r-uu/lib/gen/core/target/r-uu.codespace.lib.gen.core-0.0.1.jar!/, jar:file:/C:/Users/r-uu/.m2/repository/org/eclipse/microprofile/config/microprofile-config-api/3.1/microprofile-config-api-3.1.jar!/, jar:file:/C:/Users/r-uu/develop/github/codespace/r-uu/lib/gen/java/core/target/r-uu.codespace.lib.gen.java.core-0.0.1.jar!/, jar:file:/C:/Users/r-uu/develop/github/codespace/r-uu/lib/gen/java/fx/bean/target/r-uu.codespace.lib.gen.java.fx.bean-0.0.1.jar!/, jar:file:/C:/Users/r-uu/develop/github/codespace/r-uu/lib/util/target/r-uu.codespace.lib.util-0.0.1.jar!/, jar:file:/C:/Users/r-uu/.m2/repository/jakarta/annotation/jakarta.annotation-api/3.0.0/jakarta.annotation-api-3.0.0.jar!/, jar:file:/C:/Users/r-uu/.m2/repository/jakarta/ws/rs/jakarta.ws.rs-api/3.1.0/jakarta.ws.rs-api-3.1.0.jar!/, jar:file:/C:/Users/r-uu/.m2/repository/org/slf4j/slf4j-api/2.0.16/slf4j-api-2.0.16.jar!/, jar:file:/C:/Users/r-uu/.m2/repository/org/hamcrest/hamcrest/2.2/hamcrest-2.2.jar!/, jar:file:/C:/Users/r-uu/.m2/repository/org/junit/jupiter/junit-jupiter-api/5.10.2/junit-jupiter-api-5.10.2.jar!/, jar:file:/C:/Users/r-uu/.m2/repository/org/opentest4j/opentest4j/1.3.0/opentest4j-1.3.0.jar!/, jar:file:/C:/Users/r-uu/.m2/repository/org/junit/platform/junit-platform-commons/1.10.2/junit-platform-commons-1.10.2.jar!/, jar:file:/C:/Users/r-uu/.m2/repository/org/apiguardian/apiguardian-api/1.1.2/apiguardian-api-1.1.2.jar!/, jar:file:/C:/Users/r-uu/.m2/repository/org/openjfx/javafx-controls/24.0.2/javafx-controls-24.0.2.jar!/, jar:file:/C:/Users/r-uu/.m2/repository/org/openjfx/javafx-controls/24.0.2/javafx-controls-24.0.2-win.jar!/, jar:file:/C:/Users/r-uu/.m2/repository/org/openjfx/javafx-graphics/24.0.2/javafx-graphics-24.0.2.jar!/, jar:file:/C:/Users/r-uu/.m2/repository/org/openjfx/javafx-graphics/24.0.2/javafx-graphics-24.0.2-win.jar!/, jar:file:/C:/Users/r-uu/.m2/repository/org/openjfx/javafx-base/24.0.2/javafx-base-24.0.2.jar!/, jar:file:/C:/Users/r-uu/.m2/repository/org/openjfx/javafx-base/24.0.2/javafx-base-24.0.2-win.jar!/, jar:file:/C:/Users/r-uu/.m2/repository/org/openjfx/javafx-fxml/24.0.2/javafx-fxml-24.0.2.jar!/, jar:file:/C:/Users/r-uu/.m2/repository/org/openjfx/javafx-fxml/24.0.2/javafx-fxml-24.0.2-win.jar!/]
22:26:25.978 DEBUG com.tngtech.archunit.core.importer.JavaClassProcessor.visit(104) - Processing class 'de/ruu/lib/gen/java/fx/tableview/JavaModelDemoDTO'
22:26:25.982 DEBUG com.tngtech.archunit.core.importer.JavaClassProcessor.visit(104) - Processing class 'java/math/BigDecimal'
22:26:25.996 DEBUG com.tngtech.archunit.core.importer.JavaClassProcessor.visit(104) - Processing class 'java/util/List'
22:26:26.001 DEBUG com.tngtech.archunit.core.importer.JavaClassProcessor.visit(104) - Processing class 'lombok/Generated'
22:26:26.002 DEBUG com.tngtech.archunit.core.importer.JavaClassProcessor.visit(104) - Processing class 'java/lang/Object'
22:26:26.004 DEBUG com.tngtech.archunit.core.importer.JavaClassProcessor.visit(104) - Processing class 'java/lang/String'
22:26:26.012 DEBUG com.tngtech.archunit.core.importer.JavaClassProcessor.visit(104) - Processing class 'java/lang/SafeVarargs'
22:26:26.014 DEBUG com.tngtech.archunit.core.importer.JavaClassProcessor.visit(104) - Processing class 'jdk/internal/vm/annotation/IntrinsicCandidate'
22:26:26.014 DEBUG com.tngtech.archunit.core.importer.JavaClassProcessor.visit(104) - Processing class 'jdk/internal/vm/annotation/ForceInline'
22:26:26.015 DEBUG com.tngtech.archunit.core.importer.JavaClassProcessor.visit(104) - Processing class 'java/lang/CharSequence'
22:26:26.016 DEBUG com.tngtech.archunit.core.importer.JavaClassProcessor.visit(104) - Processing class 'jdk/internal/vm/annotation/Stable'
22:26:26.017 DEBUG com.tngtech.archunit.core.importer.JavaClassProcessor.visit(104) - Processing class 'java/lang/Deprecated'
22:26:26.018 DEBUG com.tngtech.archunit.core.importer.JavaClassProcessor.visit(104) - Processing class 'java/lang/annotation/Target'
22:26:26.019 DEBUG com.tngtech.archunit.core.importer.JavaClassProcessor.visit(104) - Processing class 'java/lang/annotation/ElementType'
22:26:26.020 DEBUG com.tngtech.archunit.core.importer.JavaClassProcessor.visit(104) - Processing class 'java/lang/annotation/Retention'
22:26:26.021 DEBUG com.tngtech.archunit.core.importer.JavaClassProcessor.visit(104) - Processing class 'java/io/Serializable'
22:26:26.022 DEBUG com.tngtech.archunit.core.importer.JavaClassProcessor.visit(104) - Processing class 'java/lang/constant/Constable'
22:26:26.022 DEBUG com.tngtech.archunit.core.importer.JavaClassProcessor.visit(104) - Processing class 'java/lang/constant/ConstantDesc'
22:26:26.023 DEBUG com.tngtech.archunit.core.importer.JavaClassProcessor.visit(104) - Processing class 'java/lang/annotation/Annotation'
22:26:26.023 DEBUG com.tngtech.archunit.core.importer.JavaClassProcessor.visit(104) - Processing class 'java/lang/Comparable'
22:26:26.024 DEBUG com.tngtech.archunit.core.importer.JavaClassProcessor.visit(104) - Processing class 'java/lang/Number'
22:26:26.025 DEBUG com.tngtech.archunit.core.importer.JavaClassProcessor.visit(104) - Processing class 'java/util/SequencedCollection'
22:26:26.027 DEBUG com.tngtech.archunit.core.importer.JavaClassProcessor.visit(104) - Processing class 'java/lang/annotation/RetentionPolicy'
22:26:26.028 DEBUG com.tngtech.archunit.core.importer.JavaClassProcessor.visit(104) - Processing class 'java/lang/Enum'
22:26:26.029 DEBUG com.tngtech.archunit.core.importer.JavaClassProcessor.visit(104) - Processing class 'java/util/Collection'
22:26:26.030 DEBUG com.tngtech.archunit.core.importer.JavaClassProcessor.visit(104) - Processing class 'java/lang/annotation/Documented'
22:26:26.030 DEBUG com.tngtech.archunit.core.importer.JavaClassProcessor.visit(104) - Processing class 'java/lang/Iterable'
22:26:26.031 DEBUG com.tngtech.archunit.core.importer.JavaClassProcessor.visit(104) - Processing class 'java/lang/Enum$EnumDesc'
22:26:26.032 DEBUG com.tngtech.archunit.core.importer.JavaClassProcessor.visit(104) - Processing class 'java/lang/constant/DynamicConstantDesc'
22:26:26.037 DEBUG com.tngtech.archunit.core.importer.JavaClassProcessor.visit(104) - Processing class 'java/util/stream/IntStream'
22:26:26.041 DEBUG com.tngtech.archunit.core.importer.JavaClassProcessor.visit(104) - Processing class 'java/lang/Class'
22:26:26.050 DEBUG com.tngtech.archunit.core.importer.JavaClassProcessor.visit(104) - Processing class 'java/io/ObjectInputStream'
22:26:26.058 DEBUG com.tngtech.archunit.core.importer.JavaClassProcessor.visit(104) - Processing class 'java/io/IOException'
22:26:26.060 DEBUG com.tngtech.archunit.core.importer.JavaClassProcessor.visit(104) - Processing class 'java/lang/ClassNotFoundException'
22:26:26.061 DEBUG com.tngtech.archunit.core.importer.JavaClassProcessor.visit(104) - Processing class 'java/lang/CloneNotSupportedException'
22:26:26.062 DEBUG com.tngtech.archunit.core.importer.JavaClassProcessor.visit(104) - Processing class 'java/util/Optional'
22:26:26.065 DEBUG com.tngtech.archunit.core.importer.JavaClassProcessor.visit(104) - Processing class 'java/io/ObjectStreamException'
22:26:26.067 DEBUG com.tngtech.archunit.core.importer.JavaClassProcessor.visit(104) - Processing class 'java/lang/invoke/MethodHandles$Lookup'
22:26:26.075 DEBUG com.tngtech.archunit.core.importer.JavaClassProcessor.visit(104) - Processing class 'java/lang/ReflectiveOperationException'
22:26:26.076 DEBUG com.tngtech.archunit.core.importer.JavaClassProcessor.visit(104) - Processing class 'java/lang/constant/ClassDesc'
22:26:26.078 DEBUG com.tngtech.archunit.core.importer.JavaClassProcessor.visit(104) - Processing class 'java/util/function/Consumer'
22:26:26.079 DEBUG com.tngtech.archunit.core.importer.JavaClassProcessor.visit(104) - Processing class 'java/util/Spliterator'
22:26:26.081 DEBUG com.tngtech.archunit.core.importer.JavaClassProcessor.visit(104) - Processing class 'java/util/Iterator'
22:26:26.085 DEBUG com.tngtech.archunit.core.importer.JavaClassProcessor.visit(104) - Processing class 'java/lang/InterruptedException'
22:26:26.090 DEBUG com.tngtech.archunit.core.importer.JavaClassProcessor.visit(104) - Processing class 'java/lang/Throwable'
22:26:26.095 DEBUG com.tngtech.archunit.core.importer.JavaClassProcessor.visit(104) - Processing class 'java/util/Comparator'
22:26:26.098 DEBUG com.tngtech.archunit.core.importer.JavaClassProcessor.visit(104) - Processing class 'java/io/ObjectStreamField'
22:26:26.101 DEBUG com.tngtech.archunit.core.importer.JavaClassProcessor.visit(104) - Processing class 'java/nio/charset/Charset'
22:26:26.106 DEBUG com.tngtech.archunit.core.importer.JavaClassProcessor.visit(104) - Processing class 'java/util/Locale'
22:26:26.112 DEBUG com.tngtech.archunit.core.importer.JavaClassProcessor.visit(104) - Processing class 'java/lang/StringBuffer'
22:26:26.118 DEBUG com.tngtech.archunit.core.importer.JavaClassProcessor.visit(104) - Processing class 'java/io/UnsupportedEncodingException'
22:26:26.121 DEBUG com.tngtech.archunit.core.importer.JavaClassProcessor.visit(104) - Processing class 'java/util/function/Function'
22:26:26.124 DEBUG com.tngtech.archunit.core.importer.JavaClassProcessor.visit(104) - Processing class 'java/nio/charset/CharacterCodingException'
22:26:26.126 DEBUG com.tngtech.archunit.core.importer.JavaClassProcessor.visit(104) - Processing class 'java/lang/foreign/MemorySegment'
22:26:26.130 DEBUG com.tngtech.archunit.core.importer.JavaClassProcessor.visit(104) - Processing class 'java/lang/AbstractStringBuilder'
22:26:26.139 DEBUG com.tngtech.archunit.core.importer.JavaClassProcessor.visit(104) - Processing class 'java/nio/charset/CharsetDecoder'
22:26:26.141 DEBUG com.tngtech.archunit.core.importer.JavaClassProcessor.visit(104) - Processing class 'java/lang/Void'
22:26:26.142 DEBUG com.tngtech.archunit.core.importer.JavaClassProcessor.visit(104) - Processing class 'java/util/stream/Stream'
22:26:26.147 DEBUG com.tngtech.archunit.core.importer.JavaClassProcessor.visit(104) - Processing class 'java/lang/StringBuilder'
22:26:26.157 DEBUG com.tngtech.archunit.core.importer.JavaClassProcessor.visit(104) - Processing class 'java/lang/constant/DirectMethodHandleDesc'
22:26:26.160 DEBUG com.tngtech.archunit.core.importer.JavaClassProcessor.visit(104) - Processing class 'java/math/BigInteger'
22:26:26.178 DEBUG com.tngtech.archunit.core.importer.JavaClassProcessor.visit(104) - Processing class 'java/math/MathContext'
22:26:26.180 DEBUG com.tngtech.archunit.core.importer.JavaClassProcessor.visit(104) - Processing class 'java/math/MutableBigInteger'
22:26:26.188 DEBUG com.tngtech.archunit.core.importer.JavaClassProcessor.visit(104) - Processing class 'java/io/ObjectOutputStream'
22:26:26.197 DEBUG com.tngtech.archunit.core.importer.JavaClassProcessor.visit(104) - Processing class 'java/math/RoundingMode'
22:26:26.202 DEBUG com.tngtech.archunit.core.importer.JavaClassProcessor.visit(104) - Processing class 'java/util/function/IntFunction'
22:26:26.204 DEBUG com.tngtech.archunit.core.importer.JavaClassProcessor.visit(104) - Processing class 'java/util/function/Predicate'
22:26:26.207 DEBUG com.tngtech.archunit.core.importer.JavaClassProcessor.visit(104) - Processing class 'java/util/function/UnaryOperator'
22:26:26.209 DEBUG com.tngtech.archunit.core.importer.JavaClassProcessor.visit(104) - Processing class 'java/util/ListIterator'
22:26:26.347 DEBUG de.ruu.lib.gen.java.CompilationUnitFileWriter$CompilationUnitFileWriterAbstract.write(75) - wrote C:\Users\r-uu\develop\github\codespace\r-uu\lib\gen\java\fx\tableview\.\src\gen\java\de\ruu\lib\gen\java\fx\tableview\demo\FXModelDemo.java
22:26:26.381 DEBUG com.tngtech.archunit.core.importer.UrlSource$From.findUrlsForClassPathProperty(192) - Found URLs on sun.boot.class.path: []
22:26:26.388 DEBUG com.tngtech.archunit.core.importer.UrlSource$From.findUrlsForClassPathProperty(192) - Found URLs on java.class.path: [file:/C:/Users/r-uu/develop/github/codespace/r-uu/lib/gen/java/fx/tableview/target/test-classes/, file:/C:/Users/r-uu/develop/github/codespace/r-uu/lib/gen/java/fx/tableview/target/classes/, jar:file:/C:/Users/r-uu/.m2/repository/org/jboss/weld/se/weld-se-core/6.0.3.Final/weld-se-core-6.0.3.Final.jar!/, jar:file:/C:/Users/r-uu/.m2/repository/org/jboss/weld/environment/weld-environment-common/6.0.3.Final/weld-environment-common-6.0.3.Final.jar!/, jar:file:/C:/Users/r-uu/.m2/repository/org/jboss/weld/weld-core-impl/6.0.3.Final/weld-core-impl-6.0.3.Final.jar!/, jar:file:/C:/Users/r-uu/.m2/repository/org/jboss/weld/weld-api/6.0.Final/weld-api-6.0.Final.jar!/, jar:file:/C:/Users/r-uu/.m2/repository/jakarta/enterprise/jakarta.enterprise.cdi-el-api/4.1.0/jakarta.enterprise.cdi-el-api-4.1.0.jar!/, jar:file:/C:/Users/r-uu/.m2/repository/org/jboss/weld/weld-spi/6.0.Final/weld-spi-6.0.Final.jar!/, jar:file:/C:/Users/r-uu/.m2/repository/org/jboss/logging/jboss-logging/3.6.1.Final/jboss-logging-3.6.1.Final.jar!/, jar:file:/C:/Users/r-uu/.m2/repository/org/jboss/weld/weld-lite-extension-translator/6.0.3.Final/weld-lite-extension-translator-6.0.3.Final.jar!/, jar:file:/C:/Users/r-uu/.m2/repository/org/jboss/logging/jboss-logging-processor/3.0.4.Final/jboss-logging-processor-3.0.4.Final.jar!/, jar:file:/C:/Users/r-uu/.m2/repository/org/jboss/logging/jboss-logging-annotations/3.0.4.Final/jboss-logging-annotations-3.0.4.Final.jar!/, jar:file:/C:/Users/r-uu/.m2/repository/org/jboss/jdeparser/jdeparser/2.0.3.Final/jdeparser-2.0.3.Final.jar!/, jar:file:/C:/Users/r-uu/.m2/repository/jakarta/enterprise/jakarta.enterprise.cdi-api/4.1.0/jakarta.enterprise.cdi-api-4.1.0.jar!/, jar:file:/C:/Users/r-uu/.m2/repository/jakarta/enterprise/jakarta.enterprise.lang-model/4.1.0/jakarta.enterprise.lang-model-4.1.0.jar!/, jar:file:/C:/Users/r-uu/.m2/repository/org/jboss/classfilewriter/jboss-classfilewriter/1.3.1.Final/jboss-classfilewriter-1.3.1.Final.jar!/, jar:file:/C:/Users/r-uu/.m2/repository/org/projectlombok/lombok/1.18.38/lombok-1.18.38.jar!/, jar:file:/C:/Users/r-uu/develop/github/codespace/r-uu/lib/archunit/target/r-uu.codespace.lib.archunit-0.0.1.jar!/, jar:file:/C:/Users/r-uu/.m2/repository/com/tngtech/archunit/archunit/1.4.1/archunit-1.4.1.jar!/, jar:file:/C:/Users/r-uu/.m2/repository/org/apache/logging/log4j/log4j-slf4j2-impl/2.24.1/log4j-slf4j2-impl-2.24.1.jar!/, jar:file:/C:/Users/r-uu/.m2/repository/org/apache/logging/log4j/log4j-api/2.24.1/log4j-api-2.24.1.jar!/, jar:file:/C:/Users/r-uu/.m2/repository/org/apache/logging/log4j/log4j-core/2.24.1/log4j-core-2.24.1.jar!/, jar:file:/C:/Users/r-uu/develop/github/codespace/r-uu/lib/cdi/common/target/r-uu.codespace.lib.cdi.common-0.0.1.jar!/, jar:file:/C:/Users/r-uu/develop/github/codespace/r-uu/lib/cdi/se/target/r-uu.codespace.lib.cdi.se-0.0.1.jar!/, jar:file:/C:/Users/r-uu/.m2/repository/jakarta/el/jakarta.el-api/6.0.1/jakarta.el-api-6.0.1.jar!/, jar:file:/C:/Users/r-uu/.m2/repository/jakarta/inject/jakarta.inject-api/2.0.1/jakarta.inject-api-2.0.1.jar!/, jar:file:/C:/Users/r-uu/.m2/repository/jakarta/interceptor/jakarta.interceptor-api/2.2.0/jakarta.interceptor-api-2.2.0.jar!/, jar:file:/C:/Users/r-uu/develop/github/codespace/r-uu/lib/gen/core/target/r-uu.codespace.lib.gen.core-0.0.1.jar!/, jar:file:/C:/Users/r-uu/.m2/repository/org/eclipse/microprofile/config/microprofile-config-api/3.1/microprofile-config-api-3.1.jar!/, jar:file:/C:/Users/r-uu/develop/github/codespace/r-uu/lib/gen/java/core/target/r-uu.codespace.lib.gen.java.core-0.0.1.jar!/, jar:file:/C:/Users/r-uu/develop/github/codespace/r-uu/lib/gen/java/fx/bean/target/r-uu.codespace.lib.gen.java.fx.bean-0.0.1.jar!/, jar:file:/C:/Users/r-uu/develop/github/codespace/r-uu/lib/util/target/r-uu.codespace.lib.util-0.0.1.jar!/, jar:file:/C:/Users/r-uu/.m2/repository/jakarta/annotation/jakarta.annotation-api/3.0.0/jakarta.annotation-api-3.0.0.jar!/, jar:file:/C:/Users/r-uu/.m2/repository/jakarta/ws/rs/jakarta.ws.rs-api/3.1.0/jakarta.ws.rs-api-3.1.0.jar!/, jar:file:/C:/Users/r-uu/.m2/repository/org/slf4j/slf4j-api/2.0.16/slf4j-api-2.0.16.jar!/, jar:file:/C:/Users/r-uu/.m2/repository/org/hamcrest/hamcrest/2.2/hamcrest-2.2.jar!/, jar:file:/C:/Users/r-uu/.m2/repository/org/junit/jupiter/junit-jupiter-api/5.10.2/junit-jupiter-api-5.10.2.jar!/, jar:file:/C:/Users/r-uu/.m2/repository/org/opentest4j/opentest4j/1.3.0/opentest4j-1.3.0.jar!/, jar:file:/C:/Users/r-uu/.m2/repository/org/junit/platform/junit-platform-commons/1.10.2/junit-platform-commons-1.10.2.jar!/, jar:file:/C:/Users/r-uu/.m2/repository/org/apiguardian/apiguardian-api/1.1.2/apiguardian-api-1.1.2.jar!/, jar:file:/C:/Users/r-uu/.m2/repository/org/openjfx/javafx-controls/24.0.2/javafx-controls-24.0.2.jar!/, jar:file:/C:/Users/r-uu/.m2/repository/org/openjfx/javafx-controls/24.0.2/javafx-controls-24.0.2-win.jar!/, jar:file:/C:/Users/r-uu/.m2/repository/org/openjfx/javafx-graphics/24.0.2/javafx-graphics-24.0.2.jar!/, jar:file:/C:/Users/r-uu/.m2/repository/org/openjfx/javafx-graphics/24.0.2/javafx-graphics-24.0.2-win.jar!/, jar:file:/C:/Users/r-uu/.m2/repository/org/openjfx/javafx-base/24.0.2/javafx-base-24.0.2.jar!/, jar:file:/C:/Users/r-uu/.m2/repository/org/openjfx/javafx-base/24.0.2/javafx-base-24.0.2-win.jar!/, jar:file:/C:/Users/r-uu/.m2/repository/org/openjfx/javafx-fxml/24.0.2/javafx-fxml-24.0.2.jar!/, jar:file:/C:/Users/r-uu/.m2/repository/org/openjfx/javafx-fxml/24.0.2/javafx-fxml-24.0.2-win.jar!/]
22:26:26.412 DEBUG com.tngtech.archunit.core.importer.JavaClassProcessor.visit(104) - Processing class 'de/ruu/lib/gen/java/fx/tableview/demo/FXModelDemo'
22:26:26.416 DEBUG com.tngtech.archunit.core.importer.JavaClassProcessor.visit(104) - Processing class 'javafx/beans/property/ObjectProperty'
22:26:26.418 DEBUG com.tngtech.archunit.core.importer.JavaClassProcessor.visit(104) - Processing class 'javafx/beans/property/SimpleStringProperty'
22:26:26.420 DEBUG com.tngtech.archunit.core.importer.JavaClassProcessor.visit(104) - Processing class 'de/ruu/lib/gen/java/fx/tableview/JavaModelDemo'
22:26:26.423 DEBUG com.tngtech.archunit.core.importer.JavaClassProcessor.visit(104) - Processing class 'javafx/beans/property/SimpleListProperty'
22:26:26.426 DEBUG com.tngtech.archunit.core.importer.JavaClassProcessor.visit(104) - Processing class 'javafx/beans/property/IntegerProperty'
22:26:26.427 DEBUG com.tngtech.archunit.core.importer.JavaClassProcessor.visit(104) - Processing class 'java/math/BigDecimal'
22:26:26.444 DEBUG com.tngtech.archunit.core.importer.JavaClassProcessor.visit(104) - Processing class 'javafx/beans/property/BooleanProperty'
22:26:26.446 DEBUG com.tngtech.archunit.core.importer.JavaClassProcessor.visit(104) - Processing class 'javafx/beans/property/SimpleBooleanProperty'
22:26:26.448 DEBUG com.tngtech.archunit.core.importer.JavaClassProcessor.visit(104) - Processing class 'javafx/beans/property/SimpleObjectProperty'
22:26:26.451 DEBUG com.tngtech.archunit.core.importer.JavaClassProcessor.visit(104) - Processing class 'javafx/beans/property/SimpleIntegerProperty'
22:26:26.452 DEBUG com.tngtech.archunit.core.importer.JavaClassProcessor.visit(104) - Processing class 'java/lang/Object'
22:26:26.454 DEBUG com.tngtech.archunit.core.importer.JavaClassProcessor.visit(104) - Processing class 'java/lang/String'
22:26:26.461 DEBUG com.tngtech.archunit.core.importer.JavaClassProcessor.visit(104) - Processing class 'javafx/beans/property/ListProperty'
22:26:26.463 DEBUG com.tngtech.archunit.core.importer.JavaClassProcessor.visit(104) - Processing class 'javafx/beans/property/StringProperty'
22:26:26.465 DEBUG com.tngtech.archunit.core.importer.JavaClassProcessor.visit(104) - Processing class 'de/ruu/lib/gen/java/fx/bean/FXProperty'
22:26:26.467 DEBUG com.tngtech.archunit.core.importer.JavaClassProcessor.visit(104) - Processing class 'javafx/beans/property/ReadOnlyObjectProperty'
22:26:26.469 DEBUG com.tngtech.archunit.core.importer.JavaClassProcessor.visit(104) - Processing class 'javafx/beans/value/WritableBooleanValue'
22:26:26.470 DEBUG com.tngtech.archunit.core.importer.JavaClassProcessor.visit(104) - Processing class 'javafx/beans/property/ReadOnlyBooleanProperty'
22:26:26.472 DEBUG com.tngtech.archunit.core.importer.JavaClassProcessor.visit(104) - Processing class 'java/lang/Integer'
22:26:26.477 DEBUG com.tngtech.archunit.core.importer.JavaClassProcessor.visit(104) - Processing class 'javafx/beans/value/WritableListValue'
22:26:26.478 DEBUG com.tngtech.archunit.core.importer.JavaClassProcessor.visit(104) - Processing class 'java/lang/constant/ConstantDesc'
22:26:26.479 DEBUG com.tngtech.archunit.core.importer.JavaClassProcessor.visit(104) - Processing class 'javafx/beans/property/ReadOnlyStringProperty'
22:26:26.481 DEBUG com.tngtech.archunit.core.importer.JavaClassProcessor.visit(104) - Processing class 'javafx/beans/value/WritableStringValue'
22:26:26.482 DEBUG com.tngtech.archunit.core.importer.JavaClassProcessor.visit(104) - Processing class 'java/lang/Boolean'
22:26:26.484 DEBUG com.tngtech.archunit.core.importer.JavaClassProcessor.visit(104) - Processing class 'java/lang/Number'
22:26:26.485 DEBUG com.tngtech.archunit.core.importer.JavaClassProcessor.visit(104) - Processing class 'javafx/beans/value/WritableObjectValue'
22:26:26.486 DEBUG com.tngtech.archunit.core.importer.JavaClassProcessor.visit(104) - Processing class 'jdk/internal/vm/annotation/IntrinsicCandidate'
22:26:26.486 DEBUG com.tngtech.archunit.core.importer.JavaClassProcessor.visit(104) - Processing class 'jdk/internal/vm/annotation/ForceInline'
22:26:26.487 DEBUG com.tngtech.archunit.core.importer.JavaClassProcessor.visit(104) - Processing class 'java/lang/CharSequence'
22:26:26.488 DEBUG com.tngtech.archunit.core.importer.JavaClassProcessor.visit(104) - Processing class 'jdk/internal/vm/annotation/Stable'
22:26:26.489 DEBUG com.tngtech.archunit.core.importer.JavaClassProcessor.visit(104) - Processing class 'java/lang/Deprecated'
22:26:26.490 DEBUG com.tngtech.archunit.core.importer.JavaClassProcessor.visit(104) - Processing class 'javafx/beans/property/Property'
22:26:26.492 DEBUG com.tngtech.archunit.core.importer.JavaClassProcessor.visit(104) - Processing class 'javafx/beans/property/ObjectPropertyBase'
22:26:26.496 DEBUG com.tngtech.archunit.core.importer.JavaClassProcessor.visit(104) - Processing class 'javafx/beans/property/IntegerPropertyBase'
22:26:26.499 DEBUG com.tngtech.archunit.core.importer.JavaClassProcessor.visit(104) - Processing class 'javafx/beans/property/ReadOnlyListProperty'
22:26:26.501 DEBUG com.tngtech.archunit.core.importer.JavaClassProcessor.visit(104) - Processing class 'javafx/beans/property/StringPropertyBase'
22:26:26.503 DEBUG com.tngtech.archunit.core.importer.JavaClassProcessor.visit(104) - Processing class 'javafx/beans/property/BooleanPropertyBase'
22:26:26.505 DEBUG com.tngtech.archunit.core.importer.JavaClassProcessor.visit(104) - Processing class 'java/io/Serializable'
22:26:26.505 DEBUG com.tngtech.archunit.core.importer.JavaClassProcessor.visit(104) - Processing class 'java/lang/constant/Constable'
22:26:26.507 DEBUG com.tngtech.archunit.core.importer.JavaClassProcessor.visit(104) - Processing class 'javafx/beans/value/WritableIntegerValue'
22:26:26.508 DEBUG com.tngtech.archunit.core.importer.JavaClassProcessor.visit(104) - Processing class 'javafx/beans/property/ReadOnlyIntegerProperty'
22:26:26.511 DEBUG com.tngtech.archunit.core.importer.JavaClassProcessor.visit(104) - Processing class 'java/lang/Comparable'
22:26:26.512 DEBUG com.tngtech.archunit.core.importer.JavaClassProcessor.visit(104) - Processing class 'javafx/collections/ObservableList'
22:26:26.515 DEBUG com.tngtech.archunit.core.importer.JavaClassProcessor.visit(104) - Processing class 'javafx/beans/property/ListPropertyBase'
22:26:26.518 DEBUG com.tngtech.archunit.core.importer.JavaClassProcessor.visit(104) - Processing class 'javafx/beans/binding/ObjectExpression'
22:26:26.520 DEBUG com.tngtech.archunit.core.importer.JavaClassProcessor.visit(104) - Processing class 'javafx/beans/binding/IntegerExpression'
22:26:26.522 DEBUG com.tngtech.archunit.core.importer.JavaClassProcessor.visit(104) - Processing class 'java/lang/annotation/Retention'
22:26:26.523 DEBUG com.tngtech.archunit.core.importer.JavaClassProcessor.visit(104) - Processing class 'javafx/beans/binding/ListExpression'
22:26:26.527 DEBUG com.tngtech.archunit.core.importer.JavaClassProcessor.visit(104) - Processing class 'javafx/beans/property/ReadOnlyProperty'
22:26:26.528 DEBUG com.tngtech.archunit.core.importer.JavaClassProcessor.visit(104) - Processing class 'java/lang/annotation/Documented'
22:26:26.529 DEBUG com.tngtech.archunit.core.importer.JavaClassProcessor.visit(104) - Processing class 'javafx/beans/binding/StringExpression'
22:26:26.530 DEBUG com.tngtech.archunit.core.importer.JavaClassProcessor.visit(104) - Processing class 'java/lang/annotation/Target'
22:26:26.531 DEBUG com.tngtech.archunit.core.importer.JavaClassProcessor.visit(104) - Processing class 'javafx/beans/binding/BooleanExpression'
22:26:26.532 DEBUG com.tngtech.archunit.core.importer.JavaClassProcessor.visit(104) - Processing class 'java/lang/annotation/ElementType'
22:26:26.533 DEBUG com.tngtech.archunit.core.importer.JavaClassProcessor.visit(104) - Processing class 'javafx/beans/Observable'
22:26:26.534 DEBUG com.tngtech.archunit.core.importer.JavaClassProcessor.visit(104) - Processing class 'javafx/beans/value/WritableNumberValue'
22:26:26.535 DEBUG com.tngtech.archunit.core.importer.JavaClassProcessor.visit(104) - Processing class 'java/lang/constant/DynamicConstantDesc'
22:26:26.539 DEBUG com.tngtech.archunit.core.importer.JavaClassProcessor.visit(104) - Processing class 'java/util/List'
22:26:26.542 DEBUG com.tngtech.archunit.core.importer.JavaClassProcessor.visit(104) - Processing class 'java/lang/annotation/Annotation'
22:26:26.543 DEBUG com.tngtech.archunit.core.importer.JavaClassProcessor.visit(104) - Processing class 'jdk/internal/ValueBased'
22:26:26.545 DEBUG com.tngtech.archunit.core.importer.JavaClassProcessor.visit(104) - Processing class 'javafx/beans/value/WritableValue'
22:26:26.546 DEBUG com.tngtech.archunit.core.importer.JavaClassProcessor.visit(104) - Processing class 'java/lang/annotation/RetentionPolicy'
22:26:26.547 DEBUG com.tngtech.archunit.core.importer.JavaClassProcessor.visit(104) - Processing class 'java/lang/SafeVarargs'
22:26:26.548 DEBUG com.tngtech.archunit.core.importer.JavaClassProcessor.visit(104) - Processing class 'javafx/beans/value/ObservableListValue'
22:26:26.549 DEBUG com.tngtech.archunit.core.importer.JavaClassProcessor.visit(104) - Processing class 'javafx/beans/value/ObservableIntegerValue'
22:26:26.550 DEBUG com.tngtech.archunit.core.importer.JavaClassProcessor.visit(104) - Processing class 'javafx/beans/value/ObservableStringValue'
22:26:26.552 DEBUG com.tngtech.archunit.core.importer.JavaClassProcessor.visit(104) - Processing class 'javafx/beans/value/ObservableBooleanValue'
22:26:26.553 DEBUG com.tngtech.archunit.core.importer.JavaClassProcessor.visit(104) - Processing class 'java/lang/Enum'
22:26:26.556 DEBUG com.tngtech.archunit.core.importer.JavaClassProcessor.visit(104) - Processing class 'javafx/beans/value/ObservableValue'
22:26:26.559 DEBUG com.tngtech.archunit.core.importer.JavaClassProcessor.visit(104) - Processing class 'javafx/beans/binding/NumberExpressionBase'
22:26:26.561 DEBUG com.tngtech.archunit.core.importer.JavaClassProcessor.visit(104) - Processing class 'javafx/beans/value/ObservableObjectValue'
22:26:26.562 DEBUG com.tngtech.archunit.core.importer.JavaClassProcessor.visit(104) - Processing class 'java/util/SequencedCollection'
22:26:26.564 DEBUG com.tngtech.archunit.core.importer.JavaClassProcessor.visit(104) - Processing class 'java/util/Collection'
22:26:26.565 DEBUG com.tngtech.archunit.core.importer.JavaClassProcessor.visit(104) - Processing class 'javafx/beans/binding/NumberExpression'
22:26:26.567 DEBUG com.tngtech.archunit.core.importer.JavaClassProcessor.visit(104) - Processing class 'javafx/beans/value/ObservableNumberValue'
22:26:26.567 DEBUG com.tngtech.archunit.core.importer.JavaClassProcessor.visit(104) - Processing class 'java/lang/Enum$EnumDesc'
22:26:26.570 DEBUG com.tngtech.archunit.core.importer.JavaClassProcessor.visit(104) - Processing class 'java/lang/Iterable'
22:26:26.573 DEBUG com.tngtech.archunit.core.importer.JavaClassProcessor.visit(104) - Processing class 'java/lang/Class'
22:26:26.581 DEBUG com.tngtech.archunit.core.importer.JavaClassProcessor.visit(104) - Processing class 'java/util/Optional'
22:26:26.583 DEBUG com.tngtech.archunit.core.importer.JavaClassProcessor.visit(104) - Processing class 'java/util/stream/IntStream'
22:26:26.585 DEBUG com.tngtech.archunit.core.importer.JavaClassProcessor.visit(104) - Processing class 'java/io/ObjectInputStream'
22:26:26.590 DEBUG com.tngtech.archunit.core.importer.JavaClassProcessor.visit(104) - Processing class 'java/io/IOException'
22:26:26.591 DEBUG com.tngtech.archunit.core.importer.JavaClassProcessor.visit(104) - Processing class 'java/lang/ClassNotFoundException'
22:26:26.592 DEBUG com.tngtech.archunit.core.importer.JavaClassProcessor.visit(104) - Processing class 'java/lang/CloneNotSupportedException'
22:26:26.593 DEBUG com.tngtech.archunit.core.importer.JavaClassProcessor.visit(104) - Processing class 'java/io/ObjectStreamException'
22:26:26.594 DEBUG com.tngtech.archunit.core.importer.JavaClassProcessor.visit(104) - Processing class 'java/lang/invoke/MethodHandles$Lookup'
22:26:26.600 DEBUG com.tngtech.archunit.core.importer.JavaClassProcessor.visit(104) - Processing class 'java/lang/ReflectiveOperationException'
22:26:26.601 DEBUG com.tngtech.archunit.core.importer.JavaClassProcessor.visit(104) - Processing class 'java/lang/constant/ClassDesc'
22:26:26.604 DEBUG com.tngtech.archunit.core.importer.JavaClassProcessor.visit(104) - Processing class 'java/lang/NumberFormatException'
22:26:26.607 DEBUG com.tngtech.archunit.core.importer.JavaClassProcessor.visit(104) - Processing class 'java/util/Spliterator'
22:26:26.608 DEBUG com.tngtech.archunit.core.importer.JavaClassProcessor.visit(104) - Processing class 'java/util/Iterator'
22:26:26.609 DEBUG com.tngtech.archunit.core.importer.JavaClassProcessor.visit(104) - Processing class 'java/util/function/Consumer'
22:26:26.609 DEBUG com.tngtech.archunit.core.importer.JavaClassProcessor.visit(104) - Processing class 'java/lang/InterruptedException'
22:26:26.610 DEBUG com.tngtech.archunit.core.importer.JavaClassProcessor.visit(104) - Processing class 'java/lang/Throwable'
22:26:26.612 DEBUG com.tngtech.archunit.core.importer.JavaClassProcessor.visit(104) - Processing class 'java/util/Comparator'
22:26:26.614 DEBUG com.tngtech.archunit.core.importer.JavaClassProcessor.visit(104) - Processing class 'java/io/ObjectStreamField'
22:26:26.615 DEBUG com.tngtech.archunit.core.importer.JavaClassProcessor.visit(104) - Processing class 'java/nio/charset/Charset'
22:26:26.617 DEBUG com.tngtech.archunit.core.importer.JavaClassProcessor.visit(104) - Processing class 'java/io/UnsupportedEncodingException'
22:26:26.620 DEBUG com.tngtech.archunit.core.importer.JavaClassProcessor.visit(104) - Processing class 'java/util/Locale'
22:26:26.625 DEBUG com.tngtech.archunit.core.importer.JavaClassProcessor.visit(104) - Processing class 'java/lang/Void'
22:26:26.626 DEBUG com.tngtech.archunit.core.importer.JavaClassProcessor.visit(104) - Processing class 'java/lang/foreign/MemorySegment'
22:26:26.629 DEBUG com.tngtech.archunit.core.importer.JavaClassProcessor.visit(104) - Processing class 'java/lang/StringBuffer'
22:26:26.633 DEBUG com.tngtech.archunit.core.importer.JavaClassProcessor.visit(104) - Processing class 'java/util/function/Function'
22:26:26.636 DEBUG com.tngtech.archunit.core.importer.JavaClassProcessor.visit(104) - Processing class 'java/nio/charset/CharacterCodingException'
22:26:26.637 DEBUG com.tngtech.archunit.core.importer.JavaClassProcessor.visit(104) - Processing class 'java/lang/AbstractStringBuilder'
22:26:26.640 DEBUG com.tngtech.archunit.core.importer.JavaClassProcessor.visit(104) - Processing class 'java/util/stream/Stream'
22:26:26.643 DEBUG com.tngtech.archunit.core.importer.JavaClassProcessor.visit(104) - Processing class 'java/nio/charset/CharsetDecoder'
22:26:26.646 DEBUG com.tngtech.archunit.core.importer.JavaClassProcessor.visit(104) - Processing class 'java/lang/StringBuilder'
22:26:26.652 DEBUG com.tngtech.archunit.core.importer.JavaClassProcessor.visit(104) - Processing class 'java/lang/constant/DirectMethodHandleDesc'
22:26:26.655 DEBUG com.tngtech.archunit.core.importer.JavaClassProcessor.visit(104) - Processing class 'java/math/BigInteger'
22:26:26.669 DEBUG com.tngtech.archunit.core.importer.JavaClassProcessor.visit(104) - Processing class 'java/math/MathContext'
22:26:26.670 DEBUG com.tngtech.archunit.core.importer.JavaClassProcessor.visit(104) - Processing class 'java/io/ObjectOutputStream'
22:26:26.674 DEBUG com.tngtech.archunit.core.importer.JavaClassProcessor.visit(104) - Processing class 'java/math/MutableBigInteger'
22:26:26.682 DEBUG com.tngtech.archunit.core.importer.JavaClassProcessor.visit(104) - Processing class 'java/math/RoundingMode'
22:26:26.686 DEBUG com.tngtech.archunit.core.importer.JavaClassProcessor.visit(104) - Processing class 'java/util/function/Predicate'
22:26:26.688 DEBUG com.tngtech.archunit.core.importer.JavaClassProcessor.visit(104) - Processing class 'java/util/function/IntFunction'
22:26:26.689 DEBUG com.tngtech.archunit.core.importer.JavaClassProcessor.visit(104) - Processing class 'java/util/ListIterator'
22:26:26.691 DEBUG com.tngtech.archunit.core.importer.JavaClassProcessor.visit(104) - Processing class 'java/util/function/UnaryOperator'
22:26:26.694 DEBUG com.tngtech.archunit.core.importer.JavaClassProcessor.visit(104) - Processing class 'javafx/beans/InvalidationListener'
22:26:26.696 DEBUG com.tngtech.archunit.core.importer.JavaClassProcessor.visit(104) - Processing class 'javafx/util/Subscription'
22:26:26.697 DEBUG com.tngtech.archunit.core.importer.JavaClassProcessor.visit(104) - Processing class 'java/lang/Runnable'
22:26:26.699 DEBUG com.tngtech.archunit.core.importer.JavaClassProcessor.visit(104) - Processing class 'javafx/beans/binding/BooleanBinding'
22:26:26.702 DEBUG com.tngtech.archunit.core.importer.JavaClassProcessor.visit(104) - Processing class 'javafx/beans/binding/StringBinding'
22:26:26.706 DEBUG com.tngtech.archunit.core.importer.JavaClassProcessor.visit(104) - Processing class 'javafx/beans/binding/NumberBinding'
22:26:26.708 DEBUG com.tngtech.archunit.core.importer.JavaClassProcessor.visit(104) - Processing class 'javafx/beans/binding/FloatBinding'
22:26:26.710 DEBUG com.tngtech.archunit.core.importer.JavaClassProcessor.visit(104) - Processing class 'javafx/beans/binding/IntegerBinding'
22:26:26.713 DEBUG com.tngtech.archunit.core.importer.JavaClassProcessor.visit(104) - Processing class 'javafx/beans/binding/DoubleBinding'
22:26:26.716 DEBUG com.tngtech.archunit.core.importer.JavaClassProcessor.visit(104) - Processing class 'javafx/beans/binding/LongBinding'
22:26:26.719 DEBUG com.tngtech.archunit.core.importer.JavaClassProcessor.visit(104) - Processing class 'javafx/beans/binding/ObjectBinding'
22:26:26.728 DEBUG com.tngtech.archunit.core.importer.JavaClassProcessor.visit(104) - Processing class 'com/sun/javafx/binding/ExpressionHelper'
22:26:26.731 DEBUG com.tngtech.archunit.core.importer.JavaClassProcessor.visit(104) - Processing class 'javafx/beans/value/ChangeListener'
22:26:26.736 DEBUG com.tngtech.archunit.core.importer.JavaClassProcessor.visit(104) - Processing class 'javafx/beans/property/ListPropertyBase$SizeProperty'
22:26:26.738 DEBUG com.tngtech.archunit.core.importer.JavaClassProcessor.visit(104) - Processing class 'com/sun/javafx/binding/ListExpressionHelper'
22:26:26.742 DEBUG com.tngtech.archunit.core.importer.JavaClassProcessor.visit(104) - Processing class 'javafx/collections/ListChangeListener'
22:26:26.745 DEBUG com.tngtech.archunit.core.importer.JavaClassProcessor.visit(104) - Processing class 'javafx/beans/property/ListPropertyBase$EmptyProperty'
22:26:26.748 DEBUG com.tngtech.archunit.core.importer.JavaClassProcessor.visit(104) - Processing class 'javafx/collections/ListChangeListener$Change'
22:26:26.758 DEBUG com.tngtech.archunit.core.importer.JavaClassProcessor.visit(104) - Processing class 'java/text/Format'
22:26:26.766 DEBUG com.tngtech.archunit.core.importer.JavaClassProcessor.visit(104) - Processing class 'javafx/util/StringConverter'
22:26:26.770 DEBUG com.tngtech.archunit.core.importer.JavaClassProcessor.visit(104) - Processing class 'java/util/function/BiConsumer'
22:26:26.774 DEBUG com.tngtech.archunit.core.importer.JavaClassProcessor.visit(104) - Processing class 'javafx/collections/transformation/FilteredList'
22:26:26.781 DEBUG com.tngtech.archunit.core.importer.JavaClassProcessor.visit(104) - Processing class 'javafx/collections/transformation/SortedList'
22:26:26.862 DEBUG de.ruu.lib.gen.java.CompilationUnitFileWriter$CompilationUnitFileWriterAbstract.write(75) - wrote C:\Users\r-uu\develop\github\codespace\r-uu\lib\gen\java\fx\tableview\.\src\gen\java\de\ruu\lib\gen\java\fx\tableview\demo\FXTableViewConfigurator.java
]]></system-out>
  </testcase>
</testsuite>