<?xml version="1.0" encoding="UTF-8"?>
<testsuite xmlns:xsi="http://www.w3.org/2001/XMLSchema-instance" xsi:noNamespaceSchemaLocation="https://maven.apache.org/surefire/maven-surefire-plugin/xsd/surefire-test-report.xsd" version="3.0.2" name="de.ruu.lib.gen.java.fx.tableview.GeneratorFXTableViewConfiguratorTest" time="1.201" tests="1" errors="0" skipped="0" failures="0">
  <properties>
    <property name="java.specification.version" value="24"/>
    <property name="sun.cpu.isalist" value="amd64"/>
    <property name="sun.jnu.encoding" value="Cp1252"/>
    <property name="java.class.path" value="C:\Users\r-uu\develop\github\codespace\r-uu\lib\gen\java\fx\tableview\target\test-classes;C:\Users\r-uu\develop\github\codespace\r-uu\lib\gen\java\fx\tableview\target\classes;C:\Users\r-uu\.m2\repository\org\jboss\weld\se\weld-se-core\6.0.3.Final\weld-se-core-6.0.3.Final.jar;C:\Users\r-uu\.m2\repository\org\jboss\weld\environment\weld-environment-common\6.0.3.Final\weld-environment-common-6.0.3.Final.jar;C:\Users\r-uu\.m2\repository\org\jboss\weld\weld-core-impl\6.0.3.Final\weld-core-impl-6.0.3.Final.jar;C:\Users\r-uu\.m2\repository\org\jboss\weld\weld-api\6.0.Final\weld-api-6.0.Final.jar;C:\Users\r-uu\.m2\repository\jakarta\enterprise\jakarta.enterprise.cdi-el-api\4.1.0\jakarta.enterprise.cdi-el-api-4.1.0.jar;C:\Users\r-uu\.m2\repository\org\jboss\weld\weld-spi\6.0.Final\weld-spi-6.0.Final.jar;C:\Users\r-uu\.m2\repository\org\jboss\logging\jboss-logging\3.6.1.Final\jboss-logging-3.6.1.Final.jar;C:\Users\r-uu\.m2\repository\org\jboss\weld\weld-lite-extension-translator\6.0.3.Final\weld-lite-extension-translator-6.0.3.Final.jar;C:\Users\r-uu\.m2\repository\org\jboss\logging\jboss-logging-processor\3.0.4.Final\jboss-logging-processor-3.0.4.Final.jar;C:\Users\r-uu\.m2\repository\org\jboss\logging\jboss-logging-annotations\3.0.4.Final\jboss-logging-annotations-3.0.4.Final.jar;C:\Users\r-uu\.m2\repository\org\jboss\jdeparser\jdeparser\2.0.3.Final\jdeparser-2.0.3.Final.jar;C:\Users\r-uu\.m2\repository\jakarta\enterprise\jakarta.enterprise.cdi-api\4.1.0\jakarta.enterprise.cdi-api-4.1.0.jar;C:\Users\r-uu\.m2\repository\jakarta\enterprise\jakarta.enterprise.lang-model\4.1.0\jakarta.enterprise.lang-model-4.1.0.jar;C:\Users\r-uu\.m2\repository\org\jboss\classfilewriter\jboss-classfilewriter\1.3.1.Final\jboss-classfilewriter-1.3.1.Final.jar;C:\Users\r-uu\.m2\repository\org\projectlombok\lombok\1.18.38\lombok-1.18.38.jar;C:\Users\r-uu\develop\github\codespace\r-uu\lib\archunit\target\r-uu.codespace.lib.archunit-0.0.1.jar;C:\Users\r-uu\.m2\repository\com\tngtech\archunit\archunit\1.4.1\archunit-1.4.1.jar;C:\Users\r-uu\.m2\repository\org\apache\logging\log4j\log4j-slf4j2-impl\2.24.1\log4j-slf4j2-impl-2.24.1.jar;C:\Users\r-uu\.m2\repository\org\apache\logging\log4j\log4j-api\2.24.1\log4j-api-2.24.1.jar;C:\Users\r-uu\.m2\repository\org\apache\logging\log4j\log4j-core\2.24.1\log4j-core-2.24.1.jar;C:\Users\r-uu\develop\github\codespace\r-uu\lib\cdi\common\target\r-uu.codespace.lib.cdi.common-0.0.1.jar;C:\Users\r-uu\develop\github\codespace\r-uu\lib\cdi\se\target\r-uu.codespace.lib.cdi.se-0.0.1.jar;C:\Users\r-uu\.m2\repository\jakarta\el\jakarta.el-api\6.0.1\jakarta.el-api-6.0.1.jar;C:\Users\r-uu\.m2\repository\jakarta\inject\jakarta.inject-api\2.0.1\jakarta.inject-api-2.0.1.jar;C:\Users\r-uu\.m2\repository\jakarta\interceptor\jakarta.interceptor-api\2.2.0\jakarta.interceptor-api-2.2.0.jar;C:\Users\r-uu\develop\github\codespace\r-uu\lib\gen\core\target\r-uu.codespace.lib.gen.core-0.0.1.jar;C:\Users\r-uu\.m2\repository\org\eclipse\microprofile\config\microprofile-config-api\3.0.2\microprofile-config-api-3.0.2.jar;C:\Users\r-uu\develop\github\codespace\r-uu\lib\gen\java\core\target\r-uu.codespace.lib.gen.java.core-0.0.1.jar;C:\Users\r-uu\develop\github\codespace\r-uu\lib\gen\java\fx\bean\target\r-uu.codespace.lib.gen.java.fx.bean-0.0.1.jar;C:\Users\r-uu\develop\github\codespace\r-uu\lib\util\target\r-uu.codespace.lib.util-0.0.1.jar;C:\Users\r-uu\.m2\repository\jakarta\annotation\jakarta.annotation-api\3.0.0\jakarta.annotation-api-3.0.0.jar;C:\Users\r-uu\.m2\repository\jakarta\ws\rs\jakarta.ws.rs-api\4.0.0\jakarta.ws.rs-api-4.0.0.jar;C:\Users\r-uu\.m2\repository\org\slf4j\slf4j-api\2.0.16\slf4j-api-2.0.16.jar;C:\Users\r-uu\.m2\repository\org\hamcrest\hamcrest\3.0\hamcrest-3.0.jar;C:\Users\r-uu\.m2\repository\org\junit\jupiter\junit-jupiter-api\5.11.4\junit-jupiter-api-5.11.4.jar;C:\Users\r-uu\.m2\repository\org\opentest4j\opentest4j\1.3.0\opentest4j-1.3.0.jar;C:\Users\r-uu\.m2\repository\org\junit\platform\junit-platform-commons\1.11.4\junit-platform-commons-1.11.4.jar;C:\Users\r-uu\.m2\repository\org\apiguardian\apiguardian-api\1.1.2\apiguardian-api-1.1.2.jar;C:\Users\r-uu\.m2\repository\org\openjfx\javafx-controls\24.0.2\javafx-controls-24.0.2.jar;C:\Users\r-uu\.m2\repository\org\openjfx\javafx-controls\24.0.2\javafx-controls-24.0.2-win.jar;C:\Users\r-uu\.m2\repository\org\openjfx\javafx-graphics\24.0.2\javafx-graphics-24.0.2.jar;C:\Users\r-uu\.m2\repository\org\openjfx\javafx-graphics\24.0.2\javafx-graphics-24.0.2-win.jar;C:\Users\r-uu\.m2\repository\org\openjfx\javafx-base\24.0.2\javafx-base-24.0.2.jar;C:\Users\r-uu\.m2\repository\org\openjfx\javafx-base\24.0.2\javafx-base-24.0.2-win.jar;C:\Users\r-uu\.m2\repository\org\openjfx\javafx-fxml\24.0.2\javafx-fxml-24.0.2.jar;C:\Users\r-uu\.m2\repository\org\openjfx\javafx-fxml\24.0.2\javafx-fxml-24.0.2-win.jar;"/>
    <property name="java.vm.vendor" value="Oracle Corporation"/>
    <property name="sun.arch.data.model" value="64"/>
    <property name="user.variant" value=""/>
    <property name="java.vendor.url" value="https://java.oracle.com/"/>
    <property name="user.timezone" value="Europe/Berlin"/>
    <property name="os.name" value="Windows 11"/>
    <property name="java.vm.specification.version" value="24"/>
    <property name="sun.java.launcher" value="SUN_STANDARD"/>
    <property name="user.country" value="DE"/>
    <property name="sun.boot.library.path" value="c:\software\develop\java\jdk\bin"/>
    <property name="sun.java.command" value="C:\Users\r-uu\AppData\Local\Temp\surefire15791373789678257689\surefirebooter-20250923202419552_58.jar C:\Users\r-uu\AppData\Local\Temp\surefire15791373789678257689 2025-09-23T20-22-43_478-jvmRun1 surefire-20250923202419552_56tmp surefire_10-20250923202419552_57tmp"/>
    <property name="jdk.debug" value="release"/>
    <property name="surefire.test.class.path" value="C:\Users\r-uu\develop\github\codespace\r-uu\lib\gen\java\fx\tableview\target\test-classes;C:\Users\r-uu\develop\github\codespace\r-uu\lib\gen\java\fx\tableview\target\classes;C:\Users\r-uu\.m2\repository\org\jboss\weld\se\weld-se-core\6.0.3.Final\weld-se-core-6.0.3.Final.jar;C:\Users\r-uu\.m2\repository\org\jboss\weld\environment\weld-environment-common\6.0.3.Final\weld-environment-common-6.0.3.Final.jar;C:\Users\r-uu\.m2\repository\org\jboss\weld\weld-core-impl\6.0.3.Final\weld-core-impl-6.0.3.Final.jar;C:\Users\r-uu\.m2\repository\org\jboss\weld\weld-api\6.0.Final\weld-api-6.0.Final.jar;C:\Users\r-uu\.m2\repository\jakarta\enterprise\jakarta.enterprise.cdi-el-api\4.1.0\jakarta.enterprise.cdi-el-api-4.1.0.jar;C:\Users\r-uu\.m2\repository\org\jboss\weld\weld-spi\6.0.Final\weld-spi-6.0.Final.jar;C:\Users\r-uu\.m2\repository\org\jboss\logging\jboss-logging\3.6.1.Final\jboss-logging-3.6.1.Final.jar;C:\Users\r-uu\.m2\repository\org\jboss\weld\weld-lite-extension-translator\6.0.3.Final\weld-lite-extension-translator-6.0.3.Final.jar;C:\Users\r-uu\.m2\repository\org\jboss\logging\jboss-logging-processor\3.0.4.Final\jboss-logging-processor-3.0.4.Final.jar;C:\Users\r-uu\.m2\repository\org\jboss\logging\jboss-logging-annotations\3.0.4.Final\jboss-logging-annotations-3.0.4.Final.jar;C:\Users\r-uu\.m2\repository\org\jboss\jdeparser\jdeparser\2.0.3.Final\jdeparser-2.0.3.Final.jar;C:\Users\r-uu\.m2\repository\jakarta\enterprise\jakarta.enterprise.cdi-api\4.1.0\jakarta.enterprise.cdi-api-4.1.0.jar;C:\Users\r-uu\.m2\repository\jakarta\enterprise\jakarta.enterprise.lang-model\4.1.0\jakarta.enterprise.lang-model-4.1.0.jar;C:\Users\r-uu\.m2\repository\org\jboss\classfilewriter\jboss-classfilewriter\1.3.1.Final\jboss-classfilewriter-1.3.1.Final.jar;C:\Users\r-uu\.m2\repository\org\projectlombok\lombok\1.18.38\lombok-1.18.38.jar;C:\Users\r-uu\develop\github\codespace\r-uu\lib\archunit\target\r-uu.codespace.lib.archunit-0.0.1.jar;C:\Users\r-uu\.m2\repository\com\tngtech\archunit\archunit\1.4.1\archunit-1.4.1.jar;C:\Users\r-uu\.m2\repository\org\apache\logging\log4j\log4j-slf4j2-impl\2.24.1\log4j-slf4j2-impl-2.24.1.jar;C:\Users\r-uu\.m2\repository\org\apache\logging\log4j\log4j-api\2.24.1\log4j-api-2.24.1.jar;C:\Users\r-uu\.m2\repository\org\apache\logging\log4j\log4j-core\2.24.1\log4j-core-2.24.1.jar;C:\Users\r-uu\develop\github\codespace\r-uu\lib\cdi\common\target\r-uu.codespace.lib.cdi.common-0.0.1.jar;C:\Users\r-uu\develop\github\codespace\r-uu\lib\cdi\se\target\r-uu.codespace.lib.cdi.se-0.0.1.jar;C:\Users\r-uu\.m2\repository\jakarta\el\jakarta.el-api\6.0.1\jakarta.el-api-6.0.1.jar;C:\Users\r-uu\.m2\repository\jakarta\inject\jakarta.inject-api\2.0.1\jakarta.inject-api-2.0.1.jar;C:\Users\r-uu\.m2\repository\jakarta\interceptor\jakarta.interceptor-api\2.2.0\jakarta.interceptor-api-2.2.0.jar;C:\Users\r-uu\develop\github\codespace\r-uu\lib\gen\core\target\r-uu.codespace.lib.gen.core-0.0.1.jar;C:\Users\r-uu\.m2\repository\org\eclipse\microprofile\config\microprofile-config-api\3.0.2\microprofile-config-api-3.0.2.jar;C:\Users\r-uu\develop\github\codespace\r-uu\lib\gen\java\core\target\r-uu.codespace.lib.gen.java.core-0.0.1.jar;C:\Users\r-uu\develop\github\codespace\r-uu\lib\gen\java\fx\bean\target\r-uu.codespace.lib.gen.java.fx.bean-0.0.1.jar;C:\Users\r-uu\develop\github\codespace\r-uu\lib\util\target\r-uu.codespace.lib.util-0.0.1.jar;C:\Users\r-uu\.m2\repository\jakarta\annotation\jakarta.annotation-api\3.0.0\jakarta.annotation-api-3.0.0.jar;C:\Users\r-uu\.m2\repository\jakarta\ws\rs\jakarta.ws.rs-api\4.0.0\jakarta.ws.rs-api-4.0.0.jar;C:\Users\r-uu\.m2\repository\org\slf4j\slf4j-api\2.0.16\slf4j-api-2.0.16.jar;C:\Users\r-uu\.m2\repository\org\hamcrest\hamcrest\3.0\hamcrest-3.0.jar;C:\Users\r-uu\.m2\repository\org\junit\jupiter\junit-jupiter-api\5.11.4\junit-jupiter-api-5.11.4.jar;C:\Users\r-uu\.m2\repository\org\opentest4j\opentest4j\1.3.0\opentest4j-1.3.0.jar;C:\Users\r-uu\.m2\repository\org\junit\platform\junit-platform-commons\1.11.4\junit-platform-commons-1.11.4.jar;C:\Users\r-uu\.m2\repository\org\apiguardian\apiguardian-api\1.1.2\apiguardian-api-1.1.2.jar;C:\Users\r-uu\.m2\repository\org\openjfx\javafx-controls\24.0.2\javafx-controls-24.0.2.jar;C:\Users\r-uu\.m2\repository\org\openjfx\javafx-controls\24.0.2\javafx-controls-24.0.2-win.jar;C:\Users\r-uu\.m2\repository\org\openjfx\javafx-graphics\24.0.2\javafx-graphics-24.0.2.jar;C:\Users\r-uu\.m2\repository\org\openjfx\javafx-graphics\24.0.2\javafx-graphics-24.0.2-win.jar;C:\Users\r-uu\.m2\repository\org\openjfx\javafx-base\24.0.2\javafx-base-24.0.2.jar;C:\Users\r-uu\.m2\repository\org\openjfx\javafx-base\24.0.2\javafx-base-24.0.2-win.jar;C:\Users\r-uu\.m2\repository\org\openjfx\javafx-fxml\24.0.2\javafx-fxml-24.0.2.jar;C:\Users\r-uu\.m2\repository\org\openjfx\javafx-fxml\24.0.2\javafx-fxml-24.0.2-win.jar;"/>
    <property name="sun.cpu.endian" value="little"/>
    <property name="user.home" value="C:\Users\r-uu"/>
    <property name="user.language" value="en"/>
    <property name="java.specification.vendor" value="Oracle Corporation"/>
    <property name="java.version.date" value="2025-07-15"/>
    <property name="java.home" value="c:\software\develop\java\jdk"/>
    <property name="file.separator" value="\"/>
    <property name="basedir" value="C:\Users\r-uu\develop\github\codespace\r-uu\lib\gen\java\fx\tableview"/>
    <property name="java.vm.compressedOopsMode" value="Zero based"/>
    <property name="jdk.internal.vm.ci.enabled" value="true"/>
    <property name="line.separator" value="&#10;"/>
    <property name="java.vm.specification.vendor" value="Oracle Corporation"/>
    <property name="java.specification.name" value="Java Platform API Specification"/>
    <property name="surefire.real.class.path" value="C:\Users\r-uu\AppData\Local\Temp\surefire15791373789678257689\surefirebooter-20250923202419552_58.jar"/>
    <property name="user.script" value=""/>
    <property name="sun.management.compiler" value="HotSpot 64-Bit Tiered Compilers"/>
    <property name="java.runtime.version" value="24.0.2+11-jvmci-b01"/>
    <property name="user.name" value="r-uu"/>
    <property name="stdout.encoding" value="Cp1252"/>
    <property name="path.separator" value=";"/>
    <property name="os.version" value="10.0"/>
    <property name="java.runtime.name" value="Java(TM) SE Runtime Environment"/>
    <property name="file.encoding" value="UTF-8"/>
    <property name="java.vm.name" value="Java HotSpot(TM) 64-Bit Server VM"/>
    <property name="java.vendor.version" value="Oracle GraalVM 24.0.2+11.1"/>
    <property name="localRepository" value="C:\Users\r-uu\.m2\repository"/>
    <property name="java.vendor.url.bug" value="https://bugreport.java.com/bugreport/"/>
    <property name="java.io.tmpdir" value="C:\Users\r-uu\AppData\Local\Temp\"/>
    <property name="java.version" value="24.0.2"/>
    <property name="user.dir" value="C:\Users\r-uu\develop\github\codespace\r-uu\lib\gen\java\fx\tableview"/>
    <property name="os.arch" value="amd64"/>
    <property name="java.vm.specification.name" value="Java Virtual Machine Specification"/>
    <property name="sun.os.patch.level" value=""/>
    <property name="native.encoding" value="Cp1252"/>
    <property name="java.library.path" value="c:\software\develop\java\jdk\bin;C:\WINDOWS\Sun\Java\bin;C:\WINDOWS\system32;C:\WINDOWS;C:\WINDOWS\system32;C:\WINDOWS;C:\WINDOWS\System32\Wbem;C:\WINDOWS\System32\WindowsPowerShell\v1.0\;C:\WINDOWS\System32\OpenSSH\;C:\Program Files\Git\cmd;C:\Users\r-uu\AppData\Local\Microsoft\WindowsApps;C:\Users\r-uu\AppData\Local\Programs\Microsoft VS Code\bin;C:\Users\r-uu\AppData\Local\GitHubDesktop\bin;C:\Program Files\JetBrains\IntelliJ IDEA Community Edition 2024.3.2.2\bin;C:\software\develop\build\maven\bin;C:\Users\r-uu\AppData\Roaming\Programs\Zero Install;C:\Users\r-uu\AppData\Local\Microsoft\WindowsApps;C:\Users\r-uu\AppData\Local\Flutter\bin;C:\Users\r-uu\AppData\Local\Programs\Windsurf\bin;C:\Users\r-uu\develop\github\codespace\config\shell\cmd;."/>
    <property name="java.vm.info" value="mixed mode, sharing"/>
    <property name="stderr.encoding" value="Cp1252"/>
    <property name="java.vendor" value="Oracle Corporation"/>
    <property name="java.vm.version" value="24.0.2+11-jvmci-b01"/>
    <property name="sun.io.unicode.encoding" value="UnicodeLittle"/>
    <property name="java.class.version" value="68.0"/>
  </properties>
  <testcase name="test" classname="de.ruu.lib.gen.java.fx.tableview.GeneratorFXTableViewConfiguratorTest" time="0.173">
    <system-out><![CDATA[20:24:20.353 INFO  com.tngtech.archunit.core.PluginLoader.get(68) - Detected Java version 24.0.2
20:24:20.357 DEBUG com.tngtech.archunit.core.PluginLoader.get(73) - Current Java version is compatible to JAVA_9 => Loading Plugin com.tngtech.archunit.core.importer.ModuleImportPlugin
20:24:20.368 DEBUG com.tngtech.archunit.core.importer.UrlSource$From.findUrlsForClassPathProperty(192) - Found URLs on sun.boot.class.path: []
20:24:20.373 DEBUG com.tngtech.archunit.core.importer.UrlSource$From.findUrlsForClassPathProperty(192) - Found URLs on java.class.path: [file:/C:/Users/r-uu/develop/github/codespace/r-uu/lib/gen/java/fx/tableview/target/test-classes/, file:/C:/Users/r-uu/develop/github/codespace/r-uu/lib/gen/java/fx/tableview/target/classes/, jar:file:/C:/Users/r-uu/.m2/repository/org/jboss/weld/se/weld-se-core/6.0.3.Final/weld-se-core-6.0.3.Final.jar!/, jar:file:/C:/Users/r-uu/.m2/repository/org/jboss/weld/environment/weld-environment-common/6.0.3.Final/weld-environment-common-6.0.3.Final.jar!/, jar:file:/C:/Users/r-uu/.m2/repository/org/jboss/weld/weld-core-impl/6.0.3.Final/weld-core-impl-6.0.3.Final.jar!/, jar:file:/C:/Users/r-uu/.m2/repository/org/jboss/weld/weld-api/6.0.Final/weld-api-6.0.Final.jar!/, jar:file:/C:/Users/r-uu/.m2/repository/jakarta/enterprise/jakarta.enterprise.cdi-el-api/4.1.0/jakarta.enterprise.cdi-el-api-4.1.0.jar!/, jar:file:/C:/Users/r-uu/.m2/repository/org/jboss/weld/weld-spi/6.0.Final/weld-spi-6.0.Final.jar!/, jar:file:/C:/Users/r-uu/.m2/repository/org/jboss/logging/jboss-logging/3.6.1.Final/jboss-logging-3.6.1.Final.jar!/, jar:file:/C:/Users/r-uu/.m2/repository/org/jboss/weld/weld-lite-extension-translator/6.0.3.Final/weld-lite-extension-translator-6.0.3.Final.jar!/, jar:file:/C:/Users/r-uu/.m2/repository/org/jboss/logging/jboss-logging-processor/3.0.4.Final/jboss-logging-processor-3.0.4.Final.jar!/, jar:file:/C:/Users/r-uu/.m2/repository/org/jboss/logging/jboss-logging-annotations/3.0.4.Final/jboss-logging-annotations-3.0.4.Final.jar!/, jar:file:/C:/Users/r-uu/.m2/repository/org/jboss/jdeparser/jdeparser/2.0.3.Final/jdeparser-2.0.3.Final.jar!/, jar:file:/C:/Users/r-uu/.m2/repository/jakarta/enterprise/jakarta.enterprise.cdi-api/4.1.0/jakarta.enterprise.cdi-api-4.1.0.jar!/, jar:file:/C:/Users/r-uu/.m2/repository/jakarta/enterprise/jakarta.enterprise.lang-model/4.1.0/jakarta.enterprise.lang-model-4.1.0.jar!/, jar:file:/C:/Users/r-uu/.m2/repository/org/jboss/classfilewriter/jboss-classfilewriter/1.3.1.Final/jboss-classfilewriter-1.3.1.Final.jar!/, jar:file:/C:/Users/r-uu/.m2/repository/org/projectlombok/lombok/1.18.38/lombok-1.18.38.jar!/, jar:file:/C:/Users/r-uu/develop/github/codespace/r-uu/lib/archunit/target/r-uu.codespace.lib.archunit-0.0.1.jar!/, jar:file:/C:/Users/r-uu/.m2/repository/com/tngtech/archunit/archunit/1.4.1/archunit-1.4.1.jar!/, jar:file:/C:/Users/r-uu/.m2/repository/org/apache/logging/log4j/log4j-slf4j2-impl/2.24.1/log4j-slf4j2-impl-2.24.1.jar!/, jar:file:/C:/Users/r-uu/.m2/repository/org/apache/logging/log4j/log4j-api/2.24.1/log4j-api-2.24.1.jar!/, jar:file:/C:/Users/r-uu/.m2/repository/org/apache/logging/log4j/log4j-core/2.24.1/log4j-core-2.24.1.jar!/, jar:file:/C:/Users/r-uu/develop/github/codespace/r-uu/lib/cdi/common/target/r-uu.codespace.lib.cdi.common-0.0.1.jar!/, jar:file:/C:/Users/r-uu/develop/github/codespace/r-uu/lib/cdi/se/target/r-uu.codespace.lib.cdi.se-0.0.1.jar!/, jar:file:/C:/Users/r-uu/.m2/repository/jakarta/el/jakarta.el-api/6.0.1/jakarta.el-api-6.0.1.jar!/, jar:file:/C:/Users/r-uu/.m2/repository/jakarta/inject/jakarta.inject-api/2.0.1/jakarta.inject-api-2.0.1.jar!/, jar:file:/C:/Users/r-uu/.m2/repository/jakarta/interceptor/jakarta.interceptor-api/2.2.0/jakarta.interceptor-api-2.2.0.jar!/, jar:file:/C:/Users/r-uu/develop/github/codespace/r-uu/lib/gen/core/target/r-uu.codespace.lib.gen.core-0.0.1.jar!/, jar:file:/C:/Users/r-uu/.m2/repository/org/eclipse/microprofile/config/microprofile-config-api/3.0.2/microprofile-config-api-3.0.2.jar!/, jar:file:/C:/Users/r-uu/develop/github/codespace/r-uu/lib/gen/java/core/target/r-uu.codespace.lib.gen.java.core-0.0.1.jar!/, jar:file:/C:/Users/r-uu/develop/github/codespace/r-uu/lib/gen/java/fx/bean/target/r-uu.codespace.lib.gen.java.fx.bean-0.0.1.jar!/, jar:file:/C:/Users/r-uu/develop/github/codespace/r-uu/lib/util/target/r-uu.codespace.lib.util-0.0.1.jar!/, jar:file:/C:/Users/r-uu/.m2/repository/jakarta/annotation/jakarta.annotation-api/3.0.0/jakarta.annotation-api-3.0.0.jar!/, jar:file:/C:/Users/r-uu/.m2/repository/jakarta/ws/rs/jakarta.ws.rs-api/4.0.0/jakarta.ws.rs-api-4.0.0.jar!/, jar:file:/C:/Users/r-uu/.m2/repository/org/slf4j/slf4j-api/2.0.16/slf4j-api-2.0.16.jar!/, jar:file:/C:/Users/r-uu/.m2/repository/org/hamcrest/hamcrest/3.0/hamcrest-3.0.jar!/, jar:file:/C:/Users/r-uu/.m2/repository/org/junit/jupiter/junit-jupiter-api/5.11.4/junit-jupiter-api-5.11.4.jar!/, jar:file:/C:/Users/r-uu/.m2/repository/org/opentest4j/opentest4j/1.3.0/opentest4j-1.3.0.jar!/, jar:file:/C:/Users/r-uu/.m2/repository/org/junit/platform/junit-platform-commons/1.11.4/junit-platform-commons-1.11.4.jar!/, jar:file:/C:/Users/r-uu/.m2/repository/org/apiguardian/apiguardian-api/1.1.2/apiguardian-api-1.1.2.jar!/, jar:file:/C:/Users/r-uu/.m2/repository/org/openjfx/javafx-controls/24.0.2/javafx-controls-24.0.2.jar!/, jar:file:/C:/Users/r-uu/.m2/repository/org/openjfx/javafx-controls/24.0.2/javafx-controls-24.0.2-win.jar!/, jar:file:/C:/Users/r-uu/.m2/repository/org/openjfx/javafx-graphics/24.0.2/javafx-graphics-24.0.2.jar!/, jar:file:/C:/Users/r-uu/.m2/repository/org/openjfx/javafx-graphics/24.0.2/javafx-graphics-24.0.2-win.jar!/, jar:file:/C:/Users/r-uu/.m2/repository/org/openjfx/javafx-base/24.0.2/javafx-base-24.0.2.jar!/, jar:file:/C:/Users/r-uu/.m2/repository/org/openjfx/javafx-base/24.0.2/javafx-base-24.0.2-win.jar!/, jar:file:/C:/Users/r-uu/.m2/repository/org/openjfx/javafx-fxml/24.0.2/javafx-fxml-24.0.2.jar!/, jar:file:/C:/Users/r-uu/.m2/repository/org/openjfx/javafx-fxml/24.0.2/javafx-fxml-24.0.2-win.jar!/]
20:24:20.618 DEBUG com.tngtech.archunit.ArchConfiguration.readProperties(89) - No configuration found in classpath at archunit.properties => Using default configuration
20:24:20.645 DEBUG com.tngtech.archunit.core.importer.JavaClassProcessor.visit(104) - Processing class 'de/ruu/lib/gen/java/fx/tableview/JavaModelDemo'
20:24:20.712 DEBUG com.tngtech.archunit.core.importer.JavaClassProcessor.visit(104) - Processing class 'java/math/BigDecimal'
20:24:20.748 DEBUG com.tngtech.archunit.core.importer.JavaClassProcessor.visit(104) - Processing class 'de/ruu/lib/gen/java/fx/bean/FXProperty'
20:24:20.751 DEBUG com.tngtech.archunit.core.importer.JavaClassProcessor.visit(104) - Processing class 'java/util/List'
20:24:20.759 DEBUG com.tngtech.archunit.core.importer.JavaClassProcessor.visit(104) - Processing class 'java/lang/String'
20:24:20.771 DEBUG com.tngtech.archunit.core.importer.JavaClassProcessor.visit(104) - Processing class 'java/lang/SafeVarargs'
20:24:20.772 DEBUG com.tngtech.archunit.core.importer.JavaClassProcessor.visit(104) - Processing class 'jdk/internal/vm/annotation/IntrinsicCandidate'
20:24:20.773 DEBUG com.tngtech.archunit.core.importer.JavaClassProcessor.visit(104) - Processing class 'jdk/internal/vm/annotation/ForceInline'
20:24:20.773 DEBUG com.tngtech.archunit.core.importer.JavaClassProcessor.visit(104) - Processing class 'java/lang/CharSequence'
20:24:20.774 DEBUG com.tngtech.archunit.core.importer.JavaClassProcessor.visit(104) - Processing class 'jdk/internal/vm/annotation/Stable'
20:24:20.775 DEBUG com.tngtech.archunit.core.importer.JavaClassProcessor.visit(104) - Processing class 'java/lang/Deprecated'
20:24:20.776 DEBUG com.tngtech.archunit.core.importer.JavaClassProcessor.visit(104) - Processing class 'java/lang/annotation/Target'
20:24:20.776 DEBUG com.tngtech.archunit.core.importer.JavaClassProcessor.visit(104) - Processing class 'java/lang/annotation/ElementType'
20:24:20.778 DEBUG com.tngtech.archunit.core.importer.JavaClassProcessor.visit(104) - Processing class 'java/io/Serializable'
20:24:20.778 DEBUG com.tngtech.archunit.core.importer.JavaClassProcessor.visit(104) - Processing class 'java/lang/constant/Constable'
20:24:20.779 DEBUG com.tngtech.archunit.core.importer.JavaClassProcessor.visit(104) - Processing class 'java/lang/constant/ConstantDesc'
20:24:20.780 DEBUG com.tngtech.archunit.core.importer.JavaClassProcessor.visit(104) - Processing class 'java/lang/annotation/Annotation'
20:24:20.780 DEBUG com.tngtech.archunit.core.importer.JavaClassProcessor.visit(104) - Processing class 'java/lang/Comparable'
20:24:20.781 DEBUG com.tngtech.archunit.core.importer.JavaClassProcessor.visit(104) - Processing class 'java/lang/Object'
20:24:20.781 DEBUG com.tngtech.archunit.core.importer.JavaClassProcessor.visit(104) - Processing class 'java/lang/Number'
20:24:20.782 DEBUG com.tngtech.archunit.core.importer.JavaClassProcessor.visit(104) - Processing class 'java/util/SequencedCollection'
20:24:20.783 DEBUG com.tngtech.archunit.core.importer.JavaClassProcessor.visit(104) - Processing class 'java/util/Collection'
20:24:20.783 DEBUG com.tngtech.archunit.core.importer.JavaClassProcessor.visit(104) - Processing class 'java/lang/annotation/Retention'
20:24:20.785 DEBUG com.tngtech.archunit.core.importer.JavaClassProcessor.visit(104) - Processing class 'java/lang/Enum'
20:24:20.786 DEBUG com.tngtech.archunit.core.importer.JavaClassProcessor.visit(104) - Processing class 'java/lang/annotation/Documented'
20:24:20.786 DEBUG com.tngtech.archunit.core.importer.JavaClassProcessor.visit(104) - Processing class 'java/lang/annotation/RetentionPolicy'
20:24:20.787 DEBUG com.tngtech.archunit.core.importer.JavaClassProcessor.visit(104) - Processing class 'java/lang/Iterable'
20:24:20.788 DEBUG com.tngtech.archunit.core.importer.JavaClassProcessor.visit(104) - Processing class 'java/lang/Enum$EnumDesc'
20:24:20.789 DEBUG com.tngtech.archunit.core.importer.JavaClassProcessor.visit(104) - Processing class 'java/lang/constant/DynamicConstantDesc'
20:24:20.807 DEBUG com.tngtech.archunit.core.importer.JavaClassProcessor.visit(104) - Processing class 'java/util/stream/IntStream'
20:24:20.816 DEBUG com.tngtech.archunit.core.importer.JavaClassProcessor.visit(104) - Processing class 'java/lang/Class'
20:24:20.825 DEBUG com.tngtech.archunit.core.importer.JavaClassProcessor.visit(104) - Processing class 'java/util/Optional'
20:24:20.828 DEBUG com.tngtech.archunit.core.importer.JavaClassProcessor.visit(104) - Processing class 'java/io/ObjectStreamException'
20:24:20.829 DEBUG com.tngtech.archunit.core.importer.JavaClassProcessor.visit(104) - Processing class 'java/io/ObjectInputStream'
20:24:20.834 DEBUG com.tngtech.archunit.core.importer.JavaClassProcessor.visit(104) - Processing class 'java/io/IOException'
20:24:20.834 DEBUG com.tngtech.archunit.core.importer.JavaClassProcessor.visit(104) - Processing class 'java/lang/ClassNotFoundException'
20:24:20.835 DEBUG com.tngtech.archunit.core.importer.JavaClassProcessor.visit(104) - Processing class 'java/lang/CloneNotSupportedException'
20:24:20.837 DEBUG com.tngtech.archunit.core.importer.JavaClassProcessor.visit(104) - Processing class 'java/lang/constant/ClassDesc'
20:24:20.838 DEBUG com.tngtech.archunit.core.importer.JavaClassProcessor.visit(104) - Processing class 'java/lang/invoke/MethodHandles$Lookup'
20:24:20.841 DEBUG com.tngtech.archunit.core.importer.JavaClassProcessor.visit(104) - Processing class 'java/lang/ReflectiveOperationException'
20:24:20.842 DEBUG com.tngtech.archunit.core.importer.JavaClassProcessor.visit(104) - Processing class 'java/util/Iterator'
20:24:20.843 DEBUG com.tngtech.archunit.core.importer.JavaClassProcessor.visit(104) - Processing class 'java/util/function/Consumer'
20:24:20.844 DEBUG com.tngtech.archunit.core.importer.JavaClassProcessor.visit(104) - Processing class 'java/util/Spliterator'
20:24:20.847 DEBUG com.tngtech.archunit.core.importer.JavaClassProcessor.visit(104) - Processing class 'java/lang/InterruptedException'
20:24:20.849 DEBUG com.tngtech.archunit.core.importer.JavaClassProcessor.visit(104) - Processing class 'java/lang/Throwable'
20:24:20.853 DEBUG com.tngtech.archunit.core.importer.JavaClassProcessor.visit(104) - Processing class 'java/io/ObjectStreamField'
20:24:20.854 DEBUG com.tngtech.archunit.core.importer.JavaClassProcessor.visit(104) - Processing class 'java/util/Comparator'
20:24:20.856 DEBUG com.tngtech.archunit.core.importer.JavaClassProcessor.visit(104) - Processing class 'java/lang/foreign/MemorySegment'
20:24:20.858 DEBUG com.tngtech.archunit.core.importer.JavaClassProcessor.visit(104) - Processing class 'java/lang/StringBuffer'
20:24:20.859 DEBUG com.tngtech.archunit.core.importer.JavaClassProcessor.visit(104) - Processing class 'java/nio/charset/CharsetDecoder'
20:24:20.861 DEBUG com.tngtech.archunit.core.importer.JavaClassProcessor.visit(104) - Processing class 'java/nio/charset/CharacterCodingException'
20:24:20.873 DEBUG com.tngtech.archunit.core.importer.JavaClassProcessor.visit(104) - Processing class 'java/nio/charset/Charset'
20:24:20.875 DEBUG com.tngtech.archunit.core.importer.JavaClassProcessor.visit(104) - Processing class 'java/lang/AbstractStringBuilder'
20:24:20.878 DEBUG com.tngtech.archunit.core.importer.JavaClassProcessor.visit(104) - Processing class 'java/io/UnsupportedEncodingException'
20:24:20.879 DEBUG com.tngtech.archunit.core.importer.JavaClassProcessor.visit(104) - Processing class 'java/lang/Void'
20:24:20.880 DEBUG com.tngtech.archunit.core.importer.JavaClassProcessor.visit(104) - Processing class 'java/util/Locale'
20:24:20.884 DEBUG com.tngtech.archunit.core.importer.JavaClassProcessor.visit(104) - Processing class 'java/util/function/Function'
20:24:20.886 DEBUG com.tngtech.archunit.core.importer.JavaClassProcessor.visit(104) - Processing class 'java/util/stream/Stream'
20:24:20.889 DEBUG com.tngtech.archunit.core.importer.JavaClassProcessor.visit(104) - Processing class 'java/lang/StringBuilder'
20:24:20.904 DEBUG com.tngtech.archunit.core.importer.JavaClassProcessor.visit(104) - Processing class 'java/lang/constant/DirectMethodHandleDesc'
20:24:20.907 DEBUG com.tngtech.archunit.core.importer.JavaClassProcessor.visit(104) - Processing class 'java/math/BigInteger'
20:24:20.915 DEBUG com.tngtech.archunit.core.importer.JavaClassProcessor.visit(104) - Processing class 'java/math/MathContext'
20:24:20.916 DEBUG com.tngtech.archunit.core.importer.JavaClassProcessor.visit(104) - Processing class 'java/math/RoundingMode'
20:24:20.918 DEBUG com.tngtech.archunit.core.importer.JavaClassProcessor.visit(104) - Processing class 'java/math/MutableBigInteger'
20:24:20.923 DEBUG com.tngtech.archunit.core.importer.JavaClassProcessor.visit(104) - Processing class 'java/io/ObjectOutputStream'
20:24:20.926 DEBUG com.tngtech.archunit.core.importer.JavaClassProcessor.visit(104) - Processing class 'java/util/function/Predicate'
20:24:20.930 DEBUG com.tngtech.archunit.core.importer.JavaClassProcessor.visit(104) - Processing class 'java/util/function/IntFunction'
20:24:20.931 DEBUG com.tngtech.archunit.core.importer.JavaClassProcessor.visit(104) - Processing class 'java/util/ListIterator'
20:24:20.932 DEBUG com.tngtech.archunit.core.importer.JavaClassProcessor.visit(104) - Processing class 'java/util/function/UnaryOperator'
20:24:20.944 DEBUG com.tngtech.archunit.core.importer.UrlSource$From.findUrlsForClassPathProperty(192) - Found URLs on sun.boot.class.path: []
20:24:20.946 DEBUG com.tngtech.archunit.core.importer.UrlSource$From.findUrlsForClassPathProperty(192) - Found URLs on java.class.path: [file:/C:/Users/r-uu/develop/github/codespace/r-uu/lib/gen/java/fx/tableview/target/test-classes/, file:/C:/Users/r-uu/develop/github/codespace/r-uu/lib/gen/java/fx/tableview/target/classes/, jar:file:/C:/Users/r-uu/.m2/repository/org/jboss/weld/se/weld-se-core/6.0.3.Final/weld-se-core-6.0.3.Final.jar!/, jar:file:/C:/Users/r-uu/.m2/repository/org/jboss/weld/environment/weld-environment-common/6.0.3.Final/weld-environment-common-6.0.3.Final.jar!/, jar:file:/C:/Users/r-uu/.m2/repository/org/jboss/weld/weld-core-impl/6.0.3.Final/weld-core-impl-6.0.3.Final.jar!/, jar:file:/C:/Users/r-uu/.m2/repository/org/jboss/weld/weld-api/6.0.Final/weld-api-6.0.Final.jar!/, jar:file:/C:/Users/r-uu/.m2/repository/jakarta/enterprise/jakarta.enterprise.cdi-el-api/4.1.0/jakarta.enterprise.cdi-el-api-4.1.0.jar!/, jar:file:/C:/Users/r-uu/.m2/repository/org/jboss/weld/weld-spi/6.0.Final/weld-spi-6.0.Final.jar!/, jar:file:/C:/Users/r-uu/.m2/repository/org/jboss/logging/jboss-logging/3.6.1.Final/jboss-logging-3.6.1.Final.jar!/, jar:file:/C:/Users/r-uu/.m2/repository/org/jboss/weld/weld-lite-extension-translator/6.0.3.Final/weld-lite-extension-translator-6.0.3.Final.jar!/, jar:file:/C:/Users/r-uu/.m2/repository/org/jboss/logging/jboss-logging-processor/3.0.4.Final/jboss-logging-processor-3.0.4.Final.jar!/, jar:file:/C:/Users/r-uu/.m2/repository/org/jboss/logging/jboss-logging-annotations/3.0.4.Final/jboss-logging-annotations-3.0.4.Final.jar!/, jar:file:/C:/Users/r-uu/.m2/repository/org/jboss/jdeparser/jdeparser/2.0.3.Final/jdeparser-2.0.3.Final.jar!/, jar:file:/C:/Users/r-uu/.m2/repository/jakarta/enterprise/jakarta.enterprise.cdi-api/4.1.0/jakarta.enterprise.cdi-api-4.1.0.jar!/, jar:file:/C:/Users/r-uu/.m2/repository/jakarta/enterprise/jakarta.enterprise.lang-model/4.1.0/jakarta.enterprise.lang-model-4.1.0.jar!/, jar:file:/C:/Users/r-uu/.m2/repository/org/jboss/classfilewriter/jboss-classfilewriter/1.3.1.Final/jboss-classfilewriter-1.3.1.Final.jar!/, jar:file:/C:/Users/r-uu/.m2/repository/org/projectlombok/lombok/1.18.38/lombok-1.18.38.jar!/, jar:file:/C:/Users/r-uu/develop/github/codespace/r-uu/lib/archunit/target/r-uu.codespace.lib.archunit-0.0.1.jar!/, jar:file:/C:/Users/r-uu/.m2/repository/com/tngtech/archunit/archunit/1.4.1/archunit-1.4.1.jar!/, jar:file:/C:/Users/r-uu/.m2/repository/org/apache/logging/log4j/log4j-slf4j2-impl/2.24.1/log4j-slf4j2-impl-2.24.1.jar!/, jar:file:/C:/Users/r-uu/.m2/repository/org/apache/logging/log4j/log4j-api/2.24.1/log4j-api-2.24.1.jar!/, jar:file:/C:/Users/r-uu/.m2/repository/org/apache/logging/log4j/log4j-core/2.24.1/log4j-core-2.24.1.jar!/, jar:file:/C:/Users/r-uu/develop/github/codespace/r-uu/lib/cdi/common/target/r-uu.codespace.lib.cdi.common-0.0.1.jar!/, jar:file:/C:/Users/r-uu/develop/github/codespace/r-uu/lib/cdi/se/target/r-uu.codespace.lib.cdi.se-0.0.1.jar!/, jar:file:/C:/Users/r-uu/.m2/repository/jakarta/el/jakarta.el-api/6.0.1/jakarta.el-api-6.0.1.jar!/, jar:file:/C:/Users/r-uu/.m2/repository/jakarta/inject/jakarta.inject-api/2.0.1/jakarta.inject-api-2.0.1.jar!/, jar:file:/C:/Users/r-uu/.m2/repository/jakarta/interceptor/jakarta.interceptor-api/2.2.0/jakarta.interceptor-api-2.2.0.jar!/, jar:file:/C:/Users/r-uu/develop/github/codespace/r-uu/lib/gen/core/target/r-uu.codespace.lib.gen.core-0.0.1.jar!/, jar:file:/C:/Users/r-uu/.m2/repository/org/eclipse/microprofile/config/microprofile-config-api/3.0.2/microprofile-config-api-3.0.2.jar!/, jar:file:/C:/Users/r-uu/develop/github/codespace/r-uu/lib/gen/java/core/target/r-uu.codespace.lib.gen.java.core-0.0.1.jar!/, jar:file:/C:/Users/r-uu/develop/github/codespace/r-uu/lib/gen/java/fx/bean/target/r-uu.codespace.lib.gen.java.fx.bean-0.0.1.jar!/, jar:file:/C:/Users/r-uu/develop/github/codespace/r-uu/lib/util/target/r-uu.codespace.lib.util-0.0.1.jar!/, jar:file:/C:/Users/r-uu/.m2/repository/jakarta/annotation/jakarta.annotation-api/3.0.0/jakarta.annotation-api-3.0.0.jar!/, jar:file:/C:/Users/r-uu/.m2/repository/jakarta/ws/rs/jakarta.ws.rs-api/4.0.0/jakarta.ws.rs-api-4.0.0.jar!/, jar:file:/C:/Users/r-uu/.m2/repository/org/slf4j/slf4j-api/2.0.16/slf4j-api-2.0.16.jar!/, jar:file:/C:/Users/r-uu/.m2/repository/org/hamcrest/hamcrest/3.0/hamcrest-3.0.jar!/, jar:file:/C:/Users/r-uu/.m2/repository/org/junit/jupiter/junit-jupiter-api/5.11.4/junit-jupiter-api-5.11.4.jar!/, jar:file:/C:/Users/r-uu/.m2/repository/org/opentest4j/opentest4j/1.3.0/opentest4j-1.3.0.jar!/, jar:file:/C:/Users/r-uu/.m2/repository/org/junit/platform/junit-platform-commons/1.11.4/junit-platform-commons-1.11.4.jar!/, jar:file:/C:/Users/r-uu/.m2/repository/org/apiguardian/apiguardian-api/1.1.2/apiguardian-api-1.1.2.jar!/, jar:file:/C:/Users/r-uu/.m2/repository/org/openjfx/javafx-controls/24.0.2/javafx-controls-24.0.2.jar!/, jar:file:/C:/Users/r-uu/.m2/repository/org/openjfx/javafx-controls/24.0.2/javafx-controls-24.0.2-win.jar!/, jar:file:/C:/Users/r-uu/.m2/repository/org/openjfx/javafx-graphics/24.0.2/javafx-graphics-24.0.2.jar!/, jar:file:/C:/Users/r-uu/.m2/repository/org/openjfx/javafx-graphics/24.0.2/javafx-graphics-24.0.2-win.jar!/, jar:file:/C:/Users/r-uu/.m2/repository/org/openjfx/javafx-base/24.0.2/javafx-base-24.0.2.jar!/, jar:file:/C:/Users/r-uu/.m2/repository/org/openjfx/javafx-base/24.0.2/javafx-base-24.0.2-win.jar!/, jar:file:/C:/Users/r-uu/.m2/repository/org/openjfx/javafx-fxml/24.0.2/javafx-fxml-24.0.2.jar!/, jar:file:/C:/Users/r-uu/.m2/repository/org/openjfx/javafx-fxml/24.0.2/javafx-fxml-24.0.2-win.jar!/]
20:24:20.960 DEBUG com.tngtech.archunit.core.importer.JavaClassProcessor.visit(104) - Processing class 'de/ruu/lib/gen/java/fx/tableview/JavaModelDemoDTO'
20:24:20.964 DEBUG com.tngtech.archunit.core.importer.JavaClassProcessor.visit(104) - Processing class 'java/math/BigDecimal'
20:24:20.969 DEBUG com.tngtech.archunit.core.importer.JavaClassProcessor.visit(104) - Processing class 'java/util/List'
20:24:20.970 DEBUG com.tngtech.archunit.core.importer.JavaClassProcessor.visit(104) - Processing class 'lombok/Generated'
20:24:20.970 DEBUG com.tngtech.archunit.core.importer.JavaClassProcessor.visit(104) - Processing class 'java/lang/Object'
20:24:20.971 DEBUG com.tngtech.archunit.core.importer.JavaClassProcessor.visit(104) - Processing class 'java/lang/String'
20:24:20.973 DEBUG com.tngtech.archunit.core.importer.JavaClassProcessor.visit(104) - Processing class 'java/lang/SafeVarargs'
20:24:20.973 DEBUG com.tngtech.archunit.core.importer.JavaClassProcessor.visit(104) - Processing class 'jdk/internal/vm/annotation/IntrinsicCandidate'
20:24:20.974 DEBUG com.tngtech.archunit.core.importer.JavaClassProcessor.visit(104) - Processing class 'jdk/internal/vm/annotation/ForceInline'
20:24:20.974 DEBUG com.tngtech.archunit.core.importer.JavaClassProcessor.visit(104) - Processing class 'java/lang/CharSequence'
20:24:20.975 DEBUG com.tngtech.archunit.core.importer.JavaClassProcessor.visit(104) - Processing class 'jdk/internal/vm/annotation/Stable'
20:24:20.975 DEBUG com.tngtech.archunit.core.importer.JavaClassProcessor.visit(104) - Processing class 'java/lang/Deprecated'
20:24:20.975 DEBUG com.tngtech.archunit.core.importer.JavaClassProcessor.visit(104) - Processing class 'java/lang/annotation/Target'
20:24:20.976 DEBUG com.tngtech.archunit.core.importer.JavaClassProcessor.visit(104) - Processing class 'java/lang/annotation/ElementType'
20:24:20.976 DEBUG com.tngtech.archunit.core.importer.JavaClassProcessor.visit(104) - Processing class 'java/lang/annotation/Retention'
20:24:20.977 DEBUG com.tngtech.archunit.core.importer.JavaClassProcessor.visit(104) - Processing class 'java/io/Serializable'
20:24:20.978 DEBUG com.tngtech.archunit.core.importer.JavaClassProcessor.visit(104) - Processing class 'java/lang/constant/Constable'
20:24:20.978 DEBUG com.tngtech.archunit.core.importer.JavaClassProcessor.visit(104) - Processing class 'java/lang/constant/ConstantDesc'
20:24:20.979 DEBUG com.tngtech.archunit.core.importer.JavaClassProcessor.visit(104) - Processing class 'java/lang/annotation/Annotation'
20:24:20.979 DEBUG com.tngtech.archunit.core.importer.JavaClassProcessor.visit(104) - Processing class 'java/lang/Comparable'
20:24:20.979 DEBUG com.tngtech.archunit.core.importer.JavaClassProcessor.visit(104) - Processing class 'java/lang/Number'
20:24:20.980 DEBUG com.tngtech.archunit.core.importer.JavaClassProcessor.visit(104) - Processing class 'java/util/SequencedCollection'
20:24:20.980 DEBUG com.tngtech.archunit.core.importer.JavaClassProcessor.visit(104) - Processing class 'java/lang/annotation/RetentionPolicy'
20:24:20.980 DEBUG com.tngtech.archunit.core.importer.JavaClassProcessor.visit(104) - Processing class 'java/lang/Enum'
20:24:20.981 DEBUG com.tngtech.archunit.core.importer.JavaClassProcessor.visit(104) - Processing class 'java/util/Collection'
20:24:20.981 DEBUG com.tngtech.archunit.core.importer.JavaClassProcessor.visit(104) - Processing class 'java/lang/annotation/Documented'
20:24:20.981 DEBUG com.tngtech.archunit.core.importer.JavaClassProcessor.visit(104) - Processing class 'java/lang/Iterable'
20:24:20.982 DEBUG com.tngtech.archunit.core.importer.JavaClassProcessor.visit(104) - Processing class 'java/lang/Enum$EnumDesc'
20:24:20.982 DEBUG com.tngtech.archunit.core.importer.JavaClassProcessor.visit(104) - Processing class 'java/lang/constant/DynamicConstantDesc'
20:24:20.983 DEBUG com.tngtech.archunit.core.importer.JavaClassProcessor.visit(104) - Processing class 'java/util/stream/IntStream'
20:24:20.985 DEBUG com.tngtech.archunit.core.importer.JavaClassProcessor.visit(104) - Processing class 'java/io/ObjectInputStream'
20:24:20.986 DEBUG com.tngtech.archunit.core.importer.JavaClassProcessor.visit(104) - Processing class 'java/io/IOException'
20:24:20.987 DEBUG com.tngtech.archunit.core.importer.JavaClassProcessor.visit(104) - Processing class 'java/lang/ClassNotFoundException'
20:24:20.987 DEBUG com.tngtech.archunit.core.importer.JavaClassProcessor.visit(104) - Processing class 'java/util/Optional'
20:24:20.988 DEBUG com.tngtech.archunit.core.importer.JavaClassProcessor.visit(104) - Processing class 'java/io/ObjectStreamException'
20:24:20.988 DEBUG com.tngtech.archunit.core.importer.JavaClassProcessor.visit(104) - Processing class 'java/lang/Class'
20:24:20.990 DEBUG com.tngtech.archunit.core.importer.JavaClassProcessor.visit(104) - Processing class 'java/lang/CloneNotSupportedException'
20:24:20.991 DEBUG com.tngtech.archunit.core.importer.JavaClassProcessor.visit(104) - Processing class 'java/lang/invoke/MethodHandles$Lookup'
20:24:20.995 DEBUG com.tngtech.archunit.core.importer.JavaClassProcessor.visit(104) - Processing class 'java/lang/ReflectiveOperationException'
20:24:20.996 DEBUG com.tngtech.archunit.core.importer.JavaClassProcessor.visit(104) - Processing class 'java/lang/constant/ClassDesc'
20:24:20.997 DEBUG com.tngtech.archunit.core.importer.JavaClassProcessor.visit(104) - Processing class 'java/util/Iterator'
20:24:20.998 DEBUG com.tngtech.archunit.core.importer.JavaClassProcessor.visit(104) - Processing class 'java/util/function/Consumer'
20:24:20.999 DEBUG com.tngtech.archunit.core.importer.JavaClassProcessor.visit(104) - Processing class 'java/util/Spliterator'
20:24:21.000 DEBUG com.tngtech.archunit.core.importer.JavaClassProcessor.visit(104) - Processing class 'java/lang/InterruptedException'
20:24:21.000 DEBUG com.tngtech.archunit.core.importer.JavaClassProcessor.visit(104) - Processing class 'java/lang/Throwable'
20:24:21.001 DEBUG com.tngtech.archunit.core.importer.JavaClassProcessor.visit(104) - Processing class 'java/util/Comparator'
20:24:21.002 DEBUG com.tngtech.archunit.core.importer.JavaClassProcessor.visit(104) - Processing class 'java/io/ObjectStreamField'
20:24:21.003 DEBUG com.tngtech.archunit.core.importer.JavaClassProcessor.visit(104) - Processing class 'java/nio/charset/Charset'
20:24:21.004 DEBUG com.tngtech.archunit.core.importer.JavaClassProcessor.visit(104) - Processing class 'java/nio/charset/CharacterCodingException'
20:24:21.004 DEBUG com.tngtech.archunit.core.importer.JavaClassProcessor.visit(104) - Processing class 'java/io/UnsupportedEncodingException'
20:24:21.005 DEBUG com.tngtech.archunit.core.importer.JavaClassProcessor.visit(104) - Processing class 'java/util/Locale'
20:24:21.006 DEBUG com.tngtech.archunit.core.importer.JavaClassProcessor.visit(104) - Processing class 'java/util/stream/Stream'
20:24:21.008 DEBUG com.tngtech.archunit.core.importer.JavaClassProcessor.visit(104) - Processing class 'java/lang/AbstractStringBuilder'
20:24:21.009 DEBUG com.tngtech.archunit.core.importer.JavaClassProcessor.visit(104) - Processing class 'java/lang/foreign/MemorySegment'
20:24:21.010 DEBUG com.tngtech.archunit.core.importer.JavaClassProcessor.visit(104) - Processing class 'java/util/function/Function'
20:24:21.011 DEBUG com.tngtech.archunit.core.importer.JavaClassProcessor.visit(104) - Processing class 'java/lang/StringBuffer'
20:24:21.012 DEBUG com.tngtech.archunit.core.importer.JavaClassProcessor.visit(104) - Processing class 'java/lang/Void'
20:24:21.012 DEBUG com.tngtech.archunit.core.importer.JavaClassProcessor.visit(104) - Processing class 'java/nio/charset/CharsetDecoder'
20:24:21.013 DEBUG com.tngtech.archunit.core.importer.JavaClassProcessor.visit(104) - Processing class 'java/lang/StringBuilder'
20:24:21.015 DEBUG com.tngtech.archunit.core.importer.JavaClassProcessor.visit(104) - Processing class 'java/lang/constant/DirectMethodHandleDesc'
20:24:21.016 DEBUG com.tngtech.archunit.core.importer.JavaClassProcessor.visit(104) - Processing class 'java/math/BigInteger'
20:24:21.020 DEBUG com.tngtech.archunit.core.importer.JavaClassProcessor.visit(104) - Processing class 'java/math/MutableBigInteger'
20:24:21.021 DEBUG com.tngtech.archunit.core.importer.JavaClassProcessor.visit(104) - Processing class 'java/math/MathContext'
20:24:21.022 DEBUG com.tngtech.archunit.core.importer.JavaClassProcessor.visit(104) - Processing class 'java/math/RoundingMode'
20:24:21.023 DEBUG com.tngtech.archunit.core.importer.JavaClassProcessor.visit(104) - Processing class 'java/io/ObjectOutputStream'
20:24:21.026 DEBUG com.tngtech.archunit.core.importer.JavaClassProcessor.visit(104) - Processing class 'java/util/function/IntFunction'
20:24:21.027 DEBUG com.tngtech.archunit.core.importer.JavaClassProcessor.visit(104) - Processing class 'java/util/function/Predicate'
20:24:21.028 DEBUG com.tngtech.archunit.core.importer.JavaClassProcessor.visit(104) - Processing class 'java/util/ListIterator'
20:24:21.029 DEBUG com.tngtech.archunit.core.importer.JavaClassProcessor.visit(104) - Processing class 'java/util/function/UnaryOperator'
20:24:21.076 DEBUG de.ruu.lib.gen.java.CompilationUnitFileWriter$CompilationUnitFileWriterAbstract.write(75) - wrote C:\Users\r-uu\develop\github\codespace\r-uu\lib\gen\java\fx\tableview\.\src\gen\java\de\ruu\lib\gen\java\fx\tableview\demo\FXModelDemo.java
20:24:21.089 DEBUG com.tngtech.archunit.core.importer.UrlSource$From.findUrlsForClassPathProperty(192) - Found URLs on sun.boot.class.path: []
20:24:21.093 DEBUG com.tngtech.archunit.core.importer.UrlSource$From.findUrlsForClassPathProperty(192) - Found URLs on java.class.path: [file:/C:/Users/r-uu/develop/github/codespace/r-uu/lib/gen/java/fx/tableview/target/test-classes/, file:/C:/Users/r-uu/develop/github/codespace/r-uu/lib/gen/java/fx/tableview/target/classes/, jar:file:/C:/Users/r-uu/.m2/repository/org/jboss/weld/se/weld-se-core/6.0.3.Final/weld-se-core-6.0.3.Final.jar!/, jar:file:/C:/Users/r-uu/.m2/repository/org/jboss/weld/environment/weld-environment-common/6.0.3.Final/weld-environment-common-6.0.3.Final.jar!/, jar:file:/C:/Users/r-uu/.m2/repository/org/jboss/weld/weld-core-impl/6.0.3.Final/weld-core-impl-6.0.3.Final.jar!/, jar:file:/C:/Users/r-uu/.m2/repository/org/jboss/weld/weld-api/6.0.Final/weld-api-6.0.Final.jar!/, jar:file:/C:/Users/r-uu/.m2/repository/jakarta/enterprise/jakarta.enterprise.cdi-el-api/4.1.0/jakarta.enterprise.cdi-el-api-4.1.0.jar!/, jar:file:/C:/Users/r-uu/.m2/repository/org/jboss/weld/weld-spi/6.0.Final/weld-spi-6.0.Final.jar!/, jar:file:/C:/Users/r-uu/.m2/repository/org/jboss/logging/jboss-logging/3.6.1.Final/jboss-logging-3.6.1.Final.jar!/, jar:file:/C:/Users/r-uu/.m2/repository/org/jboss/weld/weld-lite-extension-translator/6.0.3.Final/weld-lite-extension-translator-6.0.3.Final.jar!/, jar:file:/C:/Users/r-uu/.m2/repository/org/jboss/logging/jboss-logging-processor/3.0.4.Final/jboss-logging-processor-3.0.4.Final.jar!/, jar:file:/C:/Users/r-uu/.m2/repository/org/jboss/logging/jboss-logging-annotations/3.0.4.Final/jboss-logging-annotations-3.0.4.Final.jar!/, jar:file:/C:/Users/r-uu/.m2/repository/org/jboss/jdeparser/jdeparser/2.0.3.Final/jdeparser-2.0.3.Final.jar!/, jar:file:/C:/Users/r-uu/.m2/repository/jakarta/enterprise/jakarta.enterprise.cdi-api/4.1.0/jakarta.enterprise.cdi-api-4.1.0.jar!/, jar:file:/C:/Users/r-uu/.m2/repository/jakarta/enterprise/jakarta.enterprise.lang-model/4.1.0/jakarta.enterprise.lang-model-4.1.0.jar!/, jar:file:/C:/Users/r-uu/.m2/repository/org/jboss/classfilewriter/jboss-classfilewriter/1.3.1.Final/jboss-classfilewriter-1.3.1.Final.jar!/, jar:file:/C:/Users/r-uu/.m2/repository/org/projectlombok/lombok/1.18.38/lombok-1.18.38.jar!/, jar:file:/C:/Users/r-uu/develop/github/codespace/r-uu/lib/archunit/target/r-uu.codespace.lib.archunit-0.0.1.jar!/, jar:file:/C:/Users/r-uu/.m2/repository/com/tngtech/archunit/archunit/1.4.1/archunit-1.4.1.jar!/, jar:file:/C:/Users/r-uu/.m2/repository/org/apache/logging/log4j/log4j-slf4j2-impl/2.24.1/log4j-slf4j2-impl-2.24.1.jar!/, jar:file:/C:/Users/r-uu/.m2/repository/org/apache/logging/log4j/log4j-api/2.24.1/log4j-api-2.24.1.jar!/, jar:file:/C:/Users/r-uu/.m2/repository/org/apache/logging/log4j/log4j-core/2.24.1/log4j-core-2.24.1.jar!/, jar:file:/C:/Users/r-uu/develop/github/codespace/r-uu/lib/cdi/common/target/r-uu.codespace.lib.cdi.common-0.0.1.jar!/, jar:file:/C:/Users/r-uu/develop/github/codespace/r-uu/lib/cdi/se/target/r-uu.codespace.lib.cdi.se-0.0.1.jar!/, jar:file:/C:/Users/r-uu/.m2/repository/jakarta/el/jakarta.el-api/6.0.1/jakarta.el-api-6.0.1.jar!/, jar:file:/C:/Users/r-uu/.m2/repository/jakarta/inject/jakarta.inject-api/2.0.1/jakarta.inject-api-2.0.1.jar!/, jar:file:/C:/Users/r-uu/.m2/repository/jakarta/interceptor/jakarta.interceptor-api/2.2.0/jakarta.interceptor-api-2.2.0.jar!/, jar:file:/C:/Users/r-uu/develop/github/codespace/r-uu/lib/gen/core/target/r-uu.codespace.lib.gen.core-0.0.1.jar!/, jar:file:/C:/Users/r-uu/.m2/repository/org/eclipse/microprofile/config/microprofile-config-api/3.0.2/microprofile-config-api-3.0.2.jar!/, jar:file:/C:/Users/r-uu/develop/github/codespace/r-uu/lib/gen/java/core/target/r-uu.codespace.lib.gen.java.core-0.0.1.jar!/, jar:file:/C:/Users/r-uu/develop/github/codespace/r-uu/lib/gen/java/fx/bean/target/r-uu.codespace.lib.gen.java.fx.bean-0.0.1.jar!/, jar:file:/C:/Users/r-uu/develop/github/codespace/r-uu/lib/util/target/r-uu.codespace.lib.util-0.0.1.jar!/, jar:file:/C:/Users/r-uu/.m2/repository/jakarta/annotation/jakarta.annotation-api/3.0.0/jakarta.annotation-api-3.0.0.jar!/, jar:file:/C:/Users/r-uu/.m2/repository/jakarta/ws/rs/jakarta.ws.rs-api/4.0.0/jakarta.ws.rs-api-4.0.0.jar!/, jar:file:/C:/Users/r-uu/.m2/repository/org/slf4j/slf4j-api/2.0.16/slf4j-api-2.0.16.jar!/, jar:file:/C:/Users/r-uu/.m2/repository/org/hamcrest/hamcrest/3.0/hamcrest-3.0.jar!/, jar:file:/C:/Users/r-uu/.m2/repository/org/junit/jupiter/junit-jupiter-api/5.11.4/junit-jupiter-api-5.11.4.jar!/, jar:file:/C:/Users/r-uu/.m2/repository/org/opentest4j/opentest4j/1.3.0/opentest4j-1.3.0.jar!/, jar:file:/C:/Users/r-uu/.m2/repository/org/junit/platform/junit-platform-commons/1.11.4/junit-platform-commons-1.11.4.jar!/, jar:file:/C:/Users/r-uu/.m2/repository/org/apiguardian/apiguardian-api/1.1.2/apiguardian-api-1.1.2.jar!/, jar:file:/C:/Users/r-uu/.m2/repository/org/openjfx/javafx-controls/24.0.2/javafx-controls-24.0.2.jar!/, jar:file:/C:/Users/r-uu/.m2/repository/org/openjfx/javafx-controls/24.0.2/javafx-controls-24.0.2-win.jar!/, jar:file:/C:/Users/r-uu/.m2/repository/org/openjfx/javafx-graphics/24.0.2/javafx-graphics-24.0.2.jar!/, jar:file:/C:/Users/r-uu/.m2/repository/org/openjfx/javafx-graphics/24.0.2/javafx-graphics-24.0.2-win.jar!/, jar:file:/C:/Users/r-uu/.m2/repository/org/openjfx/javafx-base/24.0.2/javafx-base-24.0.2.jar!/, jar:file:/C:/Users/r-uu/.m2/repository/org/openjfx/javafx-base/24.0.2/javafx-base-24.0.2-win.jar!/, jar:file:/C:/Users/r-uu/.m2/repository/org/openjfx/javafx-fxml/24.0.2/javafx-fxml-24.0.2.jar!/, jar:file:/C:/Users/r-uu/.m2/repository/org/openjfx/javafx-fxml/24.0.2/javafx-fxml-24.0.2-win.jar!/]
20:24:21.104 DEBUG com.tngtech.archunit.core.importer.JavaClassProcessor.visit(104) - Processing class 'de/ruu/lib/gen/java/fx/tableview/demo/FXModelDemo'
20:24:21.107 DEBUG com.tngtech.archunit.core.importer.JavaClassProcessor.visit(104) - Processing class 'javafx/beans/property/ObjectProperty'
20:24:21.108 DEBUG com.tngtech.archunit.core.importer.JavaClassProcessor.visit(104) - Processing class 'javafx/beans/property/SimpleStringProperty'
20:24:21.109 DEBUG com.tngtech.archunit.core.importer.JavaClassProcessor.visit(104) - Processing class 'de/ruu/lib/gen/java/fx/tableview/JavaModelDemo'
20:24:21.110 DEBUG com.tngtech.archunit.core.importer.JavaClassProcessor.visit(104) - Processing class 'javafx/beans/property/SimpleListProperty'
20:24:21.112 DEBUG com.tngtech.archunit.core.importer.JavaClassProcessor.visit(104) - Processing class 'javafx/beans/property/IntegerProperty'
20:24:21.113 DEBUG com.tngtech.archunit.core.importer.JavaClassProcessor.visit(104) - Processing class 'java/math/BigDecimal'
20:24:21.116 DEBUG com.tngtech.archunit.core.importer.JavaClassProcessor.visit(104) - Processing class 'javafx/beans/property/BooleanProperty'
20:24:21.117 DEBUG com.tngtech.archunit.core.importer.JavaClassProcessor.visit(104) - Processing class 'javafx/beans/property/SimpleBooleanProperty'
20:24:21.118 DEBUG com.tngtech.archunit.core.importer.JavaClassProcessor.visit(104) - Processing class 'javafx/beans/property/SimpleObjectProperty'
20:24:21.118 DEBUG com.tngtech.archunit.core.importer.JavaClassProcessor.visit(104) - Processing class 'javafx/beans/property/SimpleIntegerProperty'
20:24:21.119 DEBUG com.tngtech.archunit.core.importer.JavaClassProcessor.visit(104) - Processing class 'java/lang/Object'
20:24:21.119 DEBUG com.tngtech.archunit.core.importer.JavaClassProcessor.visit(104) - Processing class 'java/lang/String'
20:24:21.122 DEBUG com.tngtech.archunit.core.importer.JavaClassProcessor.visit(104) - Processing class 'javafx/beans/property/ListProperty'
20:24:21.123 DEBUG com.tngtech.archunit.core.importer.JavaClassProcessor.visit(104) - Processing class 'javafx/beans/property/StringProperty'
20:24:21.124 DEBUG com.tngtech.archunit.core.importer.JavaClassProcessor.visit(104) - Processing class 'de/ruu/lib/gen/java/fx/bean/FXProperty'
20:24:21.125 DEBUG com.tngtech.archunit.core.importer.JavaClassProcessor.visit(104) - Processing class 'javafx/beans/property/ReadOnlyObjectProperty'
20:24:21.125 DEBUG com.tngtech.archunit.core.importer.JavaClassProcessor.visit(104) - Processing class 'javafx/beans/value/WritableBooleanValue'
20:24:21.126 DEBUG com.tngtech.archunit.core.importer.JavaClassProcessor.visit(104) - Processing class 'javafx/beans/property/ReadOnlyBooleanProperty'
20:24:21.127 DEBUG com.tngtech.archunit.core.importer.JavaClassProcessor.visit(104) - Processing class 'java/lang/Integer'
20:24:21.128 DEBUG com.tngtech.archunit.core.importer.JavaClassProcessor.visit(104) - Processing class 'javafx/beans/value/WritableListValue'
20:24:21.128 DEBUG com.tngtech.archunit.core.importer.JavaClassProcessor.visit(104) - Processing class 'java/lang/constant/ConstantDesc'
20:24:21.129 DEBUG com.tngtech.archunit.core.importer.JavaClassProcessor.visit(104) - Processing class 'javafx/beans/property/ReadOnlyStringProperty'
20:24:21.130 DEBUG com.tngtech.archunit.core.importer.JavaClassProcessor.visit(104) - Processing class 'javafx/beans/value/WritableStringValue'
20:24:21.130 DEBUG com.tngtech.archunit.core.importer.JavaClassProcessor.visit(104) - Processing class 'java/lang/Boolean'
20:24:21.130 DEBUG com.tngtech.archunit.core.importer.JavaClassProcessor.visit(104) - Processing class 'java/lang/Number'
20:24:21.131 DEBUG com.tngtech.archunit.core.importer.JavaClassProcessor.visit(104) - Processing class 'javafx/beans/value/WritableObjectValue'
20:24:21.131 DEBUG com.tngtech.archunit.core.importer.JavaClassProcessor.visit(104) - Processing class 'jdk/internal/vm/annotation/IntrinsicCandidate'
20:24:21.132 DEBUG com.tngtech.archunit.core.importer.JavaClassProcessor.visit(104) - Processing class 'jdk/internal/vm/annotation/ForceInline'
20:24:21.132 DEBUG com.tngtech.archunit.core.importer.JavaClassProcessor.visit(104) - Processing class 'java/lang/CharSequence'
20:24:21.132 DEBUG com.tngtech.archunit.core.importer.JavaClassProcessor.visit(104) - Processing class 'jdk/internal/vm/annotation/Stable'
20:24:21.133 DEBUG com.tngtech.archunit.core.importer.JavaClassProcessor.visit(104) - Processing class 'java/lang/Deprecated'
20:24:21.133 DEBUG com.tngtech.archunit.core.importer.JavaClassProcessor.visit(104) - Processing class 'javafx/beans/property/Property'
20:24:21.134 DEBUG com.tngtech.archunit.core.importer.JavaClassProcessor.visit(104) - Processing class 'javafx/beans/property/ObjectPropertyBase'
20:24:21.135 DEBUG com.tngtech.archunit.core.importer.JavaClassProcessor.visit(104) - Processing class 'javafx/beans/property/IntegerPropertyBase'
20:24:21.136 DEBUG com.tngtech.archunit.core.importer.JavaClassProcessor.visit(104) - Processing class 'javafx/beans/property/ReadOnlyListProperty'
20:24:21.137 DEBUG com.tngtech.archunit.core.importer.JavaClassProcessor.visit(104) - Processing class 'javafx/beans/property/StringPropertyBase'
20:24:21.138 DEBUG com.tngtech.archunit.core.importer.JavaClassProcessor.visit(104) - Processing class 'javafx/beans/property/BooleanPropertyBase'
20:24:21.138 DEBUG com.tngtech.archunit.core.importer.JavaClassProcessor.visit(104) - Processing class 'java/io/Serializable'
20:24:21.139 DEBUG com.tngtech.archunit.core.importer.JavaClassProcessor.visit(104) - Processing class 'java/lang/constant/Constable'
20:24:21.139 DEBUG com.tngtech.archunit.core.importer.JavaClassProcessor.visit(104) - Processing class 'javafx/beans/value/WritableIntegerValue'
20:24:21.140 DEBUG com.tngtech.archunit.core.importer.JavaClassProcessor.visit(104) - Processing class 'javafx/beans/property/ReadOnlyIntegerProperty'
20:24:21.140 DEBUG com.tngtech.archunit.core.importer.JavaClassProcessor.visit(104) - Processing class 'java/lang/Comparable'
20:24:21.141 DEBUG com.tngtech.archunit.core.importer.JavaClassProcessor.visit(104) - Processing class 'javafx/collections/ObservableList'
20:24:21.142 DEBUG com.tngtech.archunit.core.importer.JavaClassProcessor.visit(104) - Processing class 'javafx/beans/property/ListPropertyBase'
20:24:21.143 DEBUG com.tngtech.archunit.core.importer.JavaClassProcessor.visit(104) - Processing class 'javafx/beans/binding/ObjectExpression'
20:24:21.144 DEBUG com.tngtech.archunit.core.importer.JavaClassProcessor.visit(104) - Processing class 'javafx/beans/binding/IntegerExpression'
20:24:21.145 DEBUG com.tngtech.archunit.core.importer.JavaClassProcessor.visit(104) - Processing class 'java/lang/annotation/Retention'
20:24:21.145 DEBUG com.tngtech.archunit.core.importer.JavaClassProcessor.visit(104) - Processing class 'javafx/beans/binding/ListExpression'
20:24:21.146 DEBUG com.tngtech.archunit.core.importer.JavaClassProcessor.visit(104) - Processing class 'javafx/beans/property/ReadOnlyProperty'
20:24:21.146 DEBUG com.tngtech.archunit.core.importer.JavaClassProcessor.visit(104) - Processing class 'java/lang/annotation/Documented'
20:24:21.147 DEBUG com.tngtech.archunit.core.importer.JavaClassProcessor.visit(104) - Processing class 'javafx/beans/binding/StringExpression'
20:24:21.147 DEBUG com.tngtech.archunit.core.importer.JavaClassProcessor.visit(104) - Processing class 'java/lang/annotation/Target'
20:24:21.148 DEBUG com.tngtech.archunit.core.importer.JavaClassProcessor.visit(104) - Processing class 'javafx/beans/binding/BooleanExpression'
20:24:21.148 DEBUG com.tngtech.archunit.core.importer.JavaClassProcessor.visit(104) - Processing class 'java/lang/annotation/ElementType'
20:24:21.149 DEBUG com.tngtech.archunit.core.importer.JavaClassProcessor.visit(104) - Processing class 'javafx/beans/Observable'
20:24:21.150 DEBUG com.tngtech.archunit.core.importer.JavaClassProcessor.visit(104) - Processing class 'javafx/beans/value/WritableNumberValue'
20:24:21.150 DEBUG com.tngtech.archunit.core.importer.JavaClassProcessor.visit(104) - Processing class 'java/lang/constant/DynamicConstantDesc'
20:24:21.151 DEBUG com.tngtech.archunit.core.importer.JavaClassProcessor.visit(104) - Processing class 'java/util/List'
20:24:21.151 DEBUG com.tngtech.archunit.core.importer.JavaClassProcessor.visit(104) - Processing class 'java/lang/annotation/Annotation'
20:24:21.152 DEBUG com.tngtech.archunit.core.importer.JavaClassProcessor.visit(104) - Processing class 'jdk/internal/ValueBased'
20:24:21.152 DEBUG com.tngtech.archunit.core.importer.JavaClassProcessor.visit(104) - Processing class 'javafx/beans/value/WritableValue'
20:24:21.153 DEBUG com.tngtech.archunit.core.importer.JavaClassProcessor.visit(104) - Processing class 'java/lang/annotation/RetentionPolicy'
20:24:21.153 DEBUG com.tngtech.archunit.core.importer.JavaClassProcessor.visit(104) - Processing class 'java/lang/SafeVarargs'
20:24:21.154 DEBUG com.tngtech.archunit.core.importer.JavaClassProcessor.visit(104) - Processing class 'javafx/beans/value/ObservableListValue'
20:24:21.154 DEBUG com.tngtech.archunit.core.importer.JavaClassProcessor.visit(104) - Processing class 'javafx/beans/value/ObservableIntegerValue'
20:24:21.155 DEBUG com.tngtech.archunit.core.importer.JavaClassProcessor.visit(104) - Processing class 'javafx/beans/value/ObservableStringValue'
20:24:21.155 DEBUG com.tngtech.archunit.core.importer.JavaClassProcessor.visit(104) - Processing class 'javafx/beans/value/ObservableBooleanValue'
20:24:21.156 DEBUG com.tngtech.archunit.core.importer.JavaClassProcessor.visit(104) - Processing class 'java/lang/Enum'
20:24:21.156 DEBUG com.tngtech.archunit.core.importer.JavaClassProcessor.visit(104) - Processing class 'javafx/beans/value/ObservableValue'
20:24:21.157 DEBUG com.tngtech.archunit.core.importer.JavaClassProcessor.visit(104) - Processing class 'javafx/beans/binding/NumberExpressionBase'
20:24:21.157 DEBUG com.tngtech.archunit.core.importer.JavaClassProcessor.visit(104) - Processing class 'javafx/beans/value/ObservableObjectValue'
20:24:21.158 DEBUG com.tngtech.archunit.core.importer.JavaClassProcessor.visit(104) - Processing class 'java/util/SequencedCollection'
20:24:21.158 DEBUG com.tngtech.archunit.core.importer.JavaClassProcessor.visit(104) - Processing class 'java/util/Collection'
20:24:21.158 DEBUG com.tngtech.archunit.core.importer.JavaClassProcessor.visit(104) - Processing class 'javafx/beans/binding/NumberExpression'
20:24:21.159 DEBUG com.tngtech.archunit.core.importer.JavaClassProcessor.visit(104) - Processing class 'javafx/beans/value/ObservableNumberValue'
20:24:21.159 DEBUG com.tngtech.archunit.core.importer.JavaClassProcessor.visit(104) - Processing class 'java/lang/Enum$EnumDesc'
20:24:21.159 DEBUG com.tngtech.archunit.core.importer.JavaClassProcessor.visit(104) - Processing class 'java/lang/Iterable'
20:24:21.160 DEBUG com.tngtech.archunit.core.importer.JavaClassProcessor.visit(104) - Processing class 'java/lang/Class'
20:24:21.162 DEBUG com.tngtech.archunit.core.importer.JavaClassProcessor.visit(104) - Processing class 'java/util/Optional'
20:24:21.162 DEBUG com.tngtech.archunit.core.importer.JavaClassProcessor.visit(104) - Processing class 'java/util/stream/IntStream'
20:24:21.163 DEBUG com.tngtech.archunit.core.importer.JavaClassProcessor.visit(104) - Processing class 'java/io/ObjectStreamException'
20:24:21.163 DEBUG com.tngtech.archunit.core.importer.JavaClassProcessor.visit(104) - Processing class 'java/io/ObjectInputStream'
20:24:21.164 DEBUG com.tngtech.archunit.core.importer.JavaClassProcessor.visit(104) - Processing class 'java/io/IOException'
20:24:21.164 DEBUG com.tngtech.archunit.core.importer.JavaClassProcessor.visit(104) - Processing class 'java/lang/ClassNotFoundException'
20:24:21.164 DEBUG com.tngtech.archunit.core.importer.JavaClassProcessor.visit(104) - Processing class 'java/lang/CloneNotSupportedException'
20:24:21.165 DEBUG com.tngtech.archunit.core.importer.JavaClassProcessor.visit(104) - Processing class 'java/lang/invoke/MethodHandles$Lookup'
20:24:21.165 DEBUG com.tngtech.archunit.core.importer.JavaClassProcessor.visit(104) - Processing class 'java/lang/ReflectiveOperationException'
20:24:21.166 DEBUG com.tngtech.archunit.core.importer.JavaClassProcessor.visit(104) - Processing class 'java/lang/constant/ClassDesc'
20:24:21.166 DEBUG com.tngtech.archunit.core.importer.JavaClassProcessor.visit(104) - Processing class 'java/lang/NumberFormatException'
20:24:21.167 DEBUG com.tngtech.archunit.core.importer.JavaClassProcessor.visit(104) - Processing class 'java/util/function/Consumer'
20:24:21.168 DEBUG com.tngtech.archunit.core.importer.JavaClassProcessor.visit(104) - Processing class 'java/util/Spliterator'
20:24:21.168 DEBUG com.tngtech.archunit.core.importer.JavaClassProcessor.visit(104) - Processing class 'java/util/Iterator'
20:24:21.168 DEBUG com.tngtech.archunit.core.importer.JavaClassProcessor.visit(104) - Processing class 'java/lang/InterruptedException'
20:24:21.169 DEBUG com.tngtech.archunit.core.importer.JavaClassProcessor.visit(104) - Processing class 'java/lang/Throwable'
20:24:21.173 DEBUG com.tngtech.archunit.core.importer.JavaClassProcessor.visit(104) - Processing class 'java/io/ObjectStreamField'
20:24:21.174 DEBUG com.tngtech.archunit.core.importer.JavaClassProcessor.visit(104) - Processing class 'java/util/Comparator'
20:24:21.175 DEBUG com.tngtech.archunit.core.importer.JavaClassProcessor.visit(104) - Processing class 'java/nio/charset/Charset'
20:24:21.175 DEBUG com.tngtech.archunit.core.importer.JavaClassProcessor.visit(104) - Processing class 'java/io/UnsupportedEncodingException'
20:24:21.175 DEBUG com.tngtech.archunit.core.importer.JavaClassProcessor.visit(104) - Processing class 'java/util/Locale'
20:24:21.176 DEBUG com.tngtech.archunit.core.importer.JavaClassProcessor.visit(104) - Processing class 'java/lang/StringBuffer'
20:24:21.176 DEBUG com.tngtech.archunit.core.importer.JavaClassProcessor.visit(104) - Processing class 'java/util/function/Function'
20:24:21.177 DEBUG com.tngtech.archunit.core.importer.JavaClassProcessor.visit(104) - Processing class 'java/nio/charset/CharacterCodingException'
20:24:21.178 DEBUG com.tngtech.archunit.core.importer.JavaClassProcessor.visit(104) - Processing class 'java/util/stream/Stream'
20:24:21.180 DEBUG com.tngtech.archunit.core.importer.JavaClassProcessor.visit(104) - Processing class 'java/lang/AbstractStringBuilder'
20:24:21.180 DEBUG com.tngtech.archunit.core.importer.JavaClassProcessor.visit(104) - Processing class 'java/nio/charset/CharsetDecoder'
20:24:21.181 DEBUG com.tngtech.archunit.core.importer.JavaClassProcessor.visit(104) - Processing class 'java/lang/foreign/MemorySegment'
20:24:21.182 DEBUG com.tngtech.archunit.core.importer.JavaClassProcessor.visit(104) - Processing class 'java/lang/Void'
20:24:21.182 DEBUG com.tngtech.archunit.core.importer.JavaClassProcessor.visit(104) - Processing class 'java/lang/StringBuilder'
20:24:21.183 DEBUG com.tngtech.archunit.core.importer.JavaClassProcessor.visit(104) - Processing class 'java/lang/constant/DirectMethodHandleDesc'
20:24:21.185 DEBUG com.tngtech.archunit.core.importer.JavaClassProcessor.visit(104) - Processing class 'java/math/BigInteger'
20:24:21.190 DEBUG com.tngtech.archunit.core.importer.JavaClassProcessor.visit(104) - Processing class 'java/math/MathContext'
20:24:21.190 DEBUG com.tngtech.archunit.core.importer.JavaClassProcessor.visit(104) - Processing class 'java/io/ObjectOutputStream'
20:24:21.191 DEBUG com.tngtech.archunit.core.importer.JavaClassProcessor.visit(104) - Processing class 'java/math/RoundingMode'
20:24:21.191 DEBUG com.tngtech.archunit.core.importer.JavaClassProcessor.visit(104) - Processing class 'java/math/MutableBigInteger'
20:24:21.192 DEBUG com.tngtech.archunit.core.importer.JavaClassProcessor.visit(104) - Processing class 'java/util/function/IntFunction'
20:24:21.192 DEBUG com.tngtech.archunit.core.importer.JavaClassProcessor.visit(104) - Processing class 'java/util/function/Predicate'
20:24:21.193 DEBUG com.tngtech.archunit.core.importer.JavaClassProcessor.visit(104) - Processing class 'java/util/ListIterator'
20:24:21.194 DEBUG com.tngtech.archunit.core.importer.JavaClassProcessor.visit(104) - Processing class 'java/util/function/UnaryOperator'
20:24:21.195 DEBUG com.tngtech.archunit.core.importer.JavaClassProcessor.visit(104) - Processing class 'javafx/beans/InvalidationListener'
20:24:21.196 DEBUG com.tngtech.archunit.core.importer.JavaClassProcessor.visit(104) - Processing class 'javafx/util/Subscription'
20:24:21.196 DEBUG com.tngtech.archunit.core.importer.JavaClassProcessor.visit(104) - Processing class 'java/lang/Runnable'
20:24:21.197 DEBUG com.tngtech.archunit.core.importer.JavaClassProcessor.visit(104) - Processing class 'javafx/beans/binding/BooleanBinding'
20:24:21.198 DEBUG com.tngtech.archunit.core.importer.JavaClassProcessor.visit(104) - Processing class 'javafx/beans/binding/StringBinding'
20:24:21.199 DEBUG com.tngtech.archunit.core.importer.JavaClassProcessor.visit(104) - Processing class 'javafx/beans/binding/FloatBinding'
20:24:21.200 DEBUG com.tngtech.archunit.core.importer.JavaClassProcessor.visit(104) - Processing class 'javafx/beans/binding/NumberBinding'
20:24:21.200 DEBUG com.tngtech.archunit.core.importer.JavaClassProcessor.visit(104) - Processing class 'javafx/beans/binding/IntegerBinding'
20:24:21.201 DEBUG com.tngtech.archunit.core.importer.JavaClassProcessor.visit(104) - Processing class 'javafx/beans/binding/DoubleBinding'
20:24:21.202 DEBUG com.tngtech.archunit.core.importer.JavaClassProcessor.visit(104) - Processing class 'javafx/beans/binding/LongBinding'
20:24:21.203 DEBUG com.tngtech.archunit.core.importer.JavaClassProcessor.visit(104) - Processing class 'javafx/beans/binding/ObjectBinding'
20:24:21.205 DEBUG com.tngtech.archunit.core.importer.JavaClassProcessor.visit(104) - Processing class 'com/sun/javafx/binding/ExpressionHelper'
20:24:21.206 DEBUG com.tngtech.archunit.core.importer.JavaClassProcessor.visit(104) - Processing class 'javafx/beans/value/ChangeListener'
20:24:21.208 DEBUG com.tngtech.archunit.core.importer.JavaClassProcessor.visit(104) - Processing class 'javafx/beans/property/ListPropertyBase$EmptyProperty'
20:24:21.208 DEBUG com.tngtech.archunit.core.importer.JavaClassProcessor.visit(104) - Processing class 'javafx/beans/property/ListPropertyBase$SizeProperty'
20:24:21.209 DEBUG com.tngtech.archunit.core.importer.JavaClassProcessor.visit(104) - Processing class 'javafx/collections/ListChangeListener'
20:24:21.209 DEBUG com.tngtech.archunit.core.importer.JavaClassProcessor.visit(104) - Processing class 'com/sun/javafx/binding/ListExpressionHelper'
20:24:21.211 DEBUG com.tngtech.archunit.core.importer.JavaClassProcessor.visit(104) - Processing class 'javafx/collections/ListChangeListener$Change'
20:24:21.214 DEBUG com.tngtech.archunit.core.importer.JavaClassProcessor.visit(104) - Processing class 'javafx/util/StringConverter'
20:24:21.214 DEBUG com.tngtech.archunit.core.importer.JavaClassProcessor.visit(104) - Processing class 'java/text/Format'
20:24:21.215 DEBUG com.tngtech.archunit.core.importer.JavaClassProcessor.visit(104) - Processing class 'java/util/function/BiConsumer'
20:24:21.216 DEBUG com.tngtech.archunit.core.importer.JavaClassProcessor.visit(104) - Processing class 'javafx/collections/transformation/SortedList'
20:24:21.218 DEBUG com.tngtech.archunit.core.importer.JavaClassProcessor.visit(104) - Processing class 'javafx/collections/transformation/FilteredList'
20:24:21.247 DEBUG de.ruu.lib.gen.java.CompilationUnitFileWriter$CompilationUnitFileWriterAbstract.write(75) - wrote C:\Users\r-uu\develop\github\codespace\r-uu\lib\gen\java\fx\tableview\.\src\gen\java\de\ruu\lib\gen\java\fx\tableview\demo\FXTableViewConfigurator.java
]]></system-out>
  </testcase>
</testsuite>