<?xml version="1.0" encoding="UTF-8"?>
<testsuite xmlns:xsi="http://www.w3.org/2001/XMLSchema-instance" xsi:noNamespaceSchemaLocation="https://maven.apache.org/surefire/maven-surefire-plugin/xsd/surefire-test-report.xsd" version="3.0.2" name="de.ruu.lib.jpa.core.mapstruct.demo.bidirectional.TestMapStruct" time="0.154" tests="14" errors="0" skipped="0" failures="0">
  <properties>
    <property name="java.specification.version" value="24"/>
    <property name="sun.cpu.isalist" value="amd64"/>
    <property name="sun.jnu.encoding" value="Cp1252"/>
    <property name="java.class.path" value="C:\Users\r-uu\develop\github\codespace\r-uu\lib\jpa\core.mapstruct.demo.bidirectional\target\test-classes;C:\Users\r-uu\develop\github\codespace\r-uu\lib\jpa\core.mapstruct.demo.bidirectional\target\classes;C:\Users\r-uu\.m2\repository\org\apache\logging\log4j\log4j-slf4j2-impl\2.24.1\log4j-slf4j2-impl-2.24.1.jar;C:\Users\r-uu\.m2\repository\org\apache\logging\log4j\log4j-api\2.24.1\log4j-api-2.24.1.jar;C:\Users\r-uu\.m2\repository\org\apache\logging\log4j\log4j-core\2.24.1\log4j-core-2.24.1.jar;C:\Users\r-uu\.m2\repository\org\projectlombok\lombok\1.18.38\lombok-1.18.38.jar;C:\Users\r-uu\.m2\repository\org\junit\jupiter\junit-jupiter\5.10.2\junit-jupiter-5.10.2.jar;C:\Users\r-uu\.m2\repository\org\junit\jupiter\junit-jupiter-api\5.10.2\junit-jupiter-api-5.10.2.jar;C:\Users\r-uu\.m2\repository\org\opentest4j\opentest4j\1.3.0\opentest4j-1.3.0.jar;C:\Users\r-uu\.m2\repository\org\junit\platform\junit-platform-commons\1.10.2\junit-platform-commons-1.10.2.jar;C:\Users\r-uu\.m2\repository\org\apiguardian\apiguardian-api\1.1.2\apiguardian-api-1.1.2.jar;C:\Users\r-uu\.m2\repository\org\junit\jupiter\junit-jupiter-params\5.10.2\junit-jupiter-params-5.10.2.jar;C:\Users\r-uu\.m2\repository\org\junit\jupiter\junit-jupiter-engine\5.10.2\junit-jupiter-engine-5.10.2.jar;C:\Users\r-uu\.m2\repository\org\junit\platform\junit-platform-engine\1.10.2\junit-platform-engine-1.10.2.jar;C:\Users\r-uu\develop\github\codespace\r-uu\lib\jpa\core\target\r-uu.codespace.lib.jpa.core-0.0.1.jar;C:\Users\r-uu\.m2\repository\com\fasterxml\jackson\core\jackson-annotations\2.18.3\jackson-annotations-2.18.3.jar;C:\Users\r-uu\.m2\repository\jakarta\annotation\jakarta.annotation-api\3.0.0\jakarta.annotation-api-3.0.0.jar;C:\Users\r-uu\.m2\repository\jakarta\json\bind\jakarta.json.bind-api\3.0.0\jakarta.json.bind-api-3.0.0.jar;C:\Users\r-uu\.m2\repository\jakarta\persistence\jakarta.persistence-api\3.2.0\jakarta.persistence-api-3.2.0.jar;C:\Users\r-uu\.m2\repository\org\eclipse\yasson\3.0.4\yasson-3.0.4.jar;C:\Users\r-uu\.m2\repository\jakarta\json\jakarta.json-api\2.1.2\jakarta.json-api-2.1.2.jar;C:\Users\r-uu\.m2\repository\org\eclipse\parsson\parsson\1.1.7\parsson-1.1.7.jar;C:\Users\r-uu\develop\github\codespace\r-uu\lib\util\target\r-uu.codespace.lib.util-0.0.1.jar;C:\Users\r-uu\.m2\repository\jakarta\ws\rs\jakarta.ws.rs-api\3.1.0\jakarta.ws.rs-api-3.1.0.jar;C:\Users\r-uu\develop\github\codespace\r-uu\lib\jpa\core.mapstruct\target\r-uu.codespace.lib.jpa.core.mapstruct-0.0.1.jar;C:\Users\r-uu\develop\github\codespace\r-uu\lib\mapstruct\target\r-uu.codespace.lib.mapstruct-0.0.1.jar;C:\Users\r-uu\.m2\repository\org\mapstruct\mapstruct\1.6.3\mapstruct-1.6.3.jar;C:\Users\r-uu\.m2\repository\org\hamcrest\hamcrest\2.2\hamcrest-2.2.jar;C:\Users\r-uu\.m2\repository\org\slf4j\slf4j-api\2.0.16\slf4j-api-2.0.16.jar;"/>
    <property name="java.vm.vendor" value="Oracle Corporation"/>
    <property name="sun.arch.data.model" value="64"/>
    <property name="user.variant" value=""/>
    <property name="java.vendor.url" value="https://java.oracle.com/"/>
    <property name="user.timezone" value="Europe/Berlin"/>
    <property name="os.name" value="Windows 11"/>
    <property name="java.vm.specification.version" value="24"/>
    <property name="sun.java.launcher" value="SUN_STANDARD"/>
    <property name="user.country" value="DE"/>
    <property name="sun.boot.library.path" value="C:\software\develop\java\jdk\bin"/>
    <property name="sun.java.command" value="C:\Users\r-uu\AppData\Local\Temp\surefire17024363305717198354\surefirebooter-20251001162029988_79.jar C:\Users\r-uu\AppData\Local\Temp\surefire17024363305717198354 2025-10-01T16-13-45_289-jvmRun1 surefire-20251001162029988_77tmp surefire_14-20251001162029988_78tmp"/>
    <property name="jdk.debug" value="release"/>
    <property name="surefire.test.class.path" value="C:\Users\r-uu\develop\github\codespace\r-uu\lib\jpa\core.mapstruct.demo.bidirectional\target\test-classes;C:\Users\r-uu\develop\github\codespace\r-uu\lib\jpa\core.mapstruct.demo.bidirectional\target\classes;C:\Users\r-uu\.m2\repository\org\apache\logging\log4j\log4j-slf4j2-impl\2.24.1\log4j-slf4j2-impl-2.24.1.jar;C:\Users\r-uu\.m2\repository\org\apache\logging\log4j\log4j-api\2.24.1\log4j-api-2.24.1.jar;C:\Users\r-uu\.m2\repository\org\apache\logging\log4j\log4j-core\2.24.1\log4j-core-2.24.1.jar;C:\Users\r-uu\.m2\repository\org\projectlombok\lombok\1.18.38\lombok-1.18.38.jar;C:\Users\r-uu\.m2\repository\org\junit\jupiter\junit-jupiter\5.10.2\junit-jupiter-5.10.2.jar;C:\Users\r-uu\.m2\repository\org\junit\jupiter\junit-jupiter-api\5.10.2\junit-jupiter-api-5.10.2.jar;C:\Users\r-uu\.m2\repository\org\opentest4j\opentest4j\1.3.0\opentest4j-1.3.0.jar;C:\Users\r-uu\.m2\repository\org\junit\platform\junit-platform-commons\1.10.2\junit-platform-commons-1.10.2.jar;C:\Users\r-uu\.m2\repository\org\apiguardian\apiguardian-api\1.1.2\apiguardian-api-1.1.2.jar;C:\Users\r-uu\.m2\repository\org\junit\jupiter\junit-jupiter-params\5.10.2\junit-jupiter-params-5.10.2.jar;C:\Users\r-uu\.m2\repository\org\junit\jupiter\junit-jupiter-engine\5.10.2\junit-jupiter-engine-5.10.2.jar;C:\Users\r-uu\.m2\repository\org\junit\platform\junit-platform-engine\1.10.2\junit-platform-engine-1.10.2.jar;C:\Users\r-uu\develop\github\codespace\r-uu\lib\jpa\core\target\r-uu.codespace.lib.jpa.core-0.0.1.jar;C:\Users\r-uu\.m2\repository\com\fasterxml\jackson\core\jackson-annotations\2.18.3\jackson-annotations-2.18.3.jar;C:\Users\r-uu\.m2\repository\jakarta\annotation\jakarta.annotation-api\3.0.0\jakarta.annotation-api-3.0.0.jar;C:\Users\r-uu\.m2\repository\jakarta\json\bind\jakarta.json.bind-api\3.0.0\jakarta.json.bind-api-3.0.0.jar;C:\Users\r-uu\.m2\repository\jakarta\persistence\jakarta.persistence-api\3.2.0\jakarta.persistence-api-3.2.0.jar;C:\Users\r-uu\.m2\repository\org\eclipse\yasson\3.0.4\yasson-3.0.4.jar;C:\Users\r-uu\.m2\repository\jakarta\json\jakarta.json-api\2.1.2\jakarta.json-api-2.1.2.jar;C:\Users\r-uu\.m2\repository\org\eclipse\parsson\parsson\1.1.7\parsson-1.1.7.jar;C:\Users\r-uu\develop\github\codespace\r-uu\lib\util\target\r-uu.codespace.lib.util-0.0.1.jar;C:\Users\r-uu\.m2\repository\jakarta\ws\rs\jakarta.ws.rs-api\3.1.0\jakarta.ws.rs-api-3.1.0.jar;C:\Users\r-uu\develop\github\codespace\r-uu\lib\jpa\core.mapstruct\target\r-uu.codespace.lib.jpa.core.mapstruct-0.0.1.jar;C:\Users\r-uu\develop\github\codespace\r-uu\lib\mapstruct\target\r-uu.codespace.lib.mapstruct-0.0.1.jar;C:\Users\r-uu\.m2\repository\org\mapstruct\mapstruct\1.6.3\mapstruct-1.6.3.jar;C:\Users\r-uu\.m2\repository\org\hamcrest\hamcrest\2.2\hamcrest-2.2.jar;C:\Users\r-uu\.m2\repository\org\slf4j\slf4j-api\2.0.16\slf4j-api-2.0.16.jar;"/>
    <property name="sun.cpu.endian" value="little"/>
    <property name="user.home" value="C:\Users\r-uu"/>
    <property name="user.language" value="en"/>
    <property name="java.specification.vendor" value="Oracle Corporation"/>
    <property name="java.version.date" value="2025-07-15"/>
    <property name="java.home" value="C:\software\develop\java\jdk"/>
    <property name="file.separator" value="\"/>
    <property name="basedir" value="C:\Users\r-uu\develop\github\codespace\r-uu\lib\jpa\core.mapstruct.demo.bidirectional"/>
    <property name="style.color" value="always"/>
    <property name="java.vm.compressedOopsMode" value="Zero based"/>
    <property name="jdk.internal.vm.ci.enabled" value="true"/>
    <property name="line.separator" value="&#10;"/>
    <property name="java.vm.specification.vendor" value="Oracle Corporation"/>
    <property name="java.specification.name" value="Java Platform API Specification"/>
    <property name="surefire.real.class.path" value="C:\Users\r-uu\AppData\Local\Temp\surefire17024363305717198354\surefirebooter-20251001162029988_79.jar"/>
    <property name="user.script" value=""/>
    <property name="sun.management.compiler" value="HotSpot 64-Bit Tiered Compilers"/>
    <property name="java.runtime.version" value="24.0.2+11-jvmci-b01"/>
    <property name="user.name" value="r-uu"/>
    <property name="stdout.encoding" value="Cp1252"/>
    <property name="path.separator" value=";"/>
    <property name="os.version" value="10.0"/>
    <property name="java.runtime.name" value="Java(TM) SE Runtime Environment"/>
    <property name="file.encoding" value="UTF-8"/>
    <property name="java.vm.name" value="Java HotSpot(TM) 64-Bit Server VM"/>
    <property name="java.vendor.version" value="Oracle GraalVM 24.0.2+11.1"/>
    <property name="localRepository" value="C:\Users\r-uu\.m2\repository"/>
    <property name="java.vendor.url.bug" value="https://bugreport.java.com/bugreport/"/>
    <property name="java.io.tmpdir" value="C:\Users\r-uu\AppData\Local\Temp\"/>
    <property name="java.version" value="24.0.2"/>
    <property name="user.dir" value="C:\Users\r-uu\develop\github\codespace\r-uu\lib\jpa\core.mapstruct.demo.bidirectional"/>
    <property name="os.arch" value="amd64"/>
    <property name="java.vm.specification.name" value="Java Virtual Machine Specification"/>
    <property name="sun.os.patch.level" value=""/>
    <property name="native.encoding" value="Cp1252"/>
    <property name="java.library.path" value="C:\software\develop\java\jdk\bin;C:\WINDOWS\Sun\Java\bin;C:\WINDOWS\system32;C:\WINDOWS;C:\WINDOWS\system32;C:\WINDOWS;C:\WINDOWS\System32\Wbem;C:\WINDOWS\System32\WindowsPowerShell\v1.0\;C:\WINDOWS\System32\OpenSSH\;C:\Program Files\Graphviz\bin;C:\Program Files\PuTTY\;C:\Program Files\Docker\Docker\resources\bin;C:\Program Files\Git\cmd;C:\Users\r-uu\AppData\Local\Programs\Python\Python310\Scripts\;C:\Users\r-uu\AppData\Local\Programs\Python\Python310\;C:\Users\r-uu\AppData\Local\Microsoft\WindowsApps;C:\Users\r-uu\AppData\Local\Programs\Microsoft VS Code\bin;C:\Users\r-uu\AppData\Local\GitHubDesktop\bin;C:\software\develop\build\maven\bin;C:\software\develop\java\jdk\bin;C:\Users\r-uu\AppData\Local\JetBrains\Toolbox\scripts;;C:\Users\r-uu\AppData\Roaming\Programs\Zero Install;%USERPROFILE%\AppData\Local\Microsoft\WindowsApps;C:\Users\r-uu\develop\github\codespace\config\shell\cmd;."/>
    <property name="java.vm.info" value="mixed mode, sharing"/>
    <property name="stderr.encoding" value="Cp1252"/>
    <property name="java.vendor" value="Oracle Corporation"/>
    <property name="java.vm.version" value="24.0.2+11-jvmci-b01"/>
    <property name="sun.io.unicode.encoding" value="UnicodeLittle"/>
    <property name="java.class.version" value="68.0"/>
  </properties>
  <testcase name="mapEmptyDepartmentEntity" classname="de.ruu.lib.jpa.core.mapstruct.demo.bidirectional.TestMapStruct" time="0.009"/>
  <testcase name="mapEmptyEmployeeDTO" classname="de.ruu.lib.jpa.core.mapstruct.demo.bidirectional.TestMapStruct" time="0.004"/>
  <testcase name="mapValidEmployeeEntity" classname="de.ruu.lib.jpa.core.mapstruct.demo.bidirectional.TestMapStruct" time="0.047">
    <system-out><![CDATA[16:20:32.867 DEBUG de.ruu.lib.jpa.core.mapstruct.demo.bidirectional.Mapper.beforeMapping(42) - 
source
EmployeeEntity(super=AbstractEntity(id=null, version=null), name=name)
target
EmployeeDTO(super=AbstractDTO(id=null, version=null), name=name)
16:20:32.876 DEBUG de.ruu.lib.jpa.core.mapstruct.demo.bidirectional.EmployeeDTO.beforeMapping(48) - before mapping starting
16:20:32.877 DEBUG de.ruu.lib.jpa.core.mapstruct.demo.bidirectional.EmployeeDTO.beforeMapping(49) - before mapping finished
]]></system-out>
  </testcase>
  <testcase name="mapValidDepartmentDTOWithEmployees" classname="de.ruu.lib.jpa.core.mapstruct.demo.bidirectional.TestMapStruct" time="0.017">
    <system-out><![CDATA[16:20:32.891 DEBUG de.ruu.lib.jpa.core.mapstruct.demo.bidirectional.Mapper.beforeMapping(35) - 
source
DepartmentDTO(super=AbstractDTO(id=null, version=null), name=name, description=null)
target
DepartmentEntity(super=AbstractEntity(id=null, version=null), name=name, description=null)
16:20:32.892 DEBUG de.ruu.lib.jpa.core.mapstruct.demo.bidirectional.Mapper.beforeMapping(49) - 
source
EmployeeDTO(super=AbstractDTO(id=null, version=null), name=name.2)
target
EmployeeEntity(super=AbstractEntity(id=null, version=null), name=name.2)
16:20:32.893 DEBUG de.ruu.lib.jpa.core.mapstruct.demo.bidirectional.EmployeeEntity.beforeMapping(52) - before mapping starting
16:20:32.894 DEBUG de.ruu.lib.jpa.core.mapstruct.demo.bidirectional.EmployeeEntity.beforeMapping(53) - before mapping finished
16:20:32.894 DEBUG de.ruu.lib.jpa.core.mapstruct.demo.bidirectional.Mapper.beforeMapping(49) - 
source
EmployeeDTO(super=AbstractDTO(id=null, version=null), name=name.1)
target
EmployeeEntity(super=AbstractEntity(id=null, version=null), name=name.1)
16:20:32.895 DEBUG de.ruu.lib.jpa.core.mapstruct.demo.bidirectional.EmployeeEntity.beforeMapping(52) - before mapping starting
16:20:32.895 DEBUG de.ruu.lib.jpa.core.mapstruct.demo.bidirectional.EmployeeEntity.beforeMapping(53) - before mapping finished
16:20:32.896 DEBUG de.ruu.lib.jpa.core.mapstruct.demo.bidirectional.Mapper.beforeMapping(49) - 
source
EmployeeDTO(super=AbstractDTO(id=null, version=null), name=name.0)
target
EmployeeEntity(super=AbstractEntity(id=null, version=null), name=name.0)
16:20:32.897 DEBUG de.ruu.lib.jpa.core.mapstruct.demo.bidirectional.EmployeeEntity.beforeMapping(52) - before mapping starting
16:20:32.897 DEBUG de.ruu.lib.jpa.core.mapstruct.demo.bidirectional.EmployeeEntity.beforeMapping(53) - before mapping finished
]]></system-out>
  </testcase>
  <testcase name="mapValidEmployeeDTO" classname="de.ruu.lib.jpa.core.mapstruct.demo.bidirectional.TestMapStruct" time="0.005">
    <system-out><![CDATA[16:20:32.904 DEBUG de.ruu.lib.jpa.core.mapstruct.demo.bidirectional.Mapper.beforeMapping(49) - 
source
EmployeeDTO(super=AbstractDTO(id=null, version=null), name=name)
target
EmployeeEntity(super=AbstractEntity(id=null, version=null), name=name)
16:20:32.905 DEBUG de.ruu.lib.jpa.core.mapstruct.demo.bidirectional.EmployeeEntity.beforeMapping(52) - before mapping starting
16:20:32.905 DEBUG de.ruu.lib.jpa.core.mapstruct.demo.bidirectional.EmployeeEntity.beforeMapping(53) - before mapping finished
]]></system-out>
  </testcase>
  <testcase name="mapEmptyDepartmentDTO" classname="de.ruu.lib.jpa.core.mapstruct.demo.bidirectional.TestMapStruct" time="0.004"/>
  <testcase name="mapInvalidNamedDepartmentEntity" classname="de.ruu.lib.jpa.core.mapstruct.demo.bidirectional.TestMapStruct" time="0.004"/>
  <testcase name="mapInvalidNamedEmployeeDTO" classname="de.ruu.lib.jpa.core.mapstruct.demo.bidirectional.TestMapStruct" time="0.004"/>
  <testcase name="mapValidDepartmentEntityWithEmployees" classname="de.ruu.lib.jpa.core.mapstruct.demo.bidirectional.TestMapStruct" time="0.012">
    <system-out><![CDATA[16:20:32.929 DEBUG de.ruu.lib.jpa.core.mapstruct.demo.bidirectional.Mapper.beforeMapping(28) - 
source
DepartmentEntity(super=AbstractEntity(id=null, version=null), name=name, description=null)
target
DepartmentDTO(super=AbstractDTO(id=null, version=null), name=name, description=null)
16:20:32.931 DEBUG de.ruu.lib.jpa.core.mapstruct.demo.bidirectional.Mapper.beforeMapping(42) - 
source
EmployeeEntity(super=AbstractEntity(id=null, version=null), name=name.2)
target
EmployeeDTO(super=AbstractDTO(id=null, version=null), name=name.2)
16:20:32.932 DEBUG de.ruu.lib.jpa.core.mapstruct.demo.bidirectional.EmployeeDTO.beforeMapping(48) - before mapping starting
16:20:32.932 DEBUG de.ruu.lib.jpa.core.mapstruct.demo.bidirectional.EmployeeDTO.beforeMapping(49) - before mapping finished
16:20:32.933 DEBUG de.ruu.lib.jpa.core.mapstruct.demo.bidirectional.Mapper.beforeMapping(42) - 
source
EmployeeEntity(super=AbstractEntity(id=null, version=null), name=name.1)
target
EmployeeDTO(super=AbstractDTO(id=null, version=null), name=name.1)
16:20:32.935 DEBUG de.ruu.lib.jpa.core.mapstruct.demo.bidirectional.EmployeeDTO.beforeMapping(48) - before mapping starting
16:20:32.936 DEBUG de.ruu.lib.jpa.core.mapstruct.demo.bidirectional.EmployeeDTO.beforeMapping(49) - before mapping finished
16:20:32.936 DEBUG de.ruu.lib.jpa.core.mapstruct.demo.bidirectional.Mapper.beforeMapping(42) - 
source
EmployeeEntity(super=AbstractEntity(id=null, version=null), name=name.0)
target
EmployeeDTO(super=AbstractDTO(id=null, version=null), name=name.0)
16:20:32.937 DEBUG de.ruu.lib.jpa.core.mapstruct.demo.bidirectional.EmployeeDTO.beforeMapping(48) - before mapping starting
16:20:32.937 DEBUG de.ruu.lib.jpa.core.mapstruct.demo.bidirectional.EmployeeDTO.beforeMapping(49) - before mapping finished
]]></system-out>
  </testcase>
  <testcase name="mapValidDepartmentEntity" classname="de.ruu.lib.jpa.core.mapstruct.demo.bidirectional.TestMapStruct" time="0.002">
    <system-out><![CDATA[16:20:32.942 DEBUG de.ruu.lib.jpa.core.mapstruct.demo.bidirectional.Mapper.beforeMapping(28) - 
source
DepartmentEntity(super=AbstractEntity(id=null, version=null), name=name, description=null)
target
DepartmentDTO(super=AbstractDTO(id=null, version=null), name=name, description=null)
]]></system-out>
  </testcase>
  <testcase name="mapValidDepartmentDTO" classname="de.ruu.lib.jpa.core.mapstruct.demo.bidirectional.TestMapStruct" time="0.003">
    <system-out><![CDATA[16:20:32.947 DEBUG de.ruu.lib.jpa.core.mapstruct.demo.bidirectional.Mapper.beforeMapping(35) - 
source
DepartmentDTO(super=AbstractDTO(id=null, version=null), name=name, description=null)
target
DepartmentEntity(super=AbstractEntity(id=null, version=null), name=name, description=null)
]]></system-out>
  </testcase>
  <testcase name="mapEmptyEmployeeEntity" classname="de.ruu.lib.jpa.core.mapstruct.demo.bidirectional.TestMapStruct" time="0.005"/>
  <testcase name="mapInvalidNamedEmployeeEntity" classname="de.ruu.lib.jpa.core.mapstruct.demo.bidirectional.TestMapStruct" time="0.003"/>
  <testcase name="mapInvalidNamedDepartmentDTO" classname="de.ruu.lib.jpa.core.mapstruct.demo.bidirectional.TestMapStruct" time="0.004"/>
</testsuite>