<?xml version="1.0" encoding="UTF-8"?>
<testsuite xmlns:xsi="http://www.w3.org/2001/XMLSchema-instance" xsi:noNamespaceSchemaLocation="https://maven.apache.org/surefire/maven-surefire-plugin/xsd/surefire-test-report-3.0.xsd" version="3.0" name="de.ruu.app.jeeeraaah.backend.api.ws.rs.TestDBCommands" time="0.005" tests="1" errors="0" skipped="1" failures="0">
  <properties/>
  <testcase name="testCleanThenPopulate" classname="de.ruu.app.jeeeraaah.backend.api.ws.rs.TestDBCommands" time="0.0">
    <skipped message="server at &quot;localhost:9080&quot; is not listening -&gt; execution disabled"/>
    <system-out><![CDATA[17:18:21.677 DEBUG de.ruu.lib.junit.DisableOnServerNotListening.evaluateExecutionCondition(26) - annotated Element: class de.ruu.app.jeeeraaah.backend.api.ws.rs.TestDBCommands
17:18:21.683 DEBUG de.ruu.lib.junit.DisableOnServerNotListening.evaluateExecutionCondition(37) - 
property name host: jeeeraaah.rest-api.host
property name port: jeeeraaah.rest-api.port
17:18:21.739 DEBUG org.jboss.logging.logProvider(162) - Logging Provider: org.jboss.logging.Log4j2LoggerProvider
17:18:21.740 DEBUG io.smallrye.config.getSources(1008) - SRCFG01006: Loaded ConfigSource SysPropConfigSource with ordinal 400
17:18:21.741 DEBUG io.smallrye.config.getSources(1008) - SRCFG01006: Loaded ConfigSource EnvConfigSource with ordinal 300
17:18:21.741 DEBUG io.smallrye.config.getSources(1008) - SRCFG01006: Loaded ConfigSource PropertiesConfigSource[source=file:/C:/Users/r-uu/develop/github/codespace/r-uu/app/jeeeraaah/backend/api/ws.rs/target/test-classes/META-INF/microprofile-config.properties] with ordinal 100
17:18:21.741 DEBUG io.smallrye.config.getSources(1008) - SRCFG01006: Loaded ConfigSource PropertiesConfigSource[source=file:/C:/Users/r-uu/develop/github/codespace/r-uu/app/jeeeraaah/backend/api/ws.rs/target/classes/META-INF/microprofile-config.properties] with ordinal 100
17:18:21.742 DEBUG io.smallrye.config.getSources(1008) - SRCFG01006: Loaded ConfigSource DefaultValuesConfigSource with ordinal -2147483648
17:18:21.764 DEBUG de.ruu.lib.junit.DisableOnServerNotListening.evaluateExecutionCondition(74) - server at "localhost:9080" is not listening -> execution disabled
]]></system-out>
  </testcase>
</testsuite>