<?xml version="1.0" encoding="UTF-8"?>
<testsuite xmlns:xsi="http://www.w3.org/2001/XMLSchema-instance" xsi:noNamespaceSchemaLocation="https://maven.apache.org/surefire/maven-surefire-plugin/xsd/surefire-test-report.xsd" version="3.0.2" name="de.ruu.app.jeeeraaah.frontend.ui.fx.types.TestBeansDataModel" time="1.289" tests="3" errors="0" skipped="0" failures="0">
  <properties>
    <property name="java.specification.version" value="24"/>
    <property name="sun.cpu.isalist" value="amd64"/>
    <property name="sun.jnu.encoding" value="Cp1252"/>
    <property name="java.class.path" value="C:\Users\r-uu\develop\github\codespace\r-uu\app\jeeeraaah\frontend\ui\fx\target\test-classes;C:\Users\r-uu\develop\github\codespace\r-uu\app\jeeeraaah\frontend\ui\fx\target\classes;C:\Users\r-uu\.m2\repository\org\openjfx\javafx-base\24.0.2\javafx-base-24.0.2.jar;C:\Users\r-uu\.m2\repository\org\openjfx\javafx-base\24.0.2\javafx-base-24.0.2-win.jar;C:\Users\r-uu\.m2\repository\org\glassfish\jersey\core\jersey-client\3.1.6\jersey-client-3.1.6.jar;C:\Users\r-uu\.m2\repository\jakarta\ws\rs\jakarta.ws.rs-api\3.1.0\jakarta.ws.rs-api-3.1.0.jar;C:\Users\r-uu\.m2\repository\org\glassfish\jersey\core\jersey-common\3.1.6\jersey-common-3.1.6.jar;C:\Users\r-uu\.m2\repository\org\glassfish\hk2\osgi-resource-locator\1.0.3\osgi-resource-locator-1.0.3.jar;C:\Users\r-uu\.m2\repository\jakarta\inject\jakarta.inject-api\2.0.1\jakarta.inject-api-2.0.1.jar;C:\Users\r-uu\.m2\repository\org\glassfish\jersey\inject\jersey-hk2\3.1.6\jersey-hk2-3.1.6.jar;C:\Users\r-uu\.m2\repository\org\glassfish\hk2\hk2-locator\3.0.6\hk2-locator-3.0.6.jar;C:\Users\r-uu\.m2\repository\org\glassfish\hk2\external\aopalliance-repackaged\3.0.6\aopalliance-repackaged-3.0.6.jar;C:\Users\r-uu\.m2\repository\org\glassfish\hk2\hk2-api\3.0.6\hk2-api-3.0.6.jar;C:\Users\r-uu\.m2\repository\org\glassfish\hk2\hk2-utils\3.0.6\hk2-utils-3.0.6.jar;C:\Users\r-uu\.m2\repository\org\javassist\javassist\3.30.2-GA\javassist-3.30.2-GA.jar;C:\Users\r-uu\.m2\repository\org\eclipse\microprofile\config\microprofile-config-api\3.1\microprofile-config-api-3.1.jar;C:\Users\r-uu\.m2\repository\io\smallrye\config\smallrye-config\3.11.1\smallrye-config-3.11.1.jar;C:\Users\r-uu\.m2\repository\io\smallrye\config\smallrye-config-core\3.11.1\smallrye-config-core-3.11.1.jar;C:\Users\r-uu\.m2\repository\io\smallrye\common\smallrye-common-annotation\2.9.0\smallrye-common-annotation-2.9.0.jar;C:\Users\r-uu\.m2\repository\io\smallrye\common\smallrye-common-expression\2.9.0\smallrye-common-expression-2.9.0.jar;C:\Users\r-uu\.m2\repository\io\smallrye\common\smallrye-common-function\2.9.0\smallrye-common-function-2.9.0.jar;C:\Users\r-uu\.m2\repository\io\smallrye\common\smallrye-common-constraint\2.9.0\smallrye-common-constraint-2.9.0.jar;C:\Users\r-uu\.m2\repository\io\smallrye\common\smallrye-common-classloader\2.9.0\smallrye-common-classloader-2.9.0.jar;C:\Users\r-uu\.m2\repository\org\ow2\asm\asm\9.7.1\asm-9.7.1.jar;C:\Users\r-uu\.m2\repository\io\smallrye\config\smallrye-config-common\3.11.1\smallrye-config-common-3.11.1.jar;C:\Users\r-uu\.m2\repository\org\jboss\logging\jboss-logging\3.6.1.Final\jboss-logging-3.6.1.Final.jar;C:\Users\r-uu\develop\github\codespace\r-uu\lib\fx\comp\target\r-uu.codespace.lib.fx.comp-0.0.1.jar;C:\Users\r-uu\.m2\repository\org\openjfx\javafx-fxml\24.0.2\javafx-fxml-24.0.2.jar;C:\Users\r-uu\.m2\repository\org\openjfx\javafx-fxml\24.0.2\javafx-fxml-24.0.2-win.jar;C:\Users\r-uu\develop\github\codespace\r-uu\lib\cdi\common\target\r-uu.codespace.lib.cdi.common-0.0.1.jar;C:\Users\r-uu\develop\github\codespace\r-uu\lib\cdi\se\target\r-uu.codespace.lib.cdi.se-0.0.1.jar;C:\Users\r-uu\.m2\repository\jakarta\el\jakarta.el-api\6.0.1\jakarta.el-api-6.0.1.jar;C:\Users\r-uu\.m2\repository\jakarta\interceptor\jakarta.interceptor-api\2.2.0\jakarta.interceptor-api-2.2.0.jar;C:\Users\r-uu\develop\github\codespace\r-uu\lib\util\target\r-uu.codespace.lib.util-0.0.1.jar;C:\Users\r-uu\develop\github\codespace\r-uu\lib\fx\core\target\r-uu.codespace.lib.fx.core-0.0.1.jar;C:\Users\r-uu\.m2\repository\org\apache\logging\log4j\log4j-slf4j2-impl\2.24.1\log4j-slf4j2-impl-2.24.1.jar;C:\Users\r-uu\.m2\repository\org\apache\logging\log4j\log4j-api\2.24.1\log4j-api-2.24.1.jar;C:\Users\r-uu\.m2\repository\org\apache\logging\log4j\log4j-core\2.24.1\log4j-core-2.24.1.jar;C:\Users\r-uu\.m2\repository\org\openjfx\javafx-controls\24.0.2\javafx-controls-24.0.2.jar;C:\Users\r-uu\.m2\repository\org\openjfx\javafx-controls\24.0.2\javafx-controls-24.0.2-win.jar;C:\Users\r-uu\.m2\repository\org\openjfx\javafx-graphics\24.0.2\javafx-graphics-24.0.2.jar;C:\Users\r-uu\.m2\repository\org\openjfx\javafx-graphics\24.0.2\javafx-graphics-24.0.2-win.jar;C:\Users\r-uu\.m2\repository\org\openjfx\javafx-swing\24.0.2\javafx-swing-24.0.2.jar;C:\Users\r-uu\.m2\repository\org\openjfx\javafx-swing\24.0.2\javafx-swing-24.0.2-win.jar;C:\Users\r-uu\develop\github\codespace\r-uu\lib\gen\core\target\r-uu.codespace.lib.gen.core-0.0.1.jar;C:\Users\r-uu\develop\github\codespace\r-uu\lib\gen\java\fx\comp\target\r-uu.codespace.lib.gen.java.fx.comp-0.0.1.jar;C:\Users\r-uu\develop\github\codespace\r-uu\app\jeeeraaah\common\api\bean\target\r-uu.codespace.app.jeeeraaah.common.api.bean-0.0.1.jar;C:\Users\r-uu\.m2\repository\org\slf4j\slf4j-api\2.0.16\slf4j-api-2.0.16.jar;C:\Users\r-uu\develop\github\codespace\r-uu\app\jeeeraaah\common\api\ws.rs\target\r-uu.codespace.app.jeeeraaah.common.api.ws.rs-0.0.1.jar;C:\Users\r-uu\develop\github\codespace\r-uu\app\jeeeraaah\common\api\domain\target\r-uu.codespace.app.jeeeraaah.common.api.domain-0.0.1.jar;C:\Users\r-uu\develop\github\codespace\r-uu\lib\jpa\core\target\r-uu.codespace.lib.jpa.core-0.0.1.jar;C:\Users\r-uu\.m2\repository\jakarta\json\bind\jakarta.json.bind-api\3.0.0\jakarta.json.bind-api-3.0.0.jar;C:\Users\r-uu\.m2\repository\jakarta\persistence\jakarta.persistence-api\3.2.0\jakarta.persistence-api-3.2.0.jar;C:\Users\r-uu\.m2\repository\org\eclipse\yasson\3.0.4\yasson-3.0.4.jar;C:\Users\r-uu\.m2\repository\org\eclipse\parsson\parsson\1.1.7\parsson-1.1.7.jar;C:\Users\r-uu\develop\github\codespace\r-uu\lib\mapstruct\target\r-uu.codespace.lib.mapstruct-0.0.1.jar;C:\Users\r-uu\.m2\repository\org\mapstruct\mapstruct\1.6.3\mapstruct-1.6.3.jar;C:\Users\r-uu\.m2\repository\jakarta\annotation\jakarta.annotation-api\3.0.0\jakarta.annotation-api-3.0.0.jar;C:\Users\r-uu\develop\github\codespace\r-uu\app\jeeeraaah\frontend\api.client\ws.rs\target\r-uu.codespace.app.jeeeraaah.frontend.api.client.ws.rs-0.0.1.jar;C:\Users\r-uu\.m2\repository\com\fasterxml\jackson\core\jackson-annotations\2.18.3\jackson-annotations-2.18.3.jar;C:\Users\r-uu\.m2\repository\com\fasterxml\jackson\core\jackson-core\2.18.3\jackson-core-2.18.3.jar;C:\Users\r-uu\.m2\repository\com\fasterxml\jackson\core\jackson-databind\2.18.3\jackson-databind-2.18.3.jar;C:\Users\r-uu\.m2\repository\com\fasterxml\jackson\jakarta\rs\jackson-jakarta-rs-json-provider\2.18.3\jackson-jakarta-rs-json-provider-2.18.3.jar;C:\Users\r-uu\.m2\repository\com\fasterxml\jackson\jakarta\rs\jackson-jakarta-rs-base\2.18.3\jackson-jakarta-rs-base-2.18.3.jar;C:\Users\r-uu\.m2\repository\com\fasterxml\jackson\module\jackson-module-jakarta-xmlbind-annotations\2.18.3\jackson-module-jakarta-xmlbind-annotations-2.18.3.jar;C:\Users\r-uu\.m2\repository\jakarta\activation\jakarta.activation-api\2.1.2\jakarta.activation-api-2.1.2.jar;C:\Users\r-uu\.m2\repository\jakarta\enterprise\jakarta.enterprise.cdi-api\4.1.0\jakarta.enterprise.cdi-api-4.1.0.jar;C:\Users\r-uu\.m2\repository\jakarta\enterprise\jakarta.enterprise.lang-model\4.1.0\jakarta.enterprise.lang-model-4.1.0.jar;C:\Users\r-uu\.m2\repository\jakarta\json\jakarta.json-api\2.1.2\jakarta.json-api-2.1.2.jar;C:\Users\r-uu\.m2\repository\jakarta\xml\bind\jakarta.xml.bind-api\4.0.1\jakarta.xml.bind-api-4.0.1.jar;C:\Users\r-uu\develop\github\codespace\r-uu\lib\jackson\target\r-uu.codespace.lib.jackson-0.0.1.jar;C:\Users\r-uu\.m2\repository\com\fasterxml\jackson\datatype\jackson-datatype-jsr310\2.18.3\jackson-datatype-jsr310-2.18.3.jar;C:\Users\r-uu\.m2\repository\org\projectlombok\lombok\1.18.38\lombok-1.18.38.jar;C:\Users\r-uu\develop\github\codespace\r-uu\lib\ws.rs\target\r-uu.codespace.lib.ws.rs-0.0.1.jar;C:\Users\r-uu\develop\github\codespace\r-uu\app\jeeeraaah\common\api\mapping\target\r-uu.codespace.app.jeeeraaah.common.api.mapping-0.0.1.jar;C:\Users\r-uu\.m2\repository\org\hamcrest\hamcrest\2.2\hamcrest-2.2.jar;C:\Users\r-uu\.m2\repository\org\junit\jupiter\junit-jupiter-api\5.10.2\junit-jupiter-api-5.10.2.jar;C:\Users\r-uu\.m2\repository\org\opentest4j\opentest4j\1.3.0\opentest4j-1.3.0.jar;C:\Users\r-uu\.m2\repository\org\junit\platform\junit-platform-commons\1.10.2\junit-platform-commons-1.10.2.jar;C:\Users\r-uu\.m2\repository\org\apiguardian\apiguardian-api\1.1.2\apiguardian-api-1.1.2.jar;C:\Users\r-uu\.m2\repository\org\jboss\weld\se\weld-se-shaded\5.1.2.Final\weld-se-shaded-5.1.2.Final.jar;C:\Users\r-uu\develop\github\codespace\r-uu\app\jeeeraaah\frontend\ui\fx.model\target\r-uu.codespace.app.jeeeraaah.frontend.ui.fx.model-0.0.1.jar;C:\Users\r-uu\develop\github\codespace\r-uu\app\jeeeraaah\frontend.common.mapping\target\r-uu.codespace.app.jeeeraaah.frontend.common.mapping-0.0.1.jar;C:\Users\r-uu\develop\github\codespace\r-uu\lib\gen\java\fx\bean\target\r-uu.codespace.lib.gen.java.fx.bean-0.0.1.jar;C:\Users\r-uu\develop\github\codespace\r-uu\lib\archunit\target\r-uu.codespace.lib.archunit-0.0.1.jar;C:\Users\r-uu\.m2\repository\com\tngtech\archunit\archunit\1.4.1\archunit-1.4.1.jar;C:\Users\r-uu\develop\github\codespace\r-uu\lib\gen\java\core\target\r-uu.codespace.lib.gen.java.core-0.0.1.jar;C:\Users\r-uu\develop\github\codespace\r-uu\lib\gen\java\fx\bean.editor\target\r-uu.codespace.lib.gen.java.fx.bean.editor-0.0.1.jar;C:\Users\r-uu\develop\github\codespace\r-uu\lib\gen\java\fx\tableview\target\r-uu.codespace.lib.gen.java.fx.tableview-0.0.1.jar;"/>
    <property name="java.vm.vendor" value="Oracle Corporation"/>
    <property name="sun.arch.data.model" value="64"/>
    <property name="user.variant" value=""/>
    <property name="java.vendor.url" value="https://java.oracle.com/"/>
    <property name="user.timezone" value="Europe/Berlin"/>
    <property name="os.name" value="Windows 11"/>
    <property name="java.vm.specification.version" value="24"/>
    <property name="sun.java.launcher" value="SUN_STANDARD"/>
    <property name="user.country" value="DE"/>
    <property name="sun.boot.library.path" value="C:\software\develop\java\jdk\bin"/>
    <property name="sun.java.command" value="C:\Users\r-uu\AppData\Local\Temp\surefire10544129135884029399\surefirebooter-20251001161906978_62.jar C:\Users\r-uu\AppData\Local\Temp\surefire10544129135884029399 2025-10-01T16-13-45_289-jvmRun1 surefire-20251001161906978_60tmp surefire_11-20251001161906978_61tmp"/>
    <property name="jdk.debug" value="release"/>
    <property name="surefire.test.class.path" value="C:\Users\r-uu\develop\github\codespace\r-uu\app\jeeeraaah\frontend\ui\fx\target\test-classes;C:\Users\r-uu\develop\github\codespace\r-uu\app\jeeeraaah\frontend\ui\fx\target\classes;C:\Users\r-uu\.m2\repository\org\openjfx\javafx-base\24.0.2\javafx-base-24.0.2.jar;C:\Users\r-uu\.m2\repository\org\openjfx\javafx-base\24.0.2\javafx-base-24.0.2-win.jar;C:\Users\r-uu\.m2\repository\org\glassfish\jersey\core\jersey-client\3.1.6\jersey-client-3.1.6.jar;C:\Users\r-uu\.m2\repository\jakarta\ws\rs\jakarta.ws.rs-api\3.1.0\jakarta.ws.rs-api-3.1.0.jar;C:\Users\r-uu\.m2\repository\org\glassfish\jersey\core\jersey-common\3.1.6\jersey-common-3.1.6.jar;C:\Users\r-uu\.m2\repository\org\glassfish\hk2\osgi-resource-locator\1.0.3\osgi-resource-locator-1.0.3.jar;C:\Users\r-uu\.m2\repository\jakarta\inject\jakarta.inject-api\2.0.1\jakarta.inject-api-2.0.1.jar;C:\Users\r-uu\.m2\repository\org\glassfish\jersey\inject\jersey-hk2\3.1.6\jersey-hk2-3.1.6.jar;C:\Users\r-uu\.m2\repository\org\glassfish\hk2\hk2-locator\3.0.6\hk2-locator-3.0.6.jar;C:\Users\r-uu\.m2\repository\org\glassfish\hk2\external\aopalliance-repackaged\3.0.6\aopalliance-repackaged-3.0.6.jar;C:\Users\r-uu\.m2\repository\org\glassfish\hk2\hk2-api\3.0.6\hk2-api-3.0.6.jar;C:\Users\r-uu\.m2\repository\org\glassfish\hk2\hk2-utils\3.0.6\hk2-utils-3.0.6.jar;C:\Users\r-uu\.m2\repository\org\javassist\javassist\3.30.2-GA\javassist-3.30.2-GA.jar;C:\Users\r-uu\.m2\repository\org\eclipse\microprofile\config\microprofile-config-api\3.1\microprofile-config-api-3.1.jar;C:\Users\r-uu\.m2\repository\io\smallrye\config\smallrye-config\3.11.1\smallrye-config-3.11.1.jar;C:\Users\r-uu\.m2\repository\io\smallrye\config\smallrye-config-core\3.11.1\smallrye-config-core-3.11.1.jar;C:\Users\r-uu\.m2\repository\io\smallrye\common\smallrye-common-annotation\2.9.0\smallrye-common-annotation-2.9.0.jar;C:\Users\r-uu\.m2\repository\io\smallrye\common\smallrye-common-expression\2.9.0\smallrye-common-expression-2.9.0.jar;C:\Users\r-uu\.m2\repository\io\smallrye\common\smallrye-common-function\2.9.0\smallrye-common-function-2.9.0.jar;C:\Users\r-uu\.m2\repository\io\smallrye\common\smallrye-common-constraint\2.9.0\smallrye-common-constraint-2.9.0.jar;C:\Users\r-uu\.m2\repository\io\smallrye\common\smallrye-common-classloader\2.9.0\smallrye-common-classloader-2.9.0.jar;C:\Users\r-uu\.m2\repository\org\ow2\asm\asm\9.7.1\asm-9.7.1.jar;C:\Users\r-uu\.m2\repository\io\smallrye\config\smallrye-config-common\3.11.1\smallrye-config-common-3.11.1.jar;C:\Users\r-uu\.m2\repository\org\jboss\logging\jboss-logging\3.6.1.Final\jboss-logging-3.6.1.Final.jar;C:\Users\r-uu\develop\github\codespace\r-uu\lib\fx\comp\target\r-uu.codespace.lib.fx.comp-0.0.1.jar;C:\Users\r-uu\.m2\repository\org\openjfx\javafx-fxml\24.0.2\javafx-fxml-24.0.2.jar;C:\Users\r-uu\.m2\repository\org\openjfx\javafx-fxml\24.0.2\javafx-fxml-24.0.2-win.jar;C:\Users\r-uu\develop\github\codespace\r-uu\lib\cdi\common\target\r-uu.codespace.lib.cdi.common-0.0.1.jar;C:\Users\r-uu\develop\github\codespace\r-uu\lib\cdi\se\target\r-uu.codespace.lib.cdi.se-0.0.1.jar;C:\Users\r-uu\.m2\repository\jakarta\el\jakarta.el-api\6.0.1\jakarta.el-api-6.0.1.jar;C:\Users\r-uu\.m2\repository\jakarta\interceptor\jakarta.interceptor-api\2.2.0\jakarta.interceptor-api-2.2.0.jar;C:\Users\r-uu\develop\github\codespace\r-uu\lib\util\target\r-uu.codespace.lib.util-0.0.1.jar;C:\Users\r-uu\develop\github\codespace\r-uu\lib\fx\core\target\r-uu.codespace.lib.fx.core-0.0.1.jar;C:\Users\r-uu\.m2\repository\org\apache\logging\log4j\log4j-slf4j2-impl\2.24.1\log4j-slf4j2-impl-2.24.1.jar;C:\Users\r-uu\.m2\repository\org\apache\logging\log4j\log4j-api\2.24.1\log4j-api-2.24.1.jar;C:\Users\r-uu\.m2\repository\org\apache\logging\log4j\log4j-core\2.24.1\log4j-core-2.24.1.jar;C:\Users\r-uu\.m2\repository\org\openjfx\javafx-controls\24.0.2\javafx-controls-24.0.2.jar;C:\Users\r-uu\.m2\repository\org\openjfx\javafx-controls\24.0.2\javafx-controls-24.0.2-win.jar;C:\Users\r-uu\.m2\repository\org\openjfx\javafx-graphics\24.0.2\javafx-graphics-24.0.2.jar;C:\Users\r-uu\.m2\repository\org\openjfx\javafx-graphics\24.0.2\javafx-graphics-24.0.2-win.jar;C:\Users\r-uu\.m2\repository\org\openjfx\javafx-swing\24.0.2\javafx-swing-24.0.2.jar;C:\Users\r-uu\.m2\repository\org\openjfx\javafx-swing\24.0.2\javafx-swing-24.0.2-win.jar;C:\Users\r-uu\develop\github\codespace\r-uu\lib\gen\core\target\r-uu.codespace.lib.gen.core-0.0.1.jar;C:\Users\r-uu\develop\github\codespace\r-uu\lib\gen\java\fx\comp\target\r-uu.codespace.lib.gen.java.fx.comp-0.0.1.jar;C:\Users\r-uu\develop\github\codespace\r-uu\app\jeeeraaah\common\api\bean\target\r-uu.codespace.app.jeeeraaah.common.api.bean-0.0.1.jar;C:\Users\r-uu\.m2\repository\org\slf4j\slf4j-api\2.0.16\slf4j-api-2.0.16.jar;C:\Users\r-uu\develop\github\codespace\r-uu\app\jeeeraaah\common\api\ws.rs\target\r-uu.codespace.app.jeeeraaah.common.api.ws.rs-0.0.1.jar;C:\Users\r-uu\develop\github\codespace\r-uu\app\jeeeraaah\common\api\domain\target\r-uu.codespace.app.jeeeraaah.common.api.domain-0.0.1.jar;C:\Users\r-uu\develop\github\codespace\r-uu\lib\jpa\core\target\r-uu.codespace.lib.jpa.core-0.0.1.jar;C:\Users\r-uu\.m2\repository\jakarta\json\bind\jakarta.json.bind-api\3.0.0\jakarta.json.bind-api-3.0.0.jar;C:\Users\r-uu\.m2\repository\jakarta\persistence\jakarta.persistence-api\3.2.0\jakarta.persistence-api-3.2.0.jar;C:\Users\r-uu\.m2\repository\org\eclipse\yasson\3.0.4\yasson-3.0.4.jar;C:\Users\r-uu\.m2\repository\org\eclipse\parsson\parsson\1.1.7\parsson-1.1.7.jar;C:\Users\r-uu\develop\github\codespace\r-uu\lib\mapstruct\target\r-uu.codespace.lib.mapstruct-0.0.1.jar;C:\Users\r-uu\.m2\repository\org\mapstruct\mapstruct\1.6.3\mapstruct-1.6.3.jar;C:\Users\r-uu\.m2\repository\jakarta\annotation\jakarta.annotation-api\3.0.0\jakarta.annotation-api-3.0.0.jar;C:\Users\r-uu\develop\github\codespace\r-uu\app\jeeeraaah\frontend\api.client\ws.rs\target\r-uu.codespace.app.jeeeraaah.frontend.api.client.ws.rs-0.0.1.jar;C:\Users\r-uu\.m2\repository\com\fasterxml\jackson\core\jackson-annotations\2.18.3\jackson-annotations-2.18.3.jar;C:\Users\r-uu\.m2\repository\com\fasterxml\jackson\core\jackson-core\2.18.3\jackson-core-2.18.3.jar;C:\Users\r-uu\.m2\repository\com\fasterxml\jackson\core\jackson-databind\2.18.3\jackson-databind-2.18.3.jar;C:\Users\r-uu\.m2\repository\com\fasterxml\jackson\jakarta\rs\jackson-jakarta-rs-json-provider\2.18.3\jackson-jakarta-rs-json-provider-2.18.3.jar;C:\Users\r-uu\.m2\repository\com\fasterxml\jackson\jakarta\rs\jackson-jakarta-rs-base\2.18.3\jackson-jakarta-rs-base-2.18.3.jar;C:\Users\r-uu\.m2\repository\com\fasterxml\jackson\module\jackson-module-jakarta-xmlbind-annotations\2.18.3\jackson-module-jakarta-xmlbind-annotations-2.18.3.jar;C:\Users\r-uu\.m2\repository\jakarta\activation\jakarta.activation-api\2.1.2\jakarta.activation-api-2.1.2.jar;C:\Users\r-uu\.m2\repository\jakarta\enterprise\jakarta.enterprise.cdi-api\4.1.0\jakarta.enterprise.cdi-api-4.1.0.jar;C:\Users\r-uu\.m2\repository\jakarta\enterprise\jakarta.enterprise.lang-model\4.1.0\jakarta.enterprise.lang-model-4.1.0.jar;C:\Users\r-uu\.m2\repository\jakarta\json\jakarta.json-api\2.1.2\jakarta.json-api-2.1.2.jar;C:\Users\r-uu\.m2\repository\jakarta\xml\bind\jakarta.xml.bind-api\4.0.1\jakarta.xml.bind-api-4.0.1.jar;C:\Users\r-uu\develop\github\codespace\r-uu\lib\jackson\target\r-uu.codespace.lib.jackson-0.0.1.jar;C:\Users\r-uu\.m2\repository\com\fasterxml\jackson\datatype\jackson-datatype-jsr310\2.18.3\jackson-datatype-jsr310-2.18.3.jar;C:\Users\r-uu\.m2\repository\org\projectlombok\lombok\1.18.38\lombok-1.18.38.jar;C:\Users\r-uu\develop\github\codespace\r-uu\lib\ws.rs\target\r-uu.codespace.lib.ws.rs-0.0.1.jar;C:\Users\r-uu\develop\github\codespace\r-uu\app\jeeeraaah\common\api\mapping\target\r-uu.codespace.app.jeeeraaah.common.api.mapping-0.0.1.jar;C:\Users\r-uu\.m2\repository\org\hamcrest\hamcrest\2.2\hamcrest-2.2.jar;C:\Users\r-uu\.m2\repository\org\junit\jupiter\junit-jupiter-api\5.10.2\junit-jupiter-api-5.10.2.jar;C:\Users\r-uu\.m2\repository\org\opentest4j\opentest4j\1.3.0\opentest4j-1.3.0.jar;C:\Users\r-uu\.m2\repository\org\junit\platform\junit-platform-commons\1.10.2\junit-platform-commons-1.10.2.jar;C:\Users\r-uu\.m2\repository\org\apiguardian\apiguardian-api\1.1.2\apiguardian-api-1.1.2.jar;C:\Users\r-uu\.m2\repository\org\jboss\weld\se\weld-se-shaded\5.1.2.Final\weld-se-shaded-5.1.2.Final.jar;C:\Users\r-uu\develop\github\codespace\r-uu\app\jeeeraaah\frontend\ui\fx.model\target\r-uu.codespace.app.jeeeraaah.frontend.ui.fx.model-0.0.1.jar;C:\Users\r-uu\develop\github\codespace\r-uu\app\jeeeraaah\frontend.common.mapping\target\r-uu.codespace.app.jeeeraaah.frontend.common.mapping-0.0.1.jar;C:\Users\r-uu\develop\github\codespace\r-uu\lib\gen\java\fx\bean\target\r-uu.codespace.lib.gen.java.fx.bean-0.0.1.jar;C:\Users\r-uu\develop\github\codespace\r-uu\lib\archunit\target\r-uu.codespace.lib.archunit-0.0.1.jar;C:\Users\r-uu\.m2\repository\com\tngtech\archunit\archunit\1.4.1\archunit-1.4.1.jar;C:\Users\r-uu\develop\github\codespace\r-uu\lib\gen\java\core\target\r-uu.codespace.lib.gen.java.core-0.0.1.jar;C:\Users\r-uu\develop\github\codespace\r-uu\lib\gen\java\fx\bean.editor\target\r-uu.codespace.lib.gen.java.fx.bean.editor-0.0.1.jar;C:\Users\r-uu\develop\github\codespace\r-uu\lib\gen\java\fx\tableview\target\r-uu.codespace.lib.gen.java.fx.tableview-0.0.1.jar;"/>
    <property name="sun.cpu.endian" value="little"/>
    <property name="user.home" value="C:\Users\r-uu"/>
    <property name="user.language" value="en"/>
    <property name="java.specification.vendor" value="Oracle Corporation"/>
    <property name="java.version.date" value="2025-07-15"/>
    <property name="java.home" value="C:\software\develop\java\jdk"/>
    <property name="file.separator" value="\"/>
    <property name="basedir" value="C:\Users\r-uu\develop\github\codespace\r-uu\app\jeeeraaah\frontend\ui\fx"/>
    <property name="style.color" value="always"/>
    <property name="java.vm.compressedOopsMode" value="Zero based"/>
    <property name="jdk.internal.vm.ci.enabled" value="true"/>
    <property name="line.separator" value="&#10;"/>
    <property name="java.vm.specification.vendor" value="Oracle Corporation"/>
    <property name="java.specification.name" value="Java Platform API Specification"/>
    <property name="surefire.real.class.path" value="C:\Users\r-uu\AppData\Local\Temp\surefire10544129135884029399\surefirebooter-20251001161906978_62.jar"/>
    <property name="user.script" value=""/>
    <property name="sun.management.compiler" value="HotSpot 64-Bit Tiered Compilers"/>
    <property name="java.runtime.version" value="24.0.2+11-jvmci-b01"/>
    <property name="user.name" value="r-uu"/>
    <property name="stdout.encoding" value="Cp1252"/>
    <property name="path.separator" value=";"/>
    <property name="os.version" value="10.0"/>
    <property name="java.runtime.name" value="Java(TM) SE Runtime Environment"/>
    <property name="file.encoding" value="UTF-8"/>
    <property name="java.vm.name" value="Java HotSpot(TM) 64-Bit Server VM"/>
    <property name="java.vendor.version" value="Oracle GraalVM 24.0.2+11.1"/>
    <property name="localRepository" value="C:\Users\r-uu\.m2\repository"/>
    <property name="java.vendor.url.bug" value="https://bugreport.java.com/bugreport/"/>
    <property name="java.io.tmpdir" value="C:\Users\r-uu\AppData\Local\Temp\"/>
    <property name="java.version" value="24.0.2"/>
    <property name="user.dir" value="C:\Users\r-uu\develop\github\codespace\r-uu\app\jeeeraaah\frontend\ui\fx"/>
    <property name="os.arch" value="amd64"/>
    <property name="java.vm.specification.name" value="Java Virtual Machine Specification"/>
    <property name="sun.os.patch.level" value=""/>
    <property name="native.encoding" value="Cp1252"/>
    <property name="java.library.path" value="C:\software\develop\java\jdk\bin;C:\WINDOWS\Sun\Java\bin;C:\WINDOWS\system32;C:\WINDOWS;C:\WINDOWS\system32;C:\WINDOWS;C:\WINDOWS\System32\Wbem;C:\WINDOWS\System32\WindowsPowerShell\v1.0\;C:\WINDOWS\System32\OpenSSH\;C:\Program Files\Graphviz\bin;C:\Program Files\PuTTY\;C:\Program Files\Docker\Docker\resources\bin;C:\Program Files\Git\cmd;C:\Users\r-uu\AppData\Local\Programs\Python\Python310\Scripts\;C:\Users\r-uu\AppData\Local\Programs\Python\Python310\;C:\Users\r-uu\AppData\Local\Microsoft\WindowsApps;C:\Users\r-uu\AppData\Local\Programs\Microsoft VS Code\bin;C:\Users\r-uu\AppData\Local\GitHubDesktop\bin;C:\software\develop\build\maven\bin;C:\software\develop\java\jdk\bin;C:\Users\r-uu\AppData\Local\JetBrains\Toolbox\scripts;;C:\Users\r-uu\AppData\Roaming\Programs\Zero Install;%USERPROFILE%\AppData\Local\Microsoft\WindowsApps;C:\Users\r-uu\develop\github\codespace\config\shell\cmd;."/>
    <property name="java.vm.info" value="mixed mode, sharing"/>
    <property name="stderr.encoding" value="Cp1252"/>
    <property name="java.vendor" value="Oracle Corporation"/>
    <property name="java.vm.version" value="24.0.2+11-jvmci-b01"/>
    <property name="sun.io.unicode.encoding" value="UnicodeLittle"/>
    <property name="java.class.version" value="68.0"/>
  </properties>
  <testcase name="testGroupBeanCount" classname="de.ruu.app.jeeeraaah.frontend.ui.fx.types.TestBeansDataModel" time="1.176">
    <system-out><![CDATA[16:19:09.802 DEBUG de.ruu.app.jeeeraaah.frontend.ui.fx.types.DataFactory.createMainTaskBean(52) - group 0, mainTask 0, mainTask.subTasks.size 3
16:19:09.815 DEBUG de.ruu.app.jeeeraaah.frontend.ui.fx.types.DataFactory.createMainTaskBean(52) - group 0, mainTask 1, mainTask.subTasks.size 3
16:19:09.817 DEBUG de.ruu.app.jeeeraaah.frontend.ui.fx.types.DataFactory.createMainTaskBean(52) - group 0, mainTask 2, mainTask.subTasks.size 3
16:19:09.817 DEBUG de.ruu.app.jeeeraaah.frontend.ui.fx.types.DataFactory.createTaskGroupBean(37) - group 0, mainTasks.size: 12
16:19:09.818 DEBUG de.ruu.app.jeeeraaah.frontend.ui.fx.types.DataFactory.createMainTaskBean(52) - group 1, mainTask 0, mainTask.subTasks.size 3
16:19:09.819 DEBUG de.ruu.app.jeeeraaah.frontend.ui.fx.types.DataFactory.createMainTaskBean(52) - group 1, mainTask 1, mainTask.subTasks.size 3
16:19:09.819 DEBUG de.ruu.app.jeeeraaah.frontend.ui.fx.types.DataFactory.createMainTaskBean(52) - group 1, mainTask 2, mainTask.subTasks.size 3
16:19:09.820 DEBUG de.ruu.app.jeeeraaah.frontend.ui.fx.types.DataFactory.createTaskGroupBean(37) - group 1, mainTasks.size: 12
16:19:09.821 DEBUG de.ruu.app.jeeeraaah.frontend.ui.fx.types.DataFactory.createMainTaskBean(52) - group 2, mainTask 0, mainTask.subTasks.size 3
16:19:09.821 DEBUG de.ruu.app.jeeeraaah.frontend.ui.fx.types.DataFactory.createMainTaskBean(52) - group 2, mainTask 1, mainTask.subTasks.size 3
16:19:09.822 DEBUG de.ruu.app.jeeeraaah.frontend.ui.fx.types.DataFactory.createMainTaskBean(52) - group 2, mainTask 2, mainTask.subTasks.size 3
16:19:09.822 DEBUG de.ruu.app.jeeeraaah.frontend.ui.fx.types.DataFactory.createTaskGroupBean(37) - group 2, mainTasks.size: 12
16:19:09.823 DEBUG de.ruu.app.jeeeraaah.frontend.ui.fx.types.DataFactory.data(26) - groups.size: 3
]]></system-out>
  </testcase>
  <testcase name="testSubTaskBeansPerMainTaskBeans" classname="de.ruu.app.jeeeraaah.frontend.ui.fx.types.TestBeansDataModel" time="0.014">
    <system-out><![CDATA[16:19:09.869 DEBUG de.ruu.app.jeeeraaah.frontend.ui.fx.types.DataFactory.createMainTaskBean(52) - group 0, mainTask 0, mainTask.subTasks.size 3
16:19:09.870 DEBUG de.ruu.app.jeeeraaah.frontend.ui.fx.types.DataFactory.createMainTaskBean(52) - group 0, mainTask 1, mainTask.subTasks.size 3
16:19:09.870 DEBUG de.ruu.app.jeeeraaah.frontend.ui.fx.types.DataFactory.createMainTaskBean(52) - group 0, mainTask 2, mainTask.subTasks.size 3
16:19:09.870 DEBUG de.ruu.app.jeeeraaah.frontend.ui.fx.types.DataFactory.createTaskGroupBean(37) - group 0, mainTasks.size: 12
16:19:09.871 DEBUG de.ruu.app.jeeeraaah.frontend.ui.fx.types.DataFactory.createMainTaskBean(52) - group 1, mainTask 0, mainTask.subTasks.size 3
16:19:09.872 DEBUG de.ruu.app.jeeeraaah.frontend.ui.fx.types.DataFactory.createMainTaskBean(52) - group 1, mainTask 1, mainTask.subTasks.size 3
16:19:09.872 DEBUG de.ruu.app.jeeeraaah.frontend.ui.fx.types.DataFactory.createMainTaskBean(52) - group 1, mainTask 2, mainTask.subTasks.size 3
16:19:09.873 DEBUG de.ruu.app.jeeeraaah.frontend.ui.fx.types.DataFactory.createTaskGroupBean(37) - group 1, mainTasks.size: 12
16:19:09.874 DEBUG de.ruu.app.jeeeraaah.frontend.ui.fx.types.DataFactory.createMainTaskBean(52) - group 2, mainTask 0, mainTask.subTasks.size 3
16:19:09.875 DEBUG de.ruu.app.jeeeraaah.frontend.ui.fx.types.DataFactory.createMainTaskBean(52) - group 2, mainTask 1, mainTask.subTasks.size 3
16:19:09.876 DEBUG de.ruu.app.jeeeraaah.frontend.ui.fx.types.DataFactory.createMainTaskBean(52) - group 2, mainTask 2, mainTask.subTasks.size 3
16:19:09.876 DEBUG de.ruu.app.jeeeraaah.frontend.ui.fx.types.DataFactory.createTaskGroupBean(37) - group 2, mainTasks.size: 12
16:19:09.877 DEBUG de.ruu.app.jeeeraaah.frontend.ui.fx.types.DataFactory.data(26) - groups.size: 3
]]></system-out>
  </testcase>
  <testcase name="testTaskBeansPerGroupCount" classname="de.ruu.app.jeeeraaah.frontend.ui.fx.types.TestBeansDataModel" time="0.013">
    <system-out><![CDATA[16:19:09.885 DEBUG de.ruu.app.jeeeraaah.frontend.ui.fx.types.DataFactory.createMainTaskBean(52) - group 0, mainTask 0, mainTask.subTasks.size 3
16:19:09.885 DEBUG de.ruu.app.jeeeraaah.frontend.ui.fx.types.DataFactory.createMainTaskBean(52) - group 0, mainTask 1, mainTask.subTasks.size 3
16:19:09.886 DEBUG de.ruu.app.jeeeraaah.frontend.ui.fx.types.DataFactory.createMainTaskBean(52) - group 0, mainTask 2, mainTask.subTasks.size 3
16:19:09.887 DEBUG de.ruu.app.jeeeraaah.frontend.ui.fx.types.DataFactory.createTaskGroupBean(37) - group 0, mainTasks.size: 12
16:19:09.888 DEBUG de.ruu.app.jeeeraaah.frontend.ui.fx.types.DataFactory.createMainTaskBean(52) - group 1, mainTask 0, mainTask.subTasks.size 3
16:19:09.889 DEBUG de.ruu.app.jeeeraaah.frontend.ui.fx.types.DataFactory.createMainTaskBean(52) - group 1, mainTask 1, mainTask.subTasks.size 3
16:19:09.889 DEBUG de.ruu.app.jeeeraaah.frontend.ui.fx.types.DataFactory.createMainTaskBean(52) - group 1, mainTask 2, mainTask.subTasks.size 3
16:19:09.890 DEBUG de.ruu.app.jeeeraaah.frontend.ui.fx.types.DataFactory.createTaskGroupBean(37) - group 1, mainTasks.size: 12
16:19:09.890 DEBUG de.ruu.app.jeeeraaah.frontend.ui.fx.types.DataFactory.createMainTaskBean(52) - group 2, mainTask 0, mainTask.subTasks.size 3
16:19:09.891 DEBUG de.ruu.app.jeeeraaah.frontend.ui.fx.types.DataFactory.createMainTaskBean(52) - group 2, mainTask 1, mainTask.subTasks.size 3
16:19:09.892 DEBUG de.ruu.app.jeeeraaah.frontend.ui.fx.types.DataFactory.createMainTaskBean(52) - group 2, mainTask 2, mainTask.subTasks.size 3
16:19:09.892 DEBUG de.ruu.app.jeeeraaah.frontend.ui.fx.types.DataFactory.createTaskGroupBean(37) - group 2, mainTasks.size: 12
16:19:09.892 DEBUG de.ruu.app.jeeeraaah.frontend.ui.fx.types.DataFactory.data(26) - groups.size: 3
]]></system-out>
  </testcase>
</testsuite>